<?xml version="1.0" encoding="UTF-8" ?>
<testsuite errors="0" failures="0" hostname="staff-PC" name="gov.hhs.fha.nhinc.docquery.adapter.deferred.request.queue.AdapterDocQueryDeferredReqQueueProcessTest" tests="2" time="0.016" timestamp="2012-02-16T17:17:01">
  <properties>
    <property name="project.CommonIntTest.dist.file" value="C:\Projects\feature-UDDI-multi-spec\Product\IntegrationTest\JunitIntegrationTests\Common\CommonIntTest\dist\debug\CommonIntTest.jar" />
    <property name="os.name" value="Windows 7" />
    <property name="project.CONNECTCommonWeb.build.dir" value="C:\Projects\feature-UDDI-multi-spec\Product\Production\Common\CONNECTCommonWeb\build\debug" />
    <property name="ant.file.DocumentQuery_a0" value="C:\Projects\feature-UDDI-multi-spec\Product\Production\Adapters\DocumentQuery_a0\build.xml" />
    <property name="sun.os.patch.level" value="Service Pack 1" />
    <property name="project.DocumentQuery_20.build.file" value="C:\Projects\feature-UDDI-multi-spec\Product\Production\Gateway\DocumentQuery_20\build.xml" />
    <property name="project.CommonIntTest.build.classes.dir" value="C:\Projects\feature-UDDI-multi-spec\Product\IntegrationTest\JunitIntegrationTests\Common\CommonIntTest\build\debug\dist" />
    <property name="deployment.glassfish.asadmin.file.path" value="C:\Sun\AppServer/bin/asadmin.bat" />
    <property name="build.dir" value="C:\Projects\feature-UDDI-multi-spec\Product\Production\Adapters\DocumentQuery_a0/build/debug" />
    <property name="env.PROCESSOR_REVISION" value="170a" />
    <property name="env.windir" value="C:\Windows" />
    <property name="reportfilename" value="UnitTests.xml" />
    <property name="project.AdapterFrameworkIntTest.build.dist.root" value="C:\Projects\feature-UDDI-multi-spec\Product\IntegrationTest\JunitIntegrationTests\Adapters\Framework\AdapterFrameworkIntTest\build\debug\dist" />
    <property name="env.PROCESSOR_ARCHITECTURE" value="x86" />
    <property name="project.CONNECTCommonWeb.build.file" value="C:\Projects\feature-UDDI-multi-spec\Product\Production\Common\CONNECTCommonWeb\build.xml" />
    <property name="build.jar.lib.dir" value="C:\Projects\feature-UDDI-multi-spec\Product\Production\Adapters\DocumentQuery_a0/build/debug/dist" />
    <property name="dist.type" value="war" />
    <property name="project.FileTransferAdapterGUI.build.file" value="C:\Projects\feature-UDDI-multi-spec\Product\Production\Adapters\GenericFileTransfer\FileTransferAdapterGUI\build.xml" />
    <property name="coverage.isneeded" value="false" />
    <property name="project.FileTrasnferTimer.build.dist.root" value="C:\Projects\feature-UDDI-multi-spec\Product\Production\Adapters\GenericFileTransfer\FileTrasnferTimer\build\debug\dist" />
    <property name="project.FileTrasnferTimer.build.file" value="C:\Projects\feature-UDDI-multi-spec\Product\Production\Adapters\GenericFileTransfer\FileTrasnferTimer\build.xml" />
    <property name="project.CONNECTGatewayDocumentRetrieveWeb20.build.classes.dir" value="C:\Projects\feature-UDDI-multi-spec\Product\Production\Gateway\CONNECTGatewayDocumentRetrieveWeb20\build\debug\dist\WEB-INF\classes" />
    <property name="project.CONNECTGatewayDocumentRetrieveWeb10.build.classes.dir" value="C:\Projects\feature-UDDI-multi-spec\Product\Production\Gateway\CONNECTGatewayDocumentRetrieveWeb10\build\debug\dist\WEB-INF\classes" />
    <property name="ant.home" value="C:\Projects\feature-UDDI-multi-spec\Build\Packages\Ant\Ant" />
    <property name="project.AdminDistribution_10.dist.file" value="C:\Projects\feature-UDDI-multi-spec\Product\Production\Gateway\AdminDistribution_10\dist\debug\AdminDistribution_10.war" />
    <property name="project.FileTransferAdapterEJB.build.classes.dir" value="C:\Projects\feature-UDDI-multi-spec\Product\Production\Adapters\GenericFileTransfer\FileTransferAdapterEJB\build\debug\dist" />
    <property name="project.AdminDistribution_20.build.classes.dir" value="C:\Projects\feature-UDDI-multi-spec\Product\Production\Gateway\AdminDistribution_20\build\debug\dist\WEB-INF\classes" />
    <property name="project.AdminDistribution_10.build.classes.dir" value="C:\Projects\feature-UDDI-multi-spec\Product\Production\Gateway\AdminDistribution_10\build\debug\dist\WEB-INF\classes" />
    <property name="ant.file.dist.targets" value="C:\Projects\feature-UDDI-multi-spec\Product\dist.targets.xml" />
    <property name="project.AdapterDocRegistry2Soap12Web.build.classes.dir" value="C:\Projects\feature-UDDI-multi-spec\Product\Production\Adapters\General\AdapterDocRegistry2Soap12Web\build\debug\dist\WEB-INF\classes" />
    <property name="sun.cpu.isalist" value="pentium_pro+mmx pentium_pro pentium+mmx pentium i486 i386 i86" />
    <property name="project.AdapterFrameworkIntTest.build.dir" value="C:\Projects\feature-UDDI-multi-spec\Product\IntegrationTest\JunitIntegrationTests\Adapters\Framework\AdapterFrameworkIntTest\build\debug" />
    <property name="project.CONNECTGatewayHiem_g0.build.dist.root" value="C:\Projects\feature-UDDI-multi-spec\Product\Production\Gateway\CONNECTGatewayHiem_g0\build\debug\dist" />
    <property name="project.AdminDistribution_20.dist.file" value="C:\Projects\feature-UDDI-multi-spec\Product\Production\Gateway\AdminDistribution_20\dist\debug\AdminDistribution_20.war" />
    <property name="build.dir.root" value="C:\Projects\feature-UDDI-multi-spec\Product\Production\Adapters\DocumentQuery_a0/build" />
    <property name="project.AdapterFrameworkIntTest.directory" value="C:\Projects\feature-UDDI-multi-spec\Product\IntegrationTest\JunitIntegrationTests\Adapters\Framework\AdapterFrameworkIntTest" />
    <property name="project.CONNECTDeferredQueueManagerGUI.build.dir" value="C:\Projects\feature-UDDI-multi-spec\Product\Production\Adapters\General\CONNECTDeferredQueueManagerGUI\build\debug" />
    <property name="project.CONNECTCommonWeb.build.classes.dir" value="C:\Projects\feature-UDDI-multi-spec\Product\Production\Common\CONNECTCommonWeb\build\debug\dist\WEB-INF\classes" />
    <property name="project.CONNECTDeferredQueueManagerGUI.build.classes.dir" value="C:\Projects\feature-UDDI-multi-spec\Product\Production\Adapters\General\CONNECTDeferredQueueManagerGUI\build\debug\dist\WEB-INF\classes" />
    <property name="root.project.version" value="Personal.1" />
    <property name="project.DocumentManagerEJB.dist.file" value="C:\Projects\feature-UDDI-multi-spec\Product\Production\Adapters\Framework\DocumentManagerEJB\dist\debug\DocumentManagerEJB.jar" />
    <property name="project.AdapterMpiEJB.build.dir" value="C:\Projects\feature-UDDI-multi-spec\Product\Production\Adapters\Framework\AdapterMpiEJB\build\debug" />
    <property name="project.CONNECTDeferredQueueManagerGUI.build.dist.root" value="C:\Projects\feature-UDDI-multi-spec\Product\Production\Adapters\General\CONNECTDeferredQueueManagerGUI\build\debug\dist" />
    <property name="script.root.directory" value="C:\Projects\feature-UDDI-multi-spec/Product/Install" />
    <property name="project.CONNECTCoreLib.build.dir" value="C:\Projects\feature-UDDI-multi-spec\Product\Production\Common\CONNECTCoreLib\build\debug" />
    <property name="project.CONNECTGatewayHiem_g0.directory" value="C:\Projects\feature-UDDI-multi-spec\Product\Production\Gateway\CONNECTGatewayHiem_g0" />
    <property name="NHINC.Target.checkstyle.clean.Executed" value="true" />
    <property name="build.dist.manifest.file" value="C:\Projects\feature-UDDI-multi-spec\Product\Production\Adapters\DocumentQuery_a0/build/debug/dist/META-INF/MANIFEST.MF" />
    <property name="project.CONNECTInterfaceTestWeb.build.file" value="C:\Projects\feature-UDDI-multi-spec\Product\Production\Gateway\CONNECTInterfaceTestWeb\build.xml" />
    <property name="project.CONNECTDeferredQueueManagerGUI.directory" value="C:\Projects\feature-UDDI-multi-spec\Product\Production\Adapters\General\CONNECTDeferredQueueManagerGUI" />
    <property name="single.test" value="Test" />
    <property name="project.DocumentQuery_a0.build.file" value="C:\Projects\feature-UDDI-multi-spec\Product\Production\Adapters\DocumentQuery_a0\build.xml" />
    <property name="project.AdapterMpiEJB.directory" value="C:\Projects\feature-UDDI-multi-spec\Product\Production\Adapters\Framework\AdapterMpiEJB" />
    <property name="env.PUBLIC" value="C:\Users\Public" />
    <property name="project.CONNECTCoreLib.directory" value="C:\Projects\feature-UDDI-multi-spec\Product\Production\Common\CONNECTCoreLib" />
    <property name="project.AdapterCommonDataLayerEJB.build.classes.dir" value="C:\Projects\feature-UDDI-multi-spec\Product\Production\Adapters\Framework\AdapterCommonDataLayerEJB\build\debug\dist" />
    <property name="project.NHINAdapterServiceEJB.build.dir" value="C:\Projects\feature-UDDI-multi-spec\Product\Production\Adapters\Framework\NHINAdapterServiceEJB\build\debug" />
    <property name="project.FTATransferAdapterEJB.build.classes.dir" value="C:\Projects\feature-UDDI-multi-spec\Product\Production\Adapters\GenericFileTransfer\FTATransferAdapterEJB\build\debug\dist" />
    <property name="DocumentQuery_a0.Target.coverage.prepfortests.State" value="Success" />
    <property name="project.CONNECTCoreLib.build.classes.dir" value="C:\Projects\feature-UDDI-multi-spec\Product\Production\Common\CONNECTCoreLib\build\debug\dist" />
    <property name="project.DocumentAssemblyManagerEJB.dist.file" value="C:\Projects\feature-UDDI-multi-spec\Product\Production\Adapters\Framework\DocumentAssemblyManagerEJB\dist\debug\DocumentAssemblyManagerEJB.jar" />
    <property name="project.CONNECTAdapterWeb.directory" value="C:\Projects\feature-UDDI-multi-spec\Product\Production\Adapters\General\CONNECTAdapterWeb" />
    <property name="project.CONNECTInterfaceTestWeb.build.classes.dir" value="C:\Projects\feature-UDDI-multi-spec\Product\Production\Gateway\CONNECTInterfaceTestWeb\build\debug\dist\WEB-INF\classes" />
    <property name="project.AdapterDocumentRepositoryEJB.build.dir" value="C:\Projects\feature-UDDI-multi-spec\Product\Production\Adapters\Framework\AdapterDocumentRepositoryEJB\build\debug" />
    <property name="env.ANT_CMD_LINE_ARGS" value="dev.ci" />
    <property name="just.unittest.run.is.outofdate" value="false" />
    <property name="NHINC.Target.junit.clean.State" value="Success" />
    <property name="project.NHINAdapterServiceEJB.directory" value="C:\Projects\feature-UDDI-multi-spec\Product\Production\Adapters\Framework\NHINAdapterServiceEJB" />
    <property name="name" value="DocumentQuery_a0" />
    <property name="env.ANT_HOME" value="C:\Projects\feature-UDDI-multi-spec\Build\Packages\Ant\Ant" />
    <property name="project.CONNECTInterfaceTestWeb.build.dir" value="C:\Projects\feature-UDDI-multi-spec\Product\Production\Gateway\CONNECTInterfaceTestWeb\build\debug" />
    <property name="user.home" value="C:\Users\stan" />
    <property name="project.AdapterCommonDataLayerEJB.build.dir" value="C:\Projects\feature-UDDI-multi-spec\Product\Production\Adapters\Framework\AdapterCommonDataLayerEJB\build\debug" />
    <property name="project.AdapterDocumentRepositoryEJB.directory" value="C:\Projects\feature-UDDI-multi-spec\Product\Production\Adapters\Framework\AdapterDocumentRepositoryEJB" />
    <property name="NHINC.Target.checkstyle.clean.State" value="Success" />
    <property name="project.TemplateManager.build.file" value="C:\Projects\feature-UDDI-multi-spec\Product\Production\Adapters\Framework\TemplateManager\build.xml" />
    <property name="project.AdapterDocumentAssemblyProxyEJB.build.dir" value="C:\Projects\feature-UDDI-multi-spec\Product\Production\Adapters\Framework\AdapterDocumentAssemblyProxyEJB\build\debug" />
    <property name="project.AdapterCommonDataLayerEJB.directory" value="C:\Projects\feature-UDDI-multi-spec\Product\Production\Adapters\Framework\AdapterCommonDataLayerEJB" />
    <property name="compile.debug" value="true" />
    <property name="project.CONNECTConsumerPreferencesProfileGUI.build.classes.dir" value="C:\Projects\feature-UDDI-multi-spec\Product\Production\Adapters\General\CONNECTConsumerPreferencesProfileGUI\build\debug\dist\WEB-INF\classes" />
    <property name="project.PatientDiscovery_a0.build.dist.root" value="C:\Projects\feature-UDDI-multi-spec\Product\Production\Adapters\PatientDiscovery_a0\build\debug\dist" />
    <property name="project.AdapterDocRepository2Soap12Web.build.file" value="C:\Projects\feature-UDDI-multi-spec\Product\Production\Adapters\General\AdapterDocRepository2Soap12Web\build.xml" />
    <property name="env.USERDOMAIN" value="staff-PC" />
    <property name="env.NUMBER_OF_PROCESSORS" value="2" />
    <property name="NHINC.Target.-coverage.product.prep.State" value="Success" />
    <property name="project.CONNECTCommonWeb.directory" value="C:\Projects\feature-UDDI-multi-spec\Product\Production\Common\CONNECTCommonWeb" />
    <property name="project.PatientDiscovery_a0.build.classes.dir" value="C:\Projects\feature-UDDI-multi-spec\Product\Production\Adapters\PatientDiscovery_a0\build\debug\dist\WEB-INF\classes" />
    <property name="project.CommonIntTest.build.dir" value="C:\Projects\feature-UDDI-multi-spec\Product\IntegrationTest\JunitIntegrationTests\Common\CommonIntTest\build\debug" />
    <property name="project.CONNECTAdapterHiem_a0.dist.file" value="C:\Projects\feature-UDDI-multi-spec\Product\Production\Adapters\General\CONNECTAdapterHiem_a0\dist\debug\CONNECTAdapterHiem_a0.war" />
    <property name="project.AdapterDocumentAssemblyProxyEJB.directory" value="C:\Projects\feature-UDDI-multi-spec\Product\Production\Adapters\Framework\AdapterDocumentAssemblyProxyEJB" />
    <property name="env.AS_DOMAIN" value="C:\Sun\AppServer\domains\domain1" />
    <property name="Target.do-to-projects.State" value="Running" />
    <property name="coverage.report.file" value="C:\Projects\feature-UDDI-multi-spec\Product\Production\Adapters\DocumentQuery_a0/coverage-reports/coverage.xml" />
    <property name="env.ProgramW6432" value="C:\Program Files" />
    <property name="env.windows_tracing_flags" value="3" />
    <property name="env.USERNAME" value="stan" />
    <property name="project.PatientDiscovery_10.build.file" value="C:\Projects\feature-UDDI-multi-spec\Product\Production\Gateway\PatientDiscovery_10\build.xml" />
    <property name="project.CommonIntTest.directory" value="C:\Projects\feature-UDDI-multi-spec\Product\IntegrationTest\JunitIntegrationTests\Common\CommonIntTest" />
    <property name="env.ProgramFiles" value="C:\Program Files (x86)" />
    <property name="dir" value="C:\Projects\feature-UDDI-multi-spec\Product//Production/Adapters/DocumentQuery_a0" />
    <property name="project.CONNECTUDDIModifierGUI.dist.file" value="C:\Projects\feature-UDDI-multi-spec\Product\Production\Common\CONNECTUDDIModifierGUI\dist\debug\CONNECTUDDIModifierGUI.war" />
    <property name="source.xml.resources.dir" value="C:\Projects\feature-UDDI-multi-spec\Product\Production\Adapters\DocumentQuery_a0/src/main/resources/xml-resources" />
    <property name="project.AdapterGeneralIntTest.dist.file" value="C:\Projects\feature-UDDI-multi-spec\Product\IntegrationTest\JunitIntegrationTests\Adapters\General\AdapterGeneralIntTest\dist\debug\AdapterGeneralIntTest.jar" />
    <property name="file.encoding" value="Cp1252" />
    <property name="env.AS_HOME" value="C:\Sun\AppServer" />
    <property name="project.CONNECTCoreLib.build.file" value="C:\Projects\feature-UDDI-multi-spec\Product\Production\Common\CONNECTCoreLib\build.xml" />
    <property name="project.CONNECTGatewayDocumentSubmission20.build.dist.root" value="C:\Projects\feature-UDDI-multi-spec\Product\Production\Gateway\CONNECTGatewayDocumentSubmission20\build\debug\dist" />
    <property name="project.FileTransferAdapterGUI.build.dist.root" value="C:\Projects\feature-UDDI-multi-spec\Product\Production\Adapters\GenericFileTransfer\FileTransferAdapterGUI\build\debug\dist" />
    <property name="env.PATHEXT" value=".COM;.EXE;.BAT;.CMD;.VBS;.VBE;.JS;.JSE;.WSF;.WSH;.MSC" />
    <property name="java.vm.version" value="22.0-b10" />
    <property name="sun.io.unicode.encoding" value="UnicodeLittle" />
    <property name="java.runtime.version" value="1.7.0_02-b13" />
    <property name="project.CONNECTGatewayDocumentRetrieveWeb10.build.dir" value="C:\Projects\feature-UDDI-multi-spec\Product\Production\Gateway\CONNECTGatewayDocumentRetrieveWeb10\build\debug" />
    <property name="deploy.type" value="war" />
    <property name="project.FTATransferAdapterEJB.dist.file" value="C:\Projects\feature-UDDI-multi-spec\Product\Production\Adapters\GenericFileTransfer\FTATransferAdapterEJB\dist\debug\FTATransferAdapterEJB.jar" />
    <property name="project.DocumentQuery_20.dist.file" value="C:\Projects\feature-UDDI-multi-spec\Product\Production\Gateway\DocumentQuery_20\dist\debug\DocumentQuery_20.war" />
    <property name="Target.-coverage.product.prep.State" value="Running" />
    <property name="project.AdapterGeneralIntTest.build.dist.root" value="C:\Projects\feature-UDDI-multi-spec\Product\IntegrationTest\JunitIntegrationTests\Adapters\General\AdapterGeneralIntTest\build\debug\dist" />
    <property name="project.AdminDistribution_10.build.dir" value="C:\Projects\feature-UDDI-multi-spec\Product\Production\Gateway\AdminDistribution_10\build\debug" />
    <property name="soapui.install.bin.directory.path" value="${env.SOAPUI_HOME}/bin" />
    <property name="ant.file.build.taskdef" value="C:\Projects\feature-UDDI-multi-spec\Product\build\build.macros.xml" />
    <property name="project.CONNECTGatewayDocumentRetrieveWeb10.directory" value="C:\Projects\feature-UDDI-multi-spec\Product\Production\Gateway\CONNECTGatewayDocumentRetrieveWeb10" />
    <property name="project.CONNECTGatewayDocumentSubmission10.dist.file" value="C:\Projects\feature-UDDI-multi-spec\Product\Production\Gateway\CONNECTGatewayDocumentSubmission10\dist\debug\CONNECTGatewayDocumentSubmission10.war" />
    <property name="java.awt.graphicsenv" value="sun.awt.Win32GraphicsEnvironment" />
    <property name="sun.management.compiler" value="HotSpot Client Compiler" />
    <property name="project.CONNECTGatewayDocumentRetrieveWeb20.build.dir" value="C:\Projects\feature-UDDI-multi-spec\Product\Production\Gateway\CONNECTGatewayDocumentRetrieveWeb20\build\debug" />
    <property name="project.AdapterDocumentAssemblyProxyEJB.build.file" value="C:\Projects\feature-UDDI-multi-spec\Product\Production\Adapters\Framework\AdapterDocumentAssemblyProxyEJB\build.xml" />
    <property name="Target.-unittest.run.State" value="Running" />
    <property name="project.AdminDistribution_10.directory" value="C:\Projects\feature-UDDI-multi-spec\Product\Production\Gateway\AdminDistribution_10" />
    <property name="dist.dir" value="C:\Projects\feature-UDDI-multi-spec\Product\Production\Adapters\DocumentQuery_a0/dist/debug" />
    <property name="project.DocumentQuery_20.build.classes.dir" value="C:\Projects\feature-UDDI-multi-spec\Product\Production\Gateway\DocumentQuery_20\build\debug\dist\WEB-INF\classes" />
    <property name="project.CONNECTAdapterPDPOpenSSO.build.dir" value="C:\Projects\feature-UDDI-multi-spec\Product\Production\Adapters\General\CONNECTAdapterPDPOpenSSO\build\debug" />
    <property name="junit.basedir" value="C:\Projects\feature-UDDI-multi-spec\Product\Production\Adapters\DocumentQuery_a0" />
    <property name="deployment.glassfish.domain.name" value="domain1" />
    <property name="project.AdminDistribution_20.build.dir" value="C:\Projects\feature-UDDI-multi-spec\Product\Production\Gateway\AdminDistribution_20\build\debug" />
    <property name="project.CONNECTGatewayDocumentSubmission20.dist.file" value="C:\Projects\feature-UDDI-multi-spec\Product\Production\Gateway\CONNECTGatewayDocumentSubmission20\dist\debug\CONNECTGatewayDocumentSubmission20.war" />
    <property name="project.CONNECTGatewayDocumentRetrieveWeb20.directory" value="C:\Projects\feature-UDDI-multi-spec\Product\Production\Gateway\CONNECTGatewayDocumentRetrieveWeb20" />
    <property name="project.TemplateManager.dist.file" value="C:\Projects\feature-UDDI-multi-spec\Product\Production\Adapters\Framework\TemplateManager\dist\debug\TemplateManager.jar" />
    <property name="deployment.domain.template.file.path" value="C:\Projects\feature-UDDI-multi-spec/Product/Install/GlassFish/templates/connect/domain.selfsigned.xml.template" />
    <property name="java.class.version" value="51.0" />
    <property name="project.CONNECTAdapterPDPOpenSSO.directory" value="C:\Projects\feature-UDDI-multi-spec\Product\Production\Adapters\General\CONNECTAdapterPDPOpenSSO" />
    <property name="java.home" value="C:\Java\jdk1.7.0_02\jre" />
    <property name="env.windows_tracing_logfile" value="C:\BVTBin\Tests\installpackage\csilogfile.log" />
    <property name="project.CONNECTAdapterPDPOpenSSO.build.file" value="C:\Projects\feature-UDDI-multi-spec\Product\Production\Adapters\General\CONNECTAdapterPDPOpenSSO\build.xml" />
    <property name="env.DXSDK_DIR" value="C:\Program Files (x86)\Microsoft DirectX SDK (June 2010)\" />
    <property name="project.AdminDistribution_20.directory" value="C:\Projects\feature-UDDI-multi-spec\Product\Production\Gateway\AdminDistribution_20" />
    <property name="project.DocumentManagerEJB.build.dir" value="C:\Projects\feature-UDDI-multi-spec\Product\Production\Adapters\Framework\DocumentManagerEJB\build\debug" />
    <property name="project.CONNECTCommonTypesLib.build.classes.dir" value="C:\Projects\feature-UDDI-multi-spec\Product\Production\Common\CONNECTCommonTypesLib\build\debug\dist" />
    <property name="project.AdapterGeneralIntTest.build.file" value="C:\Projects\feature-UDDI-multi-spec\Product\IntegrationTest\JunitIntegrationTests\Adapters\General\AdapterGeneralIntTest\build.xml" />
    <property name="coverage.validate.file" value="C:\Projects\feature-UDDI-multi-spec\Product\Production\Adapters\DocumentQuery_a0/coverage-reports/coverage.validate.xml" />
    <property name="sun.cpu.endian" value="little" />
    <property name="env.CLASSPATH" value=".;C:\Java\jre6\lib\ext\QTJava.zip" />
    <property name="coverage.dist.report.file" value="C:\Projects\feature-UDDI-multi-spec\Product\Production\Adapters\DocumentQuery_a0/coverage-reports/dist.coverage.ser" />
    <property name="project.HiemSubscriptionRepositoryIntegrationTest.build.classes.dir" value="C:\Projects\feature-UDDI-multi-spec\Product\IntegrationTest\JunitIntegrationTests\Gateway\HiemSubscriptionRepositoryIntegrationTest\build\debug\dist" />
    <property name="project.CONNECTGatewayWeb.build.file" value="C:\Projects\feature-UDDI-multi-spec\Product\Production\Gateway\CONNECTGatewayWeb\build.xml" />
    <property name="project.LoadTest.build.dist.root" value="C:\Projects\feature-UDDI-multi-spec\Product\IntegrationTest\JunitIntegrationTests\Gateway\LoadTest\build\debug\dist" />
    <property name="project.CommonIntTest.build.dist.root" value="C:\Projects\feature-UDDI-multi-spec\Product\IntegrationTest\JunitIntegrationTests\Common\CommonIntTest\build\debug\dist" />
    <property name="project.PatientDiscovery_a0.dist.file" value="C:\Projects\feature-UDDI-multi-spec\Product\Production\Adapters\PatientDiscovery_a0\dist\debug\PatientDiscovery_a0.war" />
    <property name="project.DocumentManagerEJB.directory" value="C:\Projects\feature-UDDI-multi-spec\Product\Production\Adapters\Framework\DocumentManagerEJB" />
    <property name="project.CONNECTUniversalClientGUI.dist.file" value="C:\Projects\feature-UDDI-multi-spec\Product\Production\Adapters\General\CONNECTUniversalClientGUI\dist\debug\CONNECTUniversalClientGUI.war" />
    <property name="ant.file.nhinc.deployment" value="C:\Projects\feature-UDDI-multi-spec\Product\Install\deploy.xml" />
    <property name="project.CONNECTGatewayDocumentRetrieveWeb20.build.dist.root" value="C:\Projects\feature-UDDI-multi-spec\Product\Production\Gateway\CONNECTGatewayDocumentRetrieveWeb20\build\debug\dist" />
    <property name="deploy.isDeployable" value="true" />
    <property name="ant.file.nhinc.deployment.settings.win" value="C:\Projects\feature-UDDI-multi-spec\Product\Install\settings.win.xml" />
    <property name="soapui.hasTests" value="false" />
    <property name="soapui.project.dir.pattern" value="*-soapui-project" />
    <property name="env.PROCESSOR_IDENTIFIER" value="Intel64 Family 6 Model 23 Stepping 10, GenuineIntel" />
    <property name="project.CONNECTInterfaceTestWeb.directory" value="C:\Projects\feature-UDDI-multi-spec\Product\Production\Gateway\CONNECTInterfaceTestWeb" />
    <property name="project.CONNECTGatewayDocumentRetrieveWeb20.build.file" value="C:\Projects\feature-UDDI-multi-spec\Product\Production\Gateway\CONNECTGatewayDocumentRetrieveWeb20\build.xml" />
    <property name="project.CONNECTInterfaceTestWeb.build.dist.root" value="C:\Projects\feature-UDDI-multi-spec\Product\Production\Gateway\CONNECTInterfaceTestWeb\build\debug\dist" />
    <property name="ivy.cache.dir" value="C:\Projects\feature-UDDI-multi-spec/Product/../ivy-cache" />
    <property name="project.AdminDistribution_20.build.dist.root" value="C:\Projects\feature-UDDI-multi-spec\Product\Production\Gateway\AdminDistribution_20\build\debug\dist" />
    <property name="dist.root.dir" value="C:\Projects\feature-UDDI-multi-spec\Product\Production\Adapters\DocumentQuery_a0/dist" />
    <property name="user.country" value="US" />
    <property name="NHINC.Target.coverage.clean.State" value="Success" />
    <property name="user.timezone" value="" />
    <property name="project.FTAConfigManager.build.classes.dir" value="C:\Projects\feature-UDDI-multi-spec\Product\Production\Adapters\GenericFileTransfer\FTAConfigManager\build\debug\dist" />
    <property name="NHINC.Target.coverage.clean.Executed" value="true" />
    <property name="project.HiemSubscriptionRepositoryIntegrationTest.build.dist.root" value="C:\Projects\feature-UDDI-multi-spec\Product\IntegrationTest\JunitIntegrationTests\Gateway\HiemSubscriptionRepositoryIntegrationTest\build\debug\dist" />
    <property name="project.AdapterDocumentRepository.build.classes.dir" value="C:\Projects\feature-UDDI-multi-spec\Product\Production\Adapters\Framework\AdapterDocumentRepository\build\debug\dist" />
    <property name="project.AdapterDocRepository2Soap12Web.dist.file" value="C:\Projects\feature-UDDI-multi-spec\Product\Production\Adapters\General\AdapterDocRepository2Soap12Web\dist\debug\AdapterDocRepository2Soap12Web.war" />
    <property name="project.FileTrasnferTimer.dist.file" value="C:\Projects\feature-UDDI-multi-spec\Product\Production\Adapters\GenericFileTransfer\FileTrasnferTimer\dist\debug\FileTrasnferTimer.jar" />
    <property name="project.CONNECTAdapterDocumentRetrieve10.build.dist.root" value="C:\Projects\feature-UDDI-multi-spec\Product\Production\Adapters\CONNECTAdapterDocumentRetrieve10\build\debug\dist" />
    <property name="project.CONNECTConsumerPreferencesProfileGUI.build.dist.root" value="C:\Projects\feature-UDDI-multi-spec\Product\Production\Adapters\General\CONNECTConsumerPreferencesProfileGUI\build\debug\dist" />
    <property name="deployment.glassfish.server.username" value="admin" />
    <property name="sun.arch.data.model" value="32" />
    <property name="project.DocumentAssemblyManagerEJB.build.classes.dir" value="C:\Projects\feature-UDDI-multi-spec\Product\Production\Adapters\Framework\DocumentAssemblyManagerEJB\build\debug\dist" />
    <property name="current.project.count" value="10" />
    <property name="java.vm.vendor" value="Oracle Corporation" />
    <property name="project.CONNECTCommonTypesLib.dist.file" value="C:\Projects\feature-UDDI-multi-spec\Product\Production\Common\CONNECTCommonTypesLib\dist\debug\CONNECTCommonTypesLib.jar" />
    <property name="NHINC.Target.junit.clean.Executed" value="true" />
    <property name="project.CONNECTAdapterDocumentSubmission10.dist.file" value="C:\Projects\feature-UDDI-multi-spec\Product\Production\Adapters\General\CONNECTAdapterDocumentSubmission10\dist\debug\CONNECTAdapterDocumentSubmission10.war" />
    <property name="project.CONNECTGatewayDocumentSubmission20.build.classes.dir" value="C:\Projects\feature-UDDI-multi-spec\Product\Production\Gateway\CONNECTGatewayDocumentSubmission20\build\debug\dist\WEB-INF\classes" />
    <property name="project.CONNECTGatewayDocumentSubmission10.build.classes.dir" value="C:\Projects\feature-UDDI-multi-spec\Product\Production\Gateway\CONNECTGatewayDocumentSubmission10\build\debug\dist\WEB-INF\classes" />
    <property name="coverage.thresholds.file" value="C:\Projects\feature-UDDI-multi-spec\Product\Production\Adapters\DocumentQuery_a0/coverage.thresholds.xml" />
    <property name="project.CONNECTAdapterHiem_a0.build.dir" value="C:\Projects\feature-UDDI-multi-spec\Product\Production\Adapters\General\CONNECTAdapterHiem_a0\build\debug" />
    <property name="ant.file.ivy.targets" value="C:\Projects\feature-UDDI-multi-spec\Product\build\ivy\ivy.targets.xml" />
    <property name="Target.coverage.prepfortests.State" value="Running" />
    <property name="java.vm.specification.version" value="1.7" />
    <property name="source.dir" value="C:\Projects\feature-UDDI-multi-spec\Product\Production\Adapters\DocumentQuery_a0/src/main/java" />
    <property name="ant.file.junit.macros" value="C:\Projects\feature-UDDI-multi-spec\Product\build\junit\junit.macros.xml" />
    <property name="env.JAVA_HOME" value="C:\Java\jdk1.7.0_02" />
    <property name="user.dir" value="C:\Projects\feature-UDDI-multi-spec\Product\Production\Adapters\DocumentQuery_a0" />
    <property name="project.CONNECTAdapterWeb.build.classes.dir" value="C:\Projects\feature-UDDI-multi-spec\Product\Production\Adapters\General\CONNECTAdapterWeb\build\debug\dist\WEB-INF\classes" />
    <property name="project.CONNECTUniversalClientGUI.build.classes.dir" value="C:\Projects\feature-UDDI-multi-spec\Product\Production\Adapters\General\CONNECTUniversalClientGUI\build\debug\dist\WEB-INF\classes" />
    <property name="project.CONNECTUDDIModifierGUI.build.dir" value="C:\Projects\feature-UDDI-multi-spec\Product\Production\Common\CONNECTUDDIModifierGUI\build\debug" />
    <property name="ant.file.ivy.properties" value="C:\Projects\feature-UDDI-multi-spec\Product\build\ivy\ivy.properties.xml" />
    <property name="project.AdapterCommonDataLayerEJB.build.dist.root" value="C:\Projects\feature-UDDI-multi-spec\Product\Production\Adapters\Framework\AdapterCommonDataLayerEJB\build\debug\dist" />
    <property name="ant.file.license.targets" value="C:\Projects\feature-UDDI-multi-spec\Product\build\licensetool\license.targets.xml" />
    <property name="project.CONNECTUDDIModifierGUI.directory" value="C:\Projects\feature-UDDI-multi-spec\Product\Production\Common\CONNECTUDDIModifierGUI" />
    <property name="integrationtest.hasTests" value="false" />
    <property name="project.AdapterDocumentRepository.build.dist.root" value="C:\Projects\feature-UDDI-multi-spec\Product\Production\Adapters\Framework\AdapterDocumentRepository\build\debug\dist" />
    <property name="project.AdminDistribution_a0.build.dist.root" value="C:\Projects\feature-UDDI-multi-spec\Product\Production\Adapters\AdminDistribution_a0\build\debug\dist" />
    <property name="project.FileTransferAdapterEJB.build.dist.root" value="C:\Projects\feature-UDDI-multi-spec\Product\Production\Adapters\GenericFileTransfer\FileTransferAdapterEJB\build\debug\dist" />
    <property name="java.version" value="1.7.0_02" />
    <property name="project.FTATransferAdapterEJB.build.dir" value="C:\Projects\feature-UDDI-multi-spec\Product\Production\Adapters\GenericFileTransfer\FTATransferAdapterEJB\build\debug" />
    <property name="coverage.threshold.branchrate" value="80" />
    <property name="project.AdapterFrameworkIntTest.build.file" value="C:\Projects\feature-UDDI-multi-spec\Product\IntegrationTest\JunitIntegrationTests\Adapters\Framework\AdapterFrameworkIntTest\build.xml" />
    <property name="env.FP_NO_HOST_CHECK" value="NO" />
    <property name="checkstyle.configuration.file.path" value="C:\Projects\feature-UDDI-multi-spec/Product/checkstyle.settings.xml" />
    <property name="project.AdapterMpiEJB.build.file" value="C:\Projects\feature-UDDI-multi-spec\Product\Production\Adapters\Framework\AdapterMpiEJB\build.xml" />
    <property name="project.AdapterMpiEJB.build.classes.dir" value="C:\Projects\feature-UDDI-multi-spec\Product\Production\Adapters\Framework\AdapterMpiEJB\build\debug\dist" />
    <property name="project.DocumentQuery_20.build.dir" value="C:\Projects\feature-UDDI-multi-spec\Product\Production\Gateway\DocumentQuery_20\build\debug" />
    <property name="project.count" value="48" />
    <property name="Target.just.unittest.run.State" value="Running" />
    <property name="NHINC.Target.-unittest.product.prep.Executed" value="true" />
    <property name="project.CONNECTConsumerPreferencesProfileGUI.build.file" value="C:\Projects\feature-UDDI-multi-spec\Product\Production\Adapters\General\CONNECTConsumerPreferencesProfileGUI\build.xml" />
    <property name="dist.instrumented.file" value="C:\Projects\feature-UDDI-multi-spec\Product\Production\Adapters\DocumentQuery_a0/dist/instrumented/DocumentQuery_a0.war" />
    <property name="project.CONNECTGatewayDocumentSubmission10.build.dir" value="C:\Projects\feature-UDDI-multi-spec\Product\Production\Gateway\CONNECTGatewayDocumentSubmission10\build\debug" />
    <property name="file" value="build.xml" />
    <property name="project.FTATransferAdapterEJB.directory" value="C:\Projects\feature-UDDI-multi-spec\Product\Production\Adapters\GenericFileTransfer\FTATransferAdapterEJB" />
    <property name="java.class.path" value="C:\Projects\feature-UDDI-multi-spec\Product\Production\Adapters\DocumentQuery_a0\build\debug\instrumented\classes;C:\Projects\feature-UDDI-multi-spec\Build\Packages\Ant\Ant\lib\junit-3.8.2.jar;C:\Projects\feature-UDDI-multi-spec\Build\Packages\Ant\Ant\lib\ant-launcher.jar;C:\Projects\feature-UDDI-multi-spec\Build\Packages\Ant\Ant\lib\ant.jar;C:\Projects\feature-UDDI-multi-spec\Build\Packages\Ant\Ant\lib\ant-junit.jar;C:\Projects\feature-UDDI-multi-spec\Product\Production\Adapters\DocumentQuery_a0\lib\compile\commons-logging.jar;C:\Projects\feature-UDDI-multi-spec\Product\Production\Adapters\DocumentQuery_a0\lib\compile\log4j.jar;C:\Projects\feature-UDDI-multi-spec\Product\Production\Adapters\DocumentQuery_a0\lib\compile\spring.jar;C:\Projects\feature-UDDI-multi-spec\Product\Production\Adapters\DocumentQuery_a0\lib\runtime\commons-logging.jar;C:\Projects\feature-UDDI-multi-spec\Product\Production\Adapters\DocumentQuery_a0\lib\runtime\javaee-api.jar;C:\Projects\feature-UDDI-multi-spec\Product\Production\Adapters\DocumentQuery_a0\lib\runtime\log4j.jar;C:\Projects\feature-UDDI-multi-spec\Product\Production\Adapters\DocumentQuery_a0\lib\runtime\openssoclientsdk.jar;C:\Projects\feature-UDDI-multi-spec\Product\Production\Adapters\DocumentQuery_a0\lib\runtime\resolver.jar;C:\Projects\feature-UDDI-multi-spec\Product\Production\Adapters\DocumentQuery_a0\lib\runtime\serializer.jar;C:\Projects\feature-UDDI-multi-spec\Product\Production\Adapters\DocumentQuery_a0\lib\runtime\spring.jar;C:\Projects\feature-UDDI-multi-spec\Product\Production\Adapters\DocumentQuery_a0\lib\runtime\webservices-rt.jar;C:\Projects\feature-UDDI-multi-spec\Product\Production\Adapters\DocumentQuery_a0\lib\runtime\xerces-impl.jar;C:\Projects\feature-UDDI-multi-spec\Product\Production\Adapters\DocumentQuery_a0\lib\runtime\xpp3_min.jar;C:\Projects\feature-UDDI-multi-spec\Product\Production\Adapters\DocumentQuery_a0\lib\runtime\xstream.jar;C:\Projects\feature-UDDI-multi-spec\Product\Production\Common\CONNECTCommonTypesLib\build\debug\dist;C:\Projects\feature-UDDI-multi-spec\Product\Production\Common\CONNECTCoreLib\build\debug\dist;C:\Projects\feature-UDDI-multi-spec\Product\Production\Adapters\DocumentQuery_a0\build\debug\test\classes;C:\Projects\feature-UDDI-multi-spec\Product\Production\Adapters\DocumentQuery_a0\build\debug\dist\WEB-INF\classes;C:\Projects\feature-UDDI-multi-spec\Product\Production\Adapters\DocumentQuery_a0\lib\test\cglib-nodep.jar;C:\Projects\feature-UDDI-multi-spec\Product\Production\Adapters\DocumentQuery_a0\lib\test\hamcrest-core.jar;C:\Projects\feature-UDDI-multi-spec\Product\Production\Adapters\DocumentQuery_a0\lib\test\hamcrest-library.jar;C:\Projects\feature-UDDI-multi-spec\Product\Production\Adapters\DocumentQuery_a0\lib\test\jmock-junit4.jar;C:\Projects\feature-UDDI-multi-spec\Product\Production\Adapters\DocumentQuery_a0\lib\test\jmock-legacy.jar;C:\Projects\feature-UDDI-multi-spec\Product\Production\Adapters\DocumentQuery_a0\lib\test\jmock.jar;C:\Projects\feature-UDDI-multi-spec\Product\Production\Adapters\DocumentQuery_a0\lib\test\junit-dep.jar;C:\Projects\feature-UDDI-multi-spec\Product\Production\Adapters\DocumentQuery_a0\lib\test\junit.jar;C:\Projects\feature-UDDI-multi-spec\Product\Production\Adapters\DocumentQuery_a0\lib\test\objenesis.jar;C:\Projects\feature-UDDI-multi-spec\Build\Packages\Corbertura\bin\cobertura.jar" />
    <property name="ant.java.version" value="1.6" />
    <property name="sun.desktop" value="windows" />
    <property name="project.DocumentQuery_20.directory" value="C:\Projects\feature-UDDI-multi-spec\Product\Production\Gateway\DocumentQuery_20" />
    <property name="java.specification.version" value="1.7" />
    <property name="deployment.glassfish.admin.port" value="4848" />
    <property name="deploy.exclude.war.CONNECTUDDIModifierGUI" value="true" />
    <property name="project.AdapterDocRegistry2Soap12Web.build.file" value="C:\Projects\feature-UDDI-multi-spec\Product\Production\Adapters\General\AdapterDocRegistry2Soap12Web\build.xml" />
    <property name="sun.boot.library.path" value="C:\Java\jdk1.7.0_02\jre\bin" />
    <property name="project.CONNECTGatewayDocumentSubmission10.directory" value="C:\Projects\feature-UDDI-multi-spec\Product\Production\Gateway\CONNECTGatewayDocumentSubmission10" />
    <property name="checkstyle.src.dir" value="C:\Projects\feature-UDDI-multi-spec/Product/Production" />
    <property name="ant.file.soapui.macros" value="C:\Projects\feature-UDDI-multi-spec\Product\build\soapui\soapui.macros.xml" />
    <property name="project.CONNECTGatewayDocumentRetrieveWeb10.build.file" value="C:\Projects\feature-UDDI-multi-spec\Product\Production\Gateway\CONNECTGatewayDocumentRetrieveWeb10\build.xml" />
    <property name="project.CONNECTGatewayDocumentSubmission20.build.dir" value="C:\Projects\feature-UDDI-multi-spec\Product\Production\Gateway\CONNECTGatewayDocumentSubmission20\build\debug" />
    <property name="project.TemplateManager.build.dir" value="C:\Projects\feature-UDDI-multi-spec\Product\Production\Adapters\Framework\TemplateManager\build\debug" />
    <property name="deployment.interfaces.dir" value="c:/NHINC/Interfaces" />
    <property name="deployment.glassfish.server" value="localhost" />
    <property name="checkstyle.report.dir.path" value="CheckstyleReport" />
    <property name="project.GatewayIntTest.build.dist.root" value="C:\Projects\feature-UDDI-multi-spec\Product\IntegrationTest\JunitIntegrationTests\Gateway\GatewayIntTest\build\debug\dist" />
    <property name="ant.file.junit.targets" value="C:\Projects\feature-UDDI-multi-spec\Product\build\junit\junit.targets.xml" />
    <property name="coverage.threshold.linerate" value="80" />
    <property name="project.AdapterDocRegistry2Soap12Web.build.dist.root" value="C:\Projects\feature-UDDI-multi-spec\Product\Production\Adapters\General\AdapterDocRegistry2Soap12Web\build\debug\dist" />
    <property name="Target.unittest.run.State" value="Running" />
    <property name="env._JAVACMD" value="C:\Java\jdk1.7.0_02\bin\java.exe" />
    <property name="project.DocumentAssemblyManagerEJB.build.dir" value="C:\Projects\feature-UDDI-multi-spec\Product\Production\Adapters\Framework\DocumentAssemblyManagerEJB\build\debug" />
    <property name="project.CONNECTGatewayDocumentSubmission20.directory" value="C:\Projects\feature-UDDI-multi-spec\Product\Production\Gateway\CONNECTGatewayDocumentSubmission20" />
    <property name="project.FileTransferAdapterEJB.build.file" value="C:\Projects\feature-UDDI-multi-spec\Product\Production\Adapters\GenericFileTransfer\FileTransferAdapterEJB\build.xml" />
    <property name="project.TemplateManager.directory" value="C:\Projects\feature-UDDI-multi-spec\Product\Production\Adapters\Framework\TemplateManager" />
    <property name="source.resources.dir" value="C:\Projects\feature-UDDI-multi-spec\Product\Production\Adapters\DocumentQuery_a0/src/main/resources" />
    <property name="project.PatientDiscovery_a0.build.file" value="C:\Projects\feature-UDDI-multi-spec\Product\Production\Adapters\PatientDiscovery_a0\build.xml" />
    <property name="java.specification.vendor" value="Oracle Corporation" />
    <property name="project.AdapterDocumentRepository.dist.file" value="C:\Projects\feature-UDDI-multi-spec\Product\Production\Adapters\Framework\AdapterDocumentRepository\dist\debug\AdapterDocumentRepository.jar" />
    <property name="project.CONNECTAdapterHiem_a0.build.dist.root" value="C:\Projects\feature-UDDI-multi-spec\Product\Production\Adapters\General\CONNECTAdapterHiem_a0\build\debug\dist" />
    <property name="project.CONNECTAdapterPDPOpenSSO.build.classes.dir" value="C:\Projects\feature-UDDI-multi-spec\Product\Production\Adapters\General\CONNECTAdapterPDPOpenSSO\build\debug\dist" />
    <property name="project.PatientDiscovery_a0.build.dir" value="C:\Projects\feature-UDDI-multi-spec\Product\Production\Adapters\PatientDiscovery_a0\build\debug" />
    <property name="project.CONNECTGatewayHiem_g0.build.classes.dir" value="C:\Projects\feature-UDDI-multi-spec\Product\Production\Gateway\CONNECTGatewayHiem_g0\build\debug\dist\WEB-INF\classes" />
    <property name="env.IDE_HOME" value="C:\Program Files\NetBeans 6.7.1" />
    <property name="user.name" value="stan" />
    <property name="project.CONNECTAdapterWeb.build.file" value="C:\Projects\feature-UDDI-multi-spec\Product\Production\Adapters\General\CONNECTAdapterWeb\build.xml" />
    <property name="project.AdapterCommonDataLayerEJB.build.file" value="C:\Projects\feature-UDDI-multi-spec\Product\Production\Adapters\Framework\AdapterCommonDataLayerEJB\build.xml" />
    <property name="project.DocumentAssemblyManagerEJB.directory" value="C:\Projects\feature-UDDI-multi-spec\Product\Production\Adapters\Framework\DocumentAssemblyManagerEJB" />
    <property name="project.FileTransferAdapterGUI.build.classes.dir" value="C:\Projects\feature-UDDI-multi-spec\Product\Production\Adapters\GenericFileTransfer\FileTransferAdapterGUI\build\debug\dist\WEB-INF\classes" />
    <property name="build.classes.dir" value="C:\Projects\feature-UDDI-multi-spec\Product\Production\Adapters\DocumentQuery_a0/build/debug/dist/WEB-INF/classes" />
    <property name="soapui.project.file.pattern" value="*-soapui-project.xml" />
    <property name="project.PatientDiscovery_a0.directory" value="C:\Projects\feature-UDDI-multi-spec\Product\Production\Adapters\PatientDiscovery_a0" />
    <property name="env.PROCESSOR_LEVEL" value="6" />
    <property name="order" value="10" />
    <property name="ant.core.lib" value="C:\Projects\feature-UDDI-multi-spec\Build\Packages\Ant\Ant\lib\ant.jar" />
    <property name="java.endorsed.dirs" value="C:\Java\jdk1.7.0_02\jre\lib\endorsed" />
    <property name="project.CONNECTCommonWeb.build.dist.root" value="C:\Projects\feature-UDDI-multi-spec\Product\Production\Common\CONNECTCommonWeb\build\debug\dist" />
    <property name="project.CommonIntTest.build.file" value="C:\Projects\feature-UDDI-multi-spec\Product\IntegrationTest\JunitIntegrationTests\Common\CommonIntTest\build.xml" />
    <property name="project.AdapterDocRepository2Soap12Web.build.dir" value="C:\Projects\feature-UDDI-multi-spec\Product\Production\Adapters\General\AdapterDocRepository2Soap12Web\build\debug" />
    <property name="project.CONNECTAdapterPDPOpenSSO.build.dist.root" value="C:\Projects\feature-UDDI-multi-spec\Product\Production\Adapters\General\CONNECTAdapterPDPOpenSSO\build\debug\dist" />
    <property name="project.PatientDiscovery_10.build.classes.dir" value="C:\Projects\feature-UDDI-multi-spec\Product\Production\Gateway\PatientDiscovery_10\build\debug\dist\WEB-INF\classes" />
    <property name="project.FileTrasnferTimer.build.dir" value="C:\Projects\feature-UDDI-multi-spec\Product\Production\Adapters\GenericFileTransfer\FileTrasnferTimer\build\debug" />
    <property name="env.ANT_OPTS" value="-Xmx1024m -XX:MaxPermSize=128m -Dcom.sun.aas.instanceName=server" />
    <property name="called.from.main.build" value="true" />
    <property name="project.CONNECTAdapterHiem_a0.directory" value="C:\Projects\feature-UDDI-multi-spec\Product\Production\Adapters\General\CONNECTAdapterHiem_a0" />
    <property name="project.CONNECTConsumerPreferencesProfileGUI.dist.file" value="C:\Projects\feature-UDDI-multi-spec\Product\Production\Adapters\General\CONNECTConsumerPreferencesProfileGUI\dist\debug\CONNECTConsumerPreferencesProfileGUI.war" />
    <property name="project.AdapterGeneralIntTest.build.dir" value="C:\Projects\feature-UDDI-multi-spec\Product\IntegrationTest\JunitIntegrationTests\Adapters\General\AdapterGeneralIntTest\build\debug" />
    <property name="project.AdapterDocRepository2Soap12Web.directory" value="C:\Projects\feature-UDDI-multi-spec\Product\Production\Adapters\General\AdapterDocRepository2Soap12Web" />
    <property name="project.HiemSubscriptionRepositoryIntegrationTest.dist.file" value="C:\Projects\feature-UDDI-multi-spec\Product\IntegrationTest\JunitIntegrationTests\Gateway\HiemSubscriptionRepositoryIntegrationTest\dist\debug\HiemSubscriptionRepositoryIntegrationTest.jar" />
    <property name="project.CONNECTCommonTypesLib.build.dir" value="C:\Projects\feature-UDDI-multi-spec\Product\Production\Common\CONNECTCommonTypesLib\build\debug" />
    <property name="project.CONNECTAdapterDocumentSubmission10.build.dir" value="C:\Projects\feature-UDDI-multi-spec\Product\Production\Adapters\General\CONNECTAdapterDocumentSubmission10\build\debug" />
    <property name="ant.file.corbertura.targets" value="C:\Projects\feature-UDDI-multi-spec\Product\build\corbertura\corbertura.targets.xml" />
    <property name="NHINC.Target.-unittest.product.prep.State" value="Success" />
    <property name="project.CONNECTCommonTypesLib.build.file" value="C:\Projects\feature-UDDI-multi-spec\Product\Production\Common\CONNECTCommonTypesLib\build.xml" />
    <property name="env._USE_CLASSPATH" value="yes" />
    <property name="integrationtest.report.dir" value="C:\Projects\feature-UDDI-multi-spec\Product\Production\Adapters\DocumentQuery_a0/integration-test-reports" />
    <property name="project.AdapterGeneralIntTest.directory" value="C:\Projects\feature-UDDI-multi-spec\Product\IntegrationTest\JunitIntegrationTests\Adapters\General\AdapterGeneralIntTest" />
    <property name="java.io.tmpdir" value="C:\Users\stan\AppData\Local\Temp\" />
    <property name="project.CONNECTGatewayWeb.dist.file" value="C:\Projects\feature-UDDI-multi-spec\Product\Production\Gateway\CONNECTGatewayWeb\dist\debug\CONNECTGatewayWeb.war" />
    <property name="project.CONNECTAdapterDocumentRetrieve10.dist.file" value="C:\Projects\feature-UDDI-multi-spec\Product\Production\Adapters\CONNECTAdapterDocumentRetrieve10\dist\debug\CONNECTAdapterDocumentRetrieve10.war" />
    <property name="project.FileTransferAdapterEJB.dist.file" value="C:\Projects\feature-UDDI-multi-spec\Product\Production\Adapters\GenericFileTransfer\FileTransferAdapterEJB\dist\debug\FileTransferAdapterEJB.jar" />
    <property name="project.CONNECTAdapterDocumentSubmission10.directory" value="C:\Projects\feature-UDDI-multi-spec\Product\Production\Adapters\General\CONNECTAdapterDocumentSubmission10" />
    <property name="user.language" value="en" />
    <property name="coverage.check.tag.file" value="C:\Projects\feature-UDDI-multi-spec\Product\Production\Adapters\DocumentQuery_a0/coverage-reports/check.tag" />
    <property name="NHINC.Target.quick.package.create.State" value="Success" />
    <property name="ant.version" value="Apache Ant version 1.7.1 compiled on June 27 2008" />
    <property name="project.AdapterFrameworkIntTest.build.classes.dir" value="C:\Projects\feature-UDDI-multi-spec\Product\IntegrationTest\JunitIntegrationTests\Adapters\Framework\AdapterFrameworkIntTest\build\debug\dist" />
    <property name="project.CONNECTGatewayHiem_g0.build.file" value="C:\Projects\feature-UDDI-multi-spec\Product\Production\Gateway\CONNECTGatewayHiem_g0\build.xml" />
    <property name="ant.library.dir" value="C:\Projects\feature-UDDI-multi-spec\Build\Packages\Ant\Ant\lib" />
    <property name="project.CONNECTGatewayWeb.build.dist.root" value="C:\Projects\feature-UDDI-multi-spec\Product\Production\Gateway\CONNECTGatewayWeb\build\debug\dist" />
    <property name="project.AdminDistribution_10.build.file" value="C:\Projects\feature-UDDI-multi-spec\Product\Production\Gateway\AdminDistribution_10\build.xml" />
    <property name="project.CONNECTGatewayDocumentSubmission10.build.file" value="C:\Projects\feature-UDDI-multi-spec\Product\Production\Gateway\CONNECTGatewayDocumentSubmission10\build.xml" />
    <property name="env.TMP" value="C:\Users\stan\AppData\Local\Temp" />
    <property name="project.NHINAdapterServiceEJB.build.dist.root" value="C:\Projects\feature-UDDI-multi-spec\Product\Production\Adapters\Framework\NHINAdapterServiceEJB\build\debug\dist" />
    <property name="reportdir" value="C:\Projects\feature-UDDI-multi-spec\Product\Production\Adapters\DocumentQuery_a0\unit-test-reports" />
    <property name="ant.file.package.targets" value="C:\Projects\feature-UDDI-multi-spec\Product\build\package\package.targets.xml" />
    <property name="project.FileTransferAdapterGUI.dist.file" value="C:\Projects\feature-UDDI-multi-spec\Product\Production\Adapters\GenericFileTransfer\FileTransferAdapterGUI\dist\debug\FileTransferAdapterGUI.war" />
    <property name="env.ComSpec" value="C:\Windows\system32\cmd.exe" />
    <property name="NHINC.Target.quick.clean.Executed" value="true" />
    <property name="deployment.executables.home" value="C:/CONNECT" />
    <property name="copy.wsdl.to.webinf" value="true" />
    <property name="env.SESSIONNAME" value="Console" />
    <property name="ant.file.build.targets" value="C:\Projects\feature-UDDI-multi-spec\Product\build\build.targets.xml" />
    <property name="project.FTATransferAdapterEJB.build.file" value="C:\Projects\feature-UDDI-multi-spec\Product\Production\Adapters\GenericFileTransfer\FTATransferAdapterEJB\build.xml" />
    <property name="env.SystemDrive" value="C:" />
    <property name="project.AdapterGeneralIntTest.build.classes.dir" value="C:\Projects\feature-UDDI-multi-spec\Product\IntegrationTest\JunitIntegrationTests\Adapters\General\AdapterGeneralIntTest\build\debug\dist" />
    <property name="project.AdminDistribution_20.build.file" value="C:\Projects\feature-UDDI-multi-spec\Product\Production\Gateway\AdminDistribution_20\build.xml" />
    <property name="project.CONNECTGatewayDocumentSubmission20.build.file" value="C:\Projects\feature-UDDI-multi-spec\Product\Production\Gateway\CONNECTGatewayDocumentSubmission20\build.xml" />
    <property name="project.dir" value="C:\Projects\feature-UDDI-multi-spec\Product\Production\Adapters\DocumentQuery_a0" />
    <property name="java.runtime.name" value="Java(TM) SE Runtime Environment" />
    <property name="env.HOMEDRIVE" value="C:" />
    <property name="project.AdapterDocRepository2Soap12Web.build.dist.root" value="C:\Projects\feature-UDDI-multi-spec\Product\Production\Adapters\General\AdapterDocRepository2Soap12Web\build\debug\dist" />
    <property name="sourcefiles" value="C:\Projects\feature-UDDI-multi-spec\Product\Production\Adapters\DocumentQuery_a0\build\debug\dist\META-INF\MANIFEST.MF;C:\Projects\feature-UDDI-multi-spec\Product\Production\Adapters\DocumentQuery_a0\build\debug\dist\WEB-INF\classes\META-INF\AdapterComponentSecuredMpi.xml;C:\Projects\feature-UDDI-multi-spec\Product\Production\Adapters\DocumentQuery_a0\build\debug\dist\WEB-INF\classes\META-INF\AdapterComponentXDRSecured.xml;C:\Projects\feature-UDDI-multi-spec\Product\Production\Adapters\DocumentQuery_a0\build\debug\dist\WEB-INF\classes\META-INF\AdapterMpiSecured.xml;C:\Projects\feature-UDDI-multi-spec\Product\Production\Adapters\DocumentQuery_a0\build\debug\dist\WEB-INF\classes\META-INF\EntityAuditLogQuerySecured.xml;C:\Projects\feature-UDDI-multi-spec\Product\Production\Adapters\DocumentQuery_a0\build\debug\dist\WEB-INF\classes\META-INF\EntityNotificationConsumerSecured.xml;C:\Projects\feature-UDDI-multi-spec\Product\Production\Adapters\DocumentQuery_a0\build\debug\dist\WEB-INF\classes\META-INF\EntitySubscriptionManagementSecured.xml;C:\Projects\feature-UDDI-multi-spec\Product\Production\Adapters\DocumentQuery_a0\build\debug\dist\WEB-INF\classes\META-INF\NhinSubscription.xml;C:\Projects\feature-UDDI-multi-spec\Product\Production\Adapters\DocumentQuery_a0\build\debug\dist\WEB-INF\classes\META-INF\NhincComponentAuditRepositorySecured.xml;C:\Projects\feature-UDDI-multi-spec\Product\Production\Adapters\DocumentQuery_a0\build\debug\dist\WEB-INF\classes\META-INF\NhincComponentPatientCorrelationSecured.xml;C:\Projects\feature-UDDI-multi-spec\Product\Production\Adapters\DocumentQuery_a0\build\debug\dist\WEB-INF\classes\META-INF\NhincProxyAuditLogQuerySecured.xml;C:\Projects\feature-UDDI-multi-spec\Product\Production\Adapters\DocumentQuery_a0\build\debug\dist\WEB-INF\classes\META-INF\NhincProxyNotificationConsumerSecured.xml;C:\Projects\feature-UDDI-multi-spec\Product\Production\Adapters\DocumentQuery_a0\build\debug\dist\WEB-INF\classes\META-INF\NhincProxySubscriptionManagementSecured.xml;C:\Projects\feature-UDDI-multi-spec\Product\Production\Adapters\DocumentQuery_a0\build\debug\dist\WEB-INF\classes\META-INF\wsit-client.xml;C:\Projects\feature-UDDI-multi-spec\Product\Production\Adapters\DocumentQuery_a0\build\debug\dist\WEB-INF\classes\compile.javac.flag;C:\Projects\feature-UDDI-multi-spec\Product\Production\Adapters\DocumentQuery_a0\build\debug\dist\WEB-INF\classes\compilesource.flag;C:\Projects\feature-UDDI-multi-spec\Product\Production\Adapters\DocumentQuery_a0\build\debug\dist\WEB-INF\classes\gov\hhs\fha\nhinc\docquery\adapter\AdapterDocQueryImpl.class;C:\Projects\feature-UDDI-multi-spec\Product\Production\Adapters\DocumentQuery_a0\build\debug\dist\WEB-INF\classes\gov\hhs\fha\nhinc\docquery\adapter\AdapterDocQueryOrchImpl.class;C:\Projects\feature-UDDI-multi-spec\Product\Production\Adapters\DocumentQuery_a0\build\debug\dist\WEB-INF\classes\gov\hhs\fha\nhinc\docquery\adapter\AdapterDocQuerySecured.class;C:\Projects\feature-UDDI-multi-spec\Product\Production\Adapters\DocumentQuery_a0\build\debug\dist\WEB-INF\classes\gov\hhs\fha\nhinc\docquery\adapter\AdapterDocQueryUnsecured.class;C:\Projects\feature-UDDI-multi-spec\Product\Production\Adapters\DocumentQuery_a0\build\debug\dist\WEB-INF\classes\gov\hhs\fha\nhinc\docquery\adapter\component\deferred\request\AdapterComponentDocQueryDeferredRequestUnsecured.class;C:\Projects\feature-UDDI-multi-spec\Product\Production\Adapters\DocumentQuery_a0\build\debug\dist\WEB-INF\classes\gov\hhs\fha\nhinc\docquery\adapter\component\deferred\request\AdapterComponentDocQueryDeferredRequestUnsecuredImpl.class;C:\Projects\feature-UDDI-multi-spec\Product\Production\Adapters\DocumentQuery_a0\build\debug\dist\WEB-INF\classes\gov\hhs\fha\nhinc\docquery\adapter\component\deferred\response\AdapterComponentDocQueryDeferredResponseUnsecured.class;C:\Projects\feature-UDDI-multi-spec\Product\Production\Adapters\DocumentQuery_a0\build\debug\dist\WEB-INF\classes\gov\hhs\fha\nhinc\docquery\adapter\component\deferred\response\AdapterComponentDocQueryDeferredResponseUnsecuredImpl.class;C:\Projects\feature-UDDI-multi-spec\Product\Production\Adapters\DocumentQuery_a0\build\debug\dist\WEB-INF\classes\gov\hhs\fha\nhinc\docquery\adapter\deferred\request\AdapterDocQueryDeferredRequestSecured.class;C:\Projects\feature-UDDI-multi-spec\Product\Production\Adapters\DocumentQuery_a0\build\debug\dist\WEB-INF\classes\gov\hhs\fha\nhinc\docquery\adapter\deferred\request\AdapterDocQueryDeferredRequestSecuredImpl.class;C:\Projects\feature-UDDI-multi-spec\Product\Production\Adapters\DocumentQuery_a0\build\debug\dist\WEB-INF\classes\gov\hhs\fha\nhinc\docquery\adapter\deferred\request\AdapterDocQueryDeferredRequestUnsecured.class;C:\Projects\feature-UDDI-multi-spec\Product\Production\Adapters\DocumentQuery_a0\build\debug\dist\WEB-INF\classes\gov\hhs\fha\nhinc\docquery\adapter\deferred\request\AdapterDocQueryDeferredRequestUnsecuredImpl.class;C:\Projects\feature-UDDI-multi-spec\Product\Production\Adapters\DocumentQuery_a0\build\debug\dist\WEB-INF\classes\gov\hhs\fha\nhinc\docquery\adapter\deferred\request\error\AdapterDocQueryDeferredRequestErrorSecured.class;C:\Projects\feature-UDDI-multi-spec\Product\Production\Adapters\DocumentQuery_a0\build\debug\dist\WEB-INF\classes\gov\hhs\fha\nhinc\docquery\adapter\deferred\request\error\AdapterDocQueryDeferredRequestErrorSecuredImpl.class;C:\Projects\feature-UDDI-multi-spec\Product\Production\Adapters\DocumentQuery_a0\build\debug\dist\WEB-INF\classes\gov\hhs\fha\nhinc\docquery\adapter\deferred\request\error\AdapterDocQueryDeferredRequestErrorUnsecured.class;C:\Projects\feature-UDDI-multi-spec\Product\Production\Adapters\DocumentQuery_a0\build\debug\dist\WEB-INF\classes\gov\hhs\fha\nhinc\docquery\adapter\deferred\request\error\AdapterDocQueryDeferredRequestErrorUnsecuredImpl.class;C:\Projects\feature-UDDI-multi-spec\Product\Production\Adapters\DocumentQuery_a0\build\debug\dist\WEB-INF\classes\gov\hhs\fha\nhinc\docquery\adapter\deferred\request\queue\AdapterDocQueryDeferredReqQueueProcess.class;C:\Projects\feature-UDDI-multi-spec\Product\Production\Adapters\DocumentQuery_a0\build\debug\dist\WEB-INF\classes\gov\hhs\fha\nhinc\docquery\adapter\deferred\request\queue\AdapterDocQueryDeferredReqQueueProcessImpl.class;C:\Projects\feature-UDDI-multi-spec\Product\Production\Adapters\DocumentQuery_a0\build\debug\dist\WEB-INF\classes\gov\hhs\fha\nhinc\docquery\adapter\deferred\response\AdapterDocQueryDeferredResponseSecured.class;C:\Projects\feature-UDDI-multi-spec\Product\Production\Adapters\DocumentQuery_a0\build\debug\dist\WEB-INF\classes\gov\hhs\fha\nhinc\docquery\adapter\deferred\response\AdapterDocQueryDeferredResponseSecuredImpl.class;C:\Projects\feature-UDDI-multi-spec\Product\Production\Adapters\DocumentQuery_a0\build\debug\dist\WEB-INF\classes\gov\hhs\fha\nhinc\docquery\adapter\deferred\response\AdapterDocQueryDeferredResponseUnsecured.class;C:\Projects\feature-UDDI-multi-spec\Product\Production\Adapters\DocumentQuery_a0\build\debug\dist\WEB-INF\classes\gov\hhs\fha\nhinc\docquery\adapter\deferred\response\AdapterDocQueryDeferredResponseUnsecuredImpl.class;C:\Projects\feature-UDDI-multi-spec\Product\Production\Adapters\DocumentQuery_a0\build\debug\dist\WEB-INF\classes\jax-ws-catalog.xml;C:\Projects\feature-UDDI-multi-spec\Product\Production\Adapters\DocumentQuery_a0\build\debug\dist\WEB-INF\jboss-web.xml;C:\Projects\feature-UDDI-multi-spec\Product\Production\Adapters\DocumentQuery_a0\build\debug\dist\WEB-INF\sun-web.xml;C:\Projects\feature-UDDI-multi-spec\Product\Production\Adapters\DocumentQuery_a0\build\debug\dist\WEB-INF\web.xml;C:\Projects\feature-UDDI-multi-spec\Product\Production\Adapters\DocumentQuery_a0\build\debug\dist\WEB-INF\wsdl\AdapterComponentDocQueryDeferredRequestUnsecured\AdapterComponentDocQueryDeferredRequest.wsdl;C:\Projects\feature-UDDI-multi-spec\Product\Production\Adapters\DocumentQuery_a0\build\debug\dist\WEB-INF\wsdl\AdapterComponentDocQueryDeferredResponseUnsecured\AdapterComponentDocQueryDeferredResponse.wsdl;C:\Projects\feature-UDDI-multi-spec\Product\Production\Adapters\DocumentQuery_a0\build\debug\dist\WEB-INF\wsdl\AdapterDocQueryDeferredReqQueueProcess\AdapterDocQueryDeferredReqQueueProcess.wsdl;C:\Projects\feature-UDDI-multi-spec\Product\Production\Adapters\DocumentQuery_a0\build\debug\dist\WEB-INF\wsdl\AdapterDocQueryDeferredRequestErrorSecured\AdapterDocQueryDeferredRequestErrorSecured.wsdl;C:\Projects\feature-UDDI-multi-spec\Product\Production\Adapters\DocumentQuery_a0\build\debug\dist\WEB-INF\wsdl\AdapterDocQueryDeferredRequestErrorUnsecured\AdapterDocQueryDeferredRequestError.wsdl;C:\Projects\feature-UDDI-multi-spec\Product\Production\Adapters\DocumentQuery_a0\build\debug\dist\WEB-INF\wsdl\AdapterDocQueryDeferredRequestSecured\AdapterDocQueryDeferredRequestSecured.wsdl;C:\Projects\feature-UDDI-multi-spec\Product\Production\Adapters\DocumentQuery_a0\build\debug\dist\WEB-INF\wsdl\AdapterDocQueryDeferredRequestUnsecured\AdapterDocQueryDeferredRequest.wsdl;C:\Projects\feature-UDDI-multi-spec\Product\Production\Adapters\DocumentQuery_a0\build\debug\dist\WEB-INF\wsdl\AdapterDocQueryDeferredResponseSecured\AdapterDocQueryDeferredResponseSecured.wsdl;C:\Projects\feature-UDDI-multi-spec\Product\Production\Adapters\DocumentQuery_a0\build\debug\dist\WEB-INF\wsdl\AdapterDocQueryDeferredResponseUnsecured\AdapterDocQueryDeferredResponse.wsdl;C:\Projects\feature-UDDI-multi-spec\Product\Production\Adapters\DocumentQuery_a0\build\debug\dist\WEB-INF\wsdl\AdapterDocQuerySecured\AdapterDocQuerySecured.wsdl;C:\Projects\feature-UDDI-multi-spec\Product\Production\Adapters\DocumentQuery_a0\build\debug\dist\WEB-INF\wsdl\AdapterDocQueryUnsecured\AdapterDocQuery.wsdl;C:\Projects\feature-UDDI-multi-spec\Product\Production\Adapters\DocumentQuery_a0\build\debug\dist\WEB-INF\wsdl\schemas\docs.oasis-open.org\wsn\b-2.xsd;C:\Projects\feature-UDDI-multi-spec\Product\Production\Adapters\DocumentQuery_a0\build\debug\dist\WEB-INF\wsdl\schemas\docs.oasis-open.org\wsn\t-1.xsd;C:\Projects\feature-UDDI-multi-spec\Product\Production\Adapters\DocumentQuery_a0\build\debug\dist\WEB-INF\wsdl\schemas\docs.oasis-open.org\wsrf\bf-2.xsd;C:\Projects\feature-UDDI-multi-spec\Product\Production\Adapters\DocumentQuery_a0\build\debug\dist\WEB-INF\wsdl\schemas\ebRS\edxl-de.xsd;C:\Projects\feature-UDDI-multi-spec\Product\Production\Adapters\DocumentQuery_a0\build\debug\dist\WEB-INF\wsdl\schemas\ebRS\lcm.xsd;C:\Projects\feature-UDDI-multi-spec\Product\Production\Adapters\DocumentQuery_a0\build\debug\dist\WEB-INF\wsdl\schemas\ebRS\query.xsd;C:\Projects\feature-UDDI-multi-spec\Product\Production\Adapters\DocumentQuery_a0\build\debug\dist\WEB-INF\wsdl\schemas\ebRS\rim.xsd;C:\Projects\feature-UDDI-multi-spec\Product\Production\Adapters\DocumentQuery_a0\build\debug\dist\WEB-INF\wsdl\schemas\ebRS\rs.xsd;C:\Projects\feature-UDDI-multi-spec\Product\Production\Adapters\DocumentQuery_a0\build\debug\dist\WEB-INF\wsdl\schemas\ihe\XDS.b_DocumentRepository.xsd;C:\Projects\feature-UDDI-multi-spec\Product\Production\Adapters\DocumentQuery_a0\build\debug\dist\WEB-INF\wsdl\schemas\ihe\auditmessage.xsd;C:\Projects\feature-UDDI-multi-spec\Product\Production\Adapters\DocumentQuery_a0\build\debug\dist\WEB-INF\wsdl\schemas\nhin\QueryDocument.xsd;C:\Projects\feature-UDDI-multi-spec\Product\Production\Adapters\DocumentQuery_a0\build\debug\dist\WEB-INF\wsdl\schemas\nhinc\common\Cdc.xsd;C:\Projects\feature-UDDI-multi-spec\Product\Production\Adapters\DocumentQuery_a0\build\debug\dist\WEB-INF\wsdl\schemas\nhinc\common\NhincCommon.xsd;C:\Projects\feature-UDDI-multi-spec\Product\Production\Adapters\DocumentQuery_a0\build\debug\dist\WEB-INF\wsdl\schemas\nhinc\common\NhincCommonAdapter.xsd;C:\Projects\feature-UDDI-multi-spec\Product\Production\Adapters\DocumentQuery_a0\build\debug\dist\WEB-INF\wsdl\schemas\nhinc\common\SubscriptionB2OverrideForCdc.xsd;C:\Projects\feature-UDDI-multi-spec\Product\Production\Adapters\DocumentQuery_a0\build\debug\dist\WEB-INF\wsdl\schemas\nhinc\common\SubscriptionB2OverrideForDocuments.xsd;C:\Projects\feature-UDDI-multi-spec\Product\Production\Adapters\DocumentQuery_a0\build\debug\dist\WEB-INF\wsdl\schemas\nhinc\gateway\AdapterDocQueryDeferredReqQueueProcess.xsd;C:\Projects\feature-UDDI-multi-spec\Product\Production\Adapters\DocumentQuery_a0\build\debug\dist\WEB-INF\wsdl\schemas\nhinc\gateway\SamlTokenData.xsd;C:\Projects\feature-UDDI-multi-spec\Product\Production\Adapters\DocumentQuery_a0\build\debug\dist\WEB-INF\wsdl\schemas\oasis\xacml\access_control-xacml-2.0-context-schema-os.xsd;C:\Projects\feature-UDDI-multi-spec\Product\Production\Adapters\DocumentQuery_a0\build\debug\dist\WEB-INF\wsdl\schemas\oasis\xacml\access_control-xacml-2.0-policy-schema-os.xsd;C:\Projects\feature-UDDI-multi-spec\Product\Production\Adapters\DocumentQuery_a0\build\debug\dist\WEB-INF\wsdl\schemas\www.w3.org\2001\xml.xsd;C:\Projects\feature-UDDI-multi-spec\Product\Production\Adapters\DocumentQuery_a0\build\debug\dist\WEB-INF\wsdl\schemas\www.w3.org\2005\08\addressing\ws-addr.xsd;C:\Projects\feature-UDDI-multi-spec\Product\Production\Adapters\DocumentQuery_a0\build\debug\dist\WEB-INF\wsdl\schemas\xmlsoap.org\addressing.xsd;C:\Projects\feature-UDDI-multi-spec\Product\Production\Adapters\DocumentQuery_a0\build\debug\dist\index.jsp;C:\Projects\feature-UDDI-multi-spec\Product\Production\Adapters\DocumentQuery_a0\build\debug\test\classes\gov\hhs\fha\nhinc\docquery\adapter\AdapterDocQueryOrchImplTest$1.class;C:\Projects\feature-UDDI-multi-spec\Product\Production\Adapters\DocumentQuery_a0\build\debug\test\classes\gov\hhs\fha\nhinc\docquery\adapter\AdapterDocQueryOrchImplTest$2.class;C:\Projects\feature-UDDI-multi-spec\Product\Production\Adapters\DocumentQuery_a0\build\debug\test\classes\gov\hhs\fha\nhinc\docquery\adapter\AdapterDocQueryOrchImplTest$3.class;C:\Projects\feature-UDDI-multi-spec\Product\Production\Adapters\DocumentQuery_a0\build\debug\test\classes\gov\hhs\fha\nhinc\docquery\adapter\AdapterDocQueryOrchImplTest.class;C:\Projects\feature-UDDI-multi-spec\Product\Production\Adapters\DocumentQuery_a0\build\debug\test\classes\gov\hhs\fha\nhinc\docquery\adapter\deferred\request\queue\AdapterDocQueryDeferredReqQueueProcessImplTest$1.class;C:\Projects\feature-UDDI-multi-spec\Product\Production\Adapters\DocumentQuery_a0\build\debug\test\classes\gov\hhs\fha\nhinc\docquery\adapter\deferred\request\queue\AdapterDocQueryDeferredReqQueueProcessImplTest$2.class;C:\Projects\feature-UDDI-multi-spec\Product\Production\Adapters\DocumentQuery_a0\build\debug\test\classes\gov\hhs\fha\nhinc\docquery\adapter\deferred\request\queue\AdapterDocQueryDeferredReqQueueProcessImplTest$3.class;C:\Projects\feature-UDDI-multi-spec\Product\Production\Adapters\DocumentQuery_a0\build\debug\test\classes\gov\hhs\fha\nhinc\docquery\adapter\deferred\request\queue\AdapterDocQueryDeferredReqQueueProcessImplTest.class;C:\Projects\feature-UDDI-multi-spec\Product\Production\Adapters\DocumentQuery_a0\build\debug\test\classes\gov\hhs\fha\nhinc\docquery\adapter\deferred\request\queue\AdapterDocQueryDeferredReqQueueProcessTest$1.class;C:\Projects\feature-UDDI-multi-spec\Product\Production\Adapters\DocumentQuery_a0\build\debug\test\classes\gov\hhs\fha\nhinc\docquery\adapter\deferred\request\queue\AdapterDocQueryDeferredReqQueueProcessTest$2.class;C:\Projects\feature-UDDI-multi-spec\Product\Production\Adapters\DocumentQuery_a0\build\debug\test\classes\gov\hhs\fha\nhinc\docquery\adapter\deferred\request\queue\AdapterDocQueryDeferredReqQueueProcessTest$3.class;C:\Projects\feature-UDDI-multi-spec\Product\Production\Adapters\DocumentQuery_a0\build\debug\test\classes\gov\hhs\fha\nhinc\docquery\adapter\deferred\request\queue\AdapterDocQueryDeferredReqQueueProcessTest.class;C:\Projects\feature-UDDI-multi-spec\Product\Production\Adapters\DocumentQuery_a0\build\debug\test\classes\gov\hhs\fha\nhinc\docquery\adapter\proxy\AdapterDocQueryWebServiceProxyTest$1.class;C:\Projects\feature-UDDI-multi-spec\Product\Production\Adapters\DocumentQuery_a0\build\debug\test\classes\gov\hhs\fha\nhinc\docquery\adapter\proxy\AdapterDocQueryWebServiceProxyTest$2.class;C:\Projects\feature-UDDI-multi-spec\Product\Production\Adapters\DocumentQuery_a0\build\debug\test\classes\gov\hhs\fha\nhinc\docquery\adapter\proxy\AdapterDocQueryWebServiceProxyTest$3.class;C:\Projects\feature-UDDI-multi-spec\Product\Production\Adapters\DocumentQuery_a0\build\debug\test\classes\gov\hhs\fha\nhinc\docquery\adapter\proxy\AdapterDocQueryWebServiceProxyTest$4.class;C:\Projects\feature-UDDI-multi-spec\Product\Production\Adapters\DocumentQuery_a0\build\debug\test\classes\gov\hhs\fha\nhinc\docquery\adapter\proxy\AdapterDocQueryWebServiceProxyTest$5.class;C:\Projects\feature-UDDI-multi-spec\Product\Production\Adapters\DocumentQuery_a0\build\debug\test\classes\gov\hhs\fha\nhinc\docquery\adapter\proxy\AdapterDocQueryWebServiceProxyTest.class" />
    <property name="ant.file.soapui.targets" value="C:\Projects\feature-UDDI-multi-spec\Product\build\soapui\soapui.targets.xml" />
    <property name="ant.file.license.macros" value="C:\Projects\feature-UDDI-multi-spec\Product\build\licensetool\license.macros.xml" />
    <property name="user.script" value="" />
    <property name="project.GatewayIntTest.dist.file" value="C:\Projects\feature-UDDI-multi-spec\Product\IntegrationTest\JunitIntegrationTests\Gateway\GatewayIntTest\dist\debug\GatewayIntTest.jar" />
    <property name="build.config" value="debug" />
    <property name="line.separator" value="
" />
    <property name="project.CONNECTUniversalClientGUI.build.dir" value="C:\Projects\feature-UDDI-multi-spec\Product\Production\Adapters\General\CONNECTUniversalClientGUI\build\debug" />
    <property name="codeline.directory.path" value="C:\Projects\feature-UDDI-multi-spec" />
    <property name="java.vendor" value="Oracle Corporation" />
    <property name="java.vm.specification.name" value="Java Virtual Machine Specification" />
    <property name="project.CONNECTCoreLib.build.dist.root" value="C:\Projects\feature-UDDI-multi-spec\Product\Production\Common\CONNECTCoreLib\build\debug\dist" />
    <property name="checkstyle.report.file.name" value="CheckstyleReport.xml" />
    <property name="deployment.restore.configuration" value="false" />
    <property name="corbertura.bin" value="C:\Projects\feature-UDDI-multi-spec/Build/Packages/Corbertura/bin" />
    <property name="project.CONNECTUniversalClientGUI.directory" value="C:\Projects\feature-UDDI-multi-spec\Product\Production\Adapters\General\CONNECTUniversalClientGUI" />
    <property name="project.AdminDistribution_a0.dist.file" value="C:\Projects\feature-UDDI-multi-spec\Product\Production\Adapters\AdminDistribution_a0\dist\debug\AdminDistribution_a0.war" />
    <property name="env.TEMP" value="C:\Users\stan\AppData\Local\Temp" />
    <property name="project.DocumentQuery_a0.dist.file" value="C:\Projects\feature-UDDI-multi-spec\Product\Production\Adapters\DocumentQuery_a0\dist\debug\DocumentQuery_a0.war" />
    <property name="env.LOGONSERVER" value="\\STAFF-PC" />
    <property name="project.AdapterDocumentRepository.build.dir" value="C:\Projects\feature-UDDI-multi-spec\Product\Production\Adapters\Framework\AdapterDocumentRepository\build\debug" />
    <property name="project.LoadTest.build.file" value="C:\Projects\feature-UDDI-multi-spec\Product\IntegrationTest\JunitIntegrationTests\Gateway\LoadTest\build.xml" />
    <property name="project.FileTrasnferTimer.build.classes.dir" value="C:\Projects\feature-UDDI-multi-spec\Product\Production\Adapters\GenericFileTransfer\FileTrasnferTimer\build\debug\dist" />
    <property name="source.wsdl.resources.dir" value="C:\Projects\feature-UDDI-multi-spec\Product\Production\Adapters\DocumentQuery_a0/src/main/resources/xml-resources/web-services" />
    <property name="checkstyle.xsl.file.path" value="C:\Projects\feature-UDDI-multi-spec/Product/build/checkstyle/checkstyle-noframes-sorted.xsl" />
    <property name="coverage.classes.report.file" value="C:\Projects\feature-UDDI-multi-spec\Product\Production\Adapters\DocumentQuery_a0/coverage-reports/classes.coverage.ser" />
    <property name="unittest.source.dir" value="C:\Projects\feature-UDDI-multi-spec\Product\Production\Adapters\DocumentQuery_a0/src/test/java" />
    <property name="ant.file" value="C:\Projects\feature-UDDI-multi-spec\Product\Production\Adapters\DocumentQuery_a0\build.xml" />
    <property name="project.AdapterDocumentAssemblyProxyEJB.build.classes.dir" value="C:\Projects\feature-UDDI-multi-spec\Product\Production\Adapters\Framework\AdapterDocumentAssemblyProxyEJB\build\debug\dist" />
    <property name="user.variant" value="" />
    <property name="project.CONNECTAdapterDocumentRetrieve10.build.file" value="C:\Projects\feature-UDDI-multi-spec\Product\Production\Adapters\CONNECTAdapterDocumentRetrieve10\build.xml" />
    <property name="Target.quick.clean.State" value="Running" />
    <property name="project.CONNECTUniversalClientGUI.build.dist.root" value="C:\Projects\feature-UDDI-multi-spec\Product\Production\Adapters\General\CONNECTUniversalClientGUI\build\debug\dist" />
    <property name="project.TemplateManager.build.classes.dir" value="C:\Projects\feature-UDDI-multi-spec\Product\Production\Adapters\Framework\TemplateManager\build\debug\dist" />
    <property name="project.CONNECTAdapterHiem_a0.build.classes.dir" value="C:\Projects\feature-UDDI-multi-spec\Product\Production\Adapters\General\CONNECTAdapterHiem_a0\build\debug\dist\WEB-INF\classes" />
    <property name="webtest.hasTests" value="false" />
    <property name="project.CONNECTCommonTypesLib.build.dist.root" value="C:\Projects\feature-UDDI-multi-spec\Product\Production\Common\CONNECTCommonTypesLib\build\debug\dist" />
    <property name="checkstyle.report.file.path" value="CheckstyleReport/CheckstyleReport.xml" />
    <property name="env.ProgramData" value="C:\ProgramData" />
    <property name="env.COMPUTERNAME" value="STAFF-PC" />
    <property name="project.FileTrasnferTimer.directory" value="C:\Projects\feature-UDDI-multi-spec\Product\Production\Adapters\GenericFileTransfer\FileTrasnferTimer" />
    <property name="project.AdminDistribution_a0.build.file" value="C:\Projects\feature-UDDI-multi-spec\Product\Production\Adapters\AdminDistribution_a0\build.xml" />
    <property name="env.NHINC_DEPLOYMENT_DIR" value="c:" />
    <property name="ant.file.junit.properties" value="C:\Projects\feature-UDDI-multi-spec\Product\build\junit\junit.properties.xml" />
    <property name="build.instrumented.classes.dir" value="C:\Projects\feature-UDDI-multi-spec\Product\Production\Adapters\DocumentQuery_a0/build/debug/instrumented/classes" />
    <property name="env.SystemRoot" value="C:\Windows" />
    <property name="ant.file.corbertura.properties" value="C:\Projects\feature-UDDI-multi-spec\Product\build\corbertura\corbertura.properties.xml" />
    <property name="java.specification.name" value="Java Platform API Specification" />
    <property name="ant.file.compile.properties" value="C:\Projects\feature-UDDI-multi-spec\Product\build\compile\compile.properties.xml" />
    <property name="project.FTATransferAdapterEJB.build.dist.root" value="C:\Projects\feature-UDDI-multi-spec\Product\Production\Adapters\GenericFileTransfer\FTATransferAdapterEJB\build\debug\dist" />
    <property name="temp.directory.path" value="C:\Users\stan\AppData\Local\Temp\" />
    <property name="Target.quick.package.create.State" value="Running" />
    <property name="env.CommonProgramFiles(x86)" value="C:\Program Files (x86)\Common Files" />
    <property name="project.CONNECTCommonTypesLib.directory" value="C:\Projects\feature-UDDI-multi-spec\Product\Production\Common\CONNECTCommonTypesLib" />
    <property name="project.CONNECTUDDIModifierGUI.build.file" value="C:\Projects\feature-UDDI-multi-spec\Product\Production\Common\CONNECTUDDIModifierGUI\build.xml" />
    <property name="project.CONNECTConsumerPreferencesProfileGUI.build.dir" value="C:\Projects\feature-UDDI-multi-spec\Product\Production\Adapters\General\CONNECTConsumerPreferencesProfileGUI\build\debug" />
    <property name="NHINC.Target.-coverage.product.prep.Executed" value="true" />
    <property name="env.LOCALAPPDATA" value="C:\Users\stan\AppData\Local" />
    <property name="project.CONNECTUniversalClientGUI.build.file" value="C:\Projects\feature-UDDI-multi-spec\Product\Production\Adapters\General\CONNECTUniversalClientGUI\build.xml" />
    <property name="project.PatientDiscovery_10.build.dist.root" value="C:\Projects\feature-UDDI-multi-spec\Product\Production\Gateway\PatientDiscovery_10\build\debug\dist" />
    <property name="project.HiemSubscriptionRepositoryIntegrationTest.build.dir" value="C:\Projects\feature-UDDI-multi-spec\Product\IntegrationTest\JunitIntegrationTests\Gateway\HiemSubscriptionRepositoryIntegrationTest\build\debug" />
    <property name="java.vendor.url" value="http://java.oracle.com/" />
    <property name="env.ALLUSERSPROFILE" value="C:\ProgramData" />
    <property name="coverage.file" value="C:\Projects\feature-UDDI-multi-spec\Product\Production\Adapters\DocumentQuery_a0\coverage-reports\classes.coverage.ser" />
    <property name="project.AdapterDocumentRepositoryEJB.build.dist.root" value="C:\Projects\feature-UDDI-multi-spec\Product\Production\Adapters\Framework\AdapterDocumentRepositoryEJB\build\debug\dist" />
    <property name="project.CONNECTConsumerPreferencesProfileGUI.directory" value="C:\Projects\feature-UDDI-multi-spec\Product\Production\Adapters\General\CONNECTConsumerPreferencesProfileGUI" />
    <property name="unittest.resources.dir" value="C:\Projects\feature-UDDI-multi-spec\Product\Production\Adapters\DocumentQuery_a0/src/test/resources" />
    <property name="project.PatientDiscovery_10.dist.file" value="C:\Projects\feature-UDDI-multi-spec\Product\Production\Gateway\PatientDiscovery_10\dist\debug\PatientDiscovery_10.war" />
    <property name="project.CONNECTAdapterDocumentRetrieve10.build.dir" value="C:\Projects\feature-UDDI-multi-spec\Product\Production\Adapters\CONNECTAdapterDocumentRetrieve10\build\debug" />
    <property name="project.HiemSubscriptionRepositoryIntegrationTest.directory" value="C:\Projects\feature-UDDI-multi-spec\Product\IntegrationTest\JunitIntegrationTests\Gateway\HiemSubscriptionRepositoryIntegrationTest" />
    <property name="ant.file.custom.build" value="C:\Projects\feature-UDDI-multi-spec\Product\build\custom.build.xml" />
    <property name="project.FileTransferAdapterEJB.build.dir" value="C:\Projects\feature-UDDI-multi-spec\Product\Production\Adapters\GenericFileTransfer\FileTransferAdapterEJB\build\debug" />
    <property name="project.FTAConfigManager.dist.file" value="C:\Projects\feature-UDDI-multi-spec\Product\Production\Adapters\GenericFileTransfer\FTAConfigManager\dist\debug\FTAConfigManager.jar" />
    <property name="env.NHINC_SOURCE_DIR" value="C:\Projects\feature-UDDI-multi-spec" />
    <property name="env.PROCESSOR_ARCHITEW6432" value="AMD64" />
    <property name="project.name" value="DocumentQuery_a0" />
    <property name="ant.build.javac.source" value="1.7" />
    <property name="project.AdapterDocRegistry2Soap12Web.dist.file" value="C:\Projects\feature-UDDI-multi-spec\Product\Production\Adapters\General\AdapterDocRegistry2Soap12Web\dist\debug\AdapterDocRegistry2Soap12Web.war" />
    <property name="project.DocumentManagerEJB.build.dist.root" value="C:\Projects\feature-UDDI-multi-spec\Product\Production\Adapters\Framework\DocumentManagerEJB\build\debug\dist" />
    <property name="ivy.project.cache.dir" value="C:\Projects\feature-UDDI-multi-spec/Product/../ivy-project-cache" />
    <property name="project.AdminDistribution_a0.build.classes.dir" value="C:\Projects\feature-UDDI-multi-spec\Product\Production\Adapters\AdminDistribution_a0\build\debug\dist\WEB-INF\classes" />
    <property name="os.version" value="6.1" />
    <property name="profiler.executables.home" value="C:\Program Files\YourKit Java Profiler 9.0.4" />
    <property name="ant.file.NHINC" value="C:\Projects\feature-UDDI-multi-spec\Product\build.xml" />
    <property name="project.LoadTest.dist.file" value="C:\Projects\feature-UDDI-multi-spec\Product\IntegrationTest\JunitIntegrationTests\Gateway\LoadTest\dist\debug\LoadTest.jar" />
    <property name="project.CONNECTAdapterDocumentRetrieve10.directory" value="C:\Projects\feature-UDDI-multi-spec\Product\Production\Adapters\CONNECTAdapterDocumentRetrieve10" />
    <property name="env.PSModulePath" value="C:\Windows\system32\WindowsPowerShell\v1.0\Modules\" />
    <property name="env.OS" value="Windows_NT" />
    <property name="deploy.os.settings.file" value="settings.win.xml" />
    <property name="Target.checkstyle.clean.State" value="Running" />
    <property name="project.FileTransferAdapterGUI.build.dir" value="C:\Projects\feature-UDDI-multi-spec\Product\Production\Adapters\GenericFileTransfer\FileTransferAdapterGUI\build\debug" />
    <property name="env.CommonProgramW6432" value="C:\Program Files\Common Files" />
    <property name="ant.file.checkstyle.properties" value="C:\Projects\feature-UDDI-multi-spec\Product\build\checkstyle\checkstyle.properties.xml" />
    <property name="ant.project.name" value="DocumentQuery_a0" />
    <property name="dist.instrumented.dir" value="C:\Projects\feature-UDDI-multi-spec\Product\Production\Adapters\DocumentQuery_a0/dist/instrumented" />
    <property name="Target.-unittest.product.prep.State" value="Running" />
    <property name="Target.coverage.clean.State" value="Running" />
    <property name="project.AdapterFrameworkIntTest.dist.file" value="C:\Projects\feature-UDDI-multi-spec\Product\IntegrationTest\JunitIntegrationTests\Adapters\Framework\AdapterFrameworkIntTest\dist\debug\AdapterFrameworkIntTest.jar" />
    <property name="env.CommonProgramFiles" value="C:\Program Files (x86)\Common Files" />
    <property name="lib.dir" value="C:\Projects\feature-UDDI-multi-spec\Product\Production\Adapters\DocumentQuery_a0\lib" />
    <property name="project.FileTransferAdapterGUI.directory" value="C:\Projects\feature-UDDI-multi-spec\Product\Production\Adapters\GenericFileTransfer\FileTransferAdapterGUI" />
    <property name="build.dist.root" value="C:\Projects\feature-UDDI-multi-spec\Product\Production\Adapters\DocumentQuery_a0/build/debug/dist" />
    <property name="project.CONNECTGatewayDocumentRetrieveWeb10.build.dist.root" value="C:\Projects\feature-UDDI-multi-spec\Product\Production\Gateway\CONNECTGatewayDocumentRetrieveWeb10\build\debug\dist" />
    <property name="webtest.report.dir" value="C:\Projects\feature-UDDI-multi-spec\Product\Production\Adapters\DocumentQuery_a0/web-test-reports" />
    <property name="build.available" value="true" />
    <property name="project.CONNECTGatewayHiem_g0.dist.file" value="C:\Projects\feature-UDDI-multi-spec\Product\Production\Gateway\CONNECTGatewayHiem_g0\dist\debug\CONNECTGatewayHiem_g0.war" />
    <property name="project.CONNECTUDDIModifierGUI.build.classes.dir" value="C:\Projects\feature-UDDI-multi-spec\Product\Production\Common\CONNECTUDDIModifierGUI\build\debug\dist\WEB-INF\classes" />
    <property name="project.NHINAdapterServiceEJB.build.file" value="C:\Projects\feature-UDDI-multi-spec\Product\Production\Adapters\Framework\NHINAdapterServiceEJB\build.xml" />
    <property name="deployment.environment.configuration.dir.name" value="Dev" />
    <property name="project.CONNECTDeferredQueueManagerGUI.dist.file" value="C:\Projects\feature-UDDI-multi-spec\Product\Production\Adapters\General\CONNECTDeferredQueueManagerGUI\dist\debug\CONNECTDeferredQueueManagerGUI.war" />
    <property name="deployment.certificate.home" value="c:/certificates" />
    <property name="project.DocumentManagerEJB.build.file" value="C:\Projects\feature-UDDI-multi-spec\Product\Production\Adapters\Framework\DocumentManagerEJB\build.xml" />
    <property name="sun.boot.class.path" value="C:\Java\jdk1.7.0_02\jre\lib\resources.jar;C:\Java\jdk1.7.0_02\jre\lib\rt.jar;C:\Java\jdk1.7.0_02\jre\lib\sunrsasign.jar;C:\Java\jdk1.7.0_02\jre\lib\jsse.jar;C:\Java\jdk1.7.0_02\jre\lib\jce.jar;C:\Java\jdk1.7.0_02\jre\lib\charsets.jar;C:\Java\jdk1.7.0_02\jre\classes" />
    <property name="project.AdapterMpiEJB.dist.file" value="C:\Projects\feature-UDDI-multi-spec\Product\Production\Adapters\Framework\AdapterMpiEJB\dist\debug\AdapterMpiEJB.jar" />
    <property name="project.NHINAdapterServiceEJB.build.classes.dir" value="C:\Projects\feature-UDDI-multi-spec\Product\Production\Adapters\Framework\NHINAdapterServiceEJB\build\debug\dist" />
    <property name="yourkitjprofiler.install.directory.path" value="C:\Program Files\YourKit Java Profiler 9.0.4" />
    <property name="unittest.hasTests" value="true" />
    <property name="sun.jnu.encoding" value="Cp1252" />
    <property name="project.CONNECTCoreLib.dist.file" value="C:\Projects\feature-UDDI-multi-spec\Product\Production\Common\CONNECTCoreLib\dist\debug\CONNECTCoreLib.jar" />
    <property name="ant.file.package.properties" value="C:\Projects\feature-UDDI-multi-spec\Product\build\package\package.properties.xml" />
    <property name="build.dist.meta-inf.dir" value="C:\Projects\feature-UDDI-multi-spec\Product\Production\Adapters\DocumentQuery_a0/build/debug/dist/META-INF" />
    <property name="ant.file.common.build" value="C:\Projects\feature-UDDI-multi-spec\Product\build\common.build.xml" />
    <property name="project.GatewayIntTest.build.dir" value="C:\Projects\feature-UDDI-multi-spec\Product\IntegrationTest\JunitIntegrationTests\Gateway\GatewayIntTest\build\debug" />
    <property name="NHINC.Target.quick.clean.State" value="Success" />
    <property name="debug" value="false" />
    <property name="project.CONNECTAdapterWeb.dist.file" value="C:\Projects\feature-UDDI-multi-spec\Product\Production\Adapters\General\CONNECTAdapterWeb\dist\debug\CONNECTAdapterWeb.war" />
    <property name="ant.file.compile.targets" value="C:\Projects\feature-UDDI-multi-spec\Product\build\compile\compile.targets.xml" />
    <property name="deployment.dir" value="c:/NHINC" />
    <property name="project.AdapterDocumentRepositoryEJB.build.classes.dir" value="C:\Projects\feature-UDDI-multi-spec\Product\Production\Adapters\Framework\AdapterDocumentRepositoryEJB\build\debug\dist" />
    <property name="soapui.home" value="${env.SOAPUI_HOME}" />
    <property name="project.NHINAdapterServiceEJB.dist.file" value="C:\Projects\feature-UDDI-multi-spec\Product\Production\Adapters\Framework\NHINAdapterServiceEJB\dist\debug\NHINAdapterServiceEJB.jar" />
    <property name="project.AdapterDocumentRepository.directory" value="C:\Projects\feature-UDDI-multi-spec\Product\Production\Adapters\Framework\AdapterDocumentRepository" />
    <property name="deployment.glassfish.server.admin.password" value="adminadmin" />
    <property name="project.GatewayIntTest.directory" value="C:\Projects\feature-UDDI-multi-spec\Product\IntegrationTest\JunitIntegrationTests\Gateway\GatewayIntTest" />
    <property name="root.project.directory.path" value="C:\Projects\feature-UDDI-multi-spec/Product" />
    <property name="project.TemplateManager.build.dist.root" value="C:\Projects\feature-UDDI-multi-spec\Product\Production\Adapters\Framework\TemplateManager\build\debug\dist" />
    <property name="unittest.report.dir" value="C:\Projects\feature-UDDI-multi-spec\Product\Production\Adapters\DocumentQuery_a0/unit-test-reports" />
    <property name="sun.java.command" value="org.apache.tools.ant.taskdefs.optional.junit.JUnitTestRunner testsfile=C:\Projects\feature-UDDI-multi-spec\Product\Production\Adapters\DocumentQuery_a0\junittestcases647852289775530380.properties filtertrace=true haltOnError=false haltOnFailure=false formatter=org.apache.tools.ant.taskdefs.optional.junit.SummaryJUnitResultFormatter showoutput=true outputtoformatters=true logtestlistenerevents=true formatter=org.apache.tools.ant.taskdefs.optional.junit.XMLJUnitResultFormatter,C:\Projects\feature-UDDI-multi-spec\Product\Production\Adapters\DocumentQuery_a0\unit-test-reports\IGNORETHIS.xml formatter=org.apache.tools.ant.taskdefs.optional.junit.PlainJUnitResultFormatter crashfile=C:\Projects\feature-UDDI-multi-spec\Product\Production\Adapters\DocumentQuery_a0\junitvmwatcher7609724806739629350.properties propsfile=C:\Projects\feature-UDDI-multi-spec\Product\Production\Adapters\DocumentQuery_a0\junit5488413954368503013.properties" />
    <property name="project.AdminDistribution_a0.build.dir" value="C:\Projects\feature-UDDI-multi-spec\Product\Production\Adapters\AdminDistribution_a0\build\debug" />
    <property name="env.ProgramFiles(x86)" value="C:\Program Files (x86)" />
    <property name="do-to-target" value="just.unittest.run" />
    <property name="project.DocumentManagerEJB.build.classes.dir" value="C:\Projects\feature-UDDI-multi-spec\Product\Production\Adapters\Framework\DocumentManagerEJB\build\debug\dist" />
    <property name="project.AdapterDocumentRepositoryEJB.build.file" value="C:\Projects\feature-UDDI-multi-spec\Product\Production\Adapters\Framework\AdapterDocumentRepositoryEJB\build.xml" />
    <property name="project.CONNECTGatewayDocumentSubmission10.build.dist.root" value="C:\Projects\feature-UDDI-multi-spec\Product\Production\Gateway\CONNECTGatewayDocumentSubmission10\build\debug\dist" />
    <property name="build.unittest.classes.dir" value="C:\Projects\feature-UDDI-multi-spec\Product\Production\Adapters\DocumentQuery_a0/build/debug/test/classes" />
    <property name="glassfish.home" value="C:\Sun\AppServer" />
    <property name="env.NHINC_THIRDPARTY_DIR" value="C:\Projects\feature-UDDI-multi-spec\ThirdParty" />
    <property name="project.AdminDistribution_a0.directory" value="C:\Projects\feature-UDDI-multi-spec\Product\Production\Adapters\AdminDistribution_a0" />
    <property name="ant.file.soapui.properties" value="C:\Projects\feature-UDDI-multi-spec\Product\build\soapui\soapui.properties.xml" />
    <property name="project.FTAConfigManager.build.dist.root" value="C:\Projects\feature-UDDI-multi-spec\Product\Production\Adapters\GenericFileTransfer\FTAConfigManager\build\debug\dist" />
    <property name="project.CONNECTCommonWeb.dist.file" value="C:\Projects\feature-UDDI-multi-spec\Product\Production\Common\CONNECTCommonWeb\dist\debug\CONNECTCommonWeb.war" />
    <property name="project.GatewayIntTest.build.file" value="C:\Projects\feature-UDDI-multi-spec\Product\IntegrationTest\JunitIntegrationTests\Gateway\GatewayIntTest\build.xml" />
    <property name="env.APPDATA" value="C:\Users\stan\AppData\Roaming" />
    <property name="project.CONNECTAdapterDocumentRetrieve10.build.classes.dir" value="C:\Projects\feature-UDDI-multi-spec\Product\Production\Adapters\CONNECTAdapterDocumentRetrieve10\build\debug\dist\WEB-INF\classes" />
    <property name="deployment.glassfish.domain.config.home" value="C:\Sun\AppServer/domains/domain1/config" />
    <property name="coverage.failure.file" value="C:\Projects\feature-UDDI-multi-spec\Product\Production\Adapters\DocumentQuery_a0/coverage-reports/coverage.failure.xml" />
    <property name="project.DocumentQuery_a0.build.dist.root" value="C:\Projects\feature-UDDI-multi-spec\Product\Production\Adapters\DocumentQuery_a0\build\debug\dist" />
    <property name="file.encoding.pkg" value="sun.io" />
    <property name="soapui.report.dir" value="C:\Projects\feature-UDDI-multi-spec\Product\Production\Adapters\DocumentQuery_a0/soapui-test-reports" />
    <property name="java.awt.printerjob" value="sun.awt.windows.WPrinterJob" />
    <property name="dist.file" value="C:\Projects\feature-UDDI-multi-spec\Product\Production\Adapters\DocumentQuery_a0/dist/debug/DocumentQuery_a0.war" />
    <property name="project.FTAConfigManager.build.file" value="C:\Projects\feature-UDDI-multi-spec\Product\Production\Adapters\GenericFileTransfer\FTAConfigManager\build.xml" />
    <property name="project.GatewayIntTest.build.classes.dir" value="C:\Projects\feature-UDDI-multi-spec\Product\IntegrationTest\JunitIntegrationTests\Gateway\GatewayIntTest\build\debug\dist" />
    <property name="ant.file.checkstyle.targets" value="C:\Projects\feature-UDDI-multi-spec\Product\build\checkstyle\checkstyle.targets.xml" />
    <property name="Target.junit.clean.State" value="Running" />
    <property name="com.sun.aas.instanceName" value="server" />
    <property name="os.arch" value="x86" />
    <property name="project.CONNECTGatewayWeb.build.dir" value="C:\Projects\feature-UDDI-multi-spec\Product\Production\Gateway\CONNECTGatewayWeb\build\debug" />
    <property name="ant.build.javac.target" value="1.7" />
    <property name="java.vm.name" value="Java HotSpot(TM) Client VM" />
    <property name="target" value="just.unittest.run" />
    <property name="env.NHINC_PROPERTIES_DIR" value="c:\Sun\AppServer\domains\domain1\config\nhin" />
    <property name="build.ear.lib.dir" value="C:\Projects\feature-UDDI-multi-spec\Product\Production\Adapters\DocumentQuery_a0/build/debug/dist/lib" />
    <property name="project.DocumentAssemblyManagerEJB.build.dist.root" value="C:\Projects\feature-UDDI-multi-spec\Product\Production\Adapters\Framework\DocumentAssemblyManagerEJB\build\debug\dist" />
    <property name="project.CONNECTGatewayWeb.directory" value="C:\Projects\feature-UDDI-multi-spec\Product\Production\Gateway\CONNECTGatewayWeb" />
    <property name="project.FileTransferAdapterEJB.directory" value="C:\Projects\feature-UDDI-multi-spec\Product\Production\Adapters\GenericFileTransfer\FileTransferAdapterEJB" />
    <property name="project.CONNECTAdapterDocumentSubmission10.build.file" value="C:\Projects\feature-UDDI-multi-spec\Product\Production\Adapters\General\CONNECTAdapterDocumentSubmission10\build.xml" />
    <property name="project.LoadTest.build.classes.dir" value="C:\Projects\feature-UDDI-multi-spec\Product\IntegrationTest\JunitIntegrationTests\Gateway\LoadTest\build\debug\dist" />
    <property name="java.library.path" value="C:\Java\jdk1.7.0_02\jre\bin;C:\Windows\Sun\Java\bin;C:\Windows\system32;C:\Windows;C:\Program Files\Common Files\Microsoft Shared\Windows Live;C:\Windows\system32;C:\Windows;C:\Windows\System32\Wbem;C:\Windows\System32\WindowsPowerShell\v1.0\;C:\Projects\feature-UDDI-multi-spec\Build\Packages\Ant\Ant\bin;C:\Program Files\MySQL\MySQL Server 5.5\bin;c:\Java\jdk1.7.0_02;C:\Program Files\TortoiseSVN\bin;." />
    <property name="project.AdapterDocumentAssemblyProxyEJB.build.dist.root" value="C:\Projects\feature-UDDI-multi-spec\Product\Production\Adapters\Framework\AdapterDocumentAssemblyProxyEJB\build\debug\dist" />
    <property name="java.vm.specification.vendor" value="Oracle Corporation" />
    <property name="project.PatientDiscovery_10.build.dir" value="C:\Projects\feature-UDDI-multi-spec\Product\Production\Gateway\PatientDiscovery_10\build\debug" />
    <property name="project.FTAConfigManager.build.dir" value="C:\Projects\feature-UDDI-multi-spec\Product\Production\Adapters\GenericFileTransfer\FTAConfigManager\build\debug" />
    <property name="project.AdapterDocRepository2Soap12Web.build.classes.dir" value="C:\Projects\feature-UDDI-multi-spec\Product\Production\Adapters\General\AdapterDocRepository2Soap12Web\build\debug\dist\WEB-INF\classes" />
    <property name="deployment.binaries.dir" value="c:/NHINC/nhinc" />
    <property name="source.webcontent.dir" value="C:\Projects\feature-UDDI-multi-spec\Product\Production\Adapters\DocumentQuery_a0/src/main/webapp" />
    <property name="project.CONNECTGatewayDocumentRetrieveWeb10.dist.file" value="C:\Projects\feature-UDDI-multi-spec\Product\Production\Gateway\CONNECTGatewayDocumentRetrieveWeb10\dist\debug\CONNECTGatewayDocumentRetrieveWeb10.war" />
    <property name="basedir" value="C:\Projects\feature-UDDI-multi-spec\Product\Production\Adapters\DocumentQuery_a0" />
    <property name="project.AdapterDocRegistry2Soap12Web.build.dir" value="C:\Projects\feature-UDDI-multi-spec\Product\Production\Adapters\General\AdapterDocRegistry2Soap12Web\build\debug" />
    <property name="net.sourceforge.cobertura.datafile" value="C:\Projects\feature-UDDI-multi-spec\Product\Production\Adapters\DocumentQuery_a0\coverage-reports\classes.coverage.ser" />
    <property name="DocumentQuery_a0.Target.coverage.prepfortests.Executed" value="true" />
    <property name="project.LoadTest.build.dir" value="C:\Projects\feature-UDDI-multi-spec\Product\IntegrationTest\JunitIntegrationTests\Gateway\LoadTest\build\debug" />
    <property name="project.PatientDiscovery_10.directory" value="C:\Projects\feature-UDDI-multi-spec\Product\Production\Gateway\PatientDiscovery_10" />
    <property name="project.DocumentQuery_20.build.dist.root" value="C:\Projects\feature-UDDI-multi-spec\Product\Production\Gateway\DocumentQuery_20\build\debug\dist" />
    <property name="java.vm.info" value="mixed mode, sharing" />
    <property name="env.HOMEPATH" value="\Users\stan" />
    <property name="project.HiemSubscriptionRepositoryIntegrationTest.build.file" value="C:\Projects\feature-UDDI-multi-spec\Product\IntegrationTest\JunitIntegrationTests\Gateway\HiemSubscriptionRepositoryIntegrationTest\build.xml" />
    <property name="project.AdapterDocumentRepository.build.file" value="C:\Projects\feature-UDDI-multi-spec\Product\Production\Adapters\Framework\AdapterDocumentRepository\build.xml" />
    <property name="project.FTAConfigManager.directory" value="C:\Projects\feature-UDDI-multi-spec\Product\Production\Adapters\GenericFileTransfer\FTAConfigManager" />
    <property name="java.vendor.url.bug" value="http://bugreport.sun.com/bugreport/" />
    <property name="deployment.glassfish.instance.port" value="8080" />
    <property name="project.AdapterDocRegistry2Soap12Web.directory" value="C:\Projects\feature-UDDI-multi-spec\Product\Production\Adapters\General\AdapterDocRegistry2Soap12Web" />
    <property name="deploy.application.list.file.path" value="C:\Projects\feature-UDDI-multi-spec/Product/Install/deploy.application.list.xml" />
    <property name="project.DocumentQuery_a0.build.classes.dir" value="C:\Projects\feature-UDDI-multi-spec\Product\Production\Adapters\DocumentQuery_a0\build\debug\dist\WEB-INF\classes" />
    <property name="deploy.exclude.ejb.MuralMpiEJB" value="true" />
    <property name="project.LoadTest.directory" value="C:\Projects\feature-UDDI-multi-spec\Product\IntegrationTest\JunitIntegrationTests\Gateway\LoadTest" />
    <property name="project.CONNECTGatewayDocumentRetrieveWeb20.dist.file" value="C:\Projects\feature-UDDI-multi-spec\Product\Production\Gateway\CONNECTGatewayDocumentRetrieveWeb20\dist\debug\CONNECTGatewayDocumentRetrieveWeb20.war" />
    <property name="project.CONNECTUDDIModifierGUI.build.dist.root" value="C:\Projects\feature-UDDI-multi-spec\Product\Production\Common\CONNECTUDDIModifierGUI\build\debug\dist" />
    <property name="cp" value="C:\Projects\feature-UDDI-multi-spec\Product\Production\Adapters\DocumentQuery_a0\build\debug\instrumented\classes;C:\Projects\feature-UDDI-multi-spec\Build\Packages\Ant\Ant\lib\junit-3.8.2.jar;C:\Projects\feature-UDDI-multi-spec\Build\Packages\Ant\Ant\lib\ant-launcher.jar;C:\Projects\feature-UDDI-multi-spec\Build\Packages\Ant\Ant\lib\ant.jar;C:\Projects\feature-UDDI-multi-spec\Build\Packages\Ant\Ant\lib\ant-junit.jar;C:\Projects\feature-UDDI-multi-spec\Product\Production\Adapters\DocumentQuery_a0\lib\compile\commons-logging.jar;C:\Projects\feature-UDDI-multi-spec\Product\Production\Adapters\DocumentQuery_a0\lib\compile\log4j.jar;C:\Projects\feature-UDDI-multi-spec\Product\Production\Adapters\DocumentQuery_a0\lib\compile\spring.jar;C:\Projects\feature-UDDI-multi-spec\Product\Production\Adapters\DocumentQuery_a0\lib\runtime\commons-logging.jar;C:\Projects\feature-UDDI-multi-spec\Product\Production\Adapters\DocumentQuery_a0\lib\runtime\javaee-api.jar;C:\Projects\feature-UDDI-multi-spec\Product\Production\Adapters\DocumentQuery_a0\lib\runtime\log4j.jar;C:\Projects\feature-UDDI-multi-spec\Product\Production\Adapters\DocumentQuery_a0\lib\runtime\openssoclientsdk.jar;C:\Projects\feature-UDDI-multi-spec\Product\Production\Adapters\DocumentQuery_a0\lib\runtime\resolver.jar;C:\Projects\feature-UDDI-multi-spec\Product\Production\Adapters\DocumentQuery_a0\lib\runtime\serializer.jar;C:\Projects\feature-UDDI-multi-spec\Product\Production\Adapters\DocumentQuery_a0\lib\runtime\spring.jar;C:\Projects\feature-UDDI-multi-spec\Product\Production\Adapters\DocumentQuery_a0\lib\runtime\webservices-rt.jar;C:\Projects\feature-UDDI-multi-spec\Product\Production\Adapters\DocumentQuery_a0\lib\runtime\xerces-impl.jar;C:\Projects\feature-UDDI-multi-spec\Product\Production\Adapters\DocumentQuery_a0\lib\runtime\xpp3_min.jar;C:\Projects\feature-UDDI-multi-spec\Product\Production\Adapters\DocumentQuery_a0\lib\runtime\xstream.jar;C:\Projects\feature-UDDI-multi-spec\Product\Production\Common\CONNECTCommonTypesLib\build\debug\dist;C:\Projects\feature-UDDI-multi-spec\Product\Production\Common\CONNECTCoreLib\build\debug\dist;C:\Projects\feature-UDDI-multi-spec\Product\Production\Adapters\DocumentQuery_a0\build\debug\test\classes;C:\Projects\feature-UDDI-multi-spec\Product\Production\Adapters\DocumentQuery_a0\build\debug\dist\WEB-INF\classes;C:\Projects\feature-UDDI-multi-spec\Product\Production\Adapters\DocumentQuery_a0\lib\test\cglib-nodep.jar;C:\Projects\feature-UDDI-multi-spec\Product\Production\Adapters\DocumentQuery_a0\lib\test\hamcrest-core.jar;C:\Projects\feature-UDDI-multi-spec\Product\Production\Adapters\DocumentQuery_a0\lib\test\hamcrest-library.jar;C:\Projects\feature-UDDI-multi-spec\Product\Production\Adapters\DocumentQuery_a0\lib\test\jmock-junit4.jar;C:\Projects\feature-UDDI-multi-spec\Product\Production\Adapters\DocumentQuery_a0\lib\test\jmock-legacy.jar;C:\Projects\feature-UDDI-multi-spec\Product\Production\Adapters\DocumentQuery_a0\lib\test\jmock.jar;C:\Projects\feature-UDDI-multi-spec\Product\Production\Adapters\DocumentQuery_a0\lib\test\junit-dep.jar;C:\Projects\feature-UDDI-multi-spec\Product\Production\Adapters\DocumentQuery_a0\lib\test\junit.jar;C:\Projects\feature-UDDI-multi-spec\Product\Production\Adapters\DocumentQuery_a0\lib\test\objenesis.jar;C:\Projects\feature-UDDI-multi-spec\Build\Packages\Corbertura\bin\cobertura.jar" />
    <property name="project.CONNECTGatewayWeb.build.classes.dir" value="C:\Projects\feature-UDDI-multi-spec\Product\Production\Gateway\CONNECTGatewayWeb\build\debug\dist\WEB-INF\classes" />
    <property name="project.AdminDistribution_10.build.dist.root" value="C:\Projects\feature-UDDI-multi-spec\Product\Production\Gateway\AdminDistribution_10\build\debug\dist" />
    <property name="java.ext.dirs" value="C:\Java\jdk1.7.0_02\jre\lib\ext;C:\Windows\Sun\Java\lib\ext" />
    <property name="ant.file.nhinc.deployment.exclusion.settings.dev" value="C:\Projects\feature-UDDI-multi-spec\Product\Install\exclusions.Dev.xml" />
    <property name="ant.file.Properties" value="C:\Projects\feature-UDDI-multi-spec\Product\build\properties.build.xml" />
    <property name="ivy.settings.dir" value="C:\Projects\feature-UDDI-multi-spec/Product" />
    <property name="env.Path" value="C:\Program Files\Common Files\Microsoft Shared\Windows Live;C:\Windows\system32;C:\Windows;C:\Windows\System32\Wbem;C:\Windows\System32\WindowsPowerShell\v1.0\;C:\Projects\feature-UDDI-multi-spec\Build\Packages\Ant\Ant\bin;C:\Program Files\MySQL\MySQL Server 5.5\bin;c:\Java\jdk1.7.0_02;C:\Program Files\TortoiseSVN\bin" />
    <property name="path.separator" value=";" />
    <property name="project.CONNECTAdapterPDPOpenSSO.dist.file" value="C:\Projects\feature-UDDI-multi-spec\Product\Production\Adapters\General\CONNECTAdapterPDPOpenSSO\dist\debug\CONNECTAdapterPDPOpenSSO.jar" />
    <property name="calling.anttarget.from.netbeans" value="false" />
    <property name="deployment.glassfish.domain.home" value="C:\Sun\AppServer/domains/domain1" />
    <property name="project.CONNECTGatewayHiem_g0.build.dir" value="C:\Projects\feature-UDDI-multi-spec\Product\Production\Gateway\CONNECTGatewayHiem_g0\build\debug" />
    <property name="file.separator" value="\" />
    <property name="unittests.force" value="true" />
    <property name="awt.toolkit" value="sun.awt.windows.WToolkit" />
    <property name="deployment.config.home" value="c:\Sun\AppServer\domains\domain1\config\nhin" />
    <property name="project.CONNECTAdapterDocumentSubmission10.build.classes.dir" value="C:\Projects\feature-UDDI-multi-spec\Product\Production\Adapters\General\CONNECTAdapterDocumentSubmission10\build\debug\dist\WEB-INF\classes" />
    <property name="env.USERPROFILE" value="C:\Users\stan" />
    <property name="project.DocumentQuery_a0.build.dir" value="C:\Projects\feature-UDDI-multi-spec\Product\Production\Adapters\DocumentQuery_a0\build\debug" />
    <property name="project.AdapterMpiEJB.build.dist.root" value="C:\Projects\feature-UDDI-multi-spec\Product\Production\Adapters\Framework\AdapterMpiEJB\build\debug\dist" />
    <property name="project.AdapterDocumentRepositoryEJB.dist.file" value="C:\Projects\feature-UDDI-multi-spec\Product\Production\Adapters\Framework\AdapterDocumentRepositoryEJB\dist\debug\AdapterDocumentRepositoryEJB.jar" />
    <property name="coverage.report.dir" value="C:\Projects\feature-UDDI-multi-spec\Product\Production\Adapters\DocumentQuery_a0/coverage-reports" />
    <property name="env.PROMPT" value="$P$G" />
    <property name="os.family" value="windows" />
    <property name="project.CONNECTAdapterWeb.build.dir" value="C:\Projects\feature-UDDI-multi-spec\Product\Production\Adapters\General\CONNECTAdapterWeb\build\debug" />
    <property name="project.CONNECTInterfaceTestWeb.dist.file" value="C:\Projects\feature-UDDI-multi-spec\Product\Production\Gateway\CONNECTInterfaceTestWeb\dist\debug\CONNECTInterfaceTestWeb.war" />
    <property name="project.DocumentQuery_a0.directory" value="C:\Projects\feature-UDDI-multi-spec\Product\Production\Adapters\DocumentQuery_a0" />
    <property name="build.war.lib.dir" value="C:\Projects\feature-UDDI-multi-spec\Product\Production\Adapters\DocumentQuery_a0/build/debug/dist/WEB-INF/lib" />
    <property name="project.AdapterCommonDataLayerEJB.dist.file" value="C:\Projects\feature-UDDI-multi-spec\Product\Production\Adapters\Framework\AdapterCommonDataLayerEJB\dist\debug\AdapterCommonDataLayerEJB.jar" />
    <property name="ant.file.nhinc.deployment.settings" value="C:\Projects\feature-UDDI-multi-spec\Product\Install\settings.xml" />
    <property name="project.CONNECTAdapterWeb.build.dist.root" value="C:\Projects\feature-UDDI-multi-spec\Product\Production\Adapters\General\CONNECTAdapterWeb\build\debug\dist" />
    <property name="project.DocumentAssemblyManagerEJB.build.file" value="C:\Projects\feature-UDDI-multi-spec\Product\Production\Adapters\Framework\DocumentAssemblyManagerEJB\build.xml" />
    <property name="project.AdapterDocumentAssemblyProxyEJB.dist.file" value="C:\Projects\feature-UDDI-multi-spec\Product\Production\Adapters\Framework\AdapterDocumentAssemblyProxyEJB\dist\debug\AdapterDocumentAssemblyProxyEJB.jar" />
    <property name="project.CONNECTDeferredQueueManagerGUI.build.file" value="C:\Projects\feature-UDDI-multi-spec\Product\Production\Adapters\General\CONNECTDeferredQueueManagerGUI\build.xml" />
    <property name="NHINC.Target.quick.package.create.Executed" value="true" />
    <property name="sun.java.launcher" value="SUN_STANDARD" />
    <property name="project.CONNECTAdapterDocumentSubmission10.build.dist.root" value="C:\Projects\feature-UDDI-multi-spec\Product\Production\Adapters\General\CONNECTAdapterDocumentSubmission10\build\debug\dist" />
    <property name="project.CONNECTAdapterHiem_a0.build.file" value="C:\Projects\feature-UDDI-multi-spec\Product\Production\Adapters\General\CONNECTAdapterHiem_a0\build.xml" />
  </properties>
  <testcase classname="gov.hhs.fha.nhinc.docquery.adapter.deferred.request.queue.AdapterDocQueryDeferredReqQueueProcessTest" name="testProcessDocQueryDeferredReqQueue" time="0.0" />
  <testcase classname="gov.hhs.fha.nhinc.docquery.adapter.deferred.request.queue.AdapterDocQueryDeferredReqQueueProcessTest" name="testGetAdapterDocQueryDeferredReqQueueProcessImpl" time="0.0" />
  <system-out><![CDATA[]]></system-out>
  <system-err><![CDATA[]]></system-err>
</testsuite>
