<?xml version="1.0" encoding="UTF-8" ?>
<testsuite errors="4" failures="0" hostname="JRay6400x64v" name="gov.hhs.fha.nhinc.common.connectionmanager.dao.AssigningAuthorityHomeCommunityDAOTest" tests="4" time="0.094" timestamp="2009-10-21T18:38:32">
  <properties>
    <property name="default.javac.source" value="1.6" />
    <property name="file.encoding.pkg" value="sun.io" />
    <property name="libs.toplink.maven-pom" value="" />
    <property name="javac.source" value="1.5" />
    <property name="libs.EclipseLink-GlassFish-v3-Prelude.javadoc" value="C:\Program Files\NetBeans 6.7.1\enterprise5\docs\javaee5-doc-api.zip" />
    <property name="netbeans.system_http_proxy" value="DIRECT" />
    <property name="java.home" value="C:\Java\jdk1.6.0_16\jre" />
    <property name="libs.metro.src" value="" />
    <property name="test.src.dir" value="test" />
    <property name="libs.jaxws21.src" value="" />
    <property name="javadoc.version" value="false" />
    <property name="libs.CopyLibs.classpath" value="C:\Program Files\NetBeans 6.7.1\java2\ant\extra\org-netbeans-modules-java-j2seproject-copylibstask.jar" />
    <property name="libs.javac-api.src" value="" />
    <property name="libs.restlib.src" value="" />
    <property name="java.endorsed.dirs" value="C:\Java\jdk1.6.0_16\jre\lib\endorsed" />
    <property name="libs.MySQLDriver.classpath" value="C:\Program Files\NetBeans 6.7.1\ide11\modules\ext\mysql-connector-java-5.1.6-bin.jar" />
    <property name="libs.jaxb.javadoc" value="" />
    <property name="libs.junit.maven-pom" value="" />
    <property name="libs.jsf12.src" value="" />
    <property name="libs.PostgreSQLDriver.src" value="" />
    <property name="src.dir" value="src" />
    <property name="sun.java2d.noddraw" value="true" />
    <property name="nbplatform.default.harness.dir" value="C:\Program Files\NetBeans 6.7.1/harness" />
    <property name="debug-args-line" value="-Xdebug" />
    <property name="build.sysclasspath" value="ignore" />
    <property name="have.sources" value="true" />
    <property name="includes" value="**" />
    <property name="source.encoding" value="UTF-8" />
    <property name="libs.jaxws21.classpath" value="C:\Program Files\NetBeans 6.7.1\ide11\modules\ext\jaxb\activation.jar;C:\Program Files\NetBeans 6.7.1\ide11\modules\ext\jaxb\api\jaxb-api.jar;C:\Program Files\NetBeans 6.7.1\ide11\modules\ext\jaxb\jaxb-impl.jar;C:\Program Files\NetBeans 6.7.1\ide11\modules\ext\jaxb\jaxb-xjc.jar;C:\Program Files\NetBeans 6.7.1\ide11\modules\ext\jaxb\api\jsr173_api.jar;C:\Program Files\NetBeans 6.7.1\java2\modules\ext\jaxws21\FastInfoset.jar;C:\Program Files\NetBeans 6.7.1\java2\modules\ext\jaxws21\http.jar;C:\Program Files\NetBeans 6.7.1\java2\modules\ext\jaxws21\api\jaxws-api.jar;C:\Program Files\NetBeans 6.7.1\java2\modules\ext\jaxws21\jaxws-rt.jar;C:\Program Files\NetBeans 6.7.1\java2\modules\ext\jaxws21\jaxws-tools.jar;C:\Program Files\NetBeans 6.7.1\java2\modules\ext\jaxws21\api\jsr181-api.jar;C:\Program Files\NetBeans 6.7.1\java2\modules\ext\jaxws21\api\jsr250-api.jar;C:\Program Files\NetBeans 6.7.1\java2\modules\ext\jaxws21\mimepull.jar;C:\Program Files\NetBeans 6.7.1\java2\modules\ext\jaxws21\api\saaj-api.jar;C:\Program Files\NetBeans 6.7.1\java2\modules\ext\jaxws21\saaj-impl.jar;C:\Program Files\NetBeans 6.7.1\java2\modules\ext\jaxws21\sjsxp.jar;C:\Program Files\NetBeans 6.7.1\java2\modules\ext\jaxws21\stax-ex.jar;C:\Program Files\NetBeans 6.7.1\java2\modules\ext\jaxws21\streambuffer.jar" />
    <property name="libs.swing-app-framework.javadoc" value="C:\Program Files\NetBeans 6.7.1\java2\docs\appframework-1.0.3-doc.zip" />
    <property name="sun.os.patch.level" value="Service Pack 1" />
    <property name="java.vendor.url" value="http://java.sun.com/" />
    <property name="libs.restapi.src" value="" />
    <property name="libs.Comet-GlassFish-v3-Prelude.javadoc" value="" />
    <property name="java.version" value="1.6.0_16" />
    <property name="nb.show.statistics.ui" value="usageStatisticsEnabled" />
    <property name="javac.debug" value="true" />
    <property name="org.openide.major.version" value="IDE/1" />
    <property name="run.classpath" value="../../../Production/Common/AssigningAuthoritiesToHomeCommunityMappingDAO/dist/AssigningAuthoritiesToHomeCommunityMappingDAO.jar:build/classes" />
    <property name="libs.PostgreSQLDriver.maven-pom" value="" />
    <property name="java.vendor.url.bug" value="http://java.sun.com/cgi-bin/bugreport.cgi" />
    <property name="libs.absolutelayout.javadoc" value="" />
    <property name="libs.junit_4.maven-pom" value="" />
    <property name="netbeans.buildnumber" value="200907230233" />
    <property name="libs.IdentityAntTasks.classpath" value="C:\Program Files\NetBeans 6.7.1\identity2\ant\nblib\org-netbeans-modules-identity-ant.jar;C:\Program Files\NetBeans 6.7.1\identity2\modules\org-netbeans-modules-identity-profile-api.jar" />
    <property name="libs.swing-app-framework.maven-pom" value="" />
    <property name="user.name" value="rayj" />
    <property name="empty.dir" value="C:\Projects\nhinc\Current\Product\IntegrationTest\JunitIntegrationTests\AssigningAuthoritiesToHomeCommunityMappingDAOIntegrationTest\build\empty" />
    <property name="sun.io.unicode.encoding" value="UnicodeLittle" />
    <property name="libs.jstl11.maven-pom" value="" />
    <property name="sun.jnu.encoding" value="Cp1252" />
    <property name="java.runtime.name" value="Java(TM) SE Runtime Environment" />
    <property name="application.vendor" value="rayj" />
    <property name="jdk.home" value="C:\Java\jdk1.6.0_16" />
    <property name="jspc.classpath" value="C:\Program Files\NetBeans 6.7.1\java2\ant\lib\ant.jar:C:\Program Files\NetBeans 6.7.1\enterprise5\modules\ext\servlet2.5-jsp2.1-api.jar:${j2ee.platform.classpath}:C:\Program Files\NetBeans 6.7.1\enterprise5\modules\ext\glassfish-jspparser-2.0.jar:C:\Program Files\NetBeans 6.7.1\enterprise5\modules\ext\glassfish-logging-2.0.jar:C:\Program Files\NetBeans 6.7.1\ide11\modules\ext\commons-logging-1.1.jar:C:\Program Files\NetBeans 6.7.1\java2\ant\lib\ant-launcher.jar" />
    <property name="sun.awt.keepWorkingSetOnMinimize" value="true" />
    <property name="org.openide.TopManager" value="org.netbeans.core.NonGui" />
    <property name="netbeans.dirs" value="C:\Program Files\NetBeans 6.7.1\nb6.7;C:\Program Files\NetBeans 6.7.1\ide11;C:\Program Files\NetBeans 6.7.1\java2;C:\Program Files\NetBeans 6.7.1\ergonomics1;C:\Program Files\NetBeans 6.7.1\xml2;C:\Program Files\NetBeans 6.7.1\apisupport1;C:\Program Files\NetBeans 6.7.1\webcommon1;C:\Program Files\NetBeans 6.7.1\websvccommon1;C:\Program Files\NetBeans 6.7.1\enterprise5;C:\Program Files\NetBeans 6.7.1\mobility8;C:\Program Files\NetBeans 6.7.1\profiler3;C:\Program Files\NetBeans 6.7.1\ruby2;C:\Program Files\NetBeans 6.7.1\python1;C:\Program Files\NetBeans 6.7.1\php1;C:\Program Files\NetBeans 6.7.1\visualweb2;C:\Program Files\NetBeans 6.7.1\soa2;C:\Program Files\NetBeans 6.7.1\identity2;C:\Program Files\NetBeans 6.7.1\uml6;C:\Program Files\NetBeans 6.7.1\harness;C:\Program Files\NetBeans 6.7.1\cnd2;C:\Program Files\NetBeans 6.7.1\dlight1;C:\Program Files\NetBeans 6.7.1\groovy1;C:\Program Files\NetBeans 6.7.1\extra;C:\Program Files\NetBeans 6.7.1\javafx2" />
    <property name="java.specification.name" value="Java Platform API Specification" />
    <property name="javadoc.author" value="false" />
    <property name="libs.hibernate-support.javadoc" value="" />
    <property name="user.timezone" value="" />
    <property name="libs.Comet-GlassFish-v3-Prelude.maven-pom" value="" />
    <property name="libs.spring-framework.maven-pom" value="" />
    <property name="libs.swing-layout.maven-pom" value="" />
    <property name="libs.junit.javadoc" value="C:\Program Files\NetBeans 6.7.1\java2\docs\junit-3.8.2-api.zip" />
    <property name="org.openide.specification.version" value="6.2" />
    <property name="path.separator" value=";" />
    <property name="version-output" value="java version &quot;1.6" />
    <property name="libs.ejb3-persistence.src" value="" />
    <property name="libs.absolutelayout.classpath" value="C:\Program Files\NetBeans 6.7.1\java2\modules\ext\AbsoluteLayout.jar" />
    <property name="libs.jaxb.maven-pom" value="" />
    <property name="netbeans.accept_license_class" value="org.netbeans.license.AcceptLicense" />
    <property name="file.encoding" value="Cp1252" />
    <property name="dist.javadoc.dir" value="dist/javadoc" />
    <property name="libs.hibernate-persistence.javadoc" value="" />
    <property name="libs.ejb3-persistence.classpath" value="C:\Program Files\NetBeans 6.7.1\java2\modules\ext\hibernate\ejb3-persistence.jar" />
    <property name="https.nonProxyHosts" value="localhost|127.0.0.1|JRay6400x64v" />
    <property name="libs.junit.src" value="" />
    <property name="libs.metro.maven-pom" value="" />
    <property name="ant.file" value="C:\Projects\nhinc\Current\Product\IntegrationTest\JunitIntegrationTests\AssigningAuthoritiesToHomeCommunityMappingDAOIntegrationTest\build.xml" />
    <property name="libs.junit_4.src" value="C:\Program Files\NetBeans 6.7.1\java2\docs\junit-4.5-src.jar" />
    <property name="libs.EclipseLink-GlassFish-v3-Prelude.classpath" value="C:\Program Files\sges-v3-prelude\glassfish\modules\org.eclipse.persistence.antlr.jar;C:\Program Files\sges-v3-prelude\glassfish\modules\org.eclipse.persistence.asm.jar;C:\Program Files\sges-v3-prelude\glassfish\modules\org.eclipse.persistence.core.jar;C:\Program Files\sges-v3-prelude\glassfish\modules\org.eclipse.persistence.jpa.jar;C:\Program Files\sges-v3-prelude\glassfish\modules\org.eclipse.persistence.oracle.jar;C:\Program Files\sges-v3-prelude\glassfish\modules\javax.persistence.jar" />
    <property name="do.jar" value="true" />
    <property name="java.io.tmpdir" value="C:\Users\rayj\AppData\Local\Temp\" />
    <property name="build.test.results.dir" value="build/test/results" />
    <property name="user.language" value="en" />
    <property name="line.separator" value="
" />
    <property name="apple.laf.useScreenMenuBar" value="true" />
    <property name="libs.absolutelayout.src" value="" />
    <property name="javac.compilerargs" value="" />
    <property name="libs.hibernate-support.maven-pom" value="" />
    <property name="libs.restapi.classpath" value="C:\Program Files\NetBeans 6.7.1\enterprise5\modules\ext\rest\jsr311-api.jar" />
    <property name="jar.compress" value="false" />
    <property name="debug-transport-by-os" value="dt_shmem" />
    <property name="libs.JWSAntTasks.src" value="" />
    <property name="javac.compilerargs.jaxws" value="" />
    <property name="libs.hibernate-persistence.maven-pom" value="" />
    <property name="java.vm.info" value="mixed mode, sharing" />
    <property name="libs.javac-api.maven-pom" value="" />
    <property name="libs.restlib.classpath" value="C:\Program Files\NetBeans 6.7.1\enterprise5\modules\ext\rest\jersey.jar;C:\Program Files\NetBeans 6.7.1\enterprise5\modules\ext\rest\http.jar;C:\Program Files\NetBeans 6.7.1\enterprise5\modules\ext\rest\wadl2java.jar;C:\Program Files\NetBeans 6.7.1\enterprise5\modules\ext\rest\rome-0.9.jar;C:\Program Files\NetBeans 6.7.1\enterprise5\modules\ext\rest\jdom-1.0.jar;C:\Program Files\NetBeans 6.7.1\enterprise5\modules\ext\rest\jettison-1.0-RC1.jar;C:\Program Files\NetBeans 6.7.1\enterprise5\modules\ext\rest\asm-3.1.jar;C:\Program Files\NetBeans 6.7.1\enterprise5\modules\ext\rest\grizzly-servlet-webserver-1.7.3.2.jar;C:\Program Files\NetBeans 6.7.1\enterprise5\modules\ext\rest\jersey-spring.jar;C:\Program Files\NetBeans 6.7.1\ide11\modules\ext\jaxb\activation.jar;C:\Program Files\NetBeans 6.7.1\ide11\modules\ext\jaxb\api\jaxb-api.jar;C:\Program Files\NetBeans 6.7.1\ide11\modules\ext\jaxb\jaxb-impl.jar;C:\Program Files\NetBeans 6.7.1\ide11\modules\ext\jaxb\jaxb-xjc.jar;C:\Program Files\NetBeans 6.7.1\ide11\modules\ext\jaxb\api\jsr173_api.jar" />
    <property name="javadoc.private" value="false" />
    <property name="sun.desktop" value="windows" />
    <property name="build.test.classes.dir" value="build/test/classes" />
    <property name="java.vm.specification.name" value="Java Virtual Machine Specification" />
    <property name="libs.jaxb.src" value="" />
    <property name="jaxws.endorsed.dir" value="C:\Program Files\NetBeans 6.7.1\java2\modules\ext\jaxws21\api:C:\Program Files\NetBeans 6.7.1\ide11\modules\ext\jaxb\api" />
    <property name="libs.MySQLDriver.javadoc" value="" />
    <property name="libs.spring-webmvc.classpath" value="C:\Program Files\NetBeans 6.7.1\enterprise5\modules\ext\spring\spring-webmvc-2.5.jar" />
    <property name="netbeans.dynamic.classpath" value="C:\Program Files\NetBeans 6.7.1\platform10\core\core.jar;C:\Program Files\NetBeans 6.7.1\platform10\core\org-openide-filesystems.jar;C:\Program Files\NetBeans 6.7.1\platform10\core\locale\core_ja.jar;C:\Program Files\NetBeans 6.7.1\platform10\core\locale\core_pt_BR.jar;C:\Program Files\NetBeans 6.7.1\platform10\core\locale\core_zh_CN.jar;C:\Program Files\NetBeans 6.7.1\platform10\core\locale\org-openide-filesystems_ja.jar;C:\Program Files\NetBeans 6.7.1\platform10\core\locale\org-openide-filesystems_pt_BR.jar;C:\Program Files\NetBeans 6.7.1\platform10\core\locale\org-openide-filesystems_zh_CN.jar;C:\Program Files\NetBeans 6.7.1\nb6.7\core\org-netbeans-upgrader.jar;C:\Program Files\NetBeans 6.7.1\nb6.7\core\locale\core_nb.jar;C:\Program Files\NetBeans 6.7.1\nb6.7\core\locale\core_nb_ja.jar;C:\Program Files\NetBeans 6.7.1\nb6.7\core\locale\core_nb_pt_BR.jar;C:\Program Files\NetBeans 6.7.1\nb6.7\core\locale\core_nb_zh_CN.jar;C:\Program Files\NetBeans 6.7.1\nb6.7\core\locale\org-netbeans-upgrader_ja.jar;C:\Program Files\NetBeans 6.7.1\nb6.7\core\locale\org-netbeans-upgrader_pt_BR.jar;C:\Program Files\NetBeans 6.7.1\nb6.7\core\locale\org-netbeans-upgrader_zh_CN.jar" />
    <property name="libs.beans-binding.javadoc" value="C:\Program Files\NetBeans 6.7.1\java2\docs\beansbinding-1.2.1-doc.zip" />
    <property name="platform.active" value="default_platform" />
    <property name="http.nonProxyHosts" value="localhost|127.0.0.1|JRay6400x64v" />
    <property name="libs.junit_4.javadoc" value="C:\Program Files\NetBeans 6.7.1\java2\docs\junit-4.5-api.zip" />
    <property name="project.AssigningAuthoritiesToHomeCommunityMappingDAO" value="../../../Production/Common/AssigningAuthoritiesToHomeCommunityMappingDAO" />
    <property name="libs.spring-framework.src" value="" />
    <property name="libs.beans-binding.maven-pom" value="" />
    <property name="javadoc.encoding" value="UTF-8" />
    <property name="java.awt.printerjob" value="sun.awt.windows.WPrinterJob" />
    <property name="dist.jar" value="dist/AssigningAuthoritiesToHomeCommunityMappingDAOIntegrationTest.jar" />
    <property name="meta.inf.dir" value="src/META-INF" />
    <property name="libs.struts.classpath" value="C:\Program Files\NetBeans 6.7.1\enterprise5\modules\ext\struts\antlr-2.7.2.jar;C:\Program Files\NetBeans 6.7.1\enterprise5\modules\ext\struts\bsf-2.3.0.jar;C:\Program Files\NetBeans 6.7.1\enterprise5\modules\ext\struts\commons-beanutils-1.7.0.jar;C:\Program Files\NetBeans 6.7.1\enterprise5\modules\ext\struts\commons-chain-1.1.jar;C:\Program Files\NetBeans 6.7.1\enterprise5\modules\ext\struts\commons-digester-1.8.jar;C:\Program Files\NetBeans 6.7.1\enterprise5\modules\ext\struts\commons-fileupload-1.1.1.jar;C:\Program Files\NetBeans 6.7.1\enterprise5\modules\ext\struts\commons-io-1.1.jar;C:\Program Files\NetBeans 6.7.1\enterprise5\modules\ext\struts\commons-logging-1.0.4.jar;C:\Program Files\NetBeans 6.7.1\enterprise5\modules\ext\struts\commons-validator-1.3.1.jar;C:\Program Files\NetBeans 6.7.1\enterprise5\modules\ext\struts\jstl-1.0.2.jar;C:\Program Files\NetBeans 6.7.1\enterprise5\modules\ext\struts\oro-2.0.8.jar;C:\Program Files\NetBeans 6.7.1\enterprise5\modules\ext\struts\standard-1.0.2.jar;C:\Program Files\NetBeans 6.7.1\enterprise5\modules\ext\struts\struts-core-1.3.8.jar;C:\Program Files\NetBeans 6.7.1\enterprise5\modules\ext\struts\struts-el-1.3.8.jar;C:\Program Files\NetBeans 6.7.1\enterprise5\modules\ext\struts\struts-extras-1.3.8.jar;C:\Program Files\NetBeans 6.7.1\enterprise5\modules\ext\struts\struts-faces-1.3.8.jar;C:\Program Files\NetBeans 6.7.1\enterprise5\modules\ext\struts\struts-mailreader-dao-1.3.8.jar;C:\Program Files\NetBeans 6.7.1\enterprise5\modules\ext\struts\struts-scripting-1.3.8.jar;C:\Program Files\NetBeans 6.7.1\enterprise5\modules\ext\struts\struts-taglib-1.3.8.jar;C:\Program Files\NetBeans 6.7.1\enterprise5\modules\ext\struts\struts-tiles-1.3.8.jar" />
    <property name="ant.version" value="Apache Ant version 1.7.1 compiled on June 27 2008" />
    <property name="netbeans.home" value="C:\Program Files\NetBeans 6.7.1\platform10" />
    <property name="javadoc.nonavbar" value="false" />
    <property name="user.properties.file" value="C:\Users\rayj\.netbeans\6.7\build.properties" />
    <property name="libs.JWSAntTasks.classpath" value="C:\Program Files\NetBeans 6.7.1\java2\ant\extra\org-netbeans-modules-javawebstart-anttasks.jar" />
    <property name="libs.toplink.classpath" value="C:\Program Files\NetBeans 6.7.1\java2\modules\ext\toplink\toplink-essentials.jar;C:\Program Files\NetBeans 6.7.1\java2\modules\ext\toplink\toplink-essentials-agent.jar" />
    <property name="netbeans.importclass" value="org.netbeans.upgrade.AutoUpgrade" />
    <property name="libs.jsf12.maven-pom" value="" />
    <property name="libs.spring-framework.javadoc" value="" />
    <property name="libs.IdentityAntTasks.javadoc" value="" />
    <property name="libs.CopyLibs.maven-pom" value="" />
    <property name="useJavaUtilZip" value="true" />
    <property name="build.generated.dir" value="build/generated" />
    <property name="netbeans.home+have.tests" value="true" />
    <property name="org.glassfish.v3.installRoot" value="C:\Program Files\sges-v3-prelude" />
    <property name="libs.restlib.javadoc" value="C:\Program Files\NetBeans 6.7.1\enterprise5\docs\jersey-api-doc.zip" />
    <property name="os.name" value="Windows Vista" />
    <property name="java.specification.vendor" value="Sun Microsystems Inc." />
    <property name="libs.metro.javadoc" value="C:\Program Files\NetBeans 6.7.1\enterprise5\docs\metro-1.4-doc.zip" />
    <property name="run.test.classpath" value="../../../Production/Common/AssigningAuthoritiesToHomeCommunityMappingDAO/dist/AssigningAuthoritiesToHomeCommunityMappingDAO.jar:build/classes:C:\Program Files\NetBeans 6.7.1\java2\modules\ext\junit-3.8.2.jar:C:\Program Files\NetBeans 6.7.1\platform10\modules\ext\junit-4.5.jar:build/test/classes" />
    <property name="java.vm.name" value="Java HotSpot(TM) Client VM" />
    <property name="libs.CopyLibs.src" value="" />
    <property name="org.openide.version" value="deprecated" />
    <property name="libs.junit.classpath" value="C:\Program Files\NetBeans 6.7.1\java2\modules\ext\junit-3.8.2.jar" />
    <property name="libs.beans-binding.src" value="" />
    <property name="java.library.path" value="C:\Java\jdk1.6.0_16\jre\bin;.;C:\Windows\Sun\Java\bin;C:\Windows\system32;C:\Windows;C:\Java\jdk1.6.0_16\bin;C:\Java\jdk1.6.0_16;c:\Projects\NHINC\Current\Build\Packages\Ant\Ant\bin;C:\Windows\system32;C:\Windows;C:\Windows\System32\Wbem;c:\Projects\NHINC\Current\Build\Tools\Sysinternals;c:\Projects\NHINC\Current\Build\Tools\maven\bin;c:\Projects\NHINC\Current\Build\Tools\nxslt;c:\Projects\NHINC\Current\Build\Tools\curl;c:\Projects\NHINC\Current\Build\Tools\nAnt\bin;c:\Projects\NHINC\Current\Build\Tools\7-Zip;C:\Program Files (x86)\Subversion\bin;C:\Projects\nhinc\Current\Build" />
    <property name="libs.toplink.javadoc" value="C:\Program Files\NetBeans 6.7.1\enterprise5\docs\javaee5-doc-api.zip" />
    <property name="libs.PostgreSQLDriver.javadoc" value="" />
    <property name="ant.java.version" value="1.6" />
    <property name="java.class.version" value="50.0" />
    <property name="javadoc.noindex" value="false" />
    <property name="basedir" value="C:\Projects\nhinc\Current\Product\IntegrationTest\JunitIntegrationTests\AssigningAuthoritiesToHomeCommunityMappingDAOIntegrationTest" />
    <property name="sun.awt.exception.handler" value="org.netbeans.core.startup.TopLogging$AWTHandler" />
    <property name="javac.test.classpath" value="../../../Production/Common/AssigningAuthoritiesToHomeCommunityMappingDAO/dist/AssigningAuthoritiesToHomeCommunityMappingDAO.jar:build/classes:C:\Program Files\NetBeans 6.7.1\java2\modules\ext\junit-3.8.2.jar:C:\Program Files\NetBeans 6.7.1\platform10\modules\ext\junit-4.5.jar" />
    <property name="ant.home" value="c:\Projects\NHINC\Current\Build\Packages\Ant\Ant" />
    <property name="libs.hibernate-persistence.src" value="" />
    <property name="javadoc.splitindex" value="true" />
    <property name="libs.toplink.src" value="" />
    <property name="libs.javac-api.javadoc" value="" />
    <property name="javadoc.preview" value="true" />
    <property name="libs.MySQLDriver.maven-pom" value="" />
    <property name="libs.CopyLibs.javadoc" value="" />
    <property name="libs.restapi.javadoc" value="C:\Program Files\NetBeans 6.7.1\enterprise5\docs\jsr311-api-doc.zip" />
    <property name="libs.PostgreSQLDriver.classpath" value="C:\Program Files\NetBeans 6.7.1\ide11\modules\ext\postgresql-8.3-603.jdbc3.jar" />
    <property name="libs.junit_4.classpath" value="C:\Program Files\NetBeans 6.7.1\platform10\modules\ext\junit-4.5.jar" />
    <property name="libs.jaxws21.maven-pom" value="" />
    <property name="sun.boot.library.path" value="C:\Java\jdk1.6.0_16\jre\bin" />
    <property name="build.dir" value="build" />
    <property name="libs.spring-webmvc.src" value="" />
    <property name="application.title" value="AssigningAuthoritiesToHomeCommunityMappingDAOIntegrationTest" />
    <property name="libs.swing-app-framework.classpath" value="C:\Program Files\NetBeans 6.7.1\java2\modules\ext\appframework-1.0.3.jar;C:\Program Files\NetBeans 6.7.1\java2\modules\ext\swing-worker-1.1.jar" />
    <property name="sun.management.compiler" value="HotSpot Client Compiler" />
    <property name="libs.ejb3-persistence.javadoc" value="" />
    <property name="java.awt.graphicsenv" value="sun.awt.Win32GraphicsEnvironment" />
    <property name="user.variant" value="" />
    <property name="javadoc.encoding.used" value="UTF-8" />
    <property name="org.netbeans.core.startup.specialResource" value="nullcom.sun.jdo.api.persistence.mapping.ejb" />
    <property name="javadoc.windowtitle" value="" />
    <property name="libs.Comet-GlassFish-v3-Prelude.src" value="" />
    <property name="libs.hibernate-support.src" value="" />
    <property name="libs.jstl11.javadoc" value="C:\Program Files\NetBeans 6.7.1\enterprise5\docs\javaee5-doc-api.zip" />
    <property name="build.generated.sources.dir" value="build/generated-sources" />
    <property name="libs.IdentityAntTasks.src" value="" />
    <property name="run.jvmargs" value="" />
    <property name="build.compiler.emacs" value="true" />
    <property name="libs.jstl11.src" value="" />
    <property name="ant.project.name" value="AssigningAuthoritiesToHomeCommunityMappingDAOIntegrationTest" />
    <property name="libs.Comet-GlassFish-v3-Prelude.classpath" value="C:\Program Files\sges-v3-prelude\glassfish\modules\grizzly-module.jar" />
    <property name="libs.swing-layout.classpath" value="C:\Program Files\NetBeans 6.7.1\platform10\modules\ext\swing-layout-1.0.3.jar" />
    <property name="libs.spring-framework.classpath" value="C:\Program Files\NetBeans 6.7.1\ide11\modules\ext\commons-logging-1.1.jar;C:\Program Files\NetBeans 6.7.1\java2\modules\ext\cglib-2.2.jar;C:\Program Files\NetBeans 6.7.1\java2\modules\ext\spring\spring-2.5.jar" />
    <property name="libs.IdentityAntTasks.maven-pom" value="" />
    <property name="java.vm.specification.version" value="1.0" />
    <property name="work.dir" value="C:\Projects\nhinc\Current\Product\IntegrationTest\JunitIntegrationTests\AssigningAuthoritiesToHomeCommunityMappingDAOIntegrationTest" />
    <property name="libs.jaxb.classpath" value="C:\Program Files\NetBeans 6.7.1\ide11\modules\ext\jaxb\activation.jar;C:\Program Files\NetBeans 6.7.1\ide11\modules\ext\jaxb\api\jaxb-api.jar;C:\Program Files\NetBeans 6.7.1\ide11\modules\ext\jaxb\jaxb-impl.jar;C:\Program Files\NetBeans 6.7.1\ide11\modules\ext\jaxb\jaxb-xjc.jar;C:\Program Files\NetBeans 6.7.1\ide11\modules\ext\jaxb\api\jsr173_api.jar" />
    <property name="awt.toolkit" value="sun.awt.windows.WToolkit" />
    <property name="javadoc.use" value="true" />
    <property name="sun.cpu.isalist" value="pentium_pro+mmx pentium_pro pentium+mmx pentium i486 i386 i86" />
    <property name="java.ext.dirs" value="C:\Java\jdk1.6.0_16\jre\lib\ext;C:\Windows\Sun\Java\lib\ext" />
    <property name="os.version" value="6.0" />
    <property name="excludes" value="" />
    <property name="libs.jstl11.classpath" value="C:\Program Files\NetBeans 6.7.1\enterprise5\modules\ext\standard.jar;C:\Program Files\NetBeans 6.7.1\enterprise5\modules\ext\jstl.jar" />
    <property name="user.home" value="C:\Users\rayj" />
    <property name="org.xml.sax.driver" value="com.sun.org.apache.xerces.internal.jaxp.SAXParserImpl$JAXPSAXParser" />
    <property name="libs.metro.classpath" value="C:\Program Files\NetBeans 6.7.1\ide11\modules\ext\jaxb\activation.jar;C:\Program Files\NetBeans 6.7.1\enterprise5\modules\ext\metro\webservices-api.jar;C:\Program Files\NetBeans 6.7.1\enterprise5\modules\ext\metro\webservices-extra-api.jar;C:\Program Files\NetBeans 6.7.1\enterprise5\modules\ext\metro\webservices-extra.jar;C:\Program Files\NetBeans 6.7.1\enterprise5\modules\ext\metro\webservices-rt.jar;C:\Program Files\NetBeans 6.7.1\enterprise5\modules\ext\metro\webservices-tools.jar" />
    <property name="java.vm.vendor" value="Sun Microsystems Inc." />
    <property name="org.apache.commons.logging.Log" value="org.apache.commons.logging.impl.NoOpLog" />
    <property name="libs.struts.src" value="" />
    <property name="libs.absolutelayout.maven-pom" value="" />
    <property name="org.openide.TopManager.GUI" value="true" />
    <property name="user.dir" value="C:\Projects\nhinc\Current\Product\IntegrationTest\JunitIntegrationTests\AssigningAuthoritiesToHomeCommunityMappingDAOIntegrationTest" />
    <property name="libs.jsf12.javadoc" value="C:\Program Files\NetBeans 6.7.1\enterprise5\docs\javaee5-doc-api.zip" />
    <property name="debug-transport" value="dt_shmem" />
    <property name="libs.ejb3-persistence.maven-pom" value="" />
    <property name="application.args" value="" />
    <property name="sun.cpu.endian" value="little" />
    <property name="compile.on.save" value="true" />
    <property name="libs.hibernate-support.classpath" value="C:\Program Files\NetBeans 6.7.1\java2\modules\ext\hibernate\antlr-2.7.6.jar;C:\Program Files\NetBeans 6.7.1\java2\modules\ext\hibernate\asm.jar;C:\Program Files\NetBeans 6.7.1\java2\modules\ext\hibernate\asm-attrs.jar;C:\Program Files\NetBeans 6.7.1\java2\modules\ext\hibernate\cglib-2.1.3.jar;C:\Program Files\NetBeans 6.7.1\java2\modules\ext\hibernate\commons-collections-2.1.1.jar;C:\Program Files\NetBeans 6.7.1\ide11\modules\ext\commons-logging-1.1.jar;C:\Program Files\NetBeans 6.7.1\java2\modules\ext\hibernate\dom4j-1.6.1.jar;C:\Program Files\NetBeans 6.7.1\java2\modules\ext\hibernate\ehcache-1.2.3.jar;C:\Program Files\NetBeans 6.7.1\java2\modules\ext\hibernate\jdbc2_0-stdext.jar;C:\Program Files\NetBeans 6.7.1\java2\modules\ext\hibernate\jta.jar;C:\Program Files\NetBeans 6.7.1\java2\modules\ext\hibernate\hibernate3.jar;C:\Program Files\NetBeans 6.7.1\java2\modules\ext\hibernate\hibernate-tools.jar;C:\Program Files\NetBeans 6.7.1\java2\modules\ext\hibernate\hibernate-annotations.jar;C:\Program Files\NetBeans 6.7.1\java2\modules\ext\hibernate\hibernate-commons-annotations.jar;C:\Program Files\NetBeans 6.7.1\java2\modules\ext\hibernate\hibernate-entitymanager.jar;C:\Program Files\NetBeans 6.7.1\java2\modules\ext\hibernate\javassist.jar" />
    <property name="reference.AssigningAuthoritiesToHomeCommunityMappingDAO.jar" value="../../../Production/Common/AssigningAuthoritiesToHomeCommunityMappingDAO/dist/AssigningAuthoritiesToHomeCommunityMappingDAO.jar" />
    <property name="libs.EclipseLink-GlassFish-v3-Prelude.src" value="" />
    <property name="libs.EclipseLink-GlassFish-v3-Prelude.maven-pom" value="" />
    <property name="java.vm.version" value="14.2-b01" />
    <property name="libs.MySQLDriver.src" value="" />
    <property name="libs.hibernate-persistence.classpath" value="C:\Program Files\NetBeans 6.7.1\java2\modules\ext\hibernate\antlr-2.7.6.jar;C:\Program Files\NetBeans 6.7.1\java2\modules\ext\hibernate\asm.jar;C:\Program Files\NetBeans 6.7.1\java2\modules\ext\hibernate\asm-attrs.jar;C:\Program Files\NetBeans 6.7.1\java2\modules\ext\hibernate\cglib-2.1.3.jar;C:\Program Files\NetBeans 6.7.1\java2\modules\ext\hibernate\commons-collections-2.1.1.jar;C:\Program Files\NetBeans 6.7.1\ide11\modules\ext\commons-logging-1.1.jar;C:\Program Files\NetBeans 6.7.1\java2\modules\ext\hibernate\dom4j-1.6.1.jar;C:\Program Files\NetBeans 6.7.1\java2\modules\ext\hibernate\ehcache-1.2.3.jar;C:\Program Files\NetBeans 6.7.1\java2\modules\ext\hibernate\jdbc2_0-stdext.jar;C:\Program Files\NetBeans 6.7.1\java2\modules\ext\hibernate\jta.jar;C:\Program Files\NetBeans 6.7.1\java2\modules\ext\hibernate\hibernate3.jar;C:\Program Files\NetBeans 6.7.1\java2\modules\ext\hibernate\hibernate-tools.jar;C:\Program Files\NetBeans 6.7.1\java2\modules\ext\hibernate\hibernate-annotations.jar;C:\Program Files\NetBeans 6.7.1\java2\modules\ext\hibernate\hibernate-commons-annotations.jar;C:\Program Files\NetBeans 6.7.1\java2\modules\ext\hibernate\hibernate-entitymanager.jar;C:\Program Files\NetBeans 6.7.1\java2\modules\ext\hibernate\javassist.jar;C:\Program Files\NetBeans 6.7.1\java2\modules\ext\hibernate\ejb3-persistence.jar" />
    <property name="java.class.path" value="C:\Projects\nhinc\Current\Product\Production\Common\AssigningAuthoritiesToHomeCommunityMappingDAO\dist\AssigningAuthoritiesToHomeCommunityMappingDAO.jar;C:\Projects\nhinc\Current\Product\IntegrationTest\JunitIntegrationTests\AssigningAuthoritiesToHomeCommunityMappingDAOIntegrationTest\build\classes;C:\Program Files\NetBeans 6.7.1\java2\modules\ext\junit-3.8.2.jar;C:\Program Files\NetBeans 6.7.1\platform10\modules\ext\junit-4.5.jar;C:\Projects\nhinc\Current\Product\IntegrationTest\JunitIntegrationTests\AssigningAuthoritiesToHomeCommunityMappingDAOIntegrationTest\build\test\classes;C:\Projects\nhinc\Current\Product\IntegrationTest\JunitIntegrationTests\AssigningAuthoritiesToHomeCommunityMappingDAOIntegrationTest;C:\Program Files (x86)\QuickTime\QTSystem\QTJava.zip;c:\Projects\NHINC\Current\Build\Packages\Ant\Ant\lib\junit-3.8.2.jar;c:\Projects\NHINC\Current\Build\Packages\Ant\Ant\lib\ant-launcher.jar;c:\Projects\NHINC\Current\Build\Packages\Ant\Ant\lib\ant.jar;c:\Projects\NHINC\Current\Build\Packages\Ant\Ant\patches\72080.jar" />
    <property name="ant.file.AssigningAuthoritiesToHomeCommunityMappingDAOIntegrationTest" value="C:\Projects\nhinc\Current\Product\IntegrationTest\JunitIntegrationTests\AssigningAuthoritiesToHomeCommunityMappingDAOIntegrationTest\build.xml" />
    <property name="os.arch" value="x86" />
    <property name="javac.deprecation" value="false" />
    <property name="nbplatform.default.netbeans.dest.dir" value="C:\Program Files\NetBeans 6.7.1" />
    <property name="build.classes.excludes" value="**/*.java,**/*.form" />
    <property name="dist.dir" value="dist" />
    <property name="debug.classpath" value="../../../Production/Common/AssigningAuthoritiesToHomeCommunityMappingDAO/dist/AssigningAuthoritiesToHomeCommunityMappingDAO.jar:build/classes" />
    <property name="netbeans.user" value="C:\Users\rayj\.netbeans\6.7" />
    <property name="sun.java.launcher" value="SUN_STANDARD" />
    <property name="ant.core.lib" value="c:\Projects\NHINC\Current\Build\Packages\Ant\Ant\lib\ant.jar" />
    <property name="java.vm.specification.vendor" value="Sun Microsystems Inc." />
    <property name="com.sun.aas.installRoot" value="C:\Sun\AppServer" />
    <property name="libs.restapi.maven-pom" value="" />
    <property name="do.depend" value="false" />
    <property name="ant.file.AssigningAuthoritiesToHomeCommunityMappingDAOIntegrationTest-impl" value="C:\Projects\nhinc\Current\Product\IntegrationTest\JunitIntegrationTests\AssigningAuthoritiesToHomeCommunityMappingDAOIntegrationTest\nbproject\build-impl.xml" />
    <property name="file.separator" value="\" />
    <property name="java.runtime.version" value="1.6.0_16-b01" />
    <property name="sun.boot.class.path" value="C:\Java\jdk1.6.0_16\jre\lib\resources.jar;C:\Java\jdk1.6.0_16\jre\lib\rt.jar;C:\Java\jdk1.6.0_16\jre\lib\sunrsasign.jar;C:\Java\jdk1.6.0_16\jre\lib\jsse.jar;C:\Java\jdk1.6.0_16\jre\lib\jce.jar;C:\Java\jdk1.6.0_16\jre\lib\charsets.jar;C:\Java\jdk1.6.0_16\jre\classes" />
    <property name="debug.test.classpath" value="../../../Production/Common/AssigningAuthoritiesToHomeCommunityMappingDAO/dist/AssigningAuthoritiesToHomeCommunityMappingDAO.jar:build/classes:C:\Program Files\NetBeans 6.7.1\java2\modules\ext\junit-3.8.2.jar:C:\Program Files\NetBeans 6.7.1\platform10\modules\ext\junit-4.5.jar:build/test/classes" />
    <property name="libs.restlib.maven-pom" value="" />
    <property name="libs.beans-binding.classpath" value="C:\Program Files\NetBeans 6.7.1\java2\modules\ext\beansbinding-1.2.1.jar" />
    <property name="jspctask.classpath" value="C:\Program Files\NetBeans 6.7.1\enterprise5\ant\extra\jspcompile.jar" />
    <property name="have.tests" value="true" />
    <property name="libs.spring-webmvc.maven-pom" value="" />
    <property name="libs.spring-webmvc.javadoc" value="" />
    <property name="libs.JWSAntTasks.maven-pom" value="" />
    <property name="java.util.logging.config.class" value="org.netbeans.core.startup.TopLogging" />
    <property name="libs.javac-api.classpath" value="C:\Program Files\NetBeans 6.7.1\java2\modules\ext\javac-api-nb-7.0-b07.jar" />
    <property name="user.country" value="US" />
    <property name="javadoc.notree" value="false" />
    <property name="libs.struts.javadoc" value="C:\Program Files\NetBeans 6.7.1\enterprise5\docs\struts-1.3.8-javadoc.zip" />
    <property name="libs.jaxws21.javadoc" value="C:\Program Files\NetBeans 6.7.1\java2\docs\jaxws-2_1-api-doc.zip" />
    <property name="libs.jsf12.classpath" value="C:\Program Files\NetBeans 6.7.1\enterprise5\modules\ext\jsf-1_2\commons-beanutils.jar;C:\Program Files\NetBeans 6.7.1\enterprise5\modules\ext\jsf-1_2\commons-collections.jar;C:\Program Files\NetBeans 6.7.1\enterprise5\modules\ext\jsf-1_2\commons-digester.jar;C:\Program Files\NetBeans 6.7.1\enterprise5\modules\ext\jsf-1_2\commons-logging.jar;C:\Program Files\NetBeans 6.7.1\enterprise5\modules\ext\jsf-1_2\jsf-api.jar;C:\Program Files\NetBeans 6.7.1\enterprise5\modules\ext\jsf-1_2\jsf-impl.jar" />
    <property name="default.javac.target" value="1.6" />
    <property name="javadoc.additionalparam" value="" />
    <property name="javac.classpath" value="../../../Production/Common/AssigningAuthoritiesToHomeCommunityMappingDAO/dist/AssigningAuthoritiesToHomeCommunityMappingDAO.jar" />
    <property name="build.classes.dir" value="build/classes" />
    <property name="libs.swing-layout.src" value="C:\Program Files\NetBeans 6.7.1\platform10\docs\swing-layout-1.0.3-src.zip" />
    <property name="libs.swing-layout.javadoc" value="C:\Program Files\NetBeans 6.7.1\platform10\docs\swing-layout-1.0.3-doc.zip" />
    <property name="java.vendor" value="Sun Microsystems Inc." />
    <property name="javac.target" value="1.5" />
    <property name="libs.swing-app-framework.src" value="" />
    <property name="java.specification.version" value="1.6" />
    <property name="libs.struts.maven-pom" value="" />
    <property name="libs.JWSAntTasks.javadoc" value="" />
    <property name="sun.arch.data.model" value="32" />
  </properties>
  <testcase classname="gov.hhs.fha.nhinc.common.connectionmanager.dao.AssigningAuthorityHomeCommunityDAOTest" name="testStoreMapping" time="0.0">
    <error message="org/hibernate/Session" type="java.lang.NoClassDefFoundError">java.lang.NoClassDefFoundError: org/hibernate/Session
	at gov.hhs.fha.nhinc.common.connectionmanager.dao.AssigningAuthorityHomeCommunityDAOTest.testStoreMapping(AssigningAuthorityHomeCommunityDAOTest.java:42)
Caused by: java.lang.ClassNotFoundException: org.hibernate.Session
	at java.net.URLClassLoader$1.run(URLClassLoader.java:200)
	at java.security.AccessController.doPrivileged(Native Method)
	at java.net.URLClassLoader.findClass(URLClassLoader.java:188)
	at java.lang.ClassLoader.loadClass(ClassLoader.java:307)
	at sun.misc.Launcher$AppClassLoader.loadClass(Launcher.java:301)
	at java.lang.ClassLoader.loadClass(ClassLoader.java:252)
	at java.lang.ClassLoader.loadClassInternal(ClassLoader.java:320)
</error>
  </testcase>
  <testcase classname="gov.hhs.fha.nhinc.common.connectionmanager.dao.AssigningAuthorityHomeCommunityDAOTest" name="testGetHomeCommunity" time="0.0">
    <error message="org/hibernate/Session" type="java.lang.NoClassDefFoundError">java.lang.NoClassDefFoundError: org/hibernate/Session
	at gov.hhs.fha.nhinc.common.connectionmanager.dao.AssigningAuthorityHomeCommunityDAOTest.testGetHomeCommunity(AssigningAuthorityHomeCommunityDAOTest.java:48)
Caused by: java.lang.ClassNotFoundException: org.hibernate.Session
	at java.net.URLClassLoader$1.run(URLClassLoader.java:200)
	at java.security.AccessController.doPrivileged(Native Method)
	at java.net.URLClassLoader.findClass(URLClassLoader.java:188)
	at java.lang.ClassLoader.loadClass(ClassLoader.java:307)
	at sun.misc.Launcher$AppClassLoader.loadClass(Launcher.java:301)
	at java.lang.ClassLoader.loadClass(ClassLoader.java:252)
	at java.lang.ClassLoader.loadClassInternal(ClassLoader.java:320)
</error>
  </testcase>
  <testcase classname="gov.hhs.fha.nhinc.common.connectionmanager.dao.AssigningAuthorityHomeCommunityDAOTest" name="testGetAssigningAuthority" time="0.0">
    <error message="org/hibernate/Session" type="java.lang.NoClassDefFoundError">java.lang.NoClassDefFoundError: org/hibernate/Session
	at gov.hhs.fha.nhinc.common.connectionmanager.dao.AssigningAuthorityHomeCommunityDAOTest.testGetAssigningAuthority(AssigningAuthorityHomeCommunityDAOTest.java:54)
Caused by: java.lang.ClassNotFoundException: org.hibernate.Session
	at java.net.URLClassLoader$1.run(URLClassLoader.java:200)
	at java.security.AccessController.doPrivileged(Native Method)
	at java.net.URLClassLoader.findClass(URLClassLoader.java:188)
	at java.lang.ClassLoader.loadClass(ClassLoader.java:307)
	at sun.misc.Launcher$AppClassLoader.loadClass(Launcher.java:301)
	at java.lang.ClassLoader.loadClass(ClassLoader.java:252)
	at java.lang.ClassLoader.loadClassInternal(ClassLoader.java:320)
</error>
  </testcase>
  <testcase classname="gov.hhs.fha.nhinc.common.connectionmanager.dao.AssigningAuthorityHomeCommunityDAOTest" name="testGetAssigningAuthoritiesByHomeCommunity" time="0.0">
    <error message="org/hibernate/Session" type="java.lang.NoClassDefFoundError">java.lang.NoClassDefFoundError: org/hibernate/Session
	at gov.hhs.fha.nhinc.common.connectionmanager.dao.AssigningAuthorityHomeCommunityDAOTest.testGetAssigningAuthoritiesByHomeCommunity(AssigningAuthorityHomeCommunityDAOTest.java:61)
Caused by: java.lang.ClassNotFoundException: org.hibernate.Session
	at java.net.URLClassLoader$1.run(URLClassLoader.java:200)
	at java.security.AccessController.doPrivileged(Native Method)
	at java.net.URLClassLoader.findClass(URLClassLoader.java:188)
	at java.lang.ClassLoader.loadClass(ClassLoader.java:307)
	at sun.misc.Launcher$AppClassLoader.loadClass(Launcher.java:301)
	at java.lang.ClassLoader.loadClass(ClassLoader.java:252)
	at java.lang.ClassLoader.loadClassInternal(ClassLoader.java:320)
</error>
  </testcase>
  <system-out><![CDATA[]]></system-out>
  <system-err><![CDATA[]]></system-err>
</testsuite>
