<?xml version="1.0" encoding="UTF-8"?>
<project name="junit.targets">

	<import file="junit.properties.xml" />
	<import file="junit.macros.xml" />

	<target name="junit.help">
			
	</target>

	<target name="junit.clean">
		<delete dir="${unittest.report.dir}" failonerror="true" />
		<delete dir="${webtest.report.dir}" failonerror="true" />
		<delete dir="${integrationtest.report.dir}" failonerror="true" />
	</target>
	

	<target name="-unittest.run">
		<if>
			<istrue value="${unittest.hasTests}" />
			<then>
				<junitrun reportfile="${unittest.report.dir}/UnitTests.xml" testtype="unit" verbose="${debug}">
					<tests>
						<fileset refid="junitrun.tests" />
					</tests>
				</junitrun>
			</then>
			<else>
				<echo message="The project ${project.name} is not marked as having unit tests: property unittest.hasTests=${unittest.hasTests}." />
			</else>
		</if>
	</target>

  <target name="unittest.write.html.report">
    <junitreportplus reportfile="${unittest.report.dir}/UnitTests.xml" testtype="unit">
      <xmlreports>
        <fileset dir="${unittest.report.dir}">
          <include name="TEST-*.xml" />
        </fileset>
      </xmlreports>
    </junitreportplus>
  </target>

	<target name="-webtest.run">
		<if>
			<istrue value="${webtest.hasTests}" />
			<then>
				<junitrun reportfile="${project.dir}/web-test-reports/WebTests.xml" testtype="web" verbose="${debug}">
					<tests>
						<fileset refid="junitrun.tests" />
					</tests>
				</junitrun>
			</then>
			<else>
				<echo message="The project ${project.name} is not marked as having web tests: property webtest.hasTests=${webtest.hasTests}." />
			</else>
		</if>
	</target>

  <target name="webtest.write.html.report">
    <junitreportplus reportfile="${project.dir}/web-test-reports/WebTests.xml" testtype="web">
      <xmlreports>
        <fileset dir="${project.dir}/web-test-reports">
          <include name="TEST-*.xml" />
        </fileset>
      </xmlreports>
    </junitreportplus>
  </target>

	<target name="-integrationtest.run">
		<if>
			<istrue value="${integrationtest.hasTests}" />
			<then>
				<junitrun reportfile="${project.dir}/integration-test-reports/IntegrationTests.xml" testtype="integration" verbose="${debug}">
					<tests>
						<fileset refid="junitrun.tests" />
					</tests>
				</junitrun>
			</then>
			<else>
				<echo message="The project ${project.name} is not marked as having integration tests: property integrationtest.hasTests=${integrationtest.hasTests}." />
			</else>
		</if>
	</target>

  <target name="integrationtest.write.html.report">
    <junitreportplus reportfile="${project.dir}/integration-test-reports/IntegrationTests.xml" testtype="integration">
      <xmlreports>
        <fileset dir="${project.dir}/integration-test-reports">
          <include name="TEST-*.xml" />
        </fileset>
      </xmlreports>
    </junitreportplus>
  </target>

</project>