<?xml version="1.0" encoding="UTF-8" ?>
<testsuite errors="0" failures="0" hostname="LWestbergD630V" name="gov.hhs.fha.nhinc.policyengine.adapterpip.proxy.AdapterPIPProxyObjectFactoryConcreteJavaTest" tests="1" time="155.236" timestamp="2009-05-26T16:34:23">
  <properties>
    <property name="java.runtime.name" value="Java(TM) SE Runtime Environment" />
    <property name="sun.boot.library.path" value="C:\Java\jdk1.6.0_13\jre\bin" />
    <property name="java.vm.version" value="11.3-b02" />
    <property name="java.vm.vendor" value="Sun Microsystems Inc." />
    <property name="java.vendor.url" value="http://java.sun.com/" />
    <property name="path.separator" value=";" />
    <property name="java.vm.name" value="Java HotSpot(TM) Client VM" />
    <property name="file.encoding.pkg" value="sun.io" />
    <property name="user.country" value="US" />
    <property name="sun.java.launcher" value="SUN_STANDARD" />
    <property name="sun.os.patch.level" value="Service Pack 1" />
    <property name="java.vm.specification.name" value="Java Virtual Machine Specification" />
    <property name="user.dir" value="C:\projects\NHINC\Current\Product\Production\Adapters\General\AdapterPIPProxyImpl" />
    <property name="java.runtime.version" value="1.6.0_13-b03" />
    <property name="java.awt.graphicsenv" value="sun.awt.Win32GraphicsEnvironment" />
    <property name="java.endorsed.dirs" value="C:\Java\jdk1.6.0_13\jre\lib\endorsed" />
    <property name="os.arch" value="x86" />
    <property name="java.io.tmpdir" value="C:\Users\WESTBE~1\AppData\Local\Temp\" />
    <property name="line.separator" value="
" />
    <property name="java.vm.specification.vendor" value="Sun Microsystems Inc." />
    <property name="user.variant" value="" />
    <property name="os.name" value="Windows Vista" />
    <property name="sun.jnu.encoding" value="Cp1252" />
    <property name="java.library.path" value="C:\Java\jdk1.6.0_13\bin;.;C:\Windows\Sun\Java\bin;C:\Windows\system32;C:\Windows;c:\batch;C:\Java\jdk1.6.0_13\bin;C:\GlassFishESB\netbeans\java2\ant\bin;c:\GlassFishESB\glassfish\bin;c:\Cygwin\bin;C:\Windows\system32;C:\Windows;C:\Windows\System32\Wbem;C:\Program Files\Common Files\Roxio Shared\DLLShared\;C:\Program Files\IDM Computer Solutions\UltraEdit-32;C:\Program Files\Subversion\bin;c:\jad;C:\Program Files\MySQL\MySQL Server 5.0\bin;C:\Program Files\TortoiseSVN\bin;C:\Program Files\QuickTime\QTSystem\;C:\Windows\System32\WindowsPowerShell\v1.0\;C:\projects\NHINC\Current\ThirdParty\OpenSSO\ssoAdminTools\opensso\bin" />
    <property name="java.specification.name" value="Java Platform API Specification" />
    <property name="java.class.version" value="50.0" />
    <property name="sun.management.compiler" value="HotSpot Client Compiler" />
    <property name="os.version" value="6.0" />
    <property name="user.home" value="C:\Users\westbergl" />
    <property name="user.timezone" value="" />
    <property name="java.awt.printerjob" value="sun.awt.windows.WPrinterJob" />
    <property name="file.encoding" value="Cp1252" />
    <property name="java.specification.version" value="1.6" />
    <property name="user.name" value="westbergl" />
    <property name="java.class.path" value="C:\GlassFishESB\netbeans\java2\ant\patches\72080.jar;C:\GlassFishESB\netbeans\java2\ant\patches\ant-42275.jar;C:\GlassFishESB\netbeans\java2\ant\lib\ant.jar;C:\GlassFishESB\netbeans\java2\ant\lib\ant-junit.jar;C:\GlassFishESB\glassfish\lib\NhincHL7JaxbLib.jar;C:\projects\NHINC\Current\Product\Production\Adapters\General\AdapterPIPLib\build\classes;C:\projects\NHINC\Current\Product\Production\Adapters\General\AdapterPIPLib\build\generated\wsimport\client;C:\projects\NHINC\Current\Product\Production\Adapters\General\AdapterPIPLib\src;C:\projects\NHINC\Current\Product\Production\Common\NhincLib\build\classes;C:\projects\NHINC\Current\Product\Production\Common\NhincLib\src;C:\projects\NHINC\Current\Product\Production\Common\NhincLib\src\conf;C:\projects\NHINC\Current\Product\Production\Adapters\General\DocumentRepository\build\classes;C:\projects\NHINC\Current\Product\Production\Adapters\General\DocumentRepository\conf;C:\projects\NHINC\Current\Product\Production\Adapters\General\DocumentRepository\src;C:\projects\NHINC\Current\Product\Production\Adapters\General\AdapterPIPProxy\build\classes;C:\projects\NHINC\Current\Product\Production\Adapters\General\AdapterPIPProxy\src;C:\projects\NHINC\Current\ThirdParty\XStream\cglib-nodep-2.1_3.jar;C:\projects\NHINC\Current\ThirdParty\XStream\dom4j-1.6.1.jar;C:\projects\NHINC\Current\ThirdParty\XStream\jdom-1.0.jar;C:\projects\NHINC\Current\ThirdParty\XStream\jettison-1.0-RC2.jar;C:\projects\NHINC\Current\ThirdParty\XStream\joda-time-1.5.1.jar;C:\projects\NHINC\Current\ThirdParty\XStream\stax-1.2.0.jar;C:\projects\NHINC\Current\ThirdParty\XStream\stax-api-1.0.1.jar;C:\projects\NHINC\Current\ThirdParty\XStream\wstx-asl-3.2.3.jar;C:\projects\NHINC\Current\ThirdParty\XStream\xml-writer-0.2.jar;C:\projects\NHINC\Current\ThirdParty\XStream\xom-1.1.jar;C:\projects\NHINC\Current\ThirdParty\XStream\xpp3_min-1.1.4c.jar;C:\projects\NHINC\Current\ThirdParty\XStream\xstream-1.3.jar;C:\projects\NHINC\Current\ThirdParty\XStream\xstream-benchmark-1.3.jar;C:\projects\NHINC\Current\ThirdParty\SpringFramework\spring.jar;C:\projects\NHINC\Current\ThirdParty\MySQLDB\mysql-connector-java-5.1.8-bin.jar;C:\projects\NHINC\Current\ThirdParty\log4j\commons-logging-1.1.1.jar;C:\projects\NHINC\Current\ThirdParty\log4j\log4j-1.2.15.jar;C:\projects\NHINC\Current\ThirdParty\HibernateLibraries\antlr-2.7.6.jar;C:\projects\NHINC\Current\ThirdParty\HibernateLibraries\asm-attrs.jar;C:\projects\NHINC\Current\ThirdParty\HibernateLibraries\asm.jar;C:\projects\NHINC\Current\ThirdParty\HibernateLibraries\cglib-2.1.3.jar;C:\projects\NHINC\Current\ThirdParty\HibernateLibraries\commons-collections-2.1.1.jar;C:\projects\NHINC\Current\ThirdParty\HibernateLibraries\dom4j-1.6.1.jar;C:\projects\NHINC\Current\ThirdParty\HibernateLibraries\ehcache-1.2.3.jar;C:\projects\NHINC\Current\ThirdParty\HibernateLibraries\hibernate3.jar;C:\projects\NHINC\Current\ThirdParty\HibernateLibraries\jdbc2_0-stdext.jar;C:\projects\NHINC\Current\ThirdParty\HibernateLibraries\jta.jar;C:\projects\NHINC\Current\ThirdParty\C3PO\c3p0-0.9.1.2.jar;C:\GlassFishESB\netbeans\ide10\modules\ext\jaxb\activation.jar;C:\GlassFishESB\netbeans\ide10\modules\ext\jaxb\api\jaxb-api.jar;C:\GlassFishESB\netbeans\ide10\modules\ext\jaxb\jaxb-impl.jar;C:\GlassFishESB\netbeans\ide10\modules\ext\jaxb\jaxb-xjc.jar;C:\GlassFishESB\netbeans\ide10\modules\ext\jaxb\api\jsr173_api.jar;C:\GlassFishESB\netbeans\java2\modules\ext\jaxws21\FastInfoset.jar;C:\GlassFishESB\netbeans\java2\modules\ext\jaxws21\http.jar;C:\GlassFishESB\netbeans\java2\modules\ext\jaxws21\api\jaxws-api.jar;C:\GlassFishESB\netbeans\java2\modules\ext\jaxws21\jaxws-rt.jar;C:\GlassFishESB\netbeans\java2\modules\ext\jaxws21\jaxws-tools.jar;C:\GlassFishESB\netbeans\java2\modules\ext\jaxws21\api\jsr181-api.jar;C:\GlassFishESB\netbeans\java2\modules\ext\jaxws21\api\jsr250-api.jar;C:\GlassFishESB\netbeans\java2\modules\ext\jaxws21\mimepull.jar;C:\GlassFishESB\netbeans\java2\modules\ext\jaxws21\resolver.jar;C:\GlassFishESB\netbeans\java2\modules\ext\jaxws21\api\saaj-api.jar;C:\GlassFishESB\netbeans\java2\modules\ext\jaxws21\saaj-impl.jar;C:\GlassFishESB\netbeans\java2\modules\ext\jaxws21\sjsxp.jar;C:\GlassFishESB\netbeans\java2\modules\ext\jaxws21\stax-ex.jar;C:\GlassFishESB\netbeans\java2\modules\ext\jaxws21\streambuffer.jar;C:\projects\NHINC\Current\Product\Production\Adapters\General\AdapterPIPProxyImpl\build\classes;C:\projects\NHINC\Current\Product\Production\Adapters\General\AdapterPIPProxyImpl\src;C:\GlassFishESB\netbeans\platform9\modules\ext\junit-4.5.jar;C:\projects\NHINC\Current\Product\Production\Adapters\General\AdapterPIPProxyImpl\build\test\classes;C:\projects\NHINC\Current\Product\Production\Adapters\General\AdapterPIPProxyImpl\test" />
    <property name="java.vm.specification.version" value="1.0" />
    <property name="sun.arch.data.model" value="32" />
    <property name="java.home" value="C:\Java\jdk1.6.0_13\jre" />
    <property name="java.specification.vendor" value="Sun Microsystems Inc." />
    <property name="user.language" value="en" />
    <property name="awt.toolkit" value="sun.awt.windows.WToolkit" />
    <property name="java.vm.info" value="mixed mode" />
    <property name="java.version" value="1.6.0_13" />
    <property name="java.ext.dirs" value="C:\Java\jdk1.6.0_13\jre\lib\ext;C:\Windows\Sun\Java\lib\ext" />
    <property name="sun.boot.class.path" value="C:\Java\jdk1.6.0_13\jre\lib\endorsed\webservices-api.jar;C:\Java\jdk1.6.0_13\jre\lib\resources.jar;C:\Java\jdk1.6.0_13\jre\lib\rt.jar;C:\Java\jdk1.6.0_13\jre\lib\sunrsasign.jar;C:\Java\jdk1.6.0_13\jre\lib\jsse.jar;C:\Java\jdk1.6.0_13\jre\lib\jce.jar;C:\Java\jdk1.6.0_13\jre\lib\charsets.jar;C:\Java\jdk1.6.0_13\jre\classes" />
    <property name="java.vendor" value="Sun Microsystems Inc." />
    <property name="file.separator" value="\" />
    <property name="java.vendor.url.bug" value="http://java.sun.com/cgi-bin/bugreport.cgi" />
    <property name="sun.cpu.endian" value="little" />
    <property name="sun.io.unicode.encoding" value="UnicodeLittle" />
    <property name="sun.desktop" value="windows" />
    <property name="sun.cpu.isalist" value="pentium_pro+mmx pentium_pro pentium+mmx pentium i486 i386 i86" />
  </properties>
  <testcase classname="gov.hhs.fha.nhinc.policyengine.adapterpip.proxy.AdapterPIPProxyObjectFactoryConcreteJavaTest" name="testAdapterPIPProxyObjectFactory" time="155.127" />
  <system-out><![CDATA[Begin testAdapterPIPProxyObjectFactory
log4j: Hierarchy threshold set to [ALL].
log4j: Parsing for [root] with value=[ALL, C, R].
log4j: Level token is [ALL].
log4j: Category root set to ALL
log4j: Parsing appender named "C".
log4j: Parsing layout options for "C".
log4j: Setting property [conversionPattern] to [[%d{M/d/yyyy}, %d{HH:mm:ss:SSS}] %-5p  %-20.20c{1}  %m%n].
log4j: End of parsing for "C".
log4j: Setting property [threshold] to [ALL].
log4j: Parsed "C" options.
log4j: Parsing appender named "R".
log4j: Parsing layout options for "R".
log4j: Setting property [conversionPattern] to [[%d{M/d/yyyy}, %d{HH:mm:ss:SSS}] %-5p  %-20.20c{1}  %m%n].
log4j: End of parsing for "R".
log4j: Setting property [threshold] to [ALL].
log4j: Setting property [file] to [C:/GlassFishESB/glassfish/NHIE-Gateway.log].
log4j: Setting property [maxFileSize] to [5000KB].
log4j: Setting property [maxBackupIndex] to [10].
log4j: setFile called: C:/GlassFishESB/glassfish/NHIE-Gateway.log, true
log4j: setFile ended
log4j: Parsed "R" options.
log4j: Finished configuring.
[5/26/2009, 10:34:26:921] INFO   mlApplicationContext  Refreshing org.springframework.context.support.FileSystemXmlApplicationContext@e34726: display name [org.springframework.context.support.FileSystemXmlApplicationContext@e34726]; startup date [Tue May 26 10:34:26 MDT 2009]; root of context hierarchy
[5/26/2009, 10:34:27:108] TRACE  CollectionFactory     Creating [java.util.concurrent.ConcurrentHashMap]
[5/26/2009, 10:34:27:114] TRACE  CollectionFactory     Creating [java.util.concurrent.ConcurrentHashMap]
[5/26/2009, 10:34:27:115] TRACE  CollectionFactory     Creating [java.util.concurrent.ConcurrentHashMap]
[5/26/2009, 10:34:27:116] TRACE  CollectionFactory     Creating [java.util.concurrent.ConcurrentHashMap]
[5/26/2009, 10:34:27:117] TRACE  CollectionFactory     Creating [java.util.concurrent.ConcurrentHashMap]
[5/26/2009, 10:34:27:118] TRACE  CollectionFactory     Creating [java.util.concurrent.ConcurrentHashMap]
[5/26/2009, 10:34:27:119] TRACE  CollectionFactory     Creating [java.util.concurrent.ConcurrentHashMap]
[5/26/2009, 10:34:27:140] TRACE  CollectionFactory     Creating [java.util.concurrent.ConcurrentHashMap]
[5/26/2009, 10:34:27:149] TRACE  CollectionFactory     Creating [java.util.concurrent.ConcurrentHashMap]
[5/26/2009, 10:34:27:346] INFO   BeanDefinitionReader  Loading XML bean definitions from file [C:\projects\nhinc\Current\Product\Production\Common\Properties\ComponentProxyConfig.xml]
[5/26/2009, 10:34:27:367] DEBUG  efaultDocumentLoader  Using JAXP provider [com.sun.org.apache.xerces.internal.jaxp.DocumentBuilderFactoryImpl]
[5/26/2009, 10:34:27:448] TRACE  ggableSchemaResolver  Trying to resolve XML entity with public id [null] and system id [http://www.springframework.org/schema/beans/spring-beans-2.5.xsd]
[5/26/2009, 10:34:27:449] DEBUG  ggableSchemaResolver  Loading schema mappings from [META-INF/spring.schemas]
[5/26/2009, 10:34:27:462] DEBUG  ggableSchemaResolver  Loaded schema mappings: {http://www.springframework.org/schema/lang/spring-lang-2.5.xsd=org/springframework/scripting/config/spring-lang-2.5.xsd, http://www.springframework.org/schema/lang/spring-lang.xsd=org/springframework/scripting/config/spring-lang-2.5.xsd, http://www.springframework.org/schema/context/spring-context-2.5.xsd=org/springframework/context/config/spring-context-2.5.xsd, http://www.springframework.org/schema/jms/spring-jms-2.5.xsd=org/springframework/jms/config/spring-jms-2.5.xsd, http://www.springframework.org/schema/context/spring-context.xsd=org/springframework/context/config/spring-context-2.5.xsd, http://www.springframework.org/schema/aop/spring-aop.xsd=org/springframework/aop/config/spring-aop-2.5.xsd, http://www.springframework.org/schema/util/spring-util-2.0.xsd=org/springframework/beans/factory/xml/spring-util-2.0.xsd, http://www.springframework.org/schema/util/spring-util-2.5.xsd=org/springframework/beans/factory/xml/spring-util-2.5.xsd, http://www.springframework.org/schema/tool/spring-tool-2.0.xsd=org/springframework/beans/factory/xml/spring-tool-2.0.xsd, http://www.springframework.org/schema/tx/spring-tx-2.0.xsd=org/springframework/transaction/config/spring-tx-2.0.xsd, http://www.springframework.org/schema/tool/spring-tool-2.5.xsd=org/springframework/beans/factory/xml/spring-tool-2.5.xsd, http://www.springframework.org/schema/tx/spring-tx-2.5.xsd=org/springframework/transaction/config/spring-tx-2.5.xsd, http://www.springframework.org/schema/beans/spring-beans-2.0.xsd=org/springframework/beans/factory/xml/spring-beans-2.0.xsd, http://www.springframework.org/schema/jms/spring-jms.xsd=org/springframework/jms/config/spring-jms-2.5.xsd, http://www.springframework.org/schema/beans/spring-beans-2.5.xsd=org/springframework/beans/factory/xml/spring-beans-2.5.xsd, http://www.springframework.org/schema/beans/spring-beans.xsd=org/springframework/beans/factory/xml/spring-beans-2.5.xsd, http://www.springframework.org/schema/jee/spring-jee.xsd=org/springframework/ejb/config/spring-jee-2.5.xsd, http://www.springframework.org/schema/tool/spring-tool.xsd=org/springframework/beans/factory/xml/spring-tool-2.5.xsd, http://www.springframework.org/schema/tx/spring-tx.xsd=org/springframework/transaction/config/spring-tx-2.5.xsd, http://www.springframework.org/schema/jee/spring-jee-2.0.xsd=org/springframework/ejb/config/spring-jee-2.0.xsd, http://www.springframework.org/schema/aop/spring-aop-2.0.xsd=org/springframework/aop/config/spring-aop-2.0.xsd, http://www.springframework.org/schema/aop/spring-aop-2.5.xsd=org/springframework/aop/config/spring-aop-2.5.xsd, http://www.springframework.org/schema/jee/spring-jee-2.5.xsd=org/springframework/ejb/config/spring-jee-2.5.xsd, http://www.springframework.org/schema/lang/spring-lang-2.0.xsd=org/springframework/scripting/config/spring-lang-2.0.xsd, http://www.springframework.org/schema/util/spring-util.xsd=org/springframework/beans/factory/xml/spring-util-2.5.xsd}
[5/26/2009, 10:34:27:483] DEBUG  ggableSchemaResolver  Found XML schema [http://www.springframework.org/schema/beans/spring-beans-2.5.xsd] in classpath: org/springframework/beans/factory/xml/spring-beans-2.5.xsd
[5/26/2009, 10:34:27:647] DEBUG  nitionDocumentReader  Loading bean definitions
[5/26/2009, 10:34:27:755] DEBUG  BeanDefinitionReader  Loaded 2 bean definitions from location pattern [C:\projects\nhinc\Current\Product\Production\Common\Properties\ComponentProxyConfig.xml]
[5/26/2009, 10:34:27:766] INFO   mlApplicationContext  Bean factory for application context [org.springframework.context.support.FileSystemXmlApplicationContext@e34726]: org.springframework.beans.factory.support.DefaultListableBeanFactory@6d3b92
[5/26/2009, 10:34:27:768] DEBUG  mlApplicationContext  2 beans defined in org.springframework.context.support.FileSystemXmlApplicationContext@e34726: display name [org.springframework.context.support.FileSystemXmlApplicationContext@e34726]; startup date [Tue May 26 10:34:26 MDT 2009]; root of context hierarchy
[5/26/2009, 10:34:27:834] DEBUG  tListableBeanFactory  Ignoring bean class loading failure for bean 'nhinhiemsubscribe'
org.springframework.beans.factory.CannotLoadBeanClassException: Cannot find class [gov.hhs.fha.nhinc.nhinhiem.proxy.subscribe.NhinHiemSubscribeWebServiceProxy] for bean with name 'nhinhiemsubscribe' defined in file [C:\projects\nhinc\Current\Product\Production\Common\Properties\ComponentProxyConfig.xml]; nested exception is java.lang.ClassNotFoundException: gov.hhs.fha.nhinc.nhinhiem.proxy.subscribe.NhinHiemSubscribeWebServiceProxy
	at org.springframework.beans.factory.support.AbstractBeanFactory.resolveBeanClass(AbstractBeanFactory.java:1141)
	at org.springframework.beans.factory.support.AbstractAutowireCapableBeanFactory.predictBeanType(AbstractAutowireCapableBeanFactory.java:524)
	at org.springframework.beans.factory.support.AbstractBeanFactory.isFactoryBean(AbstractBeanFactory.java:1177)
	at org.springframework.beans.factory.support.DefaultListableBeanFactory.getBeanNamesForType(DefaultListableBeanFactory.java:222)
	at org.springframework.context.support.AbstractApplicationContext.invokeBeanFactoryPostProcessors(AbstractApplicationContext.java:505)
	at org.springframework.context.support.AbstractApplicationContext.refresh(AbstractApplicationContext.java:362)
	at org.springframework.context.support.FileSystemXmlApplicationContext.<init>(FileSystemXmlApplicationContext.java:140)
	at org.springframework.context.support.FileSystemXmlApplicationContext.<init>(FileSystemXmlApplicationContext.java:84)
	at gov.hhs.fha.nhinc.policyengine.adapterpip.proxy.AdapterPIPProxyObjectFactory.<clinit>(AdapterPIPProxyObjectFactory.java:43)
	at gov.hhs.fha.nhinc.policyengine.adapterpip.proxy.AdapterPIPProxyObjectFactoryConcreteJavaTest.testAdapterPIPProxyObjectFactory(AdapterPIPProxyObjectFactoryConcreteJavaTest.java:157)
	at sun.reflect.NativeMethodAccessorImpl.invoke0(Native Method)
	at sun.reflect.NativeMethodAccessorImpl.invoke(NativeMethodAccessorImpl.java:39)
	at sun.reflect.DelegatingMethodAccessorImpl.invoke(DelegatingMethodAccessorImpl.java:25)
	at java.lang.reflect.Method.invoke(Method.java:597)
	at org.junit.runners.model.FrameworkMethod$1.runReflectiveCall(FrameworkMethod.java:44)
	at org.junit.internal.runners.model.ReflectiveCallable.run(ReflectiveCallable.java:15)
	at org.junit.runners.model.FrameworkMethod.invokeExplosively(FrameworkMethod.java:41)
	at org.junit.internal.runners.statements.InvokeMethod.evaluate(InvokeMethod.java:20)
	at org.junit.internal.runners.statements.RunBefores.evaluate(RunBefores.java:28)
	at org.junit.internal.runners.statements.RunAfters.evaluate(RunAfters.java:31)
	at org.junit.runners.BlockJUnit4ClassRunner.runChild(BlockJUnit4ClassRunner.java:73)
	at org.junit.runners.BlockJUnit4ClassRunner.runChild(BlockJUnit4ClassRunner.java:46)
	at org.junit.runners.ParentRunner.runChildren(ParentRunner.java:180)
	at org.junit.runners.ParentRunner.access$000(ParentRunner.java:41)
	at org.junit.runners.ParentRunner$1.evaluate(ParentRunner.java:173)
	at org.junit.internal.runners.statements.RunBefores.evaluate(RunBefores.java:28)
	at org.junit.internal.runners.statements.RunAfters.evaluate(RunAfters.java:31)
	at org.junit.runners.ParentRunner.run(ParentRunner.java:220)
	at junit.framework.JUnit4TestAdapter.run(JUnit4TestAdapter.java:39)
	at org.apache.tools.ant.taskdefs.optional.junit.JUnitTestRunner.run(JUnitTestRunner.java:515)
	at org.apache.tools.ant.taskdefs.optional.junit.JUnitTestRunner.launch(JUnitTestRunner.java:1031)
	at org.apache.tools.ant.taskdefs.optional.junit.JUnitTestRunner.main(JUnitTestRunner.java:888)
Caused by: java.lang.ClassNotFoundException: gov.hhs.fha.nhinc.nhinhiem.proxy.subscribe.NhinHiemSubscribeWebServiceProxy
	at java.net.URLClassLoader$1.run(URLClassLoader.java:200)
	at java.security.AccessController.doPrivileged(Native Method)
	at java.net.URLClassLoader.findClass(URLClassLoader.java:188)
	at java.lang.ClassLoader.loadClass(ClassLoader.java:307)
	at sun.misc.Launcher$AppClassLoader.loadClass(Launcher.java:301)
	at java.lang.ClassLoader.loadClass(ClassLoader.java:252)
	at org.springframework.util.ClassUtils.forName(ClassUtils.java:211)
	at org.springframework.beans.factory.support.AbstractBeanDefinition.resolveBeanClass(AbstractBeanDefinition.java:385)
	at org.springframework.beans.factory.support.AbstractBeanFactory.resolveBeanClass(AbstractBeanFactory.java:1138)
	... 31 more
[5/26/2009, 10:34:27:871] DEBUG  tListableBeanFactory  Ignoring bean class loading failure for bean 'nhinhiemsubscribe'
org.springframework.beans.factory.CannotLoadBeanClassException: Cannot find class [gov.hhs.fha.nhinc.nhinhiem.proxy.subscribe.NhinHiemSubscribeWebServiceProxy] for bean with name 'nhinhiemsubscribe' defined in file [C:\projects\nhinc\Current\Product\Production\Common\Properties\ComponentProxyConfig.xml]; nested exception is java.lang.ClassNotFoundException: gov.hhs.fha.nhinc.nhinhiem.proxy.subscribe.NhinHiemSubscribeWebServiceProxy
	at org.springframework.beans.factory.support.AbstractBeanFactory.resolveBeanClass(AbstractBeanFactory.java:1141)
	at org.springframework.beans.factory.support.AbstractAutowireCapableBeanFactory.predictBeanType(AbstractAutowireCapableBeanFactory.java:524)
	at org.springframework.beans.factory.support.AbstractBeanFactory.isFactoryBean(AbstractBeanFactory.java:1177)
	at org.springframework.beans.factory.support.DefaultListableBeanFactory.getBeanNamesForType(DefaultListableBeanFactory.java:222)
	at org.springframework.context.support.AbstractApplicationContext.registerBeanPostProcessors(AbstractApplicationContext.java:563)
	at org.springframework.context.support.AbstractApplicationContext.refresh(AbstractApplicationContext.java:365)
	at org.springframework.context.support.FileSystemXmlApplicationContext.<init>(FileSystemXmlApplicationContext.java:140)
	at org.springframework.context.support.FileSystemXmlApplicationContext.<init>(FileSystemXmlApplicationContext.java:84)
	at gov.hhs.fha.nhinc.policyengine.adapterpip.proxy.AdapterPIPProxyObjectFactory.<clinit>(AdapterPIPProxyObjectFactory.java:43)
	at gov.hhs.fha.nhinc.policyengine.adapterpip.proxy.AdapterPIPProxyObjectFactoryConcreteJavaTest.testAdapterPIPProxyObjectFactory(AdapterPIPProxyObjectFactoryConcreteJavaTest.java:157)
	at sun.reflect.NativeMethodAccessorImpl.invoke0(Native Method)
	at sun.reflect.NativeMethodAccessorImpl.invoke(NativeMethodAccessorImpl.java:39)
	at sun.reflect.DelegatingMethodAccessorImpl.invoke(DelegatingMethodAccessorImpl.java:25)
	at java.lang.reflect.Method.invoke(Method.java:597)
	at org.junit.runners.model.FrameworkMethod$1.runReflectiveCall(FrameworkMethod.java:44)
	at org.junit.internal.runners.model.ReflectiveCallable.run(ReflectiveCallable.java:15)
	at org.junit.runners.model.FrameworkMethod.invokeExplosively(FrameworkMethod.java:41)
	at org.junit.internal.runners.statements.InvokeMethod.evaluate(InvokeMethod.java:20)
	at org.junit.internal.runners.statements.RunBefores.evaluate(RunBefores.java:28)
	at org.junit.internal.runners.statements.RunAfters.evaluate(RunAfters.java:31)
	at org.junit.runners.BlockJUnit4ClassRunner.runChild(BlockJUnit4ClassRunner.java:73)
	at org.junit.runners.BlockJUnit4ClassRunner.runChild(BlockJUnit4ClassRunner.java:46)
	at org.junit.runners.ParentRunner.runChildren(ParentRunner.java:180)
	at org.junit.runners.ParentRunner.access$000(ParentRunner.java:41)
	at org.junit.runners.ParentRunner$1.evaluate(ParentRunner.java:173)
	at org.junit.internal.runners.statements.RunBefores.evaluate(RunBefores.java:28)
	at org.junit.internal.runners.statements.RunAfters.evaluate(RunAfters.java:31)
	at org.junit.runners.ParentRunner.run(ParentRunner.java:220)
	at junit.framework.JUnit4TestAdapter.run(JUnit4TestAdapter.java:39)
	at org.apache.tools.ant.taskdefs.optional.junit.JUnitTestRunner.run(JUnitTestRunner.java:515)
	at org.apache.tools.ant.taskdefs.optional.junit.JUnitTestRunner.launch(JUnitTestRunner.java:1031)
	at org.apache.tools.ant.taskdefs.optional.junit.JUnitTestRunner.main(JUnitTestRunner.java:888)
Caused by: java.lang.ClassNotFoundException: gov.hhs.fha.nhinc.nhinhiem.proxy.subscribe.NhinHiemSubscribeWebServiceProxy
	at java.net.URLClassLoader$1.run(URLClassLoader.java:200)
	at java.security.AccessController.doPrivileged(Native Method)
	at java.net.URLClassLoader.findClass(URLClassLoader.java:188)
	at java.lang.ClassLoader.loadClass(ClassLoader.java:307)
	at sun.misc.Launcher$AppClassLoader.loadClass(Launcher.java:301)
	at java.lang.ClassLoader.loadClass(ClassLoader.java:252)
	at org.springframework.util.ClassUtils.forName(ClassUtils.java:211)
	at org.springframework.beans.factory.support.AbstractBeanDefinition.resolveBeanClass(AbstractBeanDefinition.java:385)
	at org.springframework.beans.factory.support.AbstractBeanFactory.resolveBeanClass(AbstractBeanFactory.java:1138)
	... 31 more
[5/26/2009, 10:34:28:095] DEBUG  mlApplicationContext  Unable to locate MessageSource with name 'messageSource': using default [org.springframework.context.support.DelegatingMessageSource@1015a9e]
[5/26/2009, 10:34:28:117] DEBUG  mlApplicationContext  Unable to locate ApplicationEventMulticaster with name 'applicationEventMulticaster': using default [org.springframework.context.event.SimpleApplicationEventMulticaster@110278e]
[5/26/2009, 10:34:28:133] DEBUG  tListableBeanFactory  Ignoring bean class loading failure for bean 'nhinhiemsubscribe'
org.springframework.beans.factory.CannotLoadBeanClassException: Cannot find class [gov.hhs.fha.nhinc.nhinhiem.proxy.subscribe.NhinHiemSubscribeWebServiceProxy] for bean with name 'nhinhiemsubscribe' defined in file [C:\projects\nhinc\Current\Product\Production\Common\Properties\ComponentProxyConfig.xml]; nested exception is java.lang.ClassNotFoundException: gov.hhs.fha.nhinc.nhinhiem.proxy.subscribe.NhinHiemSubscribeWebServiceProxy
	at org.springframework.beans.factory.support.AbstractBeanFactory.resolveBeanClass(AbstractBeanFactory.java:1141)
	at org.springframework.beans.factory.support.AbstractAutowireCapableBeanFactory.predictBeanType(AbstractAutowireCapableBeanFactory.java:524)
	at org.springframework.beans.factory.support.AbstractBeanFactory.isFactoryBean(AbstractBeanFactory.java:1177)
	at org.springframework.beans.factory.support.DefaultListableBeanFactory.getBeanNamesForType(DefaultListableBeanFactory.java:222)
	at org.springframework.beans.factory.support.DefaultListableBeanFactory.getBeansOfType(DefaultListableBeanFactory.java:303)
	at org.springframework.context.support.AbstractApplicationContext.getBeansOfType(AbstractApplicationContext.java:947)
	at org.springframework.context.support.AbstractApplicationContext.registerListeners(AbstractApplicationContext.java:701)
	at org.springframework.context.support.AbstractApplicationContext.refresh(AbstractApplicationContext.java:377)
	at org.springframework.context.support.FileSystemXmlApplicationContext.<init>(FileSystemXmlApplicationContext.java:140)
	at org.springframework.context.support.FileSystemXmlApplicationContext.<init>(FileSystemXmlApplicationContext.java:84)
	at gov.hhs.fha.nhinc.policyengine.adapterpip.proxy.AdapterPIPProxyObjectFactory.<clinit>(AdapterPIPProxyObjectFactory.java:43)
	at gov.hhs.fha.nhinc.policyengine.adapterpip.proxy.AdapterPIPProxyObjectFactoryConcreteJavaTest.testAdapterPIPProxyObjectFactory(AdapterPIPProxyObjectFactoryConcreteJavaTest.java:157)
	at sun.reflect.NativeMethodAccessorImpl.invoke0(Native Method)
	at sun.reflect.NativeMethodAccessorImpl.invoke(NativeMethodAccessorImpl.java:39)
	at sun.reflect.DelegatingMethodAccessorImpl.invoke(DelegatingMethodAccessorImpl.java:25)
	at java.lang.reflect.Method.invoke(Method.java:597)
	at org.junit.runners.model.FrameworkMethod$1.runReflectiveCall(FrameworkMethod.java:44)
	at org.junit.internal.runners.model.ReflectiveCallable.run(ReflectiveCallable.java:15)
	at org.junit.runners.model.FrameworkMethod.invokeExplosively(FrameworkMethod.java:41)
	at org.junit.internal.runners.statements.InvokeMethod.evaluate(InvokeMethod.java:20)
	at org.junit.internal.runners.statements.RunBefores.evaluate(RunBefores.java:28)
	at org.junit.internal.runners.statements.RunAfters.evaluate(RunAfters.java:31)
	at org.junit.runners.BlockJUnit4ClassRunner.runChild(BlockJUnit4ClassRunner.java:73)
	at org.junit.runners.BlockJUnit4ClassRunner.runChild(BlockJUnit4ClassRunner.java:46)
	at org.junit.runners.ParentRunner.runChildren(ParentRunner.java:180)
	at org.junit.runners.ParentRunner.access$000(ParentRunner.java:41)
	at org.junit.runners.ParentRunner$1.evaluate(ParentRunner.java:173)
	at org.junit.internal.runners.statements.RunBefores.evaluate(RunBefores.java:28)
	at org.junit.internal.runners.statements.RunAfters.evaluate(RunAfters.java:31)
	at org.junit.runners.ParentRunner.run(ParentRunner.java:220)
	at junit.framework.JUnit4TestAdapter.run(JUnit4TestAdapter.java:39)
	at org.apache.tools.ant.taskdefs.optional.junit.JUnitTestRunner.run(JUnitTestRunner.java:515)
	at org.apache.tools.ant.taskdefs.optional.junit.JUnitTestRunner.launch(JUnitTestRunner.java:1031)
	at org.apache.tools.ant.taskdefs.optional.junit.JUnitTestRunner.main(JUnitTestRunner.java:888)
Caused by: java.lang.ClassNotFoundException: gov.hhs.fha.nhinc.nhinhiem.proxy.subscribe.NhinHiemSubscribeWebServiceProxy
	at java.net.URLClassLoader$1.run(URLClassLoader.java:200)
	at java.security.AccessController.doPrivileged(Native Method)
	at java.net.URLClassLoader.findClass(URLClassLoader.java:188)
	at java.lang.ClassLoader.loadClass(ClassLoader.java:307)
	at sun.misc.Launcher$AppClassLoader.loadClass(Launcher.java:301)
	at java.lang.ClassLoader.loadClass(ClassLoader.java:252)
	at org.springframework.util.ClassUtils.forName(ClassUtils.java:211)
	at org.springframework.beans.factory.support.AbstractBeanDefinition.resolveBeanClass(AbstractBeanDefinition.java:385)
	at org.springframework.beans.factory.support.AbstractBeanFactory.resolveBeanClass(AbstractBeanFactory.java:1138)
	... 33 more
[5/26/2009, 10:34:28:151] INFO   tListableBeanFactory  Pre-instantiating singletons in org.springframework.beans.factory.support.DefaultListableBeanFactory@6d3b92: defining beans [adapterpip,nhinhiemsubscribe]; root of factory hierarchy
[5/26/2009, 10:34:28:153] TRACE  mlApplicationContext  Publishing event in context [org.springframework.context.support.FileSystemXmlApplicationContext@e34726]: org.springframework.context.event.ContextRefreshedEvent[source=org.springframework.context.support.FileSystemXmlApplicationContext@e34726: display name [org.springframework.context.support.FileSystemXmlApplicationContext@e34726]; startup date [Tue May 26 10:34:26 MDT 2009]; root of context hierarchy]
[5/26/2009, 10:34:28:751] DEBUG  tListableBeanFactory  Creating shared instance of singleton bean 'adapterpip'
[5/26/2009, 10:34:28:757] DEBUG  tListableBeanFactory  Creating instance of bean 'adapterpip'
[5/26/2009, 10:34:28:869] DEBUG  tListableBeanFactory  Eagerly caching bean 'adapterpip' to allow for resolving potential circular references
[5/26/2009, 10:34:28:875] DEBUG  tListableBeanFactory  Finished creating instance of bean 'adapterpip'
Begin testRetrievePtConsentByPtId
[5/26/2009, 10:36:12:884] INFO   nnectionManagerCache  Attempting to retrieve property: localHomeCommunityId from property file: gateway
[5/26/2009, 10:36:12:905] INFO   nnectionManagerCache  Retrieve local home community id: 1.1
[5/26/2009, 10:36:12:935] DEBUG  nnectionManagerCache  Setting internal connection cache to be: 
<?xml version="1.0" encoding="UTF-8"?>
<InternalConnectionInfos>
	<internalConnectionInfo>
		<homeCommunityId>1.1</homeCommunityId>
		<name>DoD</name>
		<description>DoD Description</description>
		<services>
			<service>
				<name>subjectdiscovery</name>
				<description>subjectdiscovery</description>
				<endpointURL>https://localhost:8181/PIXConsumer_Service/SubjectDiscovery</endpointURL>
			</service>
			<service>
				<name>nhincsubjectdiscovery</name>
				<description>NHIN-CONNECT Internal Subject Discovery</description>
				<endpointURL>http://localhost:9080/NhinConnect/NhincSubjectDiscovery</endpointURL>
			</service>
			<service>
				<name>documentquery</name>
				<description>documentquery</description>
				<endpointURL>https://localhost:8181/RespondingGateway_Query_Service/DocQuery</endpointURL>
			</service>
			<service>
				<name>nhincdocumentquery</name>
				<description>NHIN-CONNECT Internal Document Query</description>
				<endpointURL>http://localhost:9080/NhinConnect/NhincDocQuery</endpointURL>
			</service>
			<service>
				<name>documentretrieve</name>
				<description>documentretrieve</description>
				<endpointURL>https://localhost:8181/RespondingGateway_Retrieve_Service/DocRetrieve</endpointURL>
			</service>
			<service>
				<name>nhincdocumentretrieve</name>
				<description>NHIN-CONNECT Internal Document Retrieve</description>
				<endpointURL>http://localhost:9080/NhinConnect/NhincDocRetrieve</endpointURL>
			</service>
			<service>
				<name>auditquery</name>
				<description>auditquery</description>
				<endpointURL>https://localhost:8181/findAuditEvents/AuditQuery</endpointURL>
			</service>
			<service>
				<name>notificationproducer</name>
				<description>notificationproducer</description>
				<endpointURL>https://localhost:8181/NotificationProducerService/HiemSubscription</endpointURL>
			</service>
			<service>
				<name>nhincnotificationproducer</name>
				<description>notificationproducer</description>
				<endpointURL>http://localhost:9080/NhinConnect/NhincNotificationProducer</endpointURL>
			</service>
			<service>
				<name>notificationconsumer</name>
				<description>HIEM Notify</description>
				<endpointURL>https://localhost:8181/NotificationConsumerService/HiemNotify</endpointURL>
			</service>
			<service>
				<name>nhincnotificationconsumer</name>
				<description>HIEM Notify</description>
				<endpointURL>http://localhost:9080/NhinConnect/NhincNotificationConsumer</endpointURL>
			</service>
			<service>
				<name>subscriptionmanager</name>
				<description>HIEM Unsubscribe</description>
				<endpointURL>https://localhost:8181/SubscriptionManagerService/HiemUnsubscribe</endpointURL>
			</service>
			<service>
				<name>nhincsubscriptionmanager</name>
				<description>HIEM Unsubscribe</description>
				<endpointURL>http://localhost:9080/NhinConnect/NhincSubscriptionManager</endpointURL>
			</service>
			<service>
				<name>agencynotificationconsumer</name>
				<description>agencynotificationconsumer</description>
				<endpointURL>http://localhost:9081/SubscriptionManager/SubscriptionManagerPort</endpointURL>
			</service>
			<service>
				<name>agencysubscription</name>
				<description>agencysubscription</description>
				<endpointURL>http://localhost:9080/AdapterSubscriptionService/AdapterSubscriptionPort</endpointURL>
			</service>
			<service>
				<name>patientcorrelation</name>
				<description>Patient Correlation Service</description>
				<endpointURL>http://localhost:8080/PatientCorrelationService</endpointURL>
			</service>
			<service>
				<name>auditrepository</name>
				<description>Audit Repository</description>
				<endpointURL>http://localhost:8080/NhinConnect/AuditRepositoryManagerService</endpointURL>
			</service>
			<service>
				<name>auditrepositorymanager</name>
				<description>auditrepositorymanager</description>
				<endpointURL>http://localhost:8080/NhinConnect/AuditRepositoryManagerService</endpointURL>
			</service>
			<service>
				<name>policyengineservice</name>
				<description>Policy Engine Service</description>
				<endpointURL>http://localhost:9080/NhinConnect/AdapterPolicyEngine</endpointURL>
			</service>
			<service>
				<name>adapterdocretrieve</name>
				<description>Adapter Document Query</description>
				<endpointURL>http://localhost:9080/NhinConnect/AdapterDocRetrieve</endpointURL>
			</service>
			<service>
				<name>adapterdocquery</name>
				<description>Adapter Document Query</description>
				<endpointURL>http://localhost:9080/NhinConnect/AdapterDocQuery</endpointURL>
			</service>
			<service>
				<name>mpi</name>
				<description>Master Patient Index</description>
				<endpointURL>http://localhost:8080/NhinConnect/AdapterMpiService</endpointURL>
			</service>
			<service>
				<name>adapterreidentificationservice</name>
				<description>adapterreidentificationservice</description>
				<endpointURL>http://localhost:8080/NhinConnect/AdapterReidentification</endpointURL>
			</service>
			<service>
				<name>adapternotificationproducercdcbiopackage</name>
				<description>Adapter HIEM Subscribe for CDC Bio Package</description>
				<endpointURL>http://localhost:9080/NhinConnect/AdapterNotificationProducer</endpointURL>
			</service>
			<service>
				<name>adapternotificationproducerdocument</name>
				<description>Adapter HIEM Subscribe for Documents</description>
				<endpointURL>http://localhost:9080/NhinConnect/AdapterNotificationProducer</endpointURL>
			</service>
			<service>
				<name>adapternotificationconsumer</name>
				<description>Adapter HIEM Subscribe for Documents</description>
				<endpointURL>http://localhost:9080/NhinConnect/AdapterNotificationConsumer</endpointURL>
			</service>
			<service>
				<name>policyenginedte</name>
				<description>policyenginedte</description>
				<endpointURL>http://localhost:8080/NhinConnect/PolicyEngineGatewayTransformationService</endpointURL>
			</service>
			<service>
				<name>policyenginefacade</name>
				<description>policyenginefacade</description>
				<endpointURL>http://localhost:8080/NhinConnect/PolicyEngineFacadeService</endpointURL>
			</service>
			<service>
				<name>auditlog</name>
				<description>auditlog</description>
				<endpointURL>http://localhost:8080/NhinConnect/NhincComponentInternalAuditRepositoryService</endpointURL>
			</service>
			<service>
				<name>mocknotificationconsumer</name>
				<description>mocknotificationconsumer</description>
				<endpointURL>http://localhost:18080/nhincNotificationMock</endpointURL>
			</service>
			<service>
				<name>mocknotificationproducer</name>
				<description>mocknotificationconsumer</description>
				<endpointURL>http://localhost:18080/nhincSubscriptionMock</endpointURL>
			</service>
			<service>				<name>adapterxdsbdocrepository</name>				<description>Adapter Document Retrieve</description>				<endpointURL>http://localhost:8080/DocumentRepository_Service</endpointURL><!--				<endpointURL>http://192.168.25.94:9080/axis2/services/xdsrepositoryb</endpointURL> -->			</service>			<service>				<name>adapterxdsbdocregistry</name>				<description>Adapter Document Query</description>			<endpointURL>http://localhost:8080/DocumentRegistry_Service</endpointURL> <!--				<endpointURL>http://192.168.25.94:9080/axis2/services/xdsregistryb</endpointURL> -->			</service>			<service>
				<name>adapternotificationproducerpassthrough</name>
				<description>adapternotificationproducerpassthrough</description>
				<endpointURL>http://localhost:18080/nhincSubscriptionMock</endpointURL>
			</service>
		</services>
	</internalConnectionInfo>
	<internalConnectionInfo>
		<homeCommunityId>2.2</homeCommunityId>
		<name>DoD</name>
		<description>DoD Description</description>
		<services>
			<service>
				<name>subjectdiscovery</name>
				<description>subjectdiscovery</description>
				<endpointURL>https://localhost:8181/PIXConsumer_Service/SubjectDiscovery</endpointURL>
			</service>
			<service>
				<name>nhincsubjectdiscovery</name>
				<description>NHIN-CONNECT Internal Subject Discovery</description>
				<endpointURL>http://localhost:9080/NhinConnect/NhincSubjectDiscovery</endpointURL>
			</service>
			<service>
				<name>documentquery</name>
				<description>documentquery</description>
				<endpointURL>https://localhost:8181/RespondingGateway_Query_Service/DocQuery</endpointURL>
			</service>
			<service>
				<name>nhincdocumentquery</name>
				<description>NHIN-CONNECT Internal Document Query</description>
				<endpointURL>http://localhost:9080/NhinConnect/NhincDocQuery</endpointURL>
			</service>
			<service>
				<name>documentretrieve</name>
				<description>documentretrieve</description>
				<endpointURL>https://localhost:8181/RespondingGateway_Retrieve_Service/DocRetrieve</endpointURL>
			</service>
			<service>
				<name>nhincdocumentretrieve</name>
				<description>NHIN-CONNECT Internal Document Retrieve</description>
				<endpointURL>http://localhost:9080/NhinConnect/NhincDocRetrieve</endpointURL>
			</service>
			<service>
				<name>auditquery</name>
				<description>auditquery</description>
				<endpointURL>https://localhost:8181/findAuditEvents/AuditQuery</endpointURL>
			</service>
			<service>
				<name>notificationproducer</name>
				<description>notificationproducer</description>
				<endpointURL>https://localhost:8181/NotificationProducerService/HiemSubscription</endpointURL>
			</service>
			<service>
				<name>nhincnotificationproducer</name>
				<description>notificationproducer</description>
				<endpointURL>http://localhost:9080/NhinConnect/NhincNotificationProducer</endpointURL>
			</service>
			<service>
				<name>notificationconsumer</name>
				<description>HIEM Notify</description>
				<endpointURL>https://localhost:8181/NotificationConsumerService/HiemNotify</endpointURL>
			</service>
			<service>
				<name>nhincnotificationconsumer</name>
				<description>HIEM Notify</description>
				<endpointURL>http://localhost:9080/NhinConnect/NhincNotificationConsumer</endpointURL>
			</service>
			<service>
				<name>subscriptionmanager</name>
				<description>HIEM Unsubscribe</description>
				<endpointURL>https://localhost:8181/SubscriptionManagerService/HiemUnsubscribe</endpointURL>
			</service>
			<service>
				<name>nhincsubscriptionmanager</name>
				<description>HIEM Unsubscribe</description>
				<endpointURL>http://localhost:9080/NhinConnect/NhincSubscriptionManager</endpointURL>
			</service>
			<service>
				<name>agencynotificationconsumer</name>
				<description>agencynotificationconsumer</description>
				<endpointURL>http://localhost:9081/SubscriptionManager/SubscriptionManagerPort</endpointURL>
			</service>
			<service>
				<name>agencysubscription</name>
				<description>agencysubscription</description>
				<endpointURL>http://localhost:9080/AdapterSubscriptionService/AdapterSubscriptionPort</endpointURL>
			</service>
			<service>
				<name>patientcorrelation</name>
				<description>Patient Correlation Service</description>
				<endpointURL>http://localhost:8080/PatientCorrelationService</endpointURL>
			</service>
			<service>
				<name>auditrepository</name>
				<description>Audit Repository</description>
				<endpointURL>http://localhost:8080/NhinConnect/AuditRepositoryManagerService</endpointURL>
			</service>
			<service>
				<name>auditrepositorymanager</name>
				<description>auditrepositorymanager</description>
				<endpointURL>http://localhost:8080/NhinConnect/AuditRepositoryManagerService</endpointURL>
			</service>
			<service>
				<name>policyengineservice</name>
				<description>Policy Engine Service</description>
				<endpointURL>http://localhost:9080/NhinConnect/AdapterPolicyEngine</endpointURL>
			</service>
			<service>
				<name>adapterdocretrieve</name>
				<description>Adapter Document Query</description>
				<endpointURL>http://localhost:9080/NhinConnect/AdapterDocRetrieve</endpointURL>
			</service>
			<service>
				<name>adapterdocquery</name>
				<description>Adapter Document Query</description>
				<endpointURL>http://localhost:9080/NhinConnect/AdapterDocQuery</endpointURL>
			</service>
			<service>
				<name>mpi</name>
				<description>Master Patient Index</description>
				<endpointURL>http://localhost:8080/NhinConnect/AdapterMpiService</endpointURL>
			</service>
			<service>
				<name>adapterreidentificationservice</name>
				<description>adapterreidentificationservice</description>
				<endpointURL>http://localhost:8080/NhinConnect/AdapterReidentification</endpointURL>
			</service>
			<service>
				<name>adapternotificationproducercdcbiopackage</name>
				<description>Adapter HIEM Subscribe for CDC Bio Package</description>
				<endpointURL>http://localhost:9080/NhinConnect/AdapterNotificationProducer</endpointURL>
			</service>
			<service>
				<name>adapternotificationproducerdocument</name>
				<description>Adapter HIEM Subscribe for Documents</description>
				<endpointURL>http://localhost:9080/NhinConnect/AdapterNotificationProducer</endpointURL>
			</service>
			<service>
				<name>adapternotificationconsumer</name>
				<description>Adapter HIEM Subscribe for Documents</description>
				<endpointURL>http://localhost:9080/NhinConnect/AdapterNotificationConsumer</endpointURL>
			</service>
			<service>
				<name>policyenginedte</name>
				<description>policyenginedte</description>
				<endpointURL>http://localhost:8080/NhinConnect/PolicyEngineGatewayTransformationService</endpointURL>
			</service>
			<service>
				<name>policyenginefacade</name>
				<description>policyenginefacade</description>
				<endpointURL>http://localhost:8080/NhinConnect/PolicyEngineFacadeService</endpointURL>
			</service>
			<service>
				<name>auditlog</name>
				<description>auditlog</description>
				<endpointURL>http://localhost:8080/NhinConnect/NhincComponentInternalAuditRepositoryService</endpointURL>
			</service>
			<service>
				<name>adapterxdsbdocrepository</name>
				<description>Adapter Document Retrieve</description>
				<endpointURL>http://localhost:8080/DocumentRepository_Service</endpointURL>
<!--				<endpointURL>http://192.168.25.94:9080/axis2/services/xdsrepositoryb</endpointURL> -->
			</service>
			<service>
				<name>adapterxdsbdocregistry</name>
				<description>Adapter Document Query</description>
			<endpointURL>http://localhost:8080/DocumentRegistry_Service</endpointURL> 
<!--				<endpointURL>http://192.168.25.94:9080/axis2/services/xdsregistryb</endpointURL> -->
			</service>
		</services>
	</internalConnectionInfo>
	<internalConnectionInfo>
		<homeCommunityId>3.3</homeCommunityId>
		<name>Interface Test Harness</name>
		<description>Interface Test Harness</description>
		<services>
			<service>
				<name>notificationproducer</name>
				<description>notificationproducer</description>
				<endpointURL>https://localhost:8181/NotificationProducerService/HiemSubscriptionTestHelper</endpointURL>
			</service>
		</services>
	</internalConnectionInfo>
	<internalConnectionInfo>
		<homeCommunityId>1.19.6.24.109.42.1.3</homeCommunityId>
		<name>NISTXDS</name>
		<description>NIST XDS Repository</description>
		<services>
			<service>
				<name>adapterxdsbdocrepository</name>
				<description>Adapter Document Retrieve</description>
				<endpointURL>http://192.168.25.94:9080/axis2/services/xdsrepositoryb</endpointURL>
			</service>
			<service>
				<name>adapterxdsbdocregistry</name>
				<description>Adapter Document Query</description>
				<endpointURL>http://192.168.25.94:9080/axis2/services/xdsregistryb</endpointURL>
			</service>
		</services>
	</internalConnectionInfo>
</InternalConnectionInfos>

[5/26/2009, 10:36:14:624] DEBUG  nnectionManagerCache  Setting UDDI cache to be: 
<UDDIConnectionInfo>
  <businessEntities>
    <businessEntity businessKey="uddi:nhinregistry:b9823daf-38fc-4efe-bd28-4dc77d0621b8">
      <names>
        <businessName>Bloomington Hospital</businessName>
      </names>
      <descriptions>
        <businessDescription>Health Information Exchange in the Bloomington Hospital region</businessDescription>
      </descriptions>
      <homeCommunityId>2.16.840.1.113883.13.25</homeCommunityId>
      <federalHIE>false</federalHIE>
      <publicKeyURI></publicKeyURI>
      <businessServices>
        <businessService serviceKey="uddi:nhinregistry:1b2bf2ec-cb74-4584-9b16-f107534123dc">
          <names>
            <name>Subject Discovery Service</name>
          </names>
          <descriptions>
            <description>Service to perform subject discovery over NHIN</description>
          </descriptions>
          <uniformServiceName>subjectdiscovery</uniformServiceName>
          <serviceVersion>2.0</serviceVersion>
          <internalWebService>false</internalWebService>
          <bindingTemplates>
            <bindingTemplate bindingKey="">
              <endpointURL>https://nhinhealthlinc.org/nhinsubjectdiscovery/service</endpointURL>
              <wsdlURL></wsdlURL>
            </bindingTemplate>
          </bindingTemplates>
        </businessService>
        <businessService serviceKey="uddi:nhinregistry:2333ead1-9c5d-4c60-b79a-b0d5231e3192">
          <names>
            <name>Subscription Notification Service</name>
          </names>
          <descriptions>
            <description>Service to receive notification for a change in consumer preference as well as change in patients documents.</description>
          </descriptions>
          <uniformServiceName>agencynotificationconsumer</uniformServiceName>
          <serviceVersion>1.0</serviceVersion>
          <internalWebService>false</internalWebService>
          <bindingTemplates>
            <bindingTemplate bindingKey="">
              <endpointURL>http://localhost:9081/SubscriptionManager/SubscriptionManagerPort</endpointURL>
              <wsdlURL></wsdlURL>
            </bindingTemplate>
          </bindingTemplates>
        </businessService>
        <businessService serviceKey="uddi:nhinregistry:9ed1263c-c997-492e-99a3-a6f3f1d9e9a0">
          <names>
            <name>Audit Log Query Service</name>
          </names>
          <descriptions>
            <description>Service to retrieve audit events for a given date range</description>
          </descriptions>
          <uniformServiceName>auditquery</uniformServiceName>
          <serviceVersion>1.0</serviceVersion>
          <internalWebService>false</internalWebService>
          <bindingTemplates>
            <bindingTemplate bindingKey="">
              <endpointURL>https://nhinhealthlinc.org/nhinaudit/query</endpointURL>
              <wsdlURL></wsdlURL>
            </bindingTemplate>
          </bindingTemplates>
        </businessService>
        <businessService serviceKey="uddi:nhinregistry:abae5690-6a80-4243-aef0-2b5e4bbc38ee">
          <names>
            <name>Document Query Service</name>
          </names>
          <descriptions>
            <description>Service to query for documents</description>
          </descriptions>
          <uniformServiceName>documentquery</uniformServiceName>
          <serviceVersion>1.0</serviceVersion>
          <internalWebService>false</internalWebService>
          <bindingTemplates>
            <bindingTemplate bindingKey="">
              <endpointURL>https://nhinhealthlinc.org/nhinxca/respondinggateway</endpointURL>
              <wsdlURL></wsdlURL>
            </bindingTemplate>
          </bindingTemplates>
        </businessService>
        <businessService serviceKey="uddi:nhinregistry:ad9b5cf7-78c6-477e-addc-fef6e668d0e9">
          <names>
            <name>Document Retrieve Service</name>
          </names>
          <descriptions>
            <description>Service to retrieve document(s)</description>
          </descriptions>
          <uniformServiceName>documentretrieve</uniformServiceName>
          <serviceVersion>1.0</serviceVersion>
          <internalWebService>false</internalWebService>
          <bindingTemplates>
            <bindingTemplate bindingKey="">
              <endpointURL>https://nhinhealthlinc.org/nhinxca/respondinggateway</endpointURL>
              <wsdlURL></wsdlURL>
            </bindingTemplate>
          </bindingTemplates>
        </businessService>
      </businessServices>
    </businessEntity>
    <businessEntity businessKey="uddi:nhinregistry:28be7f18-1e33-47ea-a123-0066534181ad">
      <names>
        <businessName>CareSpark</businessName>
        <businessName>CareSpark RHIO</businessName>
      </names>
      <descriptions>
        <businessDescription>Health Information Exchange in the Tennessee region</businessDescription>
      </descriptions>
      <homeCommunityId>2.16.840.1.113883.3.166.4</homeCommunityId>
      <federalHIE>false</federalHIE>
      <publicKeyURI></publicKeyURI>
      <businessServices>
        <businessService serviceKey="uddi:nhinregistry:61daa2ed-7b02-4c74-b6b5-3746847d00b0">
          <names>
            <name>Document Query Service</name>
          </names>
          <descriptions>
            <description>Service to query for documents</description>
          </descriptions>
          <uniformServiceName>documentquery</uniformServiceName>
          <serviceVersion>1.0</serviceVersion>
          <internalWebService>false</internalWebService>
          <bindingTemplates>
            <bindingTemplate bindingKey="">
              <endpointURL>https://csnhintiapps03.cgifederal.com:6151/RespondingGateway_Service/CSNHIESSLOnlyCrossGatewayService</endpointURL>
              <wsdlURL></wsdlURL>
            </bindingTemplate>
          </bindingTemplates>
        </businessService>
        <businessService serviceKey="uddi:nhinregistry:654dd74d-5bf7-4b34-8c31-7cd0d176d19e">
          <names>
            <name>Subscription Notification Service</name>
          </names>
          <descriptions>
            <description>Service to receive notification for a change in consumer preference as well as change in patients documents.</description>
          </descriptions>
          <uniformServiceName>agencynotificationconsumer</uniformServiceName>
          <serviceVersion>1.0</serviceVersion>
          <internalWebService>false</internalWebService>
          <bindingTemplates>
            <bindingTemplate bindingKey="">
              <endpointURL>http://localhost:9081/SubscriptionManager/SubscriptionManagerPort</endpointURL>
              <wsdlURL></wsdlURL>
            </bindingTemplate>
          </bindingTemplates>
        </businessService>
        <businessService serviceKey="uddi:nhinregistry:9fd3cd35-0c3c-4a23-9e6a-d4aa8451b64a">
          <names>
            <name>UDDI Subscription Listener</name>
          </names>
          <uniformServiceName>UDDISubscriptionListenerService</uniformServiceName>
          <serviceVersion></serviceVersion>
          <internalWebService>false</internalWebService>
          <bindingTemplates>
            <bindingTemplate bindingKey="">
              <endpointURL>http://192.168.98.28:5050/NHIE_SubscriptionListener/UDDISubscriptionListenerService</endpointURL>
              <wsdlURL></wsdlURL>
            </bindingTemplate>
          </bindingTemplates>
        </businessService>
        <businessService serviceKey="uddi:nhinregistry:aefc912a-4f9f-408e-a632-01f8983b37ab">
          <names>
            <name>Audit Log Query Service</name>
          </names>
          <descriptions>
            <description>Service to retrieve audit events for a given date range</description>
          </descriptions>
          <uniformServiceName>auditquery</uniformServiceName>
          <serviceVersion>1.0</serviceVersion>
          <internalWebService>false</internalWebService>
          <bindingTemplates>
            <bindingTemplate bindingKey="">
              <endpointURL>https://csnhintiapps03.cgifederal.com:6151/AuditLogQueryService/AuditLogQuerySecure</endpointURL>
              <wsdlURL></wsdlURL>
            </bindingTemplate>
          </bindingTemplates>
        </businessService>
        <businessService serviceKey="uddi:nhinregistry:cddfb0c8-3a28-475a-9ca6-2872400c2570">
          <names>
            <name>Subject Discovery Service</name>
          </names>
          <descriptions>
            <description>Service to perform subject discovery over NHIN</description>
          </descriptions>
          <uniformServiceName>subjectdiscovery</uniformServiceName>
          <serviceVersion>2.0</serviceVersion>
          <internalWebService>false</internalWebService>
          <bindingTemplates>
            <bindingTemplate bindingKey="">
              <endpointURL>https://csnhintiapps03.cgifederal.com:6151/SubjectDiscoveryRespondingGatewayService/SubjectDiscoveryRespondingGatewayPort</endpointURL>
              <wsdlURL></wsdlURL>
            </bindingTemplate>
          </bindingTemplates>
        </businessService>
        <businessService serviceKey="uddi:nhinregistry:e7962572-40e3-4c1a-b319-4e43f29cd86e">
          <names>
            <name>Document Retrieve Service</name>
          </names>
          <descriptions>
            <description>Service to retrieve document(s)</description>
          </descriptions>
          <uniformServiceName>documentretrieve</uniformServiceName>
          <serviceVersion>1.0</serviceVersion>
          <internalWebService>false</internalWebService>
          <bindingTemplates>
            <bindingTemplate bindingKey="">
              <endpointURL>https://csnhintiapps03.cgifederal.com:6151/RespondingGateway_Service/CSNHIESSLOnlyCrossGatewayService</endpointURL>
              <wsdlURL></wsdlURL>
            </bindingTemplate>
          </bindingTemplates>
        </businessService>
      </businessServices>
    </businessEntity>
    <businessEntity businessKey="uddi:nhinregistry:b22b5c83-305e-41c2-99c5-e30eb983c4fd">
      <names>
        <businessName>Cleveland Clinic</businessName>
      </names>
      <descriptions>
        <businessDescription>Health Information Exchange in the Cleveland Clinic region</businessDescription>
      </descriptions>
      <homeCommunityId>2.16.840.1.113883.3.192</homeCommunityId>
      <federalHIE>false</federalHIE>
      <publicKeyURI></publicKeyURI>
      <businessServices>
        <businessService serviceKey="uddi:nhinregistry:2fb0dca3-ead6-4f27-bcd9-9a353821b843">
          <names>
            <name>Subscription Notification Service</name>
          </names>
          <descriptions>
            <description>Service to receive notification for a change in consumer preference as well as change in patients documents.</description>
          </descriptions>
          <uniformServiceName>agencynotificationconsumer</uniformServiceName>
          <serviceVersion>1.0</serviceVersion>
          <internalWebService>false</internalWebService>
          <bindingTemplates>
            <bindingTemplate bindingKey="">
              <endpointURL>http://localhost:9081/SubscriptionManager/SubscriptionManagerPort</endpointURL>
              <wsdlURL></wsdlURL>
            </bindingTemplate>
          </bindingTemplates>
        </businessService>
        <businessService serviceKey="uddi:nhinregistry:37cc817d-55fb-4023-a314-2040d8fbf283">
          <names>
            <name>Document Retrieve Service</name>
          </names>
          <descriptions>
            <description>Service to retrieve document(s)</description>
          </descriptions>
          <uniformServiceName>documentretrieve</uniformServiceName>
          <serviceVersion>1.0</serviceVersion>
          <internalWebService>false</internalWebService>
          <bindingTemplates>
            <bindingTemplate bindingKey="">
              <endpointURL>https://appserver2.ng-nhin.com/nghie/CrossGateway</endpointURL>
              <wsdlURL></wsdlURL>
            </bindingTemplate>
          </bindingTemplates>
        </businessService>
        <businessService serviceKey="uddi:nhinregistry:3bbe17d6-7627-4848-bef9-00c980ba4f7a">
          <names>
            <name>Audit Log Query Service</name>
          </names>
          <descriptions>
            <description>Service to retrieve audit events for a given date range</description>
          </descriptions>
          <uniformServiceName>auditquery</uniformServiceName>
          <serviceVersion>1.0</serviceVersion>
          <internalWebService>false</internalWebService>
          <bindingTemplates>
            <bindingTemplate bindingKey="">
              <endpointURL>https://appserver2.ng-nhin.com/nghie/AuditLogQuery</endpointURL>
              <wsdlURL></wsdlURL>
            </bindingTemplate>
          </bindingTemplates>
        </businessService>
        <businessService serviceKey="uddi:nhinregistry:9cee001d-7335-4681-bc6c-7154c413b6ec">
          <names>
            <name>Document Query Service</name>
          </names>
          <descriptions>
            <description>Service to query for documents</description>
          </descriptions>
          <uniformServiceName>documentquery</uniformServiceName>
          <serviceVersion>1.0</serviceVersion>
          <internalWebService>false</internalWebService>
          <bindingTemplates>
            <bindingTemplate bindingKey="">
              <endpointURL>https://appserver2.ng-nhin.com/nghie/CrossGateway</endpointURL>
              <wsdlURL></wsdlURL>
            </bindingTemplate>
          </bindingTemplates>
        </businessService>
        <businessService serviceKey="uddi:nhinregistry:a98be2db-2f5b-448e-887c-756714534cb8">
          <names>
            <name>Subject Discovery Service</name>
          </names>
          <descriptions>
            <description>Service to perform subject discovery over NHIN</description>
          </descriptions>
          <uniformServiceName>subjectdiscovery</uniformServiceName>
          <serviceVersion>2.0</serviceVersion>
          <internalWebService>false</internalWebService>
          <bindingTemplates>
            <bindingTemplate bindingKey="">
              <endpointURL>https://appserver2.ng-nhin.com/nghie/PIXConsumer</endpointURL>
              <wsdlURL></wsdlURL>
            </bindingTemplate>
          </bindingTemplates>
        </businessService>
      </businessServices>
    </businessEntity>
    <businessEntity businessKey="uddi:nhinregistry:1de94c92-d808-4cf8-a9fa-61b5cce099ed">
      <names>
        <businessName>Community Health Information Collaborative (CHIC)</businessName>
      </names>
      <descriptions>
        <businessDescription>Health Information Exchange in the CHIC RHIO</businessDescription>
      </descriptions>
      <homeCommunityId>1.3.6.1.4.1.31523</homeCommunityId>
      <federalHIE>false</federalHIE>
      <publicKeyURI></publicKeyURI>
      <businessServices>
        <businessService serviceKey="uddi:nhinregistry:30abaa18-ec36-48c9-b173-38f36cf5b86f">
          <names>
            <name>Audit Log Query Service</name>
          </names>
          <descriptions>
            <description>Service to retrieve audit events for a given date range</description>
          </descriptions>
          <uniformServiceName>auditquery</uniformServiceName>
          <serviceVersion>1.0</serviceVersion>
          <internalWebService>false</internalWebService>
          <bindingTemplates>
            <bindingTemplate bindingKey="">
              <endpointURL>https://nhingate1.rhio.net/audit/AuditLog</endpointURL>
              <wsdlURL></wsdlURL>
            </bindingTemplate>
          </bindingTemplates>
        </businessService>
        <businessService serviceKey="uddi:nhinregistry:815c583e-25a5-4ae0-a27b-341370fc1d68">
          <names>
            <name>Subject Discovery Service</name>
          </names>
          <descriptions>
            <description>Service to perform subject discovery over NHIN</description>
          </descriptions>
          <uniformServiceName>subjectdiscovery</uniformServiceName>
          <serviceVersion>2.0</serviceVersion>
          <internalWebService>false</internalWebService>
          <bindingTemplates>
            <bindingTemplate bindingKey="">
              <endpointURL>https://nhingate1.rhio.net/services/SubjectDiscovery</endpointURL>
              <wsdlURL></wsdlURL>
            </bindingTemplate>
          </bindingTemplates>
        </businessService>
        <businessService serviceKey="uddi:nhinregistry:9382af3f-702a-48e0-8c84-06d129a5c759">
          <names>
            <name>Subscription Notification Service</name>
          </names>
          <descriptions>
            <description>Service to receive notification for a change in consumer preference as well as change in patients documents.</description>
          </descriptions>
          <uniformServiceName>agencynotificationconsumer</uniformServiceName>
          <serviceVersion>1.0</serviceVersion>
          <internalWebService>false</internalWebService>
          <bindingTemplates>
            <bindingTemplate bindingKey="">
              <endpointURL>http://localhost:9081/SubscriptionManager/SubscriptionManagerPort</endpointURL>
              <wsdlURL></wsdlURL>
            </bindingTemplate>
          </bindingTemplates>
        </businessService>
        <businessService serviceKey="uddi:nhinregistry:9c287349-7bd1-4020-bb47-5a744b830178">
          <names>
            <name>Document Query Service</name>
          </names>
          <descriptions>
            <description>Service to query for documents</description>
          </descriptions>
          <uniformServiceName>documentquery</uniformServiceName>
          <serviceVersion>1.0</serviceVersion>
          <internalWebService>false</internalWebService>
          <bindingTemplates>
            <bindingTemplate bindingKey="">
              <endpointURL>https://nhingate1.rhio.net/services/CrossGateway</endpointURL>
              <wsdlURL></wsdlURL>
            </bindingTemplate>
          </bindingTemplates>
        </businessService>
        <businessService serviceKey="uddi:nhinregistry:a4025993-d9c3-4428-98f5-8da3acf87b89">
          <names>
            <name>Document Retrieve Service</name>
          </names>
          <descriptions>
            <description>Service to retrieve document(s)</description>
          </descriptions>
          <uniformServiceName>documentretrieve</uniformServiceName>
          <serviceVersion>1.0</serviceVersion>
          <internalWebService>false</internalWebService>
          <bindingTemplates>
            <bindingTemplate bindingKey="">
              <endpointURL>https://nhingate1.rhio.net/services/CrossGateway</endpointURL>
              <wsdlURL></wsdlURL>
            </bindingTemplate>
          </bindingTemplates>
        </businessService>
      </businessServices>
    </businessEntity>
    <businessEntity businessKey="uddi:nhinregistry:4d8be044-c9f3-4369-bb60-4683f460b0b5">
      <names>
        <businessName>Delaware Health Information Network</businessName>
      </names>
      <descriptions>
        <businessDescription>Health Information Exchange in the Delaware Region</businessDescription>
      </descriptions>
      <homeCommunityId>2.16.840.1.113883.3.185</homeCommunityId>
      <federalHIE>false</federalHIE>
      <publicKeyURI></publicKeyURI>
      <businessServices>
        <businessService serviceKey="uddi:nhinregistry:161e2cb7-45db-41be-b4bc-1355fc4a1e60">
          <names>
            <name>Subscription Notification Service</name>
          </names>
          <descriptions>
            <description>Service to receive notification for a change in consumer preference as well as change in patients documents.</description>
          </descriptions>
          <uniformServiceName>agencynotificationconsumer</uniformServiceName>
          <serviceVersion>1.0</serviceVersion>
          <internalWebService>false</internalWebService>
          <bindingTemplates>
            <bindingTemplate bindingKey="">
              <endpointURL>http://localhost:9081/SubscriptionManager/SubscriptionManagerPort</endpointURL>
              <wsdlURL></wsdlURL>
            </bindingTemplate>
          </bindingTemplates>
        </businessService>
        <businessService serviceKey="uddi:nhinregistry:1ce02397-ac15-48ac-b321-1f34ed70d3c3">
          <names>
            <name>Document Retrieve Service</name>
          </names>
          <descriptions>
            <description>Service to retrieve document(s)</description>
          </descriptions>
          <uniformServiceName>documentretrieve</uniformServiceName>
          <serviceVersion>1.0</serviceVersion>
          <internalWebService>false</internalWebService>
          <bindingTemplates>
            <bindingTemplate bindingKey="">
              <endpointURL>https://test03.denhin.net/CrossGatewayService</endpointURL>
              <wsdlURL></wsdlURL>
            </bindingTemplate>
          </bindingTemplates>
        </businessService>
        <businessService serviceKey="uddi:nhinregistry:53813c41-dad4-42c2-a6e0-e75020282763">
          <names>
            <name>Document Query Service</name>
          </names>
          <descriptions>
            <description>Service to query for documents</description>
          </descriptions>
          <uniformServiceName>documentquery</uniformServiceName>
          <serviceVersion>1.0</serviceVersion>
          <internalWebService>false</internalWebService>
          <bindingTemplates>
            <bindingTemplate bindingKey="">
              <endpointURL>https://test03.denhin.net/CrossGatewayService</endpointURL>
              <wsdlURL></wsdlURL>
            </bindingTemplate>
          </bindingTemplates>
        </businessService>
        <businessService serviceKey="uddi:nhinregistry:5bd599a4-df38-4be7-aa37-ea042988a427">
          <names>
            <name>Audit Log Query Service</name>
          </names>
          <descriptions>
            <description>Service to retrieve audit events for a given date range</description>
          </descriptions>
          <uniformServiceName>auditquery</uniformServiceName>
          <serviceVersion>1.0</serviceVersion>
          <internalWebService>false</internalWebService>
          <bindingTemplates>
            <bindingTemplate bindingKey="">
              <endpointURL>https://test03.denhin.net/AuditLogQueryService</endpointURL>
              <wsdlURL></wsdlURL>
            </bindingTemplate>
          </bindingTemplates>
        </businessService>
        <businessService serviceKey="uddi:nhinregistry:a86797e1-b35c-459e-8002-407f323adb81">
          <names>
            <name>Subject Discovery Service</name>
          </names>
          <descriptions>
            <description>Service to perform subject discovery over NHIN</description>
          </descriptions>
          <uniformServiceName>subjectdiscovery</uniformServiceName>
          <serviceVersion>2.0</serviceVersion>
          <internalWebService>false</internalWebService>
          <bindingTemplates>
            <bindingTemplate bindingKey="">
              <endpointURL>https://test03.denhin.net/SubjectDiscoveryService</endpointURL>
              <wsdlURL></wsdlURL>
            </bindingTemplate>
          </bindingTemplates>
        </businessService>
      </businessServices>
    </businessEntity>
    <businessEntity businessKey="uddi:nhinregistry:07ec6987-f062-4d84-9bab-ab3c6325804b">
      <names>
        <businessName>Federal Agency - DoD</businessName>
      </names>
      <descriptions>
        <businessDescription>Health Information Exchange in the Federal DoD region.</businessDescription>
      </descriptions>
      <homeCommunityId>2.16.840.1.113883.3.198</homeCommunityId>
      <federalHIE>false</federalHIE>
      <publicKeyURI></publicKeyURI>
      <businessServices>
        <businessService serviceKey="uddi:nhinregistry:78e19762-08dc-4389-b1de-ca880026c0d8">
          <names>
            <name>Subscription Notification Service</name>
          </names>
          <descriptions>
            <description>Service to receive notification for a change in consumer preference as well as change in patients documents.</description>
          </descriptions>
          <uniformServiceName>agencynotificationconsumer</uniformServiceName>
          <serviceVersion>1.0</serviceVersion>
          <internalWebService>false</internalWebService>
          <bindingTemplates>
            <bindingTemplate bindingKey="">
              <endpointURL>http://localhost:9081/SubscriptionManager/SubscriptionManagerPort</endpointURL>
              <wsdlURL></wsdlURL>
            </bindingTemplate>
          </bindingTemplates>
        </businessService>
        <businessService serviceKey="uddi:nhinregistry:80cdf3eb-2e1b-4aa5-90ec-49169fff6a60">
          <names>
            <name>Subject Discovery Service</name>
          </names>
          <descriptions>
            <description>Service to perform subject discovery over NHIN</description>
          </descriptions>
          <uniformServiceName>subjectdiscovery</uniformServiceName>
          <serviceVersion>2.0</serviceVersion>
          <internalWebService>false</internalWebService>
          <bindingTemplates>
            <bindingTemplate bindingKey="">
              <endpointURL>https://mhsnhie1.fedsconnect.org:9081/PIXConsumer_Soap11</endpointURL>
              <wsdlURL></wsdlURL>
            </bindingTemplate>
          </bindingTemplates>
        </businessService>
        <businessService serviceKey="uddi:nhinregistry:b4a7a4bd-a659-40dc-bfef-b91807ef24c4">
          <names>
            <name>Document Retrieve Service</name>
          </names>
          <descriptions>
            <description>Service to retrieve document(s)</description>
          </descriptions>
          <uniformServiceName>documentretrieve</uniformServiceName>
          <serviceVersion>1.0</serviceVersion>
          <internalWebService>false</internalWebService>
          <bindingTemplates>
            <bindingTemplate bindingKey="">
              <endpointURL>https://mhsnhie1.fedsconnect.org:9081/RespondingGateway_Retrieve_Service</endpointURL>
              <wsdlURL></wsdlURL>
            </bindingTemplate>
          </bindingTemplates>
        </businessService>
        <businessService serviceKey="uddi:nhinregistry:cf8feb26-d1ca-426c-8fcb-b3490ea358f3">
          <names>
            <name>Audit Log Query Service</name>
          </names>
          <descriptions>
            <description>Service to retrieve audit events for a given date range</description>
          </descriptions>
          <uniformServiceName>auditquery</uniformServiceName>
          <serviceVersion>1.0</serviceVersion>
          <internalWebService>false</internalWebService>
          <bindingTemplates>
            <bindingTemplate bindingKey="">
              <endpointURL>https://mhsnhie1.fedsconnect.org:9081/findAuditEvents/AuditLogQuery</endpointURL>
              <wsdlURL></wsdlURL>
            </bindingTemplate>
          </bindingTemplates>
        </businessService>
        <businessService serviceKey="uddi:nhinregistry:f4820210-1a58-4d2f-a3b5-238b0e52d49f">
          <names>
            <name>Document Query Service</name>
          </names>
          <descriptions>
            <description>Service to query for documents</description>
          </descriptions>
          <uniformServiceName>documentquery</uniformServiceName>
          <serviceVersion>1.0</serviceVersion>
          <internalWebService>false</internalWebService>
          <bindingTemplates>
            <bindingTemplate bindingKey="">
              <endpointURL>https://mhsnhie1.fedsconnect.org:9081/RespondingGateway_Query_Service</endpointURL>
              <wsdlURL></wsdlURL>
            </bindingTemplate>
          </bindingTemplates>
        </businessService>
      </businessServices>
    </businessEntity>
    <businessEntity businessKey="uddi:nhinregistry:30e1250f-4e28-4f05-8e17-47404954eb38">
      <names>
        <businessName>Federal Agency - IHS</businessName>
      </names>
      <descriptions>
        <businessDescription>Health Information Exchange in the Federal IHS region</businessDescription>
      </descriptions>
      <homeCommunityId>2.16.840.1.113883.3.210</homeCommunityId>
      <federalHIE>false</federalHIE>
      <publicKeyURI></publicKeyURI>
      <businessServices>
        <businessService serviceKey="uddi:nhinregistry:2d12b713-cfd5-495f-aaca-9b4b2881a48c">
          <names>
            <name>Subject Discovery Service</name>
          </names>
          <descriptions>
            <description>Service to perform subject discovery over NHIN</description>
          </descriptions>
          <uniformServiceName>subjectdiscovery</uniformServiceName>
          <serviceVersion>2.0</serviceVersion>
          <internalWebService>false</internalWebService>
          <bindingTemplates>
            <bindingTemplate bindingKey="">
              <endpointURL>https://ihsnhie.fedsconnect.org:9081/PIXConsumer_Soap11</endpointURL>
              <wsdlURL></wsdlURL>
            </bindingTemplate>
          </bindingTemplates>
        </businessService>
        <businessService serviceKey="uddi:nhinregistry:c1644763-c2d9-461e-b78a-87bb978ff94b">
          <names>
            <name>Audit Log Query Service</name>
          </names>
          <descriptions>
            <description>Service to retrieve audit events for a given date range</description>
          </descriptions>
          <uniformServiceName>auditquery</uniformServiceName>
          <serviceVersion>1.0</serviceVersion>
          <internalWebService>false</internalWebService>
          <bindingTemplates>
            <bindingTemplate bindingKey="">
              <endpointURL>https://ihsnhie.fedsconnect.org:9081/findAuditEvents/AuditLogQuery</endpointURL>
              <wsdlURL></wsdlURL>
            </bindingTemplate>
          </bindingTemplates>
        </businessService>
        <businessService serviceKey="uddi:nhinregistry:c8d0dd0c-b611-4e5b-9eb7-745fad1ef0ec">
          <names>
            <name>Subscription Notification Service</name>
          </names>
          <descriptions>
            <description>Service to receive notification for a change in consumer preference as well as change in patients documents.</description>
          </descriptions>
          <uniformServiceName>agencynotificationconsumer</uniformServiceName>
          <serviceVersion>1.0</serviceVersion>
          <internalWebService>false</internalWebService>
          <bindingTemplates>
            <bindingTemplate bindingKey="">
              <endpointURL>http://localhost:9081/SubscriptionManager/SubscriptionManagerPort</endpointURL>
              <wsdlURL></wsdlURL>
            </bindingTemplate>
          </bindingTemplates>
        </businessService>
        <businessService serviceKey="uddi:nhinregistry:e50ddc4c-d008-4762-9f30-5fcef8333302">
          <names>
            <name>Document Retrieve Service</name>
          </names>
          <descriptions>
            <description>Service to retrieve document(s)</description>
          </descriptions>
          <uniformServiceName>documentretrieve</uniformServiceName>
          <serviceVersion>1.0</serviceVersion>
          <internalWebService>false</internalWebService>
          <bindingTemplates>
            <bindingTemplate bindingKey="">
              <endpointURL>https://ihsnhie.fedsconnect.org:9081/RespondingGateway_Retrieve_Service</endpointURL>
              <wsdlURL></wsdlURL>
            </bindingTemplate>
          </bindingTemplates>
        </businessService>
        <businessService serviceKey="uddi:nhinregistry:e53391e9-8e79-420b-bd22-d7766709717a">
          <names>
            <name>Document Query Service</name>
          </names>
          <descriptions>
            <description>Service to query for documents</description>
          </descriptions>
          <uniformServiceName>documentquery</uniformServiceName>
          <serviceVersion>1.0</serviceVersion>
          <internalWebService>false</internalWebService>
          <bindingTemplates>
            <bindingTemplate bindingKey="">
              <endpointURL>https://ihsnhie.fedsconnect.org:9081/RespondingGateway_Query_Service</endpointURL>
              <wsdlURL></wsdlURL>
            </bindingTemplate>
          </bindingTemplates>
        </businessService>
      </businessServices>
    </businessEntity>
    <businessEntity businessKey="uddi:nhinregistry:c363f259-09e5-4ccc-b269-201f74f7f28c">
      <names>
        <businessName>Federal Agency - SSA</businessName>
      </names>
      <descriptions>
        <businessDescription>Health Information Exchange in the Federal SSA region</businessDescription>
      </descriptions>
      <homeCommunityId>2.16.840.1.113883.3.184</homeCommunityId>
      <federalHIE>false</federalHIE>
      <publicKeyURI></publicKeyURI>
      <businessServices>
        <businessService serviceKey="uddi:nhinregistry:17fb3198-cd27-46e4-9196-acbc617e69df">
          <names>
            <name>Subject Discovery Service</name>
          </names>
          <descriptions>
            <description>Service to perform subject discovery over NHIN</description>
          </descriptions>
          <uniformServiceName>subjectdiscovery</uniformServiceName>
          <serviceVersion>2.0</serviceVersion>
          <internalWebService>false</internalWebService>
          <bindingTemplates>
            <bindingTemplate bindingKey="">
              <endpointURL>https://ssanhie1.fedsconnect.org:9081/PIXConsumer_Soap11</endpointURL>
              <wsdlURL></wsdlURL>
            </bindingTemplate>
          </bindingTemplates>
        </businessService>
        <businessService serviceKey="uddi:nhinregistry:337eb9ea-7ffd-460f-88f9-e7dec2b62b8e">
          <names>
            <name>Audit Log Query Service</name>
          </names>
          <descriptions>
            <description>Service to retrieve audit events for a given date range</description>
          </descriptions>
          <uniformServiceName>auditquery</uniformServiceName>
          <serviceVersion>1.0</serviceVersion>
          <internalWebService>false</internalWebService>
          <bindingTemplates>
            <bindingTemplate bindingKey="">
              <endpointURL>https://ssanhie1.fedsconnect.org:9081/findAuditEvents/AuditLogQuery</endpointURL>
              <wsdlURL></wsdlURL>
            </bindingTemplate>
          </bindingTemplates>
        </businessService>
        <businessService serviceKey="uddi:nhinregistry:5591f1bb-54e6-4867-8e7c-0ccf67259648">
          <names>
            <name>Document Query Service</name>
          </names>
          <descriptions>
            <description>Service to query for documents</description>
          </descriptions>
          <uniformServiceName>documentquery</uniformServiceName>
          <serviceVersion>1.0</serviceVersion>
          <internalWebService>false</internalWebService>
          <bindingTemplates>
            <bindingTemplate bindingKey="">
              <endpointURL>https://ssanhie1.fedsconnect.org:9081/RespondingGateway_Query_Service</endpointURL>
              <wsdlURL></wsdlURL>
            </bindingTemplate>
          </bindingTemplates>
        </businessService>
        <businessService serviceKey="uddi:nhinregistry:cc773b20-d48c-4bcd-83e5-e921158c9120">
          <names>
            <name>Document Retrieve Service</name>
          </names>
          <descriptions>
            <description>Service to retrieve document(s)</description>
          </descriptions>
          <uniformServiceName>documentretrieve</uniformServiceName>
          <serviceVersion>1.0</serviceVersion>
          <internalWebService>false</internalWebService>
          <bindingTemplates>
            <bindingTemplate bindingKey="">
              <endpointURL>https://ssanhie1.fedsconnect.org:9081/RespondingGateway_Retrieve_Service</endpointURL>
              <wsdlURL></wsdlURL>
            </bindingTemplate>
          </bindingTemplates>
        </businessService>
        <businessService serviceKey="uddi:nhinregistry:df51acbd-6ec3-4ec6-aacb-787af897d64b">
          <names>
            <name>Subscription Notification Service</name>
          </names>
          <descriptions>
            <description>Service to receive notification for a change in consumer preference as well as change in patients documents.</description>
          </descriptions>
          <uniformServiceName>agencynotificationconsumer</uniformServiceName>
          <serviceVersion>1.0</serviceVersion>
          <internalWebService>false</internalWebService>
          <bindingTemplates>
            <bindingTemplate bindingKey="">
              <endpointURL>http://localhost:9081/SubscriptionManager/SubscriptionManagerPort</endpointURL>
              <wsdlURL></wsdlURL>
            </bindingTemplate>
          </bindingTemplates>
        </businessService>
      </businessServices>
    </businessEntity>
    <businessEntity businessKey="uddi:nhinregistry:20f6ed19-81aa-400e-9992-e8c2417d5cd2">
      <names>
        <businessName>Federal Agency - VA</businessName>
      </names>
      <descriptions>
        <businessDescription>Health Information Exchange in the Federal VA region</businessDescription>
      </descriptions>
      <homeCommunityId>2.16.840.1.113883.3.200</homeCommunityId>
      <federalHIE>false</federalHIE>
      <publicKeyURI></publicKeyURI>
      <businessServices>
        <businessService serviceKey="uddi:nhinregistry:4c2c35bf-62e6-49e3-99d7-c27f57f01900">
          <names>
            <name>Document Retrieve Service</name>
          </names>
          <descriptions>
            <description>Service to retrieve document(s)</description>
          </descriptions>
          <uniformServiceName>documentretrieve</uniformServiceName>
          <serviceVersion>1.0</serviceVersion>
          <internalWebService>false</internalWebService>
          <bindingTemplates>
            <bindingTemplate bindingKey="">
              <endpointURL>https://dvanhie1.fedsconnect.org:9081/RespondingGateway_Retrieve_Service</endpointURL>
              <wsdlURL></wsdlURL>
            </bindingTemplate>
          </bindingTemplates>
        </businessService>
        <businessService serviceKey="uddi:nhinregistry:6cd61c1e-ad4a-42ac-a4be-9d268bf54ef6">
          <names>
            <name>Audit Log Query Service</name>
          </names>
          <descriptions>
            <description>Service to retrieve audit events for a given date range</description>
          </descriptions>
          <uniformServiceName>auditquery</uniformServiceName>
          <serviceVersion>1.0</serviceVersion>
          <internalWebService>false</internalWebService>
          <bindingTemplates>
            <bindingTemplate bindingKey="">
              <endpointURL>https://dvanhie1.fedsconnect.org:9081/findAuditEvents/AuditLogQuery</endpointURL>
              <wsdlURL></wsdlURL>
            </bindingTemplate>
          </bindingTemplates>
        </businessService>
        <businessService serviceKey="uddi:nhinregistry:72ae0cde-2536-4854-953c-ee00b6aee32e">
          <names>
            <name>Subscription Notification Service</name>
          </names>
          <descriptions>
            <description>Service to receive notification for a change in consumer preference as well as change in patients documents.</description>
          </descriptions>
          <uniformServiceName>agencynotificationconsumer</uniformServiceName>
          <serviceVersion>1.0</serviceVersion>
          <internalWebService>false</internalWebService>
          <bindingTemplates>
            <bindingTemplate bindingKey="">
              <endpointURL>http://localhost:9081/SubscriptionManager/SubscriptionManagerPort</endpointURL>
              <wsdlURL></wsdlURL>
            </bindingTemplate>
          </bindingTemplates>
        </businessService>
        <businessService serviceKey="uddi:nhinregistry:a099ebd2-144c-4e16-968f-435a28119677">
          <names>
            <name>Document Query Service</name>
          </names>
          <descriptions>
            <description>Service to query for documents</description>
          </descriptions>
          <uniformServiceName>documentquery</uniformServiceName>
          <serviceVersion>1.0</serviceVersion>
          <internalWebService>false</internalWebService>
          <bindingTemplates>
            <bindingTemplate bindingKey="">
              <endpointURL>https://dvanhie1.fedsconnect.org:9081/RespondingGateway_Query_Service</endpointURL>
              <wsdlURL></wsdlURL>
            </bindingTemplate>
          </bindingTemplates>
        </businessService>
        <businessService serviceKey="uddi:nhinregistry:ebe76eae-d649-4533-ac90-8c19e8097a11">
          <names>
            <name>Subject Discovery Service</name>
          </names>
          <descriptions>
            <description>Service to perform subject discovery over NHIN</description>
          </descriptions>
          <uniformServiceName>subjectdiscovery</uniformServiceName>
          <serviceVersion>2.0</serviceVersion>
          <internalWebService>false</internalWebService>
          <bindingTemplates>
            <bindingTemplate bindingKey="">
              <endpointURL>https://dvanhie1.fedsconnect.org:9081/PIXConsumer_Soap11</endpointURL>
              <wsdlURL></wsdlURL>
            </bindingTemplate>
          </bindingTemplates>
        </businessService>
      </businessServices>
    </businessEntity>
    <businessEntity businessKey="uddi:nhinregistry:2a68efa7-02de-44af-ab26-1f228e0c97af">
      <names>
        <businessName>healthbridge</businessName>
      </names>
      <descriptions>
        <businessDescription>Health Information Exchange in the healthbridge</businessDescription>
      </descriptions>
      <homeCommunityId>2.16.840.1.113883.3.183</homeCommunityId>
      <federalHIE>false</federalHIE>
      <publicKeyURI></publicKeyURI>
      <businessServices>
        <businessService serviceKey="uddi:nhinregistry:2146f28c-af32-4822-ab6d-0e26ab055f80">
          <names>
            <name>Audit Log Query Service</name>
          </names>
          <descriptions>
            <description>Service to retrieve audit events for a given date range</description>
          </descriptions>
          <uniformServiceName>auditquery</uniformServiceName>
          <serviceVersion>1.0</serviceVersion>
          <internalWebService>false</internalWebService>
          <bindingTemplates>
            <bindingTemplate bindingKey="">
              <endpointURL>https://nhin.healthbridge.org/nhinaudit/query</endpointURL>
              <wsdlURL></wsdlURL>
            </bindingTemplate>
          </bindingTemplates>
        </businessService>
        <businessService serviceKey="uddi:nhinregistry:477ac1c7-5771-4db4-a4b4-b38bd74ce438">
          <names>
            <name>Document Retrieve Service</name>
          </names>
          <descriptions>
            <description>Service to retrieve document(s)</description>
          </descriptions>
          <uniformServiceName>documentretrieve</uniformServiceName>
          <serviceVersion>1.0</serviceVersion>
          <internalWebService>false</internalWebService>
          <bindingTemplates>
            <bindingTemplate bindingKey="">
              <endpointURL>DocumentRetrieveService service implemented as a web-service. Supports saml over 2way ssl with MTOM enabled</endpointURL>
              <wsdlURL></wsdlURL>
            </bindingTemplate>
          </bindingTemplates>
        </businessService>
        <businessService serviceKey="uddi:nhinregistry:e8440fd1-ff7f-4a57-a657-68d39e4a8de9">
          <names>
            <name>Subscription Notification Service</name>
          </names>
          <descriptions>
            <description>Service to receive notification for a change in consumer preference as well as change in patients documents.</description>
          </descriptions>
          <uniformServiceName>agencynotificationconsumer</uniformServiceName>
          <serviceVersion>1.0</serviceVersion>
          <internalWebService>false</internalWebService>
          <bindingTemplates>
            <bindingTemplate bindingKey="">
              <endpointURL>http://localhost:9081/SubscriptionManager/SubscriptionManagerPort</endpointURL>
              <wsdlURL></wsdlURL>
            </bindingTemplate>
          </bindingTemplates>
        </businessService>
        <businessService serviceKey="uddi:nhinregistry:ea0837a7-ae9d-488f-87cd-189c422cd55e">
          <names>
            <name>Subject Discovery Service</name>
          </names>
          <descriptions>
            <description>Service to perform subject discovery over NHIN</description>
          </descriptions>
          <uniformServiceName>subjectdiscovery</uniformServiceName>
          <serviceVersion>2.0</serviceVersion>
          <internalWebService>false</internalWebService>
          <bindingTemplates>
            <bindingTemplate bindingKey="">
              <endpointURL>https://nhin.healthbridge.org/nhinsubjectdiscovery/service</endpointURL>
              <wsdlURL></wsdlURL>
            </bindingTemplate>
          </bindingTemplates>
        </businessService>
        <businessService serviceKey="uddi:nhinregistry:f8ebfcf5-52d9-439d-adec-77e4b5b2efd8">
          <names>
            <name>Document Query Service</name>
          </names>
          <descriptions>
            <description>Service to query for documents</description>
          </descriptions>
          <uniformServiceName>documentquery</uniformServiceName>
          <serviceVersion>1.0</serviceVersion>
          <internalWebService>false</internalWebService>
          <bindingTemplates>
            <bindingTemplate bindingKey="">
              <endpointURL>https://nhin.healthbridge.org/nhinxca/respondinggateway</endpointURL>
              <wsdlURL></wsdlURL>
            </bindingTemplate>
          </bindingTemplates>
        </businessService>
      </businessServices>
    </businessEntity>
    <businessEntity businessKey="uddi:nhinregistry:ab4e2cd6-63f9-4584-b88a-38362856bb58">
      <names>
        <businessName>Kaiser Permanante</businessName>
      </names>
      <descriptions>
        <businessDescription>Health Information Exchange in the Kaiser Permanante</businessDescription>
      </descriptions>
      <homeCommunityId>1.3.6.1.4.1.26580</homeCommunityId>
      <federalHIE>false</federalHIE>
      <publicKeyURI></publicKeyURI>
      <businessServices>
        <businessService serviceKey="uddi:nhinregistry:05df52bd-271b-43e6-8cf5-1240cb45056f">
          <names>
            <name>Document Retrieve Service</name>
          </names>
          <descriptions>
            <description>Service to retrieve document(s)</description>
          </descriptions>
          <uniformServiceName>documentretrieve</uniformServiceName>
          <serviceVersion>1.0</serviceVersion>
          <internalWebService>false</internalWebService>
          <bindingTemplates>
            <bindingTemplate bindingKey="">
              <endpointURL>https://uatdmzweb11.kp.org/services/RespondingGateway_Service</endpointURL>
              <wsdlURL></wsdlURL>
            </bindingTemplate>
          </bindingTemplates>
        </businessService>
        <businessService serviceKey="uddi:nhinregistry:93497dfb-0955-40c0-99ef-42b4567aa603">
          <names>
            <name>Audit Log Query Service</name>
          </names>
          <descriptions>
            <description>Service to retrieve audit events for a given date range</description>
          </descriptions>
          <uniformServiceName>auditquery</uniformServiceName>
          <serviceVersion>1.0</serviceVersion>
          <internalWebService>false</internalWebService>
          <bindingTemplates>
            <bindingTemplate bindingKey="">
              <endpointURL>https://uatdmzweb11.kp.org/services/findAuditEvents/AuditLogQuery</endpointURL>
              <wsdlURL></wsdlURL>
            </bindingTemplate>
          </bindingTemplates>
        </businessService>
        <businessService serviceKey="uddi:nhinregistry:99e4f260-8eff-41af-80de-2175d08d769c">
          <names>
            <name>Subscription Notification Service</name>
          </names>
          <descriptions>
            <description>Service to receive notification for a change in consumer preference as well as change in patients documents.</description>
          </descriptions>
          <uniformServiceName>agencynotificationconsumer</uniformServiceName>
          <serviceVersion>1.0</serviceVersion>
          <internalWebService>false</internalWebService>
          <bindingTemplates>
            <bindingTemplate bindingKey="">
              <endpointURL>http://localhost:9081/SubscriptionManager/SubscriptionManagerPort</endpointURL>
              <wsdlURL></wsdlURL>
            </bindingTemplate>
          </bindingTemplates>
        </businessService>
        <businessService serviceKey="uddi:nhinregistry:a687b4b3-cf14-4cef-9557-c9b2be49b4e8">
          <names>
            <name>Subject Discovery Service</name>
          </names>
          <descriptions>
            <description>Service to perform subject discovery over NHIN</description>
          </descriptions>
          <uniformServiceName>subjectdiscovery</uniformServiceName>
          <serviceVersion>2.0</serviceVersion>
          <internalWebService>false</internalWebService>
          <bindingTemplates>
            <bindingTemplate bindingKey="">
              <endpointURL>https://uatdmzweb11.kp.org/services/NHIN2_GatewayServicesSoap/SubjectDiscovery</endpointURL>
              <wsdlURL></wsdlURL>
            </bindingTemplate>
          </bindingTemplates>
        </businessService>
        <businessService serviceKey="uddi:nhinregistry:ae456cf6-36b3-42a5-8fb1-53b745118ccb">
          <names>
            <name>Document Query Service</name>
          </names>
          <descriptions>
            <description>Service to query for documents</description>
          </descriptions>
          <uniformServiceName>documentquery</uniformServiceName>
          <serviceVersion>1.0</serviceVersion>
          <internalWebService>false</internalWebService>
          <bindingTemplates>
            <bindingTemplate bindingKey="">
              <endpointURL>https://uatdmzweb11.kp.org/services/RespondingGateway_Service</endpointURL>
              <wsdlURL></wsdlURL>
            </bindingTemplate>
          </bindingTemplates>
        </businessService>
      </businessServices>
    </businessEntity>
    <businessEntity businessKey="uddi:nhinregistry:6cbbe4e3-de57-41ab-98e8-0f60fcd124fc">
      <names>
        <businessName>Longbeach</businessName>
      </names>
      <descriptions>
        <businessDescription>Health Information Exchange of LongBeach</businessDescription>
      </descriptions>
      <homeCommunityId>2.16.840.1.113883.3.188</homeCommunityId>
      <federalHIE>false</federalHIE>
      <publicKeyURI></publicKeyURI>
      <businessServices>
        <businessService serviceKey="uddi:nhinregistry:058b0222-8157-4b88-aea5-00ab2b16c465">
          <names>
            <name>Subject Discovery Service</name>
          </names>
          <descriptions>
            <description>Service to perform subject discovery over NHIN</description>
          </descriptions>
          <uniformServiceName>subjectdiscovery</uniformServiceName>
          <serviceVersion>2.0</serviceVersion>
          <internalWebService>false</internalWebService>
          <bindingTemplates>
            <bindingTemplate bindingKey="">
              <endpointURL>https://lbnh.memorialcare.org/nhin2/services/GatewayServices</endpointURL>
              <wsdlURL></wsdlURL>
            </bindingTemplate>
          </bindingTemplates>
        </businessService>
        <businessService serviceKey="uddi:nhinregistry:5c51aa05-a9e9-4297-bfb6-dc7942cac2c5">
          <names>
            <name>Subscription Notification Service</name>
          </names>
          <descriptions>
            <description>Service to receive notification for a change in consumer preference as well as change in patients documents.</description>
          </descriptions>
          <uniformServiceName>agencynotificationconsumer</uniformServiceName>
          <serviceVersion>1.0</serviceVersion>
          <internalWebService>false</internalWebService>
          <bindingTemplates>
            <bindingTemplate bindingKey="">
              <endpointURL>http://localhost:9081/SubscriptionManager/SubscriptionManagerPort</endpointURL>
              <wsdlURL></wsdlURL>
            </bindingTemplate>
          </bindingTemplates>
        </businessService>
        <businessService serviceKey="uddi:nhinregistry:9e769787-9e91-469a-a2e9-28260b24358d">
          <names>
            <name>Document Retrieve Service</name>
          </names>
          <descriptions>
            <description>Service to retrieve document(s)</description>
          </descriptions>
          <uniformServiceName>documentretrieve</uniformServiceName>
          <serviceVersion>1.0</serviceVersion>
          <internalWebService>false</internalWebService>
          <bindingTemplates>
            <bindingTemplate bindingKey="">
              <endpointURL>https://lbnh.memorialcare.org/nhin2/services/GatewayServices</endpointURL>
              <wsdlURL></wsdlURL>
            </bindingTemplate>
          </bindingTemplates>
        </businessService>
        <businessService serviceKey="uddi:nhinregistry:c5fbba85-6109-4d31-b345-73982b2dc9ab">
          <names>
            <name>Document Query Service</name>
          </names>
          <descriptions>
            <description>Service to query for documents</description>
          </descriptions>
          <uniformServiceName>documentquery</uniformServiceName>
          <serviceVersion>1.0</serviceVersion>
          <internalWebService>false</internalWebService>
          <bindingTemplates>
            <bindingTemplate bindingKey="">
              <endpointURL>https://lbnh.memorialcare.org/nhin2/services/GatewayServices</endpointURL>
              <wsdlURL></wsdlURL>
            </bindingTemplate>
          </bindingTemplates>
        </businessService>
        <businessService serviceKey="uddi:nhinregistry:e88989d6-4cbd-4cf7-8201-a97bf5d174b0">
          <names>
            <name>Audit Log Query Service</name>
          </names>
          <descriptions>
            <description>Service to retrieve audit events for a given date range</description>
          </descriptions>
          <uniformServiceName>auditquery</uniformServiceName>
          <serviceVersion>1.0</serviceVersion>
          <internalWebService>false</internalWebService>
          <bindingTemplates>
            <bindingTemplate bindingKey="">
              <endpointURL>https://lbnh.memorialcare.org/nhin2/services/GatewayServices</endpointURL>
              <wsdlURL></wsdlURL>
            </bindingTemplate>
          </bindingTemplates>
        </businessService>
      </businessServices>
    </businessEntity>
    <businessEntity businessKey="uddi:nhinregistry:9f3368e2-3a5a-4e75-83a8-4f1c2c1a9f27">
      <names>
        <businessName>Lovelace</businessName>
      </names>
      <descriptions>
        <businessDescription>Health Information Exchange of Lovelace</businessDescription>
      </descriptions>
      <homeCommunityId>2.16.840.1.113883.4.318</homeCommunityId>
      <federalHIE>false</federalHIE>
      <publicKeyURI></publicKeyURI>
      <businessServices>
        <businessService serviceKey="uddi:nhinregistry:48ca15cc-c524-440b-9de7-7f132daad9df">
          <names>
            <name>Subscription Notification Service</name>
          </names>
          <descriptions>
            <description>Service to receive notification for a change in consumer preference as well as change in patients documents.</description>
          </descriptions>
          <uniformServiceName>agencynotificationconsumer</uniformServiceName>
          <serviceVersion>1.0</serviceVersion>
          <internalWebService>false</internalWebService>
          <bindingTemplates>
            <bindingTemplate bindingKey="">
              <endpointURL>http://localhost:9081/SubscriptionManager/SubscriptionManagerPort</endpointURL>
              <wsdlURL></wsdlURL>
            </bindingTemplate>
          </bindingTemplates>
        </businessService>
        <businessService serviceKey="uddi:nhinregistry:4d35deab-3522-4be3-bdec-1680f904d53d">
          <names>
            <name>Document Query Service</name>
          </names>
          <descriptions>
            <description>Service to query for documents</description>
          </descriptions>
          <uniformServiceName>documentquery</uniformServiceName>
          <serviceVersion>1.0</serviceVersion>
          <internalWebService>false</internalWebService>
          <bindingTemplates>
            <bindingTemplate bindingKey="">
              <endpointURL>https://www.nmhic.org/nhin2/services/GatewayServices</endpointURL>
              <wsdlURL></wsdlURL>
            </bindingTemplate>
          </bindingTemplates>
        </businessService>
        <businessService serviceKey="uddi:nhinregistry:a9cedcc7-8233-4613-abe1-b55e2faa8c30">
          <names>
            <name>Audit Log Query Service</name>
          </names>
          <descriptions>
            <description>Service to retrieve audit events for a given date range</description>
          </descriptions>
          <uniformServiceName>auditquery</uniformServiceName>
          <serviceVersion>1.0</serviceVersion>
          <internalWebService>false</internalWebService>
          <bindingTemplates>
            <bindingTemplate bindingKey="">
              <endpointURL>https://www.nmhic.org/nhin2/services/GatewayServices</endpointURL>
              <wsdlURL></wsdlURL>
            </bindingTemplate>
          </bindingTemplates>
        </businessService>
        <businessService serviceKey="uddi:nhinregistry:ee6536e2-da43-41fb-b06c-c103616226e1">
          <names>
            <name>Subject Discovery Service</name>
          </names>
          <descriptions>
            <description>Service to perform subject discovery over NHIN</description>
          </descriptions>
          <uniformServiceName>subjectdiscovery</uniformServiceName>
          <serviceVersion>2.0</serviceVersion>
          <internalWebService>false</internalWebService>
          <bindingTemplates>
            <bindingTemplate bindingKey="">
              <endpointURL>https://www.nmhic.org/nhin2/services/GatewayServices</endpointURL>
              <wsdlURL></wsdlURL>
            </bindingTemplate>
          </bindingTemplates>
        </businessService>
        <businessService serviceKey="uddi:nhinregistry:fd8232a1-2561-4bce-9144-bb8d638439b8">
          <names>
            <name>Document Retrieve Service</name>
          </names>
          <descriptions>
            <description>Service to retrieve document(s)</description>
          </descriptions>
          <uniformServiceName>documentretrieve</uniformServiceName>
          <serviceVersion>1.0</serviceVersion>
          <internalWebService>false</internalWebService>
          <bindingTemplates>
            <bindingTemplate bindingKey="">
              <endpointURL>https://www.nmhic.org/nhin2/services/GatewayServices</endpointURL>
              <wsdlURL></wsdlURL>
            </bindingTemplate>
          </bindingTemplates>
        </businessService>
      </businessServices>
    </businessEntity>
    <businessEntity businessKey="uddi:nhinregistry:0cca50a9-314f-495d-89c5-cb7e87578eb4">
      <names>
        <businessName>MedVirginia</businessName>
      </names>
      <descriptions>
        <businessDescription>Health Information Exchange of edvirginia</businessDescription>
      </descriptions>
      <homeCommunityId>2.16.840.1.113883.3.190</homeCommunityId>
      <federalHIE>false</federalHIE>
      <publicKeyURI></publicKeyURI>
      <businessServices>
        <businessService serviceKey="uddi:nhinregistry:0c4593ac-f205-41a0-a577-3c0ece291064">
          <names>
            <name>Subscription Notification Service</name>
          </names>
          <descriptions>
            <description>Service to receive notification for a change in consumer preference as well as change in patients documents.&lt;/description&gt;</description>
          </descriptions>
          <uniformServiceName>agencynotificationconsumer</uniformServiceName>
          <serviceVersion>1.0</serviceVersion>
          <internalWebService>false</internalWebService>
          <bindingTemplates>
            <bindingTemplate bindingKey="">
              <endpointURL>http://localhost:9081/SubscriptionManager/SubscriptionManagerPort</endpointURL>
              <wsdlURL></wsdlURL>
            </bindingTemplate>
          </bindingTemplates>
        </businessService>
        <businessService serviceKey="uddi:nhinregistry:41b1c4a8-b3bd-40a3-99ba-f5627285bd04">
          <names>
            <name>Subject Discovery Service</name>
          </names>
          <descriptions>
            <description>Service to perform subject discovery over NHIN</description>
          </descriptions>
          <uniformServiceName>subjectdiscovery</uniformServiceName>
          <serviceVersion>2.0</serviceVersion>
          <internalWebService>false</internalWebService>
          <bindingTemplates>
            <bindingTemplate bindingKey="">
              <endpointURL>https://medvirginia.ibmhsp.net:450/ICServices_Web/api/SubjectDiscoveryQuery</endpointURL>
              <wsdlURL></wsdlURL>
            </bindingTemplate>
          </bindingTemplates>
        </businessService>
        <businessService serviceKey="uddi:nhinregistry:5896cc38-22fa-4164-84e7-3921bd833bc3">
          <names>
            <name>Audit Log Query Service</name>
          </names>
          <descriptions>
            <description>Service to retrieve audit events for a given date range</description>
          </descriptions>
          <uniformServiceName>auditquery</uniformServiceName>
          <serviceVersion>1.0</serviceVersion>
          <internalWebService>false</internalWebService>
          <bindingTemplates>
            <bindingTemplate bindingKey="">
              <endpointURL>https://medvirginia.ibmhsp.net:450/ICServices_Web/api/AuditLogsQuery</endpointURL>
              <wsdlURL></wsdlURL>
            </bindingTemplate>
          </bindingTemplates>
        </businessService>
        <businessService serviceKey="uddi:nhinregistry:7d3e92ba-1441-4eb4-aa82-e258cba752eb">
          <names>
            <name>Document Query Service</name>
          </names>
          <descriptions>
            <description>Service to query for documents</description>
          </descriptions>
          <uniformServiceName>documentquery</uniformServiceName>
          <serviceVersion>1.0</serviceVersion>
          <internalWebService>false</internalWebService>
          <bindingTemplates>
            <bindingTemplate bindingKey="">
              <endpointURL>https://medvirginia.ibmhsp.net:450/ICServices_Web/api/DocumentsQueryRetrieve</endpointURL>
              <wsdlURL></wsdlURL>
            </bindingTemplate>
          </bindingTemplates>
        </businessService>
        <businessService serviceKey="uddi:nhinregistry:9eca10f2-de80-49b8-83ad-662fa895ba43">
          <names>
            <name>Document Retrieve Service</name>
          </names>
          <descriptions>
            <description>Service to retrieve document(s)</description>
          </descriptions>
          <uniformServiceName>documentretrieve</uniformServiceName>
          <serviceVersion>1.0</serviceVersion>
          <internalWebService>false</internalWebService>
          <bindingTemplates>
            <bindingTemplate bindingKey="">
              <endpointURL>https://medvirginia.ibmhsp.net:450/ICServices_Web/api/DocumentsQueryRetrieve</endpointURL>
              <wsdlURL></wsdlURL>
            </bindingTemplate>
          </bindingTemplates>
        </businessService>
      </businessServices>
    </businessEntity>
    <businessEntity businessKey="uddi:nhinregistry:8306d66a-f2a9-4614-859a-f7506507e281">
      <names>
        <businessName>NCHICA</businessName>
      </names>
      <descriptions>
        <businessDescription>The North Carolina Healthcare Information and Communications Alliance, Inc. (NCHICA)</businessDescription>
      </descriptions>
      <homeCommunityId>1.3.18.103</homeCommunityId>
      <federalHIE>false</federalHIE>
      <publicKeyURI></publicKeyURI>
      <businessServices>
        <businessService serviceKey="uddi:nhinregistry:51a3c0f4-94e4-480f-821b-ab3c7384bf32">
          <names>
            <name>Subscription Notification Service</name>
          </names>
          <descriptions>
            <description>Service to receive notification for a change in consumer preference as well as change in patients documents.</description>
          </descriptions>
          <uniformServiceName>agencynotificationconsumer</uniformServiceName>
          <serviceVersion>1.0</serviceVersion>
          <internalWebService>false</internalWebService>
          <bindingTemplates>
            <bindingTemplate bindingKey="">
              <endpointURL>http://localhost:9081/SubscriptionManager/SubscriptionManagerPort</endpointURL>
              <wsdlURL></wsdlURL>
            </bindingTemplate>
          </bindingTemplates>
        </businessService>
        <businessService serviceKey="uddi:nhinregistry:8e3ad174-f86c-44d5-9c71-53cd3593f4d2">
          <names>
            <name>Document Retrieve Service</name>
          </names>
          <descriptions>
            <description>Service to retrieve document(s)</description>
          </descriptions>
          <uniformServiceName>documentretrieve</uniformServiceName>
          <serviceVersion>1.0</serviceVersion>
          <internalWebService>false</internalWebService>
          <bindingTemplates>
            <bindingTemplate bindingKey="">
              <endpointURL>https://nchica.ibmhsp.net:444/ICServices_Web/api/DocumentsQueryRetrieve</endpointURL>
              <wsdlURL></wsdlURL>
            </bindingTemplate>
          </bindingTemplates>
        </businessService>
        <businessService serviceKey="uddi:nhinregistry:a8f06211-5ed6-4462-8c9c-4b8ce658057b">
          <names>
            <name>Subject Discovery Service</name>
          </names>
          <descriptions>
            <description>Service to perform subject discovery over NHIN</description>
          </descriptions>
          <uniformServiceName>subjectdiscovery</uniformServiceName>
          <serviceVersion>2.0</serviceVersion>
          <internalWebService>false</internalWebService>
          <bindingTemplates>
            <bindingTemplate bindingKey="">
              <endpointURL>https://nchica.ibmhsp.net:444/ICServices_Web/api/SubjectDiscoveryQuery</endpointURL>
              <wsdlURL></wsdlURL>
            </bindingTemplate>
          </bindingTemplates>
        </businessService>
        <businessService serviceKey="uddi:nhinregistry:b8690496-28f2-4ab0-8434-0baab9a78dd6">
          <names>
            <name>Document Query Service</name>
          </names>
          <descriptions>
            <description>Service to query for documents</description>
          </descriptions>
          <uniformServiceName>documentquery</uniformServiceName>
          <serviceVersion>1.0</serviceVersion>
          <internalWebService>false</internalWebService>
          <bindingTemplates>
            <bindingTemplate bindingKey="">
              <endpointURL>https://nchica.ibmhsp.net:444/ICServices_Web/api/DocumentsQueryRetrieve</endpointURL>
              <wsdlURL></wsdlURL>
            </bindingTemplate>
          </bindingTemplates>
        </businessService>
        <businessService serviceKey="uddi:nhinregistry:ce93e82f-da66-40dc-b88a-e87d46caf145">
          <names>
            <name>Audit Log Query Service</name>
          </names>
          <descriptions>
            <description>Service to retrieve audit events for a given date range</description>
          </descriptions>
          <uniformServiceName>auditquery</uniformServiceName>
          <serviceVersion>1.0</serviceVersion>
          <internalWebService>false</internalWebService>
          <bindingTemplates>
            <bindingTemplate bindingKey="">
              <endpointURL>https://nchica.ibmhsp.net:444/ICServices_Web/api/AuditLogsQuery</endpointURL>
              <wsdlURL></wsdlURL>
            </bindingTemplate>
          </bindingTemplates>
        </businessService>
      </businessServices>
    </businessEntity>
    <businessEntity businessKey="uddi:nhinregistry:39675970-45be-4e0e-9983-1417b2e10e50">
      <names>
        <businessName>NYeC - LIPIX</businessName>
      </names>
      <descriptions>
        <businessDescription>LIPIX is an independent not-for-profit corporation established to develop a Regional Health Information Organization (RHIO), aka a Health Information Exchange (HIE), on Long Island.</businessDescription>
      </descriptions>
      <homeCommunityId>2.16.840.1.113883.3.176</homeCommunityId>
      <federalHIE>false</federalHIE>
      <publicKeyURI></publicKeyURI>
      <businessServices>
        <businessService serviceKey="uddi:nhinregistry:0e487ad8-18de-47f8-b3a8-eae63638c988">
          <names>
            <name>Document Retrieve Service</name>
          </names>
          <descriptions>
            <description>Service to retrieve document(s)</description>
          </descriptions>
          <uniformServiceName>documentretrieve</uniformServiceName>
          <serviceVersion>1.0</serviceVersion>
          <internalWebService>false</internalWebService>
          <bindingTemplates>
            <bindingTemplate bindingKey="">
              <endpointURL>https://nhin2.lipixportal.org/Services/HS.IHE.XCA.RespondingGateway.Services.cls</endpointURL>
              <wsdlURL></wsdlURL>
            </bindingTemplate>
          </bindingTemplates>
        </businessService>
        <businessService serviceKey="uddi:nhinregistry:2c15274b-1691-43e4-90c9-bbdf08017207">
          <names>
            <name>Subject Discovery Service</name>
          </names>
          <descriptions>
            <description>Service to perform subject discovery over NHIN</description>
          </descriptions>
          <uniformServiceName>subjectdiscovery</uniformServiceName>
          <serviceVersion>2.0</serviceVersion>
          <internalWebService>false</internalWebService>
          <bindingTemplates>
            <bindingTemplate bindingKey="">
              <endpointURL>https://nhin2.lipixportal.org/Services/HS.IHE.PIXv3.Manager.Services.cls</endpointURL>
              <wsdlURL></wsdlURL>
            </bindingTemplate>
          </bindingTemplates>
        </businessService>
        <businessService serviceKey="uddi:nhinregistry:636920fa-79b5-48bd-af36-a1da298f49aa">
          <names>
            <name>Audit Log Query Service</name>
          </names>
          <descriptions>
            <description>Service to retrieve audit events for a given date range</description>
          </descriptions>
          <uniformServiceName>auditquery</uniformServiceName>
          <serviceVersion>1.0</serviceVersion>
          <internalWebService>false</internalWebService>
          <bindingTemplates>
            <bindingTemplate bindingKey="">
              <endpointURL>https://nhin2.lipixportal.org/Services/HS.IHE.ATNA.Repository.Services.cls</endpointURL>
              <wsdlURL></wsdlURL>
            </bindingTemplate>
          </bindingTemplates>
        </businessService>
        <businessService serviceKey="uddi:nhinregistry:aac98d3b-4970-4ff4-a4e7-b29fa81f1504">
          <names>
            <name>Document Query Service</name>
          </names>
          <descriptions>
            <description>Service to query for documents</description>
          </descriptions>
          <uniformServiceName>documentquery</uniformServiceName>
          <serviceVersion>1.0</serviceVersion>
          <internalWebService>false</internalWebService>
          <bindingTemplates>
            <bindingTemplate bindingKey="">
              <endpointURL>https://nhin2.lipixportal.org/Services/HS.IHE.XCA.RespondingGateway.Services.cls</endpointURL>
              <wsdlURL></wsdlURL>
            </bindingTemplate>
          </bindingTemplates>
        </businessService>
        <businessService serviceKey="uddi:nhinregistry:da2b09c7-4ed3-4a90-bafb-0d6a42451d7a">
          <names>
            <name>Subscription Notification Service</name>
          </names>
          <descriptions>
            <description>Service to receive notification for a change in consumer preference as well as change in patients documents.</description>
          </descriptions>
          <uniformServiceName>agencynotificationconsumer</uniformServiceName>
          <serviceVersion>1.0</serviceVersion>
          <internalWebService>false</internalWebService>
          <bindingTemplates>
            <bindingTemplate bindingKey="">
              <endpointURL>http://localhost:9081/SubscriptionManager/SubscriptionManagerPort</endpointURL>
              <wsdlURL></wsdlURL>
            </bindingTemplate>
          </bindingTemplates>
        </businessService>
      </businessServices>
    </businessEntity>
    <businessEntity businessKey="uddi:nhinregistry:6761e74e-fb2a-479d-a93b-a18d40b7d3d6">
      <names>
        <businessName>NYeC - NYCLIX</businessName>
      </names>
      <descriptions>
        <businessDescription>New York Clinical Information Exchange (NYCLIX)</businessDescription>
      </descriptions>
      <homeCommunityId>2.16.840.1.113883.3.195</homeCommunityId>
      <federalHIE>false</federalHIE>
      <publicKeyURI></publicKeyURI>
      <businessServices>
        <businessService serviceKey="uddi:nhinregistry:115bd737-ac01-430a-8c38-76326f395ce6">
          <names>
            <name>Subject Discovery Service</name>
          </names>
          <descriptions>
            <description>Service to perform subject discovery over NHIN</description>
          </descriptions>
          <uniformServiceName>subjectdiscovery</uniformServiceName>
          <serviceVersion>2.0</serviceVersion>
          <internalWebService>false</internalWebService>
          <bindingTemplates>
            <bindingTemplate bindingKey="">
              <endpointURL>https://nhin.nyclix.org/nhin2/services/GatewayServices</endpointURL>
              <wsdlURL></wsdlURL>
            </bindingTemplate>
          </bindingTemplates>
        </businessService>
        <businessService serviceKey="uddi:nhinregistry:41975e25-192d-4705-88a8-ca318e80a7ff">
          <names>
            <name>Audit Log Query Service</name>
          </names>
          <descriptions>
            <description>Service to retrieve audit events for a given date range</description>
          </descriptions>
          <uniformServiceName>auditquery</uniformServiceName>
          <serviceVersion>1.0</serviceVersion>
          <internalWebService>false</internalWebService>
          <bindingTemplates>
            <bindingTemplate bindingKey="">
              <endpointURL>https://nhin.nyclix.org/nhin2/services/GatewayServices</endpointURL>
              <wsdlURL></wsdlURL>
            </bindingTemplate>
          </bindingTemplates>
        </businessService>
        <businessService serviceKey="uddi:nhinregistry:6afd2c1b-08eb-41a7-8c11-47ad3847c86a">
          <names>
            <name>Document Retrieve Service</name>
          </names>
          <descriptions>
            <description>Service to retrieve document(s)</description>
          </descriptions>
          <uniformServiceName>documentretrieve</uniformServiceName>
          <serviceVersion>1.0</serviceVersion>
          <internalWebService>false</internalWebService>
          <bindingTemplates>
            <bindingTemplate bindingKey="">
              <endpointURL>https://nhin.nyclix.org/nhin2/services/GatewayServices</endpointURL>
              <wsdlURL></wsdlURL>
            </bindingTemplate>
          </bindingTemplates>
        </businessService>
        <businessService serviceKey="uddi:nhinregistry:a56e961a-2c6d-4507-a6fd-01135185f87f">
          <names>
            <name>Document Query Service</name>
          </names>
          <descriptions>
            <description>Service to query for documents</description>
          </descriptions>
          <uniformServiceName></uniformServiceName>
          <serviceVersion>1.0</serviceVersion>
          <internalWebService>false</internalWebService>
          <bindingTemplates>
            <bindingTemplate bindingKey="">
              <endpointURL>https://nhin.nyclix.org/nhin2/services/GatewayServices</endpointURL>
              <wsdlURL></wsdlURL>
            </bindingTemplate>
          </bindingTemplates>
        </businessService>
        <businessService serviceKey="uddi:nhinregistry:e1d682c0-31cb-4975-a99f-905948b4c051">
          <names>
            <name>Subscription Notification Service</name>
          </names>
          <descriptions>
            <description>Service to receive notification for a change in consumer preference as well as change in patients documents.</description>
          </descriptions>
          <uniformServiceName>agencynotificationconsumer</uniformServiceName>
          <serviceVersion>1.0</serviceVersion>
          <internalWebService>false</internalWebService>
          <bindingTemplates>
            <bindingTemplate bindingKey="">
              <endpointURL>http://localhost:9081/SubscriptionManager/SubscriptionManagerPort</endpointURL>
              <wsdlURL></wsdlURL>
            </bindingTemplate>
          </bindingTemplates>
        </businessService>
      </businessServices>
    </businessEntity>
    <businessEntity businessKey="uddi:nhinregistry:8211c951-8f7a-4b6d-a25e-ed5da3782bb5">
      <names>
        <businessName>Regenstrief Institute, Inc.</businessName>
      </names>
      <descriptions>
        <businessDescription>Health Information Exchange in the Regenstrief Institute, Inc.</businessDescription>
      </descriptions>
      <homeCommunityId>1.3.6.1.4.1.12009.6.1</homeCommunityId>
      <federalHIE>false</federalHIE>
      <publicKeyURI></publicKeyURI>
      <businessServices>
        <businessService serviceKey="uddi:nhinregistry:249aa4b0-66d5-4c41-a929-42779fbf0c6d">
          <names>
            <name>Document Query Service</name>
          </names>
          <descriptions>
            <description>Service to query for documents</description>
          </descriptions>
          <uniformServiceName>documentquery</uniformServiceName>
          <serviceVersion>1.0</serviceVersion>
          <internalWebService>false</internalWebService>
          <bindingTemplates>
            <bindingTemplate bindingKey="">
              <endpointURL>https://ng.regenstrief.org:8443/RegenstriefNhinGateway/services/CrossGateway</endpointURL>
              <wsdlURL></wsdlURL>
            </bindingTemplate>
          </bindingTemplates>
        </businessService>
        <businessService serviceKey="uddi:nhinregistry:560a4db0-3f8f-4f0a-93db-8d177338094d">
          <names>
            <name>Subject Discovery Service</name>
          </names>
          <descriptions>
            <description>Service to perform subject discovery over NHIN</description>
          </descriptions>
          <uniformServiceName>subjectdiscovery</uniformServiceName>
          <serviceVersion>2.0</serviceVersion>
          <internalWebService>false</internalWebService>
          <bindingTemplates>
            <bindingTemplate bindingKey="">
              <endpointURL>https://ng.regenstrief.org:8443/RegenstriefNhinGateway/services/SubjectDiscovery</endpointURL>
              <wsdlURL></wsdlURL>
            </bindingTemplate>
          </bindingTemplates>
        </businessService>
        <businessService serviceKey="uddi:nhinregistry:75d82c9c-0f81-456e-b80d-2d5d1b57b95c">
          <names>
            <name>Subscription Notification Service</name>
          </names>
          <descriptions>
            <description>Service to receive notification for a change in consumer preference as well as change in patients documents.</description>
          </descriptions>
          <uniformServiceName>agencynotificationconsumer</uniformServiceName>
          <serviceVersion>1.0</serviceVersion>
          <internalWebService>false</internalWebService>
          <bindingTemplates>
            <bindingTemplate bindingKey="">
              <endpointURL>http://localhost:9081/SubscriptionManager/SubscriptionManagerPort</endpointURL>
              <wsdlURL></wsdlURL>
            </bindingTemplate>
          </bindingTemplates>
        </businessService>
        <businessService serviceKey="uddi:nhinregistry:ae3fb329-c6fe-41f7-88c5-285afd625048">
          <names>
            <name>Audit Log Query Service</name>
          </names>
          <descriptions>
            <description>Service to retrieve audit events for a given date range</description>
          </descriptions>
          <uniformServiceName>auditquery</uniformServiceName>
          <serviceVersion>1.0</serviceVersion>
          <internalWebService>false</internalWebService>
          <bindingTemplates>
            <bindingTemplate bindingKey="">
              <endpointURL>https://ng.regenstrief.org:8443/RegenstriefNhinGateway/services/AuditLogQuery</endpointURL>
              <wsdlURL></wsdlURL>
            </bindingTemplate>
          </bindingTemplates>
        </businessService>
        <businessService serviceKey="uddi:nhinregistry:f4e97ec3-7e72-417b-9d29-b95248bc646d">
          <names>
            <name>Document Retrieve Service</name>
          </names>
          <descriptions>
            <description>Service to retrieve document(s)</description>
          </descriptions>
          <uniformServiceName>documentretrieve</uniformServiceName>
          <serviceVersion>1.0</serviceVersion>
          <internalWebService>false</internalWebService>
          <bindingTemplates>
            <bindingTemplate bindingKey="">
              <endpointURL>https://ng.regenstrief.org:8443/RegenstriefNhinGateway/services/CrossGateway</endpointURL>
              <wsdlURL></wsdlURL>
            </bindingTemplate>
          </bindingTemplates>
        </businessService>
      </businessServices>
    </businessEntity>
    <businessEntity businessKey="uddi:nhinregistry:205d77e8-9abe-48e8-9cbb-eece4df4e2e6">
      <names>
        <businessName>West VA</businessName>
      </names>
      <descriptions>
        <businessDescription>West Virginia Health Information Network</businessDescription>
      </descriptions>
      <homeCommunityId>2.16.840.1.113883.3.74</homeCommunityId>
      <federalHIE>false</federalHIE>
      <publicKeyURI></publicKeyURI>
      <businessServices>
        <businessService serviceKey="uddi:nhinregistry:03d90ee2-8a23-4d40-956a-971caf88fe1a">
          <names>
            <name>Audit Log Query Service</name>
          </names>
          <descriptions>
            <description>Service to retrieve audit events for a given date range</description>
          </descriptions>
          <uniformServiceName>auditquery</uniformServiceName>
          <serviceVersion>1.0</serviceVersion>
          <internalWebService>false</internalWebService>
          <bindingTemplates>
            <bindingTemplate bindingKey="">
              <endpointURL>https://www.wvhin-onc3.com:5889/webservices/service/WVHIN_WS</endpointURL>
              <wsdlURL></wsdlURL>
            </bindingTemplate>
          </bindingTemplates>
        </businessService>
        <businessService serviceKey="uddi:nhinregistry:196e3e11-a5a0-4ad9-99c7-aea5ef112c98">
          <names>
            <name>Document Retrieve Service</name>
          </names>
          <descriptions>
            <description>Service to retrieve document(s)</description>
          </descriptions>
          <uniformServiceName>documentretrieve</uniformServiceName>
          <serviceVersion>1.0</serviceVersion>
          <internalWebService>false</internalWebService>
          <bindingTemplates>
            <bindingTemplate bindingKey="">
              <endpointURL>https://www.wvhin-onc3.com:5889/webservices/service/WVHIN_WS</endpointURL>
              <wsdlURL></wsdlURL>
            </bindingTemplate>
          </bindingTemplates>
        </businessService>
        <businessService serviceKey="uddi:nhinregistry:3d631ecf-d0c7-497e-ad0b-b5d091b3212c">
          <names>
            <name>Document Query Service</name>
          </names>
          <descriptions>
            <description>Service to query for documents</description>
          </descriptions>
          <uniformServiceName></uniformServiceName>
          <serviceVersion>1.0</serviceVersion>
          <internalWebService>false</internalWebService>
          <bindingTemplates>
            <bindingTemplate bindingKey="">
              <endpointURL>https://www.wvhin-onc3.com:5889/webservices/service/WVHIN_WS</endpointURL>
              <wsdlURL></wsdlURL>
            </bindingTemplate>
          </bindingTemplates>
        </businessService>
        <businessService serviceKey="uddi:nhinregistry:afa95f5e-24d5-4ef3-8196-dad9c50b04fe">
          <names>
            <name>Subscription Notification Service</name>
          </names>
          <descriptions>
            <description>Service to receive notification for a change in consumer preference as well as change in patients documents.</description>
          </descriptions>
          <uniformServiceName>agencynotificationconsumer</uniformServiceName>
          <serviceVersion>1.0</serviceVersion>
          <internalWebService>false</internalWebService>
          <bindingTemplates>
            <bindingTemplate bindingKey="">
              <endpointURL>http://localhost:9081/SubscriptionManager/SubscriptionManagerPort</endpointURL>
              <wsdlURL></wsdlURL>
            </bindingTemplate>
          </bindingTemplates>
        </businessService>
        <businessService serviceKey="uddi:nhinregistry:f93eecdd-6dd1-4572-82c0-c23fce112527">
          <names>
            <name>Subject Discovery Service</name>
          </names>
          <descriptions>
            <description>Service to perform subject discovery over NHIN</description>
          </descriptions>
          <uniformServiceName>subjectdiscovery</uniformServiceName>
          <serviceVersion>2.0</serviceVersion>
          <internalWebService>false</internalWebService>
          <bindingTemplates>
            <bindingTemplate bindingKey="">
              <endpointURL>https://www.wvhin-onc3.com:5889/webservices/service/WVHIN_WS</endpointURL>
              <wsdlURL></wsdlURL>
            </bindingTemplate>
          </bindingTemplates>
        </businessService>
      </businessServices>
    </businessEntity>
    <businessEntity businessKey="uddi:nhinregistry:7168fa08-48e2-4c6b-90ce-a62b51b38061">
      <names>
        <businessName>Wright State</businessName>
      </names>
      <descriptions>
        <businessDescription>HealthLink RHIO is HIEx of wright state university,Dayton,OH</businessDescription>
      </descriptions>
      <homeCommunityId>urn:oid;1.3.6.1.4.1.21302</homeCommunityId>
      <federalHIE>false</federalHIE>
      <publicKeyURI></publicKeyURI>
      <businessServices>
        <businessService serviceKey="uddi:nhinregistry:188e31ca-045c-41b3-b331-f648492df94c">
          <names>
            <name>Document Retrieve Service</name>
          </names>
          <descriptions>
            <description>Service to retrieve document(s)</description>
          </descriptions>
          <uniformServiceName>documentretrieve</uniformServiceName>
          <serviceVersion>1.0</serviceVersion>
          <internalWebService>false</internalWebService>
          <bindingTemplates>
            <bindingTemplate bindingKey="">
              <endpointURL>https://WSNHIE1.fedsconnect.org:9081/RespondingGateway_Retrieve_Service</endpointURL>
              <wsdlURL></wsdlURL>
            </bindingTemplate>
          </bindingTemplates>
        </businessService>
        <businessService serviceKey="uddi:nhinregistry:20e492a7-24fd-44d7-9958-3f74f2d87139">
          <names>
            <name>Document Query Service</name>
          </names>
          <descriptions>
            <description>Service to query for documents</description>
          </descriptions>
          <uniformServiceName>documentquery</uniformServiceName>
          <serviceVersion>1.0</serviceVersion>
          <internalWebService>false</internalWebService>
          <bindingTemplates>
            <bindingTemplate bindingKey="">
              <endpointURL>https://WSNHIE1.fedsconnect.org:9081/RespondingGateway_Query_Service</endpointURL>
              <wsdlURL></wsdlURL>
            </bindingTemplate>
          </bindingTemplates>
        </businessService>
        <businessService serviceKey="uddi:nhinregistry:378607b8-5876-4cbb-8c22-a7b9ff465d3d">
          <names>
            <name>Subject Discovery Service</name>
          </names>
          <descriptions>
            <description>Service to perform subject discovery over NHIN</description>
          </descriptions>
          <uniformServiceName>subjectdiscovery</uniformServiceName>
          <serviceVersion>2.0</serviceVersion>
          <internalWebService>false</internalWebService>
          <bindingTemplates>
            <bindingTemplate bindingKey="">
              <endpointURL>https://WSNHIE1.fedsconnect.org:9081/PIXConsumer_Soap11</endpointURL>
              <wsdlURL></wsdlURL>
            </bindingTemplate>
          </bindingTemplates>
        </businessService>
        <businessService serviceKey="uddi:nhinregistry:7c9d3073-95fd-4ec1-81bf-04bdb421aa81">
          <names>
            <name>Subscription Notification Service</name>
          </names>
          <descriptions>
            <description>Service to receive notification for a change in consumer preference as well as change in patients documents.</description>
          </descriptions>
          <uniformServiceName>agencynotificationconsumer</uniformServiceName>
          <serviceVersion>1.0</serviceVersion>
          <internalWebService>false</internalWebService>
          <bindingTemplates>
            <bindingTemplate bindingKey="">
              <endpointURL>http://localhost:9081/SubscriptionManager/SubscriptionManagerPort</endpointURL>
              <wsdlURL></wsdlURL>
            </bindingTemplate>
          </bindingTemplates>
        </businessService>
        <businessService serviceKey="uddi:nhinregistry:936e5fb2-06ab-42c4-994f-254461c158c0">
          <names>
            <name>Audit Log Query Service</name>
          </names>
          <descriptions>
            <description>Service to retrieve audit events for a given date range</description>
          </descriptions>
          <uniformServiceName>auditquery</uniformServiceName>
          <serviceVersion>1.0</serviceVersion>
          <internalWebService>false</internalWebService>
          <bindingTemplates>
            <bindingTemplate bindingKey="">
              <endpointURL>https://WSNHIE1.fedsconnect.org:9081/findAuditEvents/AuditLogQuery</endpointURL>
              <wsdlURL></wsdlURL>
            </bindingTemplate>
          </bindingTemplates>
        </businessService>
      </businessServices>
    </businessEntity>
  </businessEntities>
</UDDIConnectionInfo>
[5/26/2009, 10:36:19:679] INFO   nnectionManagerCache  Attempting to retrieve property: localHomeCommunityId from property file: gateway
[5/26/2009, 10:36:19:684] INFO   nnectionManagerCache  Retrieve local home community id: 1.1
End testRetrievePtConsentByPtId
Begin testRetrievePtConsentByPtDocId
[5/26/2009, 10:36:35:506] INFO   nnectionManagerCache  Attempting to retrieve property: localHomeCommunityId from property file: gateway
[5/26/2009, 10:36:35:510] INFO   nnectionManagerCache  Retrieve local home community id: 1.1
[5/26/2009, 10:36:44:824] INFO   nnectionManagerCache  Attempting to retrieve property: localHomeCommunityId from property file: gateway
[5/26/2009, 10:36:44:828] INFO   nnectionManagerCache  Retrieve local home community id: 1.1
[5/26/2009, 10:36:44:951] INFO   nnectionManagerCache  Attempting to retrieve property: localHomeCommunityId from property file: gateway
[5/26/2009, 10:36:44:956] INFO   nnectionManagerCache  Retrieve local home community id: 1.1
End testRetrievePtConsentByPtDocId
Begin testStorePtConsent
[5/26/2009, 10:36:54:613] DEBUG  DocumentDao           Beginning document query
[5/26/2009, 10:36:54:712] INFO   Environment           Hibernate 3.2.5
[5/26/2009, 10:36:54:722] INFO   Environment           hibernate.properties not found
[5/26/2009, 10:36:54:725] INFO   Environment           Bytecode provider name : cglib
[5/26/2009, 10:36:54:732] INFO   Environment           using JDK 1.4 java.sql.Timestamp handling
[5/26/2009, 10:36:54:877] INFO   Configuration         configuring from resource: /hibernate.cfg.xml
[5/26/2009, 10:36:54:877] INFO   Configuration         Configuration resource: /hibernate.cfg.xml
[5/26/2009, 10:36:54:979] DEBUG  DTDEntityResolver     trying to resolve system-id [http://hibernate.sourceforge.net/hibernate-configuration-3.0.dtd]
[5/26/2009, 10:36:54:979] DEBUG  DTDEntityResolver     recognized hibernate namespace; attempting to resolve on classpath under org/hibernate/
[5/26/2009, 10:36:54:981] DEBUG  DTDEntityResolver     located [http://hibernate.sourceforge.net/hibernate-configuration-3.0.dtd] in classpath
[5/26/2009, 10:36:55:027] DEBUG  Configuration         connection.driver_class=com.mysql.jdbc.Driver
[5/26/2009, 10:36:55:028] DEBUG  Configuration         connection.url=jdbc:mysql://localhost/docrepository
[5/26/2009, 10:36:55:028] DEBUG  Configuration         connection.username=nhincuser
[5/26/2009, 10:36:55:029] DEBUG  Configuration         connection.password=nhincpass
[5/26/2009, 10:36:55:029] DEBUG  Configuration         dialect=org.hibernate.dialect.MySQLDialect
[5/26/2009, 10:36:55:029] DEBUG  Configuration         cache.provider_class=org.hibernate.cache.NoCacheProvider
[5/26/2009, 10:36:55:030] DEBUG  Configuration         show_sql=true
[5/26/2009, 10:36:55:030] DEBUG  Configuration         c3p0.acquireRetryAttempts=4
[5/26/2009, 10:36:55:031] DEBUG  Configuration         c3p0.acquire_increment=1
[5/26/2009, 10:36:55:031] DEBUG  Configuration         c3p0.idle_test_period=100
[5/26/2009, 10:36:55:031] DEBUG  Configuration         c3p0.max_size=100
[5/26/2009, 10:36:55:032] DEBUG  Configuration         c3p0.max_statements=0
[5/26/2009, 10:36:55:032] DEBUG  Configuration         c3p0.min_size=3
[5/26/2009, 10:36:55:032] DEBUG  Configuration         c3p0.timeout=100
[5/26/2009, 10:36:55:033] DEBUG  Configuration         null<-org.dom4j.tree.DefaultAttribute@ee336f [Attribute: name resource value "Document.hbm.xml"]
[5/26/2009, 10:36:55:033] INFO   Configuration         Reading mappings from resource : Document.hbm.xml
[5/26/2009, 10:36:55:038] DEBUG  DTDEntityResolver     trying to resolve system-id [http://hibernate.sourceforge.net/hibernate-mapping-3.0.dtd]
[5/26/2009, 10:36:55:039] DEBUG  DTDEntityResolver     recognized hibernate namespace; attempting to resolve on classpath under org/hibernate/
[5/26/2009, 10:36:55:040] DEBUG  DTDEntityResolver     located [http://hibernate.sourceforge.net/hibernate-mapping-3.0.dtd] in classpath
[5/26/2009, 10:36:55:193] INFO   HbmBinder             Mapping class: gov.hhs.fha.nhinc.repository.model.Document -> document
[5/26/2009, 10:36:55:206] DEBUG  HbmBinder             Mapped property: documentid -> documentid
[5/26/2009, 10:36:55:251] DEBUG  HbmBinder             Mapped property: documentUniqueId -> DocumentUniqueId
[5/26/2009, 10:36:55:252] DEBUG  HbmBinder             Mapped property: documentTitle -> DocumentTitle
[5/26/2009, 10:36:55:252] DEBUG  HbmBinder             Mapped property: authorPerson -> authorPerson
[5/26/2009, 10:36:55:252] DEBUG  HbmBinder             Mapped property: authorInstitution -> authorInstitution
[5/26/2009, 10:36:55:253] DEBUG  HbmBinder             Mapped property: authorRole -> authorRole
[5/26/2009, 10:36:55:253] DEBUG  HbmBinder             Mapped property: authorSpecialty -> authorSpecialty
[5/26/2009, 10:36:55:253] DEBUG  HbmBinder             Mapped property: availablityStatus -> AvailabilityStatus
[5/26/2009, 10:36:55:254] DEBUG  HbmBinder             Mapped property: classCode -> ClassCode
[5/26/2009, 10:36:55:254] DEBUG  HbmBinder             Mapped property: classCodeScheme -> ClassCodeScheme
[5/26/2009, 10:36:55:254] DEBUG  HbmBinder             Mapped property: classCodeDisplayName -> ClassCodeDisplayName
[5/26/2009, 10:36:55:254] DEBUG  HbmBinder             Mapped property: confidentialityCode -> ConfidentialityCode
[5/26/2009, 10:36:55:255] DEBUG  HbmBinder             Mapped property: confidentialityCodeScheme -> ConfidentialityCodeScheme
[5/26/2009, 10:36:55:255] DEBUG  HbmBinder             Mapped property: confidentialityCodeDisplayName -> ConfidentialityCodeDisplayName
[5/26/2009, 10:36:55:255] DEBUG  HbmBinder             Mapped property: creationTime -> CreationTime
[5/26/2009, 10:36:55:255] DEBUG  HbmBinder             Mapped property: formatCode -> FormatCode
[5/26/2009, 10:36:55:256] DEBUG  HbmBinder             Mapped property: formatCodeScheme -> FormatCodeScheme
[5/26/2009, 10:36:55:256] DEBUG  HbmBinder             Mapped property: formatCodeDisplayName -> FormatCodeDisplayName
[5/26/2009, 10:36:55:256] DEBUG  HbmBinder             Mapped property: patientId -> PatientId
[5/26/2009, 10:36:55:257] DEBUG  HbmBinder             Mapped property: serviceStartTime -> ServiceStartTime
[5/26/2009, 10:36:55:258] DEBUG  HbmBinder             Mapped property: serviceStopTime -> ServiceStopTime
[5/26/2009, 10:36:55:258] DEBUG  HbmBinder             Mapped property: status -> Status
[5/26/2009, 10:36:55:258] DEBUG  HbmBinder             Mapped property: comments -> Comments
[5/26/2009, 10:36:55:258] DEBUG  HbmBinder             Mapped property: hash -> Hash
[5/26/2009, 10:36:55:258] DEBUG  HbmBinder             Mapped property: facilityCode -> FacilityCode
[5/26/2009, 10:36:55:258] DEBUG  HbmBinder             Mapped property: facilityCodeScheme -> FacilityCodeScheme
[5/26/2009, 10:36:55:259] DEBUG  HbmBinder             Mapped property: facilityCodeDisplayName -> FacilityCodeDisplayName
[5/26/2009, 10:36:55:259] DEBUG  HbmBinder             Mapped property: intendedRecipientPerson -> IntendedRecipientPerson
[5/26/2009, 10:36:55:259] DEBUG  HbmBinder             Mapped property: intendedRecipientOrganization -> IntendedRecipientOrganization
[5/26/2009, 10:36:55:259] DEBUG  HbmBinder             Mapped property: languageCode -> LanguageCode
[5/26/2009, 10:36:55:260] DEBUG  HbmBinder             Mapped property: legalAuthenticator -> LegalAuthenticator
[5/26/2009, 10:36:55:260] DEBUG  HbmBinder             Mapped property: mimeType -> MimeType
[5/26/2009, 10:36:55:260] DEBUG  HbmBinder             Mapped property: parentDocumentId -> ParentDocumentId
[5/26/2009, 10:36:55:260] DEBUG  HbmBinder             Mapped property: parentDocumentRelationship -> ParentDocumentRelationship
[5/26/2009, 10:36:55:261] DEBUG  HbmBinder             Mapped property: practiceSetting -> PracticeSetting
[5/26/2009, 10:36:55:261] DEBUG  HbmBinder             Mapped property: practiceSettingScheme -> PracticeSettingScheme
[5/26/2009, 10:36:55:261] DEBUG  HbmBinder             Mapped property: practiceSettingDisplayName -> PracticeSettingDisplayName
[5/26/2009, 10:36:55:261] DEBUG  HbmBinder             Mapped property: size -> Size
[5/26/2009, 10:36:55:262] DEBUG  HbmBinder             Mapped property: sourcePatientId -> SourcePatientId
[5/26/2009, 10:36:55:262] DEBUG  HbmBinder             Mapped property: pid3 -> Pid3
[5/26/2009, 10:36:55:262] DEBUG  HbmBinder             Mapped property: pid5 -> Pid5
[5/26/2009, 10:36:55:262] DEBUG  HbmBinder             Mapped property: pid7 -> Pid7
[5/26/2009, 10:36:55:263] DEBUG  HbmBinder             Mapped property: pid8 -> Pid8
[5/26/2009, 10:36:55:263] DEBUG  HbmBinder             Mapped property: pid11 -> Pid11
[5/26/2009, 10:36:55:263] DEBUG  HbmBinder             Mapped property: typeCode -> TypeCode
[5/26/2009, 10:36:55:263] DEBUG  HbmBinder             Mapped property: typeCodeScheme -> TypeCodeScheme
[5/26/2009, 10:36:55:263] DEBUG  HbmBinder             Mapped property: typeCodeDisplayName -> TypeCodeDisplayName
[5/26/2009, 10:36:55:263] DEBUG  HbmBinder             Mapped property: documentUri -> DocumentUri
[5/26/2009, 10:36:55:264] DEBUG  HbmBinder             Mapped property: rawData -> RawData
[5/26/2009, 10:36:55:264] DEBUG  HbmBinder             Mapped property: persistentCode -> Persistent
[5/26/2009, 10:36:55:275] DEBUG  HbmBinder             Mapped property: eventCodes
[5/26/2009, 10:36:55:275] DEBUG  Configuration         null<-org.dom4j.tree.DefaultAttribute@321d9a [Attribute: name resource value "EventCode.hbm.xml"]
[5/26/2009, 10:36:55:276] INFO   Configuration         Reading mappings from resource : EventCode.hbm.xml
[5/26/2009, 10:36:55:278] DEBUG  DTDEntityResolver     trying to resolve system-id [http://hibernate.sourceforge.net/hibernate-mapping-3.0.dtd]
[5/26/2009, 10:36:55:278] DEBUG  DTDEntityResolver     recognized hibernate namespace; attempting to resolve on classpath under org/hibernate/
[5/26/2009, 10:36:55:280] DEBUG  DTDEntityResolver     located [http://hibernate.sourceforge.net/hibernate-mapping-3.0.dtd] in classpath
[5/26/2009, 10:36:55:306] INFO   HbmBinder             Mapping class: gov.hhs.fha.nhinc.repository.model.EventCode -> eventcode
[5/26/2009, 10:36:55:307] DEBUG  HbmBinder             Mapped property: eventCodeId -> eventcodeid
[5/26/2009, 10:36:55:512] DEBUG  HbmBinder             Mapped property: document -> documentid
[5/26/2009, 10:36:55:513] DEBUG  HbmBinder             Mapped property: eventCode -> EventCode
[5/26/2009, 10:36:55:513] DEBUG  HbmBinder             Mapped property: eventCodeScheme -> EventCodeScheme
[5/26/2009, 10:36:55:514] DEBUG  HbmBinder             Mapped property: eventCodeDisplayName -> EventCodeDisplayName
[5/26/2009, 10:36:55:514] INFO   Configuration         Configured SessionFactory: null
[5/26/2009, 10:36:55:515] DEBUG  Configuration         properties: {java.vendor=Sun Microsystems Inc., show_sql=true, sun.java.launcher=SUN_STANDARD, c3p0.min_size=3, hibernate.connection.url=jdbc:mysql://localhost/docrepository, sun.management.compiler=HotSpot Client Compiler, os.name=Windows Vista, sun.boot.class.path=C:\Java\jdk1.6.0_13\jre\lib\endorsed\webservices-api.jar;C:\Java\jdk1.6.0_13\jre\lib\resources.jar;C:\Java\jdk1.6.0_13\jre\lib\rt.jar;C:\Java\jdk1.6.0_13\jre\lib\sunrsasign.jar;C:\Java\jdk1.6.0_13\jre\lib\jsse.jar;C:\Java\jdk1.6.0_13\jre\lib\jce.jar;C:\Java\jdk1.6.0_13\jre\lib\charsets.jar;C:\Java\jdk1.6.0_13\jre\classes, sun.desktop=windows, hibernate.c3p0.max_size=100, java.vm.specification.vendor=Sun Microsystems Inc., c3p0.max_size=100, java.runtime.version=1.6.0_13-b03, hibernate.c3p0.min_size=3, c3p0.acquire_increment=1, hibernate.cache.provider_class=org.hibernate.cache.NoCacheProvider, user.name=westbergl, connection.driver_class=com.mysql.jdbc.Driver, hibernate.c3p0.timeout=100, user.language=en, sun.boot.library.path=C:\Java\jdk1.6.0_13\jre\bin, dialect=org.hibernate.dialect.MySQLDialect, java.version=1.6.0_13, user.timezone=America/Denver, sun.arch.data.model=32, java.endorsed.dirs=C:\Java\jdk1.6.0_13\jre\lib\endorsed, sun.cpu.isalist=pentium_pro+mmx pentium_pro pentium+mmx pentium i486 i386 i86, sun.jnu.encoding=Cp1252, file.encoding.pkg=sun.io, file.separator=\, java.specification.name=Java Platform API Specification, java.class.version=50.0, user.country=US, connection.url=jdbc:mysql://localhost/docrepository, java.home=C:\Java\jdk1.6.0_13\jre, java.vm.info=mixed mode, os.version=6.0, c3p0.acquireRetryAttempts=4, hibernate.c3p0.acquireRetryAttempts=4, c3p0.idle_test_period=100, path.separator=;, connection.password=nhincpass, java.vm.version=11.3-b02, hibernate.connection.password=nhincpass, user.variant=, java.awt.printerjob=sun.awt.windows.WPrinterJob, sun.io.unicode.encoding=UnicodeLittle, awt.toolkit=sun.awt.windows.WToolkit, hibernate.connection.username=nhincuser, user.home=C:\Users\westbergl, java.specification.vendor=Sun Microsystems Inc., java.library.path=C:\Java\jdk1.6.0_13\bin;.;C:\Windows\Sun\Java\bin;C:\Windows\system32;C:\Windows;c:\batch;C:\Java\jdk1.6.0_13\bin;C:\GlassFishESB\netbeans\java2\ant\bin;c:\GlassFishESB\glassfish\bin;c:\Cygwin\bin;C:\Windows\system32;C:\Windows;C:\Windows\System32\Wbem;C:\Program Files\Common Files\Roxio Shared\DLLShared\;C:\Program Files\IDM Computer Solutions\UltraEdit-32;C:\Program Files\Subversion\bin;c:\jad;C:\Program Files\MySQL\MySQL Server 5.0\bin;C:\Program Files\TortoiseSVN\bin;C:\Program Files\QuickTime\QTSystem\;C:\Windows\System32\WindowsPowerShell\v1.0\;C:\projects\NHINC\Current\ThirdParty\OpenSSO\ssoAdminTools\opensso\bin, java.vendor.url=http://java.sun.com/, hibernate.connection.driver_class=com.mysql.jdbc.Driver, connection.username=nhincuser, java.vm.vendor=Sun Microsystems Inc., hibernate.dialect=org.hibernate.dialect.MySQLDialect, java.runtime.name=Java(TM) SE Runtime Environment, java.class.path=C:\GlassFishESB\netbeans\java2\ant\patches\72080.jar;C:\GlassFishESB\netbeans\java2\ant\patches\ant-42275.jar;C:\GlassFishESB\netbeans\java2\ant\lib\ant.jar;C:\GlassFishESB\netbeans\java2\ant\lib\ant-junit.jar;C:\GlassFishESB\glassfish\lib\NhincHL7JaxbLib.jar;C:\projects\NHINC\Current\Product\Production\Adapters\General\AdapterPIPLib\build\classes;C:\projects\NHINC\Current\Product\Production\Adapters\General\AdapterPIPLib\build\generated\wsimport\client;C:\projects\NHINC\Current\Product\Production\Adapters\General\AdapterPIPLib\src;C:\projects\NHINC\Current\Product\Production\Common\NhincLib\build\classes;C:\projects\NHINC\Current\Product\Production\Common\NhincLib\src;C:\projects\NHINC\Current\Product\Production\Common\NhincLib\src\conf;C:\projects\NHINC\Current\Product\Production\Adapters\General\DocumentRepository\build\classes;C:\projects\NHINC\Current\Product\Production\Adapters\General\DocumentRepository\conf;C:\projects\NHINC\Current\Product\Production\Adapters\General\DocumentRepository\src;C:\projects\NHINC\Current\Product\Production\Adapters\General\AdapterPIPProxy\build\classes;C:\projects\NHINC\Current\Product\Production\Adapters\General\AdapterPIPProxy\src;C:\projects\NHINC\Current\ThirdParty\XStream\cglib-nodep-2.1_3.jar;C:\projects\NHINC\Current\ThirdParty\XStream\dom4j-1.6.1.jar;C:\projects\NHINC\Current\ThirdParty\XStream\jdom-1.0.jar;C:\projects\NHINC\Current\ThirdParty\XStream\jettison-1.0-RC2.jar;C:\projects\NHINC\Current\ThirdParty\XStream\joda-time-1.5.1.jar;C:\projects\NHINC\Current\ThirdParty\XStream\stax-1.2.0.jar;C:\projects\NHINC\Current\ThirdParty\XStream\stax-api-1.0.1.jar;C:\projects\NHINC\Current\ThirdParty\XStream\wstx-asl-3.2.3.jar;C:\projects\NHINC\Current\ThirdParty\XStream\xml-writer-0.2.jar;C:\projects\NHINC\Current\ThirdParty\XStream\xom-1.1.jar;C:\projects\NHINC\Current\ThirdParty\XStream\xpp3_min-1.1.4c.jar;C:\projects\NHINC\Current\ThirdParty\XStream\xstream-1.3.jar;C:\projects\NHINC\Current\ThirdParty\XStream\xstream-benchmark-1.3.jar;C:\projects\NHINC\Current\ThirdParty\SpringFramework\spring.jar;C:\projects\NHINC\Current\ThirdParty\MySQLDB\mysql-connector-java-5.1.8-bin.jar;C:\projects\NHINC\Current\ThirdParty\log4j\commons-logging-1.1.1.jar;C:\projects\NHINC\Current\ThirdParty\log4j\log4j-1.2.15.jar;C:\projects\NHINC\Current\ThirdParty\HibernateLibraries\antlr-2.7.6.jar;C:\projects\NHINC\Current\ThirdParty\HibernateLibraries\asm-attrs.jar;C:\projects\NHINC\Current\ThirdParty\HibernateLibraries\asm.jar;C:\projects\NHINC\Current\ThirdParty\HibernateLibraries\cglib-2.1.3.jar;C:\projects\NHINC\Current\ThirdParty\HibernateLibraries\commons-collections-2.1.1.jar;C:\projects\NHINC\Current\ThirdParty\HibernateLibraries\dom4j-1.6.1.jar;C:\projects\NHINC\Current\ThirdParty\HibernateLibraries\ehcache-1.2.3.jar;C:\projects\NHINC\Current\ThirdParty\HibernateLibraries\hibernate3.jar;C:\projects\NHINC\Current\ThirdParty\HibernateLibraries\jdbc2_0-stdext.jar;C:\projects\NHINC\Current\ThirdParty\HibernateLibraries\jta.jar;C:\projects\NHINC\Current\ThirdParty\C3PO\c3p0-0.9.1.2.jar;C:\GlassFishESB\netbeans\ide10\modules\ext\jaxb\activation.jar;C:\GlassFishESB\netbeans\ide10\modules\ext\jaxb\api\jaxb-api.jar;C:\GlassFishESB\netbeans\ide10\modules\ext\jaxb\jaxb-impl.jar;C:\GlassFishESB\netbeans\ide10\modules\ext\jaxb\jaxb-xjc.jar;C:\GlassFishESB\netbeans\ide10\modules\ext\jaxb\api\jsr173_api.jar;C:\GlassFishESB\netbeans\java2\modules\ext\jaxws21\FastInfoset.jar;C:\GlassFishESB\netbeans\java2\modules\ext\jaxws21\http.jar;C:\GlassFishESB\netbeans\java2\modules\ext\jaxws21\api\jaxws-api.jar;C:\GlassFishESB\netbeans\java2\modules\ext\jaxws21\jaxws-rt.jar;C:\GlassFishESB\netbeans\java2\modules\ext\jaxws21\jaxws-tools.jar;C:\GlassFishESB\netbeans\java2\modules\ext\jaxws21\api\jsr181-api.jar;C:\GlassFishESB\netbeans\java2\modules\ext\jaxws21\api\jsr250-api.jar;C:\GlassFishESB\netbeans\java2\modules\ext\jaxws21\mimepull.jar;C:\GlassFishESB\netbeans\java2\modules\ext\jaxws21\resolver.jar;C:\GlassFishESB\netbeans\java2\modules\ext\jaxws21\api\saaj-api.jar;C:\GlassFishESB\netbeans\java2\modules\ext\jaxws21\saaj-impl.jar;C:\GlassFishESB\netbeans\java2\modules\ext\jaxws21\sjsxp.jar;C:\GlassFishESB\netbeans\java2\modules\ext\jaxws21\stax-ex.jar;C:\GlassFishESB\netbeans\java2\modules\ext\jaxws21\streambuffer.jar;C:\projects\NHINC\Current\Product\Production\Adapters\General\AdapterPIPProxyImpl\build\classes;C:\projects\NHINC\Current\Product\Production\Adapters\General\AdapterPIPProxyImpl\src;C:\GlassFishESB\netbeans\platform9\modules\ext\junit-4.5.jar;C:\projects\NHINC\Current\Product\Production\Adapters\General\AdapterPIPProxyImpl\build\test\classes;C:\projects\NHINC\Current\Product\Production\Adapters\General\AdapterPIPProxyImpl\test, hibernate.bytecode.use_reflection_optimizer=false, c3p0.timeout=100, java.vm.specification.name=Java Virtual Machine Specification, java.vm.specification.version=1.0, sun.cpu.endian=little, sun.os.patch.level=Service Pack 1, java.io.tmpdir=C:\Users\WESTBE~1\AppData\Local\Temp\, java.vendor.url.bug=http://java.sun.com/cgi-bin/bugreport.cgi, os.arch=x86, java.awt.graphicsenv=sun.awt.Win32GraphicsEnvironment, java.ext.dirs=C:\Java\jdk1.6.0_13\jre\lib\ext;C:\Windows\Sun\Java\lib\ext, user.dir=C:\projects\NHINC\Current\Product\Production\Adapters\General\AdapterPIPProxyImpl, hibernate.c3p0.idle_test_period=100, line.separator=
, java.vm.name=Java HotSpot(TM) Client VM, cache.provider_class=org.hibernate.cache.NoCacheProvider, hibernate.c3p0.acquire_increment=1, file.encoding=Cp1252, java.specification.version=1.6, c3p0.max_statements=0, hibernate.c3p0.max_statements=0, hibernate.show_sql=true}
[5/26/2009, 10:36:55:520] DEBUG  Configuration         Preparing to build session factory with filters : {}
[5/26/2009, 10:36:55:526] DEBUG  Configuration         processing extends queue
[5/26/2009, 10:36:55:527] DEBUG  Configuration         processing collection mappings
[5/26/2009, 10:36:55:530] DEBUG  CollectionSecondPass  Second pass for collection: gov.hhs.fha.nhinc.repository.model.Document.eventCodes
[5/26/2009, 10:36:55:530] INFO   HbmBinder             Mapping collection: gov.hhs.fha.nhinc.repository.model.Document.eventCodes -> eventcode
[5/26/2009, 10:36:55:530] DEBUG  CollectionSecondPass  Mapped collection key: documentid, one-to-many: gov.hhs.fha.nhinc.repository.model.EventCode
[5/26/2009, 10:36:55:537] DEBUG  Configuration         processing native query and ResultSetMapping mappings
[5/26/2009, 10:36:55:537] DEBUG  Configuration         processing association property references
[5/26/2009, 10:36:55:537] DEBUG  Configuration         processing foreign key constraints
[5/26/2009, 10:36:55:537] DEBUG  Configuration         resolving reference to class: gov.hhs.fha.nhinc.repository.model.Document
[5/26/2009, 10:36:55:555] INFO   P0ConnectionProvider  C3P0 using driver: com.mysql.jdbc.Driver at URL: jdbc:mysql://localhost/docrepository
[5/26/2009, 10:36:55:555] INFO   P0ConnectionProvider  Connection properties: {user=nhincuser, password=****}
[5/26/2009, 10:36:55:556] INFO   P0ConnectionProvider  autocommit mode: false
[5/26/2009, 10:36:55:566] WARN   P0ConnectionProvider  Both hibernate-style property 'hibernate.c3p0.max_size' and c3p0-style property 'c3p0.max_size' have been set in hibernate.properties. Hibernate-style property 'hibernate.c3p0.max_size' will be used and c3p0-style property 'c3p0.max_size' will be ignored!
[5/26/2009, 10:36:55:566] WARN   P0ConnectionProvider  Both hibernate-style property 'hibernate.c3p0.min_size' and c3p0-style property 'c3p0.min_size' have been set in hibernate.properties. Hibernate-style property 'hibernate.c3p0.min_size' will be used and c3p0-style property 'c3p0.min_size' will be ignored!
[5/26/2009, 10:36:55:571] WARN   P0ConnectionProvider  Both hibernate-style property 'hibernate.c3p0.timeout' and c3p0-style property 'c3p0.timeout' have been set in hibernate.properties. Hibernate-style property 'hibernate.c3p0.timeout' will be used and c3p0-style property 'c3p0.timeout' will be ignored!
[5/26/2009, 10:36:55:572] WARN   P0ConnectionProvider  Both hibernate-style property 'hibernate.c3p0.acquireRetryAttempts' and c3p0-style property 'c3p0.acquireRetryAttempts' have been set in hibernate.properties. Hibernate-style property 'hibernate.c3p0.acquireRetryAttempts' will be used and c3p0-style property 'c3p0.acquireRetryAttempts' will be ignored!
[5/26/2009, 10:36:55:578] WARN   P0ConnectionProvider  Both hibernate-style property 'hibernate.c3p0.idle_test_period' and c3p0-style property 'c3p0.idle_test_period' have been set in hibernate.properties. Hibernate-style property 'hibernate.c3p0.idle_test_period' will be used and c3p0-style property 'c3p0.idle_test_period' will be ignored!
[5/26/2009, 10:36:55:578] WARN   P0ConnectionProvider  Both hibernate-style property 'hibernate.c3p0.acquire_increment' and c3p0-style property 'c3p0.acquire_increment' have been set in hibernate.properties. Hibernate-style property 'hibernate.c3p0.acquire_increment' will be used and c3p0-style property 'c3p0.acquire_increment' will be ignored!
[5/26/2009, 10:36:55:578] WARN   P0ConnectionProvider  Both hibernate-style property 'hibernate.c3p0.max_statements' and c3p0-style property 'c3p0.max_statements' have been set in hibernate.properties. Hibernate-style property 'hibernate.c3p0.max_statements' will be used and c3p0-style property 'c3p0.max_statements' will be ignored!
[5/26/2009, 10:36:55:635] INFO   MLog                  MLog clients using log4j logging.
[5/26/2009, 10:36:55:997] INFO   C3P0Registry          Initializing c3p0-0.9.1.2 [built 21-May-2007 15:04:56; debug? true; trace: 10]
[5/26/2009, 10:36:56:312] DEBUG  taSourceManagerMBean  MBean: com.mchange.v2.c3p0:type=PooledDataSource[1hge13t81ywecn31v6y6o5|19370f0] registered.
[5/26/2009, 10:36:56:411] DEBUG  taSourceManagerMBean  MBean: com.mchange.v2.c3p0:type=PooledDataSource[1hge13t81ywecn31v6y6o5|19370f0] unregistered, in order to be reregistered after update.
[5/26/2009, 10:36:56:411] DEBUG  taSourceManagerMBean  MBean: com.mchange.v2.c3p0:type=PooledDataSource[1hge13t81ywecn31v6y6o5|19370f0] registered.
[5/26/2009, 10:36:56:529] INFO   PoolBackedDataSource  Initializing c3p0 pool... com.mchange.v2.c3p0.PoolBackedDataSource@3a6dedf0 [ connectionPoolDataSource -> com.mchange.v2.c3p0.WrapperConnectionPoolDataSource@5ff637e4 [ acquireIncrement -> 1, acquireRetryAttempts -> 4, acquireRetryDelay -> 1000, autoCommitOnClose -> false, automaticTestTable -> null, breakAfterAcquireFailure -> false, checkoutTimeout -> 0, connectionCustomizerClassName -> null, connectionTesterClassName -> com.mchange.v2.c3p0.impl.DefaultConnectionTester, debugUnreturnedConnectionStackTraces -> false, factoryClassLocation -> null, forceIgnoreUnresolvedTransactions -> false, identityToken -> 1hge13t81ywecn31v6y6o5|479662, idleConnectionTestPeriod -> 100, initialPoolSize -> 3, maxAdministrativeTaskTime -> 0, maxConnectionAge -> 0, maxIdleTime -> 100, maxIdleTimeExcessConnections -> 0, maxPoolSize -> 100, maxStatements -> 0, maxStatementsPerConnection -> 0, minPoolSize -> 3, nestedDataSource -> com.mchange.v2.c3p0.DriverManagerDataSource@579429d2 [ description -> null, driverClass -> null, factoryClassLocation -> null, identityToken -> 1hge13t81ywecn31v6y6o5|93a5ee, jdbcUrl -> jdbc:mysql://localhost/docrepository, properties -> {user=******, password=******} ], preferredTestQuery -> null, propertyCycle -> 0, testConnectionOnCheckin -> false, testConnectionOnCheckout -> false, unreturnedConnectionTimeout -> 0, usesTraditionalReflectiveProxies -> false; userOverrides: {} ], dataSourceName -> null, factoryClassLocation -> null, identityToken -> 1hge13t81ywecn31v6y6o5|19370f0, numHelperThreads -> 3 ]
[5/26/2009, 10:36:56:592] DEBUG  BasicResourcePool     incremented pending_acquires: 1
[5/26/2009, 10:36:56:592] DEBUG  BasicResourcePool     incremented pending_acquires: 2
[5/26/2009, 10:36:56:592] DEBUG  BasicResourcePool     incremented pending_acquires: 3
[5/26/2009, 10:36:56:592] DEBUG  BasicResourcePool     com.mchange.v2.resourcepool.BasicResourcePool@7fed46 config: [start -> 3; min -> 3; max -> 100; inc -> 1; num_acq_attempts -> 4; acq_attempt_delay -> 1000; check_idle_resources_delay -> 100000; mox_resource_age -> 0; max_idle_time -> 100000; excess_max_idle_time -> 0; destroy_unreturned_resc_time -> 0; expiration_enforcement_delay -> 25000; break_on_acquisition_failure -> false; debug_store_checkout_exceptions -> false]
[5/26/2009, 10:36:56:593] DEBUG  BasicResourcePool     acquire test -- pool size: 0; target_pool_size: 3; desired target? 1
[5/26/2009, 10:36:56:593] DEBUG  BasicResourcePool     awaitAvailable(): [unknown]
[5/26/2009, 10:36:56:593] DEBUG  BasicResourcePool     trace com.mchange.v2.resourcepool.BasicResourcePool@7fed46 [managed: 0, unused: 0, excluded: 0]
[5/26/2009, 10:36:56:955] DEBUG  PooledConnectionPool  com.mchange.v2.c3p0.impl.C3P0PooledConnectionPool$1PooledConnectionResourcePoolManager@4b363b.acquireResource() returning. 
[5/26/2009, 10:36:56:955] DEBUG  PooledConnectionPool  com.mchange.v2.c3p0.impl.C3P0PooledConnectionPool$1PooledConnectionResourcePoolManager@4b363b.acquireResource() returning. 
[5/26/2009, 10:36:56:956] DEBUG  PooledConnectionPool  com.mchange.v2.c3p0.impl.C3P0PooledConnectionPool$1PooledConnectionResourcePoolManager@4b363b.acquireResource() returning. 
[5/26/2009, 10:36:56:959] DEBUG  BasicResourcePool     trace com.mchange.v2.resourcepool.BasicResourcePool@7fed46 [managed: 1, unused: 1, excluded: 0]
[5/26/2009, 10:36:56:960] DEBUG  BasicResourcePool     decremented pending_acquires: 2
[5/26/2009, 10:36:56:960] DEBUG  BasicResourcePool     trace com.mchange.v2.resourcepool.BasicResourcePool@7fed46 [managed: 2, unused: 1, excluded: 0] (e.g. com.mchange.v2.c3p0.impl.NewPooledConnection@54197)
[5/26/2009, 10:36:56:960] DEBUG  BasicResourcePool     decremented pending_acquires: 1
[5/26/2009, 10:36:56:960] DEBUG  BasicResourcePool     trace com.mchange.v2.resourcepool.BasicResourcePool@7fed46 [managed: 3, unused: 2, excluded: 0] (e.g. com.mchange.v2.c3p0.impl.NewPooledConnection@54197)
[5/26/2009, 10:36:56:960] DEBUG  BasicResourcePool     trace com.mchange.v2.resourcepool.BasicResourcePool@7fed46 [managed: 3, unused: 2, excluded: 0] (e.g. com.mchange.v2.c3p0.impl.NewPooledConnection@54197)
[5/26/2009, 10:36:56:960] DEBUG  BasicResourcePool     decremented pending_acquires: 0
[5/26/2009, 10:36:56:973] INFO   SettingsFactory       RDBMS: MySQL, version: 5.0.51b-community-nt
[5/26/2009, 10:36:56:973] INFO   SettingsFactory       JDBC driver: MySQL-AB JDBC Driver, version: mysql-connector-java-5.1.8 ( Revision: ${svn.Revision} )
[5/26/2009, 10:36:56:976] DEBUG  BasicResourcePool     trace com.mchange.v2.resourcepool.BasicResourcePool@7fed46 [managed: 3, unused: 2, excluded: 0] (e.g. com.mchange.v2.c3p0.impl.NewPooledConnection@54197)
[5/26/2009, 10:36:56:976] DEBUG  NewProxyConnection    com.mchange.v2.c3p0.impl.NewProxyConnection@cc8157: close() called more than once.
[5/26/2009, 10:36:57:014] INFO   Dialect               Using dialect: org.hibernate.dialect.MySQLDialect
[5/26/2009, 10:36:57:024] INFO   actionFactoryFactory  Using default transaction strategy (direct JDBC transactions)
[5/26/2009, 10:36:57:030] INFO   ManagerLookupFactory  No TransactionManagerLookup configured (in JTA environment, use of read-write or transactional second-level cache is not recommended)
[5/26/2009, 10:36:57:030] INFO   SettingsFactory       Automatic flush during beforeCompletion(): disabled
[5/26/2009, 10:36:57:031] INFO   SettingsFactory       Automatic session close at end of transaction: disabled
[5/26/2009, 10:36:57:031] INFO   SettingsFactory       JDBC batch size: 15
[5/26/2009, 10:36:57:031] INFO   SettingsFactory       JDBC batch updates for versioned data: disabled
[5/26/2009, 10:36:57:033] INFO   SettingsFactory       Scrollable result sets: enabled
[5/26/2009, 10:36:57:033] DEBUG  SettingsFactory       Wrap result sets: disabled
[5/26/2009, 10:36:57:033] INFO   SettingsFactory       JDBC3 getGeneratedKeys(): enabled
[5/26/2009, 10:36:57:033] INFO   SettingsFactory       Connection release mode: auto
[5/26/2009, 10:36:57:044] INFO   SettingsFactory       Maximum outer join fetch depth: 2
[5/26/2009, 10:36:57:044] INFO   SettingsFactory       Default batch fetch size: 1
[5/26/2009, 10:36:57:045] INFO   SettingsFactory       Generate SQL with comments: disabled
[5/26/2009, 10:36:57:045] INFO   SettingsFactory       Order SQL updates by primary key: disabled
[5/26/2009, 10:36:57:045] INFO   SettingsFactory       Order SQL inserts for batching: disabled
[5/26/2009, 10:36:57:046] INFO   SettingsFactory       Query translator: org.hibernate.hql.ast.ASTQueryTranslatorFactory
[5/26/2009, 10:36:57:053] INFO   eryTranslatorFactory  Using ASTQueryTranslatorFactory
[5/26/2009, 10:36:57:053] INFO   SettingsFactory       Query language substitutions: {}
[5/26/2009, 10:36:57:053] INFO   SettingsFactory       JPA-QL strict compliance: disabled
[5/26/2009, 10:36:57:054] INFO   SettingsFactory       Second-level cache: enabled
[5/26/2009, 10:36:57:054] INFO   SettingsFactory       Query cache: disabled
[5/26/2009, 10:36:57:054] INFO   SettingsFactory       Cache provider: org.hibernate.cache.NoCacheProvider
[5/26/2009, 10:36:57:054] INFO   SettingsFactory       Optimize cache for minimal puts: disabled
[5/26/2009, 10:36:57:054] INFO   SettingsFactory       Structured second-level cache entries: disabled
[5/26/2009, 10:36:57:056] TRACE  tionConverterFactory  Using dialect defined converter
[5/26/2009, 10:36:57:068] INFO   SettingsFactory       Echoing all SQL to stdout
[5/26/2009, 10:36:57:068] INFO   SettingsFactory       Statistics: disabled
[5/26/2009, 10:36:57:069] INFO   SettingsFactory       Deleted entity synthetic identifier rollback: disabled
[5/26/2009, 10:36:57:069] INFO   SettingsFactory       Default entity-mode: pojo
[5/26/2009, 10:36:57:069] INFO   SettingsFactory       Named query checking : enabled
[5/26/2009, 10:36:57:150] INFO   SessionFactoryImpl    building session factory
[5/26/2009, 10:36:57:153] DEBUG  SessionFactoryImpl    Session factory constructed with filter configurations : {}
[5/26/2009, 10:36:57:153] DEBUG  SessionFactoryImpl    instantiating session factory with properties: {java.vendor=Sun Microsystems Inc., show_sql=true, sun.java.launcher=SUN_STANDARD, hibernate.connection.url=jdbc:mysql://localhost/docrepository, sun.management.compiler=HotSpot Client Compiler, c3p0.min_size=3, os.name=Windows Vista, sun.boot.class.path=C:\Java\jdk1.6.0_13\jre\lib\endorsed\webservices-api.jar;C:\Java\jdk1.6.0_13\jre\lib\resources.jar;C:\Java\jdk1.6.0_13\jre\lib\rt.jar;C:\Java\jdk1.6.0_13\jre\lib\sunrsasign.jar;C:\Java\jdk1.6.0_13\jre\lib\jsse.jar;C:\Java\jdk1.6.0_13\jre\lib\jce.jar;C:\Java\jdk1.6.0_13\jre\lib\charsets.jar;C:\Java\jdk1.6.0_13\jre\classes, sun.desktop=windows, hibernate.c3p0.max_size=100, java.vm.specification.vendor=Sun Microsystems Inc., c3p0.max_size=100, java.runtime.version=1.6.0_13-b03, hibernate.c3p0.min_size=3, c3p0.acquire_increment=1, hibernate.cache.provider_class=org.hibernate.cache.NoCacheProvider, user.name=westbergl, connection.driver_class=com.mysql.jdbc.Driver, hibernate.c3p0.timeout=100, user.language=en, sun.boot.library.path=C:\Java\jdk1.6.0_13\jre\bin, dialect=org.hibernate.dialect.MySQLDialect, java.version=1.6.0_13, user.timezone=America/Denver, sun.arch.data.model=32, java.endorsed.dirs=C:\Java\jdk1.6.0_13\jre\lib\endorsed, sun.cpu.isalist=pentium_pro+mmx pentium_pro pentium+mmx pentium i486 i386 i86, sun.jnu.encoding=Cp1252, file.encoding.pkg=sun.io, file.separator=\, java.specification.name=Java Platform API Specification, java.class.version=50.0, user.country=US, connection.url=jdbc:mysql://localhost/docrepository, java.home=C:\Java\jdk1.6.0_13\jre, java.vm.info=mixed mode, os.version=6.0, c3p0.acquireRetryAttempts=4, hibernate.c3p0.acquireRetryAttempts=4, path.separator=;, c3p0.idle_test_period=100, connection.password=nhincpass, java.vm.version=11.3-b02, hibernate.connection.password=nhincpass, user.variant=, java.awt.printerjob=sun.awt.windows.WPrinterJob, sun.io.unicode.encoding=UnicodeLittle, awt.toolkit=sun.awt.windows.WToolkit, hibernate.connection.username=nhincuser, user.home=C:\Users\westbergl, java.specification.vendor=Sun Microsystems Inc., java.library.path=C:\Java\jdk1.6.0_13\bin;.;C:\Windows\Sun\Java\bin;C:\Windows\system32;C:\Windows;c:\batch;C:\Java\jdk1.6.0_13\bin;C:\GlassFishESB\netbeans\java2\ant\bin;c:\GlassFishESB\glassfish\bin;c:\Cygwin\bin;C:\Windows\system32;C:\Windows;C:\Windows\System32\Wbem;C:\Program Files\Common Files\Roxio Shared\DLLShared\;C:\Program Files\IDM Computer Solutions\UltraEdit-32;C:\Program Files\Subversion\bin;c:\jad;C:\Program Files\MySQL\MySQL Server 5.0\bin;C:\Program Files\TortoiseSVN\bin;C:\Program Files\QuickTime\QTSystem\;C:\Windows\System32\WindowsPowerShell\v1.0\;C:\projects\NHINC\Current\ThirdParty\OpenSSO\ssoAdminTools\opensso\bin, java.vendor.url=http://java.sun.com/, hibernate.connection.driver_class=com.mysql.jdbc.Driver, connection.username=nhincuser, java.vm.vendor=Sun Microsystems Inc., hibernate.dialect=org.hibernate.dialect.MySQLDialect, java.runtime.name=Java(TM) SE Runtime Environment, java.class.path=C:\GlassFishESB\netbeans\java2\ant\patches\72080.jar;C:\GlassFishESB\netbeans\java2\ant\patches\ant-42275.jar;C:\GlassFishESB\netbeans\java2\ant\lib\ant.jar;C:\GlassFishESB\netbeans\java2\ant\lib\ant-junit.jar;C:\GlassFishESB\glassfish\lib\NhincHL7JaxbLib.jar;C:\projects\NHINC\Current\Product\Production\Adapters\General\AdapterPIPLib\build\classes;C:\projects\NHINC\Current\Product\Production\Adapters\General\AdapterPIPLib\build\generated\wsimport\client;C:\projects\NHINC\Current\Product\Production\Adapters\General\AdapterPIPLib\src;C:\projects\NHINC\Current\Product\Production\Common\NhincLib\build\classes;C:\projects\NHINC\Current\Product\Production\Common\NhincLib\src;C:\projects\NHINC\Current\Product\Production\Common\NhincLib\src\conf;C:\projects\NHINC\Current\Product\Production\Adapters\General\DocumentRepository\build\classes;C:\projects\NHINC\Current\Product\Production\Adapters\General\DocumentRepository\conf;C:\projects\NHINC\Current\Product\Production\Adapters\General\DocumentRepository\src;C:\projects\NHINC\Current\Product\Production\Adapters\General\AdapterPIPProxy\build\classes;C:\projects\NHINC\Current\Product\Production\Adapters\General\AdapterPIPProxy\src;C:\projects\NHINC\Current\ThirdParty\XStream\cglib-nodep-2.1_3.jar;C:\projects\NHINC\Current\ThirdParty\XStream\dom4j-1.6.1.jar;C:\projects\NHINC\Current\ThirdParty\XStream\jdom-1.0.jar;C:\projects\NHINC\Current\ThirdParty\XStream\jettison-1.0-RC2.jar;C:\projects\NHINC\Current\ThirdParty\XStream\joda-time-1.5.1.jar;C:\projects\NHINC\Current\ThirdParty\XStream\stax-1.2.0.jar;C:\projects\NHINC\Current\ThirdParty\XStream\stax-api-1.0.1.jar;C:\projects\NHINC\Current\ThirdParty\XStream\wstx-asl-3.2.3.jar;C:\projects\NHINC\Current\ThirdParty\XStream\xml-writer-0.2.jar;C:\projects\NHINC\Current\ThirdParty\XStream\xom-1.1.jar;C:\projects\NHINC\Current\ThirdParty\XStream\xpp3_min-1.1.4c.jar;C:\projects\NHINC\Current\ThirdParty\XStream\xstream-1.3.jar;C:\projects\NHINC\Current\ThirdParty\XStream\xstream-benchmark-1.3.jar;C:\projects\NHINC\Current\ThirdParty\SpringFramework\spring.jar;C:\projects\NHINC\Current\ThirdParty\MySQLDB\mysql-connector-java-5.1.8-bin.jar;C:\projects\NHINC\Current\ThirdParty\log4j\commons-logging-1.1.1.jar;C:\projects\NHINC\Current\ThirdParty\log4j\log4j-1.2.15.jar;C:\projects\NHINC\Current\ThirdParty\HibernateLibraries\antlr-2.7.6.jar;C:\projects\NHINC\Current\ThirdParty\HibernateLibraries\asm-attrs.jar;C:\projects\NHINC\Current\ThirdParty\HibernateLibraries\asm.jar;C:\projects\NHINC\Current\ThirdParty\HibernateLibraries\cglib-2.1.3.jar;C:\projects\NHINC\Current\ThirdParty\HibernateLibraries\commons-collections-2.1.1.jar;C:\projects\NHINC\Current\ThirdParty\HibernateLibraries\dom4j-1.6.1.jar;C:\projects\NHINC\Current\ThirdParty\HibernateLibraries\ehcache-1.2.3.jar;C:\projects\NHINC\Current\ThirdParty\HibernateLibraries\hibernate3.jar;C:\projects\NHINC\Current\ThirdParty\HibernateLibraries\jdbc2_0-stdext.jar;C:\projects\NHINC\Current\ThirdParty\HibernateLibraries\jta.jar;C:\projects\NHINC\Current\ThirdParty\C3PO\c3p0-0.9.1.2.jar;C:\GlassFishESB\netbeans\ide10\modules\ext\jaxb\activation.jar;C:\GlassFishESB\netbeans\ide10\modules\ext\jaxb\api\jaxb-api.jar;C:\GlassFishESB\netbeans\ide10\modules\ext\jaxb\jaxb-impl.jar;C:\GlassFishESB\netbeans\ide10\modules\ext\jaxb\jaxb-xjc.jar;C:\GlassFishESB\netbeans\ide10\modules\ext\jaxb\api\jsr173_api.jar;C:\GlassFishESB\netbeans\java2\modules\ext\jaxws21\FastInfoset.jar;C:\GlassFishESB\netbeans\java2\modules\ext\jaxws21\http.jar;C:\GlassFishESB\netbeans\java2\modules\ext\jaxws21\api\jaxws-api.jar;C:\GlassFishESB\netbeans\java2\modules\ext\jaxws21\jaxws-rt.jar;C:\GlassFishESB\netbeans\java2\modules\ext\jaxws21\jaxws-tools.jar;C:\GlassFishESB\netbeans\java2\modules\ext\jaxws21\api\jsr181-api.jar;C:\GlassFishESB\netbeans\java2\modules\ext\jaxws21\api\jsr250-api.jar;C:\GlassFishESB\netbeans\java2\modules\ext\jaxws21\mimepull.jar;C:\GlassFishESB\netbeans\java2\modules\ext\jaxws21\resolver.jar;C:\GlassFishESB\netbeans\java2\modules\ext\jaxws21\api\saaj-api.jar;C:\GlassFishESB\netbeans\java2\modules\ext\jaxws21\saaj-impl.jar;C:\GlassFishESB\netbeans\java2\modules\ext\jaxws21\sjsxp.jar;C:\GlassFishESB\netbeans\java2\modules\ext\jaxws21\stax-ex.jar;C:\GlassFishESB\netbeans\java2\modules\ext\jaxws21\streambuffer.jar;C:\projects\NHINC\Current\Product\Production\Adapters\General\AdapterPIPProxyImpl\build\classes;C:\projects\NHINC\Current\Product\Production\Adapters\General\AdapterPIPProxyImpl\src;C:\GlassFishESB\netbeans\platform9\modules\ext\junit-4.5.jar;C:\projects\NHINC\Current\Product\Production\Adapters\General\AdapterPIPProxyImpl\build\test\classes;C:\projects\NHINC\Current\Product\Production\Adapters\General\AdapterPIPProxyImpl\test, hibernate.bytecode.use_reflection_optimizer=false, c3p0.timeout=100, java.vm.specification.name=Java Virtual Machine Specification, java.vm.specification.version=1.0, sun.cpu.endian=little, sun.os.patch.level=Service Pack 1, java.io.tmpdir=C:\Users\WESTBE~1\AppData\Local\Temp\, java.vendor.url.bug=http://java.sun.com/cgi-bin/bugreport.cgi, os.arch=x86, java.awt.graphicsenv=sun.awt.Win32GraphicsEnvironment, java.ext.dirs=C:\Java\jdk1.6.0_13\jre\lib\ext;C:\Windows\Sun\Java\lib\ext, user.dir=C:\projects\NHINC\Current\Product\Production\Adapters\General\AdapterPIPProxyImpl, hibernate.c3p0.idle_test_period=100, line.separator=
, java.vm.name=Java HotSpot(TM) Client VM, cache.provider_class=org.hibernate.cache.NoCacheProvider, hibernate.c3p0.acquire_increment=1, file.encoding=Cp1252, java.specification.version=1.6, c3p0.max_statements=0, hibernate.show_sql=true, hibernate.c3p0.max_statements=0}
[5/26/2009, 10:36:57:552] DEBUG  tractEntityPersister  Static SQL for entity: gov.hhs.fha.nhinc.repository.model.EventCode
[5/26/2009, 10:36:57:552] DEBUG  tractEntityPersister   Version select: select eventcodeid from eventcode where eventcodeid =?
[5/26/2009, 10:36:57:552] DEBUG  tractEntityPersister   Snapshot select: select eventcode_.eventcodeid, eventcode_.documentid as documentid1_, eventcode_.EventCode as EventCode1_, eventcode_.EventCodeScheme as EventCod4_1_, eventcode_.EventCodeDisplayName as EventCod5_1_ from eventcode eventcode_ where eventcode_.eventcodeid=?
[5/26/2009, 10:36:57:552] DEBUG  tractEntityPersister   Insert 0: insert into eventcode (documentid, EventCode, EventCodeScheme, EventCodeDisplayName, eventcodeid) values (?, ?, ?, ?, ?)
[5/26/2009, 10:36:57:553] DEBUG  tractEntityPersister   Update 0: update eventcode set documentid=?, EventCode=?, EventCodeScheme=?, EventCodeDisplayName=? where eventcodeid=?
[5/26/2009, 10:36:57:553] DEBUG  tractEntityPersister   Delete 0: delete from eventcode where eventcodeid=?
[5/26/2009, 10:36:57:617] DEBUG  tractEntityPersister  Static SQL for entity: gov.hhs.fha.nhinc.repository.model.Document
[5/26/2009, 10:36:57:617] DEBUG  tractEntityPersister   Version select: select documentid from document where documentid =?
[5/26/2009, 10:36:57:617] DEBUG  tractEntityPersister   Snapshot select: select document_.documentid, document_.DocumentUniqueId as Document2_0_, document_.DocumentTitle as Document3_0_, document_.authorPerson as authorPe4_0_, document_.authorInstitution as authorIn5_0_, document_.authorRole as authorRole0_, document_.authorSpecialty as authorSp7_0_, document_.AvailabilityStatus as Availabi8_0_, document_.ClassCode as ClassCode0_, document_.ClassCodeScheme as ClassCo10_0_, document_.ClassCodeDisplayName as ClassCo11_0_, document_.ConfidentialityCode as Confide12_0_, document_.ConfidentialityCodeScheme as Confide13_0_, document_.ConfidentialityCodeDisplayName as Confide14_0_, document_.CreationTime as Creatio15_0_, document_.FormatCode as FormatCode0_, document_.FormatCodeScheme as FormatC17_0_, document_.FormatCodeDisplayName as FormatC18_0_, document_.PatientId as PatientId0_, document_.ServiceStartTime as Service20_0_, document_.ServiceStopTime as Service21_0_, document_.Status as Status0_, document_.Comments as Comments0_, document_.Hash as Hash0_, document_.FacilityCode as Facilit25_0_, document_.FacilityCodeScheme as Facilit26_0_, document_.FacilityCodeDisplayName as Facilit27_0_, document_.IntendedRecipientPerson as Intende28_0_, document_.IntendedRecipientOrganization as Intende29_0_, document_.LanguageCode as Languag30_0_, document_.LegalAuthenticator as LegalAu31_0_, document_.MimeType as MimeType0_, document_.ParentDocumentId as ParentD33_0_, document_.ParentDocumentRelationship as ParentD34_0_, document_.PracticeSetting as Practic35_0_, document_.PracticeSettingScheme as Practic36_0_, document_.PracticeSettingDisplayName as Practic37_0_, document_.Size as Size0_, document_.SourcePatientId as SourceP39_0_, document_.Pid3 as Pid40_0_, document_.Pid5 as Pid41_0_, document_.Pid7 as Pid42_0_, document_.Pid8 as Pid43_0_, document_.Pid11 as Pid44_0_, document_.TypeCode as TypeCode0_, document_.TypeCodeScheme as TypeCod46_0_, document_.TypeCodeDisplayName as TypeCod47_0_, document_.DocumentUri as Documen48_0_, document_.RawData as RawData0_, document_.Persistent as Persistent0_ from document document_ where document_.documentid=?
[5/26/2009, 10:36:57:618] DEBUG  tractEntityPersister   Insert 0: insert into document (DocumentUniqueId, DocumentTitle, authorPerson, authorInstitution, authorRole, authorSpecialty, AvailabilityStatus, ClassCode, ClassCodeScheme, ClassCodeDisplayName, ConfidentialityCode, ConfidentialityCodeScheme, ConfidentialityCodeDisplayName, CreationTime, FormatCode, FormatCodeScheme, FormatCodeDisplayName, PatientId, ServiceStartTime, ServiceStopTime, Status, Comments, Hash, FacilityCode, FacilityCodeScheme, FacilityCodeDisplayName, IntendedRecipientPerson, IntendedRecipientOrganization, LanguageCode, LegalAuthenticator, MimeType, ParentDocumentId, ParentDocumentRelationship, PracticeSetting, PracticeSettingScheme, PracticeSettingDisplayName, Size, SourcePatientId, Pid3, Pid5, Pid7, Pid8, Pid11, TypeCode, TypeCodeScheme, TypeCodeDisplayName, DocumentUri, RawData, Persistent, documentid) values (?, ?, ?, ?, ?, ?, ?, ?, ?, ?, ?, ?, ?, ?, ?, ?, ?, ?, ?, ?, ?, ?, ?, ?, ?, ?, ?, ?, ?, ?, ?, ?, ?, ?, ?, ?, ?, ?, ?, ?, ?, ?, ?, ?, ?, ?, ?, ?, ?, ?)
[5/26/2009, 10:36:57:621] DEBUG  tractEntityPersister   Update 0: update document set DocumentUniqueId=?, DocumentTitle=?, authorPerson=?, authorInstitution=?, authorRole=?, authorSpecialty=?, AvailabilityStatus=?, ClassCode=?, ClassCodeScheme=?, ClassCodeDisplayName=?, ConfidentialityCode=?, ConfidentialityCodeScheme=?, ConfidentialityCodeDisplayName=?, CreationTime=?, FormatCode=?, FormatCodeScheme=?, FormatCodeDisplayName=?, PatientId=?, ServiceStartTime=?, ServiceStopTime=?, Status=?, Comments=?, Hash=?, FacilityCode=?, FacilityCodeScheme=?, FacilityCodeDisplayName=?, IntendedRecipientPerson=?, IntendedRecipientOrganization=?, LanguageCode=?, LegalAuthenticator=?, MimeType=?, ParentDocumentId=?, ParentDocumentRelationship=?, PracticeSetting=?, PracticeSettingScheme=?, PracticeSettingDisplayName=?, Size=?, SourcePatientId=?, Pid3=?, Pid5=?, Pid7=?, Pid8=?, Pid11=?, TypeCode=?, TypeCodeScheme=?, TypeCodeDisplayName=?, DocumentUri=?, RawData=?, Persistent=? where documentid=?
[5/26/2009, 10:36:57:623] DEBUG  tractEntityPersister   Delete 0: delete from document where documentid=?
[5/26/2009, 10:36:57:634] DEBUG  tCollectionPersister  Static SQL for collection: gov.hhs.fha.nhinc.repository.model.Document.eventCodes
[5/26/2009, 10:36:57:634] DEBUG  tCollectionPersister   Row insert: update eventcode set documentid=? where eventcodeid=?
[5/26/2009, 10:36:57:634] DEBUG  tCollectionPersister   Row delete: update eventcode set documentid=null where documentid=? and eventcodeid=?
[5/26/2009, 10:36:57:634] DEBUG  tCollectionPersister   One-shot delete: update eventcode set documentid=null where documentid=?
[5/26/2009, 10:36:57:671] DEBUG  EntityLoader          Static select for entity gov.hhs.fha.nhinc.repository.model.EventCode: select eventcode0_.eventcodeid as eventcod1_1_0_, eventcode0_.documentid as documentid1_0_, eventcode0_.EventCode as EventCode1_0_, eventcode0_.EventCodeScheme as EventCod4_1_0_, eventcode0_.EventCodeDisplayName as EventCod5_1_0_ from eventcode eventcode0_ where eventcode0_.eventcodeid=?
[5/26/2009, 10:36:57:672] DEBUG  EntityLoader          Static select for entity gov.hhs.fha.nhinc.repository.model.EventCode: select eventcode0_.eventcodeid as eventcod1_1_0_, eventcode0_.documentid as documentid1_0_, eventcode0_.EventCode as EventCode1_0_, eventcode0_.EventCodeScheme as EventCod4_1_0_, eventcode0_.EventCodeDisplayName as EventCod5_1_0_ from eventcode eventcode0_ where eventcode0_.eventcodeid=?
[5/26/2009, 10:36:57:672] DEBUG  EntityLoader          Static select for entity gov.hhs.fha.nhinc.repository.model.EventCode: select eventcode0_.eventcodeid as eventcod1_1_0_, eventcode0_.documentid as documentid1_0_, eventcode0_.EventCode as EventCode1_0_, eventcode0_.EventCodeScheme as EventCod4_1_0_, eventcode0_.EventCodeDisplayName as EventCod5_1_0_ from eventcode eventcode0_ where eventcode0_.eventcodeid=? for update
[5/26/2009, 10:36:57:673] DEBUG  EntityLoader          Static select for entity gov.hhs.fha.nhinc.repository.model.EventCode: select eventcode0_.eventcodeid as eventcod1_1_0_, eventcode0_.documentid as documentid1_0_, eventcode0_.EventCode as EventCode1_0_, eventcode0_.EventCodeScheme as EventCod4_1_0_, eventcode0_.EventCodeDisplayName as EventCod5_1_0_ from eventcode eventcode0_ where eventcode0_.eventcodeid=? for update
[5/26/2009, 10:36:57:673] DEBUG  EntityLoader          Static select for entity gov.hhs.fha.nhinc.repository.model.EventCode: select eventcode0_.eventcodeid as eventcod1_1_0_, eventcode0_.documentid as documentid1_0_, eventcode0_.EventCode as EventCode1_0_, eventcode0_.EventCodeScheme as EventCod4_1_0_, eventcode0_.EventCodeDisplayName as EventCod5_1_0_ from eventcode eventcode0_ where eventcode0_.eventcodeid=? for update
[5/26/2009, 10:36:57:716] DEBUG  EntityLoader          Static select for action ACTION_MERGE on entity gov.hhs.fha.nhinc.repository.model.EventCode: select eventcode0_.eventcodeid as eventcod1_1_0_, eventcode0_.documentid as documentid1_0_, eventcode0_.EventCode as EventCode1_0_, eventcode0_.EventCodeScheme as EventCod4_1_0_, eventcode0_.EventCodeDisplayName as EventCod5_1_0_ from eventcode eventcode0_ where eventcode0_.eventcodeid=?
[5/26/2009, 10:36:57:716] DEBUG  EntityLoader          Static select for action ACTION_REFRESH on entity gov.hhs.fha.nhinc.repository.model.EventCode: select eventcode0_.eventcodeid as eventcod1_1_0_, eventcode0_.documentid as documentid1_0_, eventcode0_.EventCode as EventCode1_0_, eventcode0_.EventCodeScheme as EventCod4_1_0_, eventcode0_.EventCodeDisplayName as EventCod5_1_0_ from eventcode eventcode0_ where eventcode0_.eventcodeid=?
[5/26/2009, 10:36:57:717] DEBUG  EntityLoader          Static select for entity gov.hhs.fha.nhinc.repository.model.Document: select document0_.documentid as documentid0_0_, document0_.DocumentUniqueId as Document2_0_0_, document0_.DocumentTitle as Document3_0_0_, document0_.authorPerson as authorPe4_0_0_, document0_.authorInstitution as authorIn5_0_0_, document0_.authorRole as authorRole0_0_, document0_.authorSpecialty as authorSp7_0_0_, document0_.AvailabilityStatus as Availabi8_0_0_, document0_.ClassCode as ClassCode0_0_, document0_.ClassCodeScheme as ClassCo10_0_0_, document0_.ClassCodeDisplayName as ClassCo11_0_0_, document0_.ConfidentialityCode as Confide12_0_0_, document0_.ConfidentialityCodeScheme as Confide13_0_0_, document0_.ConfidentialityCodeDisplayName as Confide14_0_0_, document0_.CreationTime as Creatio15_0_0_, document0_.FormatCode as FormatCode0_0_, document0_.FormatCodeScheme as FormatC17_0_0_, document0_.FormatCodeDisplayName as FormatC18_0_0_, document0_.PatientId as PatientId0_0_, document0_.ServiceStartTime as Service20_0_0_, document0_.ServiceStopTime as Service21_0_0_, document0_.Status as Status0_0_, document0_.Comments as Comments0_0_, document0_.Hash as Hash0_0_, document0_.FacilityCode as Facilit25_0_0_, document0_.FacilityCodeScheme as Facilit26_0_0_, document0_.FacilityCodeDisplayName as Facilit27_0_0_, document0_.IntendedRecipientPerson as Intende28_0_0_, document0_.IntendedRecipientOrganization as Intende29_0_0_, document0_.LanguageCode as Languag30_0_0_, document0_.LegalAuthenticator as LegalAu31_0_0_, document0_.MimeType as MimeType0_0_, document0_.ParentDocumentId as ParentD33_0_0_, document0_.ParentDocumentRelationship as ParentD34_0_0_, document0_.PracticeSetting as Practic35_0_0_, document0_.PracticeSettingScheme as Practic36_0_0_, document0_.PracticeSettingDisplayName as Practic37_0_0_, document0_.Size as Size0_0_, document0_.SourcePatientId as SourceP39_0_0_, document0_.Pid3 as Pid40_0_0_, document0_.Pid5 as Pid41_0_0_, document0_.Pid7 as Pid42_0_0_, document0_.Pid8 as Pid43_0_0_, document0_.Pid11 as Pid44_0_0_, document0_.TypeCode as TypeCode0_0_, document0_.TypeCodeScheme as TypeCod46_0_0_, document0_.TypeCodeDisplayName as TypeCod47_0_0_, document0_.DocumentUri as Documen48_0_0_, document0_.RawData as RawData0_0_, document0_.Persistent as Persistent0_0_ from document document0_ where document0_.documentid=?
[5/26/2009, 10:36:57:718] DEBUG  EntityLoader          Static select for entity gov.hhs.fha.nhinc.repository.model.Document: select document0_.documentid as documentid0_0_, document0_.DocumentUniqueId as Document2_0_0_, document0_.DocumentTitle as Document3_0_0_, document0_.authorPerson as authorPe4_0_0_, document0_.authorInstitution as authorIn5_0_0_, document0_.authorRole as authorRole0_0_, document0_.authorSpecialty as authorSp7_0_0_, document0_.AvailabilityStatus as Availabi8_0_0_, document0_.ClassCode as ClassCode0_0_, document0_.ClassCodeScheme as ClassCo10_0_0_, document0_.ClassCodeDisplayName as ClassCo11_0_0_, document0_.ConfidentialityCode as Confide12_0_0_, document0_.ConfidentialityCodeScheme as Confide13_0_0_, document0_.ConfidentialityCodeDisplayName as Confide14_0_0_, document0_.CreationTime as Creatio15_0_0_, document0_.FormatCode as FormatCode0_0_, document0_.FormatCodeScheme as FormatC17_0_0_, document0_.FormatCodeDisplayName as FormatC18_0_0_, document0_.PatientId as PatientId0_0_, document0_.ServiceStartTime as Service20_0_0_, document0_.ServiceStopTime as Service21_0_0_, document0_.Status as Status0_0_, document0_.Comments as Comments0_0_, document0_.Hash as Hash0_0_, document0_.FacilityCode as Facilit25_0_0_, document0_.FacilityCodeScheme as Facilit26_0_0_, document0_.FacilityCodeDisplayName as Facilit27_0_0_, document0_.IntendedRecipientPerson as Intende28_0_0_, document0_.IntendedRecipientOrganization as Intende29_0_0_, document0_.LanguageCode as Languag30_0_0_, document0_.LegalAuthenticator as LegalAu31_0_0_, document0_.MimeType as MimeType0_0_, document0_.ParentDocumentId as ParentD33_0_0_, document0_.ParentDocumentRelationship as ParentD34_0_0_, document0_.PracticeSetting as Practic35_0_0_, document0_.PracticeSettingScheme as Practic36_0_0_, document0_.PracticeSettingDisplayName as Practic37_0_0_, document0_.Size as Size0_0_, document0_.SourcePatientId as SourceP39_0_0_, document0_.Pid3 as Pid40_0_0_, document0_.Pid5 as Pid41_0_0_, document0_.Pid7 as Pid42_0_0_, document0_.Pid8 as Pid43_0_0_, document0_.Pid11 as Pid44_0_0_, document0_.TypeCode as TypeCode0_0_, document0_.TypeCodeScheme as TypeCod46_0_0_, document0_.TypeCodeDisplayName as TypeCod47_0_0_, document0_.DocumentUri as Documen48_0_0_, document0_.RawData as RawData0_0_, document0_.Persistent as Persistent0_0_ from document document0_ where document0_.documentid=?
[5/26/2009, 10:36:57:722] DEBUG  EntityLoader          Static select for entity gov.hhs.fha.nhinc.repository.model.Document: select document0_.documentid as documentid0_0_, document0_.DocumentUniqueId as Document2_0_0_, document0_.DocumentTitle as Document3_0_0_, document0_.authorPerson as authorPe4_0_0_, document0_.authorInstitution as authorIn5_0_0_, document0_.authorRole as authorRole0_0_, document0_.authorSpecialty as authorSp7_0_0_, document0_.AvailabilityStatus as Availabi8_0_0_, document0_.ClassCode as ClassCode0_0_, document0_.ClassCodeScheme as ClassCo10_0_0_, document0_.ClassCodeDisplayName as ClassCo11_0_0_, document0_.ConfidentialityCode as Confide12_0_0_, document0_.ConfidentialityCodeScheme as Confide13_0_0_, document0_.ConfidentialityCodeDisplayName as Confide14_0_0_, document0_.CreationTime as Creatio15_0_0_, document0_.FormatCode as FormatCode0_0_, document0_.FormatCodeScheme as FormatC17_0_0_, document0_.FormatCodeDisplayName as FormatC18_0_0_, document0_.PatientId as PatientId0_0_, document0_.ServiceStartTime as Service20_0_0_, document0_.ServiceStopTime as Service21_0_0_, document0_.Status as Status0_0_, document0_.Comments as Comments0_0_, document0_.Hash as Hash0_0_, document0_.FacilityCode as Facilit25_0_0_, document0_.FacilityCodeScheme as Facilit26_0_0_, document0_.FacilityCodeDisplayName as Facilit27_0_0_, document0_.IntendedRecipientPerson as Intende28_0_0_, document0_.IntendedRecipientOrganization as Intende29_0_0_, document0_.LanguageCode as Languag30_0_0_, document0_.LegalAuthenticator as LegalAu31_0_0_, document0_.MimeType as MimeType0_0_, document0_.ParentDocumentId as ParentD33_0_0_, document0_.ParentDocumentRelationship as ParentD34_0_0_, document0_.PracticeSetting as Practic35_0_0_, document0_.PracticeSettingScheme as Practic36_0_0_, document0_.PracticeSettingDisplayName as Practic37_0_0_, document0_.Size as Size0_0_, document0_.SourcePatientId as SourceP39_0_0_, document0_.Pid3 as Pid40_0_0_, document0_.Pid5 as Pid41_0_0_, document0_.Pid7 as Pid42_0_0_, document0_.Pid8 as Pid43_0_0_, document0_.Pid11 as Pid44_0_0_, document0_.TypeCode as TypeCode0_0_, document0_.TypeCodeScheme as TypeCod46_0_0_, document0_.TypeCodeDisplayName as TypeCod47_0_0_, document0_.DocumentUri as Documen48_0_0_, document0_.RawData as RawData0_0_, document0_.Persistent as Persistent0_0_ from document document0_ where document0_.documentid=? for update
[5/26/2009, 10:36:57:725] DEBUG  EntityLoader          Static select for entity gov.hhs.fha.nhinc.repository.model.Document: select document0_.documentid as documentid0_0_, document0_.DocumentUniqueId as Document2_0_0_, document0_.DocumentTitle as Document3_0_0_, document0_.authorPerson as authorPe4_0_0_, document0_.authorInstitution as authorIn5_0_0_, document0_.authorRole as authorRole0_0_, document0_.authorSpecialty as authorSp7_0_0_, document0_.AvailabilityStatus as Availabi8_0_0_, document0_.ClassCode as ClassCode0_0_, document0_.ClassCodeScheme as ClassCo10_0_0_, document0_.ClassCodeDisplayName as ClassCo11_0_0_, document0_.ConfidentialityCode as Confide12_0_0_, document0_.ConfidentialityCodeScheme as Confide13_0_0_, document0_.ConfidentialityCodeDisplayName as Confide14_0_0_, document0_.CreationTime as Creatio15_0_0_, document0_.FormatCode as FormatCode0_0_, document0_.FormatCodeScheme as FormatC17_0_0_, document0_.FormatCodeDisplayName as FormatC18_0_0_, document0_.PatientId as PatientId0_0_, document0_.ServiceStartTime as Service20_0_0_, document0_.ServiceStopTime as Service21_0_0_, document0_.Status as Status0_0_, document0_.Comments as Comments0_0_, document0_.Hash as Hash0_0_, document0_.FacilityCode as Facilit25_0_0_, document0_.FacilityCodeScheme as Facilit26_0_0_, document0_.FacilityCodeDisplayName as Facilit27_0_0_, document0_.IntendedRecipientPerson as Intende28_0_0_, document0_.IntendedRecipientOrganization as Intende29_0_0_, document0_.LanguageCode as Languag30_0_0_, document0_.LegalAuthenticator as LegalAu31_0_0_, document0_.MimeType as MimeType0_0_, document0_.ParentDocumentId as ParentD33_0_0_, document0_.ParentDocumentRelationship as ParentD34_0_0_, document0_.PracticeSetting as Practic35_0_0_, document0_.PracticeSettingScheme as Practic36_0_0_, document0_.PracticeSettingDisplayName as Practic37_0_0_, document0_.Size as Size0_0_, document0_.SourcePatientId as SourceP39_0_0_, document0_.Pid3 as Pid40_0_0_, document0_.Pid5 as Pid41_0_0_, document0_.Pid7 as Pid42_0_0_, document0_.Pid8 as Pid43_0_0_, document0_.Pid11 as Pid44_0_0_, document0_.TypeCode as TypeCode0_0_, document0_.TypeCodeScheme as TypeCod46_0_0_, document0_.TypeCodeDisplayName as TypeCod47_0_0_, document0_.DocumentUri as Documen48_0_0_, document0_.RawData as RawData0_0_, document0_.Persistent as Persistent0_0_ from document document0_ where document0_.documentid=? for update
[5/26/2009, 10:36:57:729] DEBUG  EntityLoader          Static select for entity gov.hhs.fha.nhinc.repository.model.Document: select document0_.documentid as documentid0_0_, document0_.DocumentUniqueId as Document2_0_0_, document0_.DocumentTitle as Document3_0_0_, document0_.authorPerson as authorPe4_0_0_, document0_.authorInstitution as authorIn5_0_0_, document0_.authorRole as authorRole0_0_, document0_.authorSpecialty as authorSp7_0_0_, document0_.AvailabilityStatus as Availabi8_0_0_, document0_.ClassCode as ClassCode0_0_, document0_.ClassCodeScheme as ClassCo10_0_0_, document0_.ClassCodeDisplayName as ClassCo11_0_0_, document0_.ConfidentialityCode as Confide12_0_0_, document0_.ConfidentialityCodeScheme as Confide13_0_0_, document0_.ConfidentialityCodeDisplayName as Confide14_0_0_, document0_.CreationTime as Creatio15_0_0_, document0_.FormatCode as FormatCode0_0_, document0_.FormatCodeScheme as FormatC17_0_0_, document0_.FormatCodeDisplayName as FormatC18_0_0_, document0_.PatientId as PatientId0_0_, document0_.ServiceStartTime as Service20_0_0_, document0_.ServiceStopTime as Service21_0_0_, document0_.Status as Status0_0_, document0_.Comments as Comments0_0_, document0_.Hash as Hash0_0_, document0_.FacilityCode as Facilit25_0_0_, document0_.FacilityCodeScheme as Facilit26_0_0_, document0_.FacilityCodeDisplayName as Facilit27_0_0_, document0_.IntendedRecipientPerson as Intende28_0_0_, document0_.IntendedRecipientOrganization as Intende29_0_0_, document0_.LanguageCode as Languag30_0_0_, document0_.LegalAuthenticator as LegalAu31_0_0_, document0_.MimeType as MimeType0_0_, document0_.ParentDocumentId as ParentD33_0_0_, document0_.ParentDocumentRelationship as ParentD34_0_0_, document0_.PracticeSetting as Practic35_0_0_, document0_.PracticeSettingScheme as Practic36_0_0_, document0_.PracticeSettingDisplayName as Practic37_0_0_, document0_.Size as Size0_0_, document0_.SourcePatientId as SourceP39_0_0_, document0_.Pid3 as Pid40_0_0_, document0_.Pid5 as Pid41_0_0_, document0_.Pid7 as Pid42_0_0_, document0_.Pid8 as Pid43_0_0_, document0_.Pid11 as Pid44_0_0_, document0_.TypeCode as TypeCode0_0_, document0_.TypeCodeScheme as TypeCod46_0_0_, document0_.TypeCodeDisplayName as TypeCod47_0_0_, document0_.DocumentUri as Documen48_0_0_, document0_.RawData as RawData0_0_, document0_.Persistent as Persistent0_0_ from document document0_ where document0_.documentid=? for update
[5/26/2009, 10:36:57:744] DEBUG  EntityLoader          Static select for action ACTION_MERGE on entity gov.hhs.fha.nhinc.repository.model.Document: select document0_.documentid as documentid0_1_, document0_.DocumentUniqueId as Document2_0_1_, document0_.DocumentTitle as Document3_0_1_, document0_.authorPerson as authorPe4_0_1_, document0_.authorInstitution as authorIn5_0_1_, document0_.authorRole as authorRole0_1_, document0_.authorSpecialty as authorSp7_0_1_, document0_.AvailabilityStatus as Availabi8_0_1_, document0_.ClassCode as ClassCode0_1_, document0_.ClassCodeScheme as ClassCo10_0_1_, document0_.ClassCodeDisplayName as ClassCo11_0_1_, document0_.ConfidentialityCode as Confide12_0_1_, document0_.ConfidentialityCodeScheme as Confide13_0_1_, document0_.ConfidentialityCodeDisplayName as Confide14_0_1_, document0_.CreationTime as Creatio15_0_1_, document0_.FormatCode as FormatCode0_1_, document0_.FormatCodeScheme as FormatC17_0_1_, document0_.FormatCodeDisplayName as FormatC18_0_1_, document0_.PatientId as PatientId0_1_, document0_.ServiceStartTime as Service20_0_1_, document0_.ServiceStopTime as Service21_0_1_, document0_.Status as Status0_1_, document0_.Comments as Comments0_1_, document0_.Hash as Hash0_1_, document0_.FacilityCode as Facilit25_0_1_, document0_.FacilityCodeScheme as Facilit26_0_1_, document0_.FacilityCodeDisplayName as Facilit27_0_1_, document0_.IntendedRecipientPerson as Intende28_0_1_, document0_.IntendedRecipientOrganization as Intende29_0_1_, document0_.LanguageCode as Languag30_0_1_, document0_.LegalAuthenticator as LegalAu31_0_1_, document0_.MimeType as MimeType0_1_, document0_.ParentDocumentId as ParentD33_0_1_, document0_.ParentDocumentRelationship as ParentD34_0_1_, document0_.PracticeSetting as Practic35_0_1_, document0_.PracticeSettingScheme as Practic36_0_1_, document0_.PracticeSettingDisplayName as Practic37_0_1_, document0_.Size as Size0_1_, document0_.SourcePatientId as SourceP39_0_1_, document0_.Pid3 as Pid40_0_1_, document0_.Pid5 as Pid41_0_1_, document0_.Pid7 as Pid42_0_1_, document0_.Pid8 as Pid43_0_1_, document0_.Pid11 as Pid44_0_1_, document0_.TypeCode as TypeCode0_1_, document0_.TypeCodeScheme as TypeCod46_0_1_, document0_.TypeCodeDisplayName as TypeCod47_0_1_, document0_.DocumentUri as Documen48_0_1_, document0_.RawData as RawData0_1_, document0_.Persistent as Persistent0_1_, eventcodes1_.documentid as documentid3_, eventcodes1_.eventcodeid as eventcod1_3_, eventcodes1_.eventcodeid as eventcod1_1_0_, eventcodes1_.documentid as documentid1_0_, eventcodes1_.EventCode as EventCode1_0_, eventcodes1_.EventCodeScheme as EventCod4_1_0_, eventcodes1_.EventCodeDisplayName as EventCod5_1_0_ from document document0_ left outer join eventcode eventcodes1_ on document0_.documentid=eventcodes1_.documentid where document0_.documentid=?
[5/26/2009, 10:36:57:745] DEBUG  EntityLoader          Static select for action ACTION_REFRESH on entity gov.hhs.fha.nhinc.repository.model.Document: select document0_.documentid as documentid0_1_, document0_.DocumentUniqueId as Document2_0_1_, document0_.DocumentTitle as Document3_0_1_, document0_.authorPerson as authorPe4_0_1_, document0_.authorInstitution as authorIn5_0_1_, document0_.authorRole as authorRole0_1_, document0_.authorSpecialty as authorSp7_0_1_, document0_.AvailabilityStatus as Availabi8_0_1_, document0_.ClassCode as ClassCode0_1_, document0_.ClassCodeScheme as ClassCo10_0_1_, document0_.ClassCodeDisplayName as ClassCo11_0_1_, document0_.ConfidentialityCode as Confide12_0_1_, document0_.ConfidentialityCodeScheme as Confide13_0_1_, document0_.ConfidentialityCodeDisplayName as Confide14_0_1_, document0_.CreationTime as Creatio15_0_1_, document0_.FormatCode as FormatCode0_1_, document0_.FormatCodeScheme as FormatC17_0_1_, document0_.FormatCodeDisplayName as FormatC18_0_1_, document0_.PatientId as PatientId0_1_, document0_.ServiceStartTime as Service20_0_1_, document0_.ServiceStopTime as Service21_0_1_, document0_.Status as Status0_1_, document0_.Comments as Comments0_1_, document0_.Hash as Hash0_1_, document0_.FacilityCode as Facilit25_0_1_, document0_.FacilityCodeScheme as Facilit26_0_1_, document0_.FacilityCodeDisplayName as Facilit27_0_1_, document0_.IntendedRecipientPerson as Intende28_0_1_, document0_.IntendedRecipientOrganization as Intende29_0_1_, document0_.LanguageCode as Languag30_0_1_, document0_.LegalAuthenticator as LegalAu31_0_1_, document0_.MimeType as MimeType0_1_, document0_.ParentDocumentId as ParentD33_0_1_, document0_.ParentDocumentRelationship as ParentD34_0_1_, document0_.PracticeSetting as Practic35_0_1_, document0_.PracticeSettingScheme as Practic36_0_1_, document0_.PracticeSettingDisplayName as Practic37_0_1_, document0_.Size as Size0_1_, document0_.SourcePatientId as SourceP39_0_1_, document0_.Pid3 as Pid40_0_1_, document0_.Pid5 as Pid41_0_1_, document0_.Pid7 as Pid42_0_1_, document0_.Pid8 as Pid43_0_1_, document0_.Pid11 as Pid44_0_1_, document0_.TypeCode as TypeCode0_1_, document0_.TypeCodeScheme as TypeCod46_0_1_, document0_.TypeCodeDisplayName as TypeCod47_0_1_, document0_.DocumentUri as Documen48_0_1_, document0_.RawData as RawData0_1_, document0_.Persistent as Persistent0_1_, eventcodes1_.documentid as documentid3_, eventcodes1_.eventcodeid as eventcod1_3_, eventcodes1_.eventcodeid as eventcod1_1_0_, eventcodes1_.documentid as documentid1_0_, eventcodes1_.EventCode as EventCode1_0_, eventcodes1_.EventCodeScheme as EventCod4_1_0_, eventcodes1_.EventCodeDisplayName as EventCod5_1_0_ from document document0_ left outer join eventcode eventcodes1_ on document0_.documentid=eventcodes1_.documentid where document0_.documentid=?
[5/26/2009, 10:36:57:761] DEBUG  OneToManyLoader       Static select for one-to-many gov.hhs.fha.nhinc.repository.model.Document.eventCodes: select eventcodes0_.documentid as documentid1_, eventcodes0_.eventcodeid as eventcod1_1_, eventcodes0_.eventcodeid as eventcod1_1_0_, eventcodes0_.documentid as documentid1_0_, eventcodes0_.EventCode as EventCode1_0_, eventcodes0_.EventCodeScheme as EventCod4_1_0_, eventcodes0_.EventCodeDisplayName as EventCod5_1_0_ from eventcode eventcodes0_ where eventcodes0_.documentid=?
[5/26/2009, 10:36:57:766] DEBUG  FactoryObjectFactory  initializing class SessionFactoryObjectFactory
[5/26/2009, 10:36:57:773] DEBUG  FactoryObjectFactory  registered: 40288199217dc82401217dc827220000 (unnamed)
[5/26/2009, 10:36:57:773] INFO   FactoryObjectFactory  Not binding factory to JNDI, no JNDI name configured
[5/26/2009, 10:36:57:773] DEBUG  SessionFactoryImpl    instantiated session factory
[5/26/2009, 10:36:57:773] DEBUG  SessionFactoryImpl    Checking 0 named HQL queries
[5/26/2009, 10:36:57:773] DEBUG  SessionFactoryImpl    Checking 0 named SQL queries
[5/26/2009, 10:36:57:867] DEBUG  SessionImpl           opened session at timestamp: 12433558177
[5/26/2009, 10:36:57:878] DEBUG  DocumentDao           Document query - patient id: D123401
[5/26/2009, 10:36:57:886] DEBUG  DocumentDao           Document query - class code: Consent
[5/26/2009, 10:36:57:907] DEBUG  AbstractBatcher       about to open PreparedStatement (open PreparedStatements: 0, globally: 0)
[5/26/2009, 10:36:57:907] DEBUG  ConnectionManager     opening JDBC connection
[5/26/2009, 10:36:57:907] DEBUG  BasicResourcePool     trace com.mchange.v2.resourcepool.BasicResourcePool@7fed46 [managed: 3, unused: 2, excluded: 0] (e.g. com.mchange.v2.c3p0.impl.NewPooledConnection@54197)
[5/26/2009, 10:36:57:908] DEBUG  SQL                   select this_.documentid as documentid0_0_, this_.DocumentUniqueId as Document2_0_0_, this_.DocumentTitle as Document3_0_0_, this_.authorPerson as authorPe4_0_0_, this_.authorInstitution as authorIn5_0_0_, this_.authorRole as authorRole0_0_, this_.authorSpecialty as authorSp7_0_0_, this_.AvailabilityStatus as Availabi8_0_0_, this_.ClassCode as ClassCode0_0_, this_.ClassCodeScheme as ClassCo10_0_0_, this_.ClassCodeDisplayName as ClassCo11_0_0_, this_.ConfidentialityCode as Confide12_0_0_, this_.ConfidentialityCodeScheme as Confide13_0_0_, this_.ConfidentialityCodeDisplayName as Confide14_0_0_, this_.CreationTime as Creatio15_0_0_, this_.FormatCode as FormatCode0_0_, this_.FormatCodeScheme as FormatC17_0_0_, this_.FormatCodeDisplayName as FormatC18_0_0_, this_.PatientId as PatientId0_0_, this_.ServiceStartTime as Service20_0_0_, this_.ServiceStopTime as Service21_0_0_, this_.Status as Status0_0_, this_.Comments as Comments0_0_, this_.Hash as Hash0_0_, this_.FacilityCode as Facilit25_0_0_, this_.FacilityCodeScheme as Facilit26_0_0_, this_.FacilityCodeDisplayName as Facilit27_0_0_, this_.IntendedRecipientPerson as Intende28_0_0_, this_.IntendedRecipientOrganization as Intende29_0_0_, this_.LanguageCode as Languag30_0_0_, this_.LegalAuthenticator as LegalAu31_0_0_, this_.MimeType as MimeType0_0_, this_.ParentDocumentId as ParentD33_0_0_, this_.ParentDocumentRelationship as ParentD34_0_0_, this_.PracticeSetting as Practic35_0_0_, this_.PracticeSettingScheme as Practic36_0_0_, this_.PracticeSettingDisplayName as Practic37_0_0_, this_.Size as Size0_0_, this_.SourcePatientId as SourceP39_0_0_, this_.Pid3 as Pid40_0_0_, this_.Pid5 as Pid41_0_0_, this_.Pid7 as Pid42_0_0_, this_.Pid8 as Pid43_0_0_, this_.Pid11 as Pid44_0_0_, this_.TypeCode as TypeCode0_0_, this_.TypeCodeScheme as TypeCod46_0_0_, this_.TypeCodeDisplayName as TypeCod47_0_0_, this_.DocumentUri as Documen48_0_0_, this_.RawData as RawData0_0_, this_.Persistent as Persistent0_0_ from document this_ where this_.PatientId=? and this_.ClassCode in (?)
Hibernate: select this_.documentid as documentid0_0_, this_.DocumentUniqueId as Document2_0_0_, this_.DocumentTitle as Document3_0_0_, this_.authorPerson as authorPe4_0_0_, this_.authorInstitution as authorIn5_0_0_, this_.authorRole as authorRole0_0_, this_.authorSpecialty as authorSp7_0_0_, this_.AvailabilityStatus as Availabi8_0_0_, this_.ClassCode as ClassCode0_0_, this_.ClassCodeScheme as ClassCo10_0_0_, this_.ClassCodeDisplayName as ClassCo11_0_0_, this_.ConfidentialityCode as Confide12_0_0_, this_.ConfidentialityCodeScheme as Confide13_0_0_, this_.ConfidentialityCodeDisplayName as Confide14_0_0_, this_.CreationTime as Creatio15_0_0_, this_.FormatCode as FormatCode0_0_, this_.FormatCodeScheme as FormatC17_0_0_, this_.FormatCodeDisplayName as FormatC18_0_0_, this_.PatientId as PatientId0_0_, this_.ServiceStartTime as Service20_0_0_, this_.ServiceStopTime as Service21_0_0_, this_.Status as Status0_0_, this_.Comments as Comments0_0_, this_.Hash as Hash0_0_, this_.FacilityCode as Facilit25_0_0_, this_.FacilityCodeScheme as Facilit26_0_0_, this_.FacilityCodeDisplayName as Facilit27_0_0_, this_.IntendedRecipientPerson as Intende28_0_0_, this_.IntendedRecipientOrganization as Intende29_0_0_, this_.LanguageCode as Languag30_0_0_, this_.LegalAuthenticator as LegalAu31_0_0_, this_.MimeType as MimeType0_0_, this_.ParentDocumentId as ParentD33_0_0_, this_.ParentDocumentRelationship as ParentD34_0_0_, this_.PracticeSetting as Practic35_0_0_, this_.PracticeSettingScheme as Practic36_0_0_, this_.PracticeSettingDisplayName as Practic37_0_0_, this_.Size as Size0_0_, this_.SourcePatientId as SourceP39_0_0_, this_.Pid3 as Pid40_0_0_, this_.Pid5 as Pid41_0_0_, this_.Pid7 as Pid42_0_0_, this_.Pid8 as Pid43_0_0_, this_.Pid11 as Pid44_0_0_, this_.TypeCode as TypeCode0_0_, this_.TypeCodeScheme as TypeCod46_0_0_, this_.TypeCodeDisplayName as TypeCod47_0_0_, this_.DocumentUri as Documen48_0_0_, this_.RawData as RawData0_0_, this_.Persistent as Persistent0_0_ from document this_ where this_.PatientId=? and this_.ClassCode in (?)
[5/26/2009, 10:36:57:911] TRACE  AbstractBatcher       preparing statement
[5/26/2009, 10:36:57:927] TRACE  StringType            binding 'D123401' to parameter: 1
[5/26/2009, 10:36:57:927] TRACE  StringType            binding 'Consent' to parameter: 2
[5/26/2009, 10:36:57:940] DEBUG  AbstractBatcher       about to open ResultSet (open ResultSets: 0, globally: 0)
[5/26/2009, 10:36:57:943] TRACE  Loader                processing result set
[5/26/2009, 10:36:57:943] DEBUG  Loader                result set row: 0
[5/26/2009, 10:36:57:945] TRACE  LongType              returning '10' as column: documentid0_0_
[5/26/2009, 10:36:57:948] DEBUG  Loader                result row: EntityKey[gov.hhs.fha.nhinc.repository.model.Document#10]
[5/26/2009, 10:36:57:948] TRACE  Loader                Initializing object from ResultSet: [gov.hhs.fha.nhinc.repository.model.Document#10]
[5/26/2009, 10:36:57:993] TRACE  tractEntityPersister  Hydrating entity: [gov.hhs.fha.nhinc.repository.model.Document#10]
[5/26/2009, 10:36:57:993] TRACE  StringType            returning 'D123401-Consent' as column: Document2_0_0_
[5/26/2009, 10:36:57:993] TRACE  StringType            returning 'Consent to Share Information' as column: Document3_0_0_
[5/26/2009, 10:36:57:993] TRACE  StringType            returning null as column: authorPe4_0_0_
[5/26/2009, 10:36:57:993] TRACE  StringType            returning null as column: authorIn5_0_0_
[5/26/2009, 10:36:57:993] TRACE  StringType            returning null as column: authorRole0_0_
[5/26/2009, 10:36:57:993] TRACE  StringType            returning null as column: authorSp7_0_0_
[5/26/2009, 10:36:57:993] TRACE  StringType            returning null as column: Availabi8_0_0_
[5/26/2009, 10:36:57:994] TRACE  StringType            returning 'Consent' as column: ClassCode0_0_
[5/26/2009, 10:36:57:994] TRACE  StringType            returning null as column: ClassCo10_0_0_
[5/26/2009, 10:36:57:994] TRACE  StringType            returning 'Consent' as column: ClassCo11_0_0_
[5/26/2009, 10:36:57:994] TRACE  StringType            returning null as column: Confide12_0_0_
[5/26/2009, 10:36:57:994] TRACE  StringType            returning null as column: Confide13_0_0_
[5/26/2009, 10:36:57:996] TRACE  StringType            returning null as column: Confide14_0_0_
[5/26/2009, 10:36:57:997] TRACE  TimestampType         returning null as column: Creatio15_0_0_
[5/26/2009, 10:36:57:997] TRACE  StringType            returning 'urn:ihe:iti:bppc:2007' as column: FormatCode0_0_
[5/26/2009, 10:36:57:998] TRACE  StringType            returning '1.3.6.1.4.1.19376.1.2.3' as column: FormatC17_0_0_
[5/26/2009, 10:36:57:998] TRACE  StringType            returning null as column: FormatC18_0_0_
[5/26/2009, 10:36:57:998] TRACE  StringType            returning 'D123401' as column: PatientId0_0_
[5/26/2009, 10:36:57:998] TRACE  TimestampType         returning null as column: Service20_0_0_
[5/26/2009, 10:36:57:999] TRACE  TimestampType         returning null as column: Service21_0_0_
[5/26/2009, 10:36:58:000] TRACE  StringType            returning 'urn:oasis:names:tc:ebxml-regrep:StatusType:Approved' as column: Status0_0_
[5/26/2009, 10:36:58:000] TRACE  StringType            returning null as column: Comments0_0_
[5/26/2009, 10:36:58:000] TRACE  StringType            returning '62039dc27d504567e6acf4ff977f85778de75db0' as column: Hash0_0_
[5/26/2009, 10:36:58:001] TRACE  StringType            returning null as column: Facilit25_0_0_
[5/26/2009, 10:36:58:001] TRACE  StringType            returning null as column: Facilit26_0_0_
[5/26/2009, 10:36:58:002] TRACE  StringType            returning null as column: Facilit27_0_0_
[5/26/2009, 10:36:58:002] TRACE  StringType            returning null as column: Intende28_0_0_
[5/26/2009, 10:36:58:002] TRACE  StringType            returning null as column: Intende29_0_0_
[5/26/2009, 10:36:58:002] TRACE  StringType            returning null as column: Languag30_0_0_
[5/26/2009, 10:36:58:002] TRACE  StringType            returning null as column: LegalAu31_0_0_
[5/26/2009, 10:36:58:002] TRACE  StringType            returning null as column: MimeType0_0_
[5/26/2009, 10:36:58:002] TRACE  StringType            returning null as column: ParentD33_0_0_
[5/26/2009, 10:36:58:002] TRACE  StringType            returning null as column: ParentD34_0_0_
[5/26/2009, 10:36:58:002] TRACE  StringType            returning null as column: Practic35_0_0_
[5/26/2009, 10:36:58:003] TRACE  StringType            returning null as column: Practic36_0_0_
[5/26/2009, 10:36:58:003] TRACE  StringType            returning null as column: Practic37_0_0_
[5/26/2009, 10:36:58:003] TRACE  IntegerType           returning null as column: Size0_0_
[5/26/2009, 10:36:58:003] TRACE  StringType            returning null as column: SourceP39_0_0_
[5/26/2009, 10:36:58:003] TRACE  StringType            returning null as column: Pid40_0_0_
[5/26/2009, 10:36:58:003] TRACE  StringType            returning null as column: Pid41_0_0_
[5/26/2009, 10:36:58:004] TRACE  StringType            returning null as column: Pid42_0_0_
[5/26/2009, 10:36:58:004] TRACE  StringType            returning null as column: Pid43_0_0_
[5/26/2009, 10:36:58:004] TRACE  StringType            returning null as column: Pid44_0_0_
[5/26/2009, 10:36:58:004] TRACE  StringType            returning null as column: TypeCode0_0_
[5/26/2009, 10:36:58:004] TRACE  StringType            returning null as column: TypeCod46_0_0_
[5/26/2009, 10:36:58:004] TRACE  StringType            returning null as column: TypeCod47_0_0_
[5/26/2009, 10:36:58:005] TRACE  StringType            returning null as column: Documen48_0_0_
[5/26/2009, 10:36:58:007] TRACE  BinaryType            returning 'bcbff8edeca0f6e5f2f3e9efeebda2b1aeb0a2a0e5eee3efe4e9eee7bda2d5d4c6adb8a2a0f3f4e1eee4e1ecefeee5bda2f9e5f3a2bfbebcc3ece9eee9e3e1ecc4efe3f5ede5eef4a0e3ece1f3f3c3efe4e5bda2c4cfc3c3ccc9cea2a0f8edeceef3baeef3b2bda2f5f2eebae7eff6bae8e8f3bae6e8e1baeee8e9eee3bae3efededefeebaeee8e9eee3e3efededefeea2a0f8edeceef3bda2f5f2eebae8ecb7adeff2e7baf6b3a2bebcf4f9f0e5c9e4a0e5f8f4e5eef3e9efeebda2d0cfc3c4dfc8c4b0b0b0b0b4b0a2a0f2efeff4bda2b2aeb1b6aeb8b4b0aeb1aeb1b1b3b8b8b3aeb1aeb3a2afbebcf4e5edf0ece1f4e5c9e4a0f2efeff4bda2b1aeb3aeb6aeb1aeb4aeb1aeb1b9b3b7b6aeb1aeb5aeb3aeb1aeb1aeb1a2afbebcf4e5edf0ece1f4e5c9e4a0f2efeff4bda2b1aeb3aeb6aeb1aeb4aeb1aeb1b9b3b7b6aeb1aeb5aeb3aeb1aeb1aeb7a2afbebce9e4a0e5f8f4e5eef3e9efeebda2a2a0f2efeff4bda2a2afbebce3efe4e5a0e4e9f3f0ece1f9cee1ede5bda2a2a0e3efe4e5d3f9f3f4e5edcee1ede5bda2cccfc9cec3a2a0e3efe4e5d3f9f3f4e5edbda2b2aeb1b6aeb8b4b0aeb1aeb1b1b3b8b8b3aeb6aeb1a2a0e3efe4e5bda2a2afbebcf4e9f4ece5a0f8edeceef3bda2a2a0f8edeceef3baeef3b3bda2f5f2eebae8ecb7adeff2e7baf6b3a2bec3efeef3e5eef4a0f4efa0d3e8e1f2e5a0c9eee6eff2ede1f4e9efeebcaff4e9f4ece5bebce5e6e6e5e3f4e9f6e5d4e9ede5a0f6e1ecf5e5bda2b2b0b0b9b0b5b2b6b3b9b5b1b6b9b5adb0b6b0b0a2afbebce3efeee6e9e4e5eef4e9e1ece9f4f9c3efe4e5a0e4e9f3f0ece1f9cee1ede5bda2ceeff2ede1eca2a0e3efe4e5d3f9f3f4e5edcee1ede5bda2c3efeee6e9e4e5eef4e9e1ece9f4f9a2a0e3efe4e5d3f9f3f4e5edbda2b2aeb1b6aeb8b4b0aeb1aeb1b1b3b8b8b3aeb5aeb2b5a2a0e3efe4e5bda2cea2afbebcece1eee7f5e1e7e5c3efe4e5a0e3efe4e5bda2e5eeadd5d3a2afbebce4efe3f5ede5eef4e1f4e9efeecfe6a0f4f9f0e5c3efe4e5bda2c4cfc3a2bebcf3e5f2f6e9e3e5c5f6e5eef4a0edefefe4c3efe4e5bda2c5d6cea2a0e3ece1f3f3c3efe4e5bda2c1c3d4a2bebcf4e5edf0ece1f4e5c9e4a0f2efeff4bda2b1aeb3aeb6aeb1aeb4aeb1aeb1b9b3b7b6aeb1aeb5aeb3aeb1aeb2aeb6a2afbebce9e4a0f2efeff4bda2a2afbebce3efe4e5a0e4e9f3f0ece1f9cee1ede5bda2c3efeef3e5eef4a0c7e9f6e5eea0e6eff2a0d5f0ecefe1e4a0f4efa0cee1f4e9efeee1eca0d3e8e1f2e5e4a0c5ece5e3f4f2efeee9e3a0d2e5e3eff2e4a2a0e3efe4e5d3f9f3f4e5edcee1ede5bda2d3cecfcdc5c4a0c3d4a2a0e3efe4e5d3f9f3f4e5edbda2b2aeb1b6aeb8b4b0aeb1aeb1b1b3b8b8b3aeb6aeb9b6a2a0e3efe4e5bda2b4b1b7b3b7b0b0b0b2a2afbebce5e6e6e5e3f4e9f6e5d4e9ede5bebceceff7a0f6e1ecf5e5bda2b2b0b0b9b0b5b2b6b3b9b5b1b6b9b5adb0b6b0b0a2afbebcafe5e6e6e5e3f4e9f6e5d4e9ede5bebcaff3e5f2f6e9e3e5c5f6e5eef4bebcafe4efe3f5ede5eef4e1f4e9efeecfe6bebce3efedf0efeee5eef4bebcf3f4f2f5e3f4f5f2e5e4c2efe4f9bebce3efedf0efeee5eef4bebcf3e5e3f4e9efeebebce3efe4e5a0e4e9f3f0ece1f9cee1ede5bda2c3efeef3e5eef4a0c7e9f6e5eea0e6eff2a0d5f0ecefe1e4a0f4efa0cee1f4e9efeee1eca0d3e8e1f2e5e4a0c5ece5e3f4f2efeee9e3a0d2e5e3eff2e4a2a0e3efe4e5d3f9f3f4e5edcee1ede5bda2d3cecfcdc5c4a0c3d4a2a0e3efe4e5d3f9f3f4e5edbda2b2aeb1b6aeb8b4b0aeb1aeb1b1b3b8b8b3aeb6aeb9b6a2a0e3efe4e5bda2b4b1b7b3b7b0b0b0b2a2afbebcf4e9f4ece5a0f8edeceef3bda2a2a0f8edeceef3baeef3b3bda2f5f2eebae8ecb7adeff2e7baf6b3a2bec3efeef3e5eef4a0c7e9f6e5eea0e6eff2a0d5f0ecefe1e4a0f4efa0cee1f4e9efeee1eca0d3e8e1f2e5e4a0c5ece5e3f4f2efeee9e3a0d2e5e3eff2e4bcaff4e9f4ece5bebcf4e5f8f4a0f8edeceef3bda2a2a0f8edeceef3baeef3b3bda2f5f2eebae8ecb7adeff2e7baf6b3a2bec3efeef3e5eef4a0c7e9f6e5eea0e6eff2a0d5f0ecefe1e4a0f4efa0cee1f4e9efeee1eca0d3e8e1f2e5e4a0c5ece5e3f4f2efeee9e3a0d2e5e3eff2e4bcaff4e5f8f4bebce5eef4f2f9bebce1e3f4a0edefefe4c3efe4e5bda2c5d6cea2a0e3ece1f3f3c3efe4e5bda2c1c3d4a2bebce3efe4e5a0f8f3e9baf4f9f0e5bda2c3c5a2a0e4e9f3f0ece1f9cee1ede5bda2c3efeef3e5eef4a0c7e9f6e5eea0e6eff2a0d5f0ecefe1e4a0f4efa0cee1f4e9efeee1eca0d3e8e1f2e5e4a0c5ece5e3f4f2efeee9e3a0d2e5e3eff2e4a2a0e3efe4e5d3f9f3f4e5edcee1ede5bda2d3cecfcdc5c4a0c3d4a2a0e3efe4e5d3f9f3f4e5edbda2b2aeb1b6aeb8b4b0aeb1aeb1b1b3b8b8b3aeb6aeb9b6a2a0e3efe4e5bda2b4b1b7b3b7b0b0b0b2a2a0f8edeceef3baf8f3e9bda2e8f4f4f0baafaff7f7f7aef7b3aeeff2e7afb2b0b0b1afd8cdccd3e3e8e5ede1ade9eef3f4e1eee3e5a2afbebcafe1e3f4bebcafe5eef4f2f9bebcaff3e5e3f4e9efeebebcafe3efedf0efeee5eef4bebcaff3f4f2f5e3f4f5f2e5e4c2efe4f9bebcafe3efedf0efeee5eef4bebcafc3ece9eee9e3e1ecc4efe3f5ede5eef4be' as column: RawData0_0_
[5/26/2009, 10:36:58:008] TRACE  IntegerType           returning '0' as column: Persistent0_0_
[5/26/2009, 10:36:58:011] TRACE  Loader                done processing result set (1 rows)
[5/26/2009, 10:36:58:011] DEBUG  AbstractBatcher       about to close ResultSet (open ResultSets: 1, globally: 1)
[5/26/2009, 10:36:58:011] DEBUG  AbstractBatcher       about to close PreparedStatement (open PreparedStatements: 1, globally: 1)
[5/26/2009, 10:36:58:011] TRACE  AbstractBatcher       closing statement
[5/26/2009, 10:36:58:015] TRACE  Loader                total objects hydrated: 1
[5/26/2009, 10:36:58:018] DEBUG  TwoPhaseLoad          resolving associations for [gov.hhs.fha.nhinc.repository.model.Document#10]
[5/26/2009, 10:36:58:028] TRACE  LoadContexts          creating collection wrapper:[gov.hhs.fha.nhinc.repository.model.Document.eventCodes#10]
[5/26/2009, 10:36:58:037] DEBUG  TwoPhaseLoad          done materializing entity [gov.hhs.fha.nhinc.repository.model.Document#10]
[5/26/2009, 10:36:58:037] DEBUG  ulPersistenceContext  initializing non-lazy collections
[5/26/2009, 10:36:58:039] TRACE  lectionEventListener  initializing collection [gov.hhs.fha.nhinc.repository.model.Document.eventCodes#10]
[5/26/2009, 10:36:58:039] TRACE  lectionEventListener  checking second-level cache
[5/26/2009, 10:36:58:039] TRACE  lectionEventListener  collection not cached
[5/26/2009, 10:36:58:040] DEBUG  Loader                loading collection: [gov.hhs.fha.nhinc.repository.model.Document.eventCodes#10]
[5/26/2009, 10:36:58:040] DEBUG  AbstractBatcher       about to open PreparedStatement (open PreparedStatements: 0, globally: 0)
[5/26/2009, 10:36:58:040] DEBUG  SQL                   select eventcodes0_.documentid as documentid1_, eventcodes0_.eventcodeid as eventcod1_1_, eventcodes0_.eventcodeid as eventcod1_1_0_, eventcodes0_.documentid as documentid1_0_, eventcodes0_.EventCode as EventCode1_0_, eventcodes0_.EventCodeScheme as EventCod4_1_0_, eventcodes0_.EventCodeDisplayName as EventCod5_1_0_ from eventcode eventcodes0_ where eventcodes0_.documentid=?
Hibernate: select eventcodes0_.documentid as documentid1_, eventcodes0_.eventcodeid as eventcod1_1_, eventcodes0_.eventcodeid as eventcod1_1_0_, eventcodes0_.documentid as documentid1_0_, eventcodes0_.EventCode as EventCode1_0_, eventcodes0_.EventCodeScheme as EventCod4_1_0_, eventcodes0_.EventCodeDisplayName as EventCod5_1_0_ from eventcode eventcodes0_ where eventcodes0_.documentid=?
[5/26/2009, 10:36:58:041] TRACE  AbstractBatcher       preparing statement
[5/26/2009, 10:36:58:041] TRACE  LongType              binding '10' to parameter: 1
[5/26/2009, 10:36:58:044] DEBUG  AbstractBatcher       about to open ResultSet (open ResultSets: 0, globally: 0)
[5/26/2009, 10:36:58:044] DEBUG  Loader                result set contains (possibly empty) collection: [gov.hhs.fha.nhinc.repository.model.Document.eventCodes#10]
[5/26/2009, 10:36:58:044] TRACE  LoadContexts          constructing collection load context for result set [com.mchange.v2.c3p0.impl.NewProxyResultSet@1c164d2]
[5/26/2009, 10:36:58:051] TRACE  ollectionLoadContext  starting attempt to find loading collection [[gov.hhs.fha.nhinc.repository.model.Document.eventCodes#10]]
[5/26/2009, 10:36:58:053] TRACE  ollectionLoadContext  collection not yet initialized; initializing
[5/26/2009, 10:36:58:057] TRACE  Loader                processing result set
[5/26/2009, 10:36:58:057] DEBUG  Loader                result set row: 0
[5/26/2009, 10:36:58:057] TRACE  LongType              returning '21' as column: eventcod1_1_0_
[5/26/2009, 10:36:58:057] DEBUG  Loader                result row: EntityKey[gov.hhs.fha.nhinc.repository.model.EventCode#21]
[5/26/2009, 10:36:58:057] TRACE  Loader                Initializing object from ResultSet: [gov.hhs.fha.nhinc.repository.model.EventCode#21]
[5/26/2009, 10:36:58:058] TRACE  tractEntityPersister  Hydrating entity: [gov.hhs.fha.nhinc.repository.model.EventCode#21]
[5/26/2009, 10:36:58:058] TRACE  LongType              returning '10' as column: documentid1_0_
[5/26/2009, 10:36:58:058] TRACE  StringType            returning '417370002' as column: EventCode1_0_
[5/26/2009, 10:36:58:058] TRACE  StringType            returning '2.16.840.1.113883.6.96' as column: EventCod4_1_0_
[5/26/2009, 10:36:58:058] TRACE  StringType            returning 'Consent Given for Upload to National Shared Electronic Record' as column: EventCod5_1_0_
[5/26/2009, 10:36:58:058] TRACE  LongType              returning '10' as column: documentid1_
[5/26/2009, 10:36:58:058] DEBUG  Loader                found row of collection: [gov.hhs.fha.nhinc.repository.model.Document.eventCodes#10]
[5/26/2009, 10:36:58:058] TRACE  ollectionLoadContext  starting attempt to find loading collection [[gov.hhs.fha.nhinc.repository.model.Document.eventCodes#10]]
[5/26/2009, 10:36:58:060] TRACE  LoadContexts          attempting to locate loading collection entry [CollectionKey[gov.hhs.fha.nhinc.repository.model.Document.eventCodes#10]] in any result-set context
[5/26/2009, 10:36:58:060] TRACE  LoadContexts          collection [CollectionKey[gov.hhs.fha.nhinc.repository.model.Document.eventCodes#10]] not located in load context
[5/26/2009, 10:36:58:060] TRACE  ollectionLoadContext  found loading collection bound to current result set processing; reading row
[5/26/2009, 10:36:58:060] TRACE  LongType              returning '21' as column: eventcod1_1_
[5/26/2009, 10:36:58:063] TRACE  ultLoadEventListener  loading entity: [gov.hhs.fha.nhinc.repository.model.EventCode#21]
[5/26/2009, 10:36:58:063] TRACE  ultLoadEventListener  attempting to resolve: [gov.hhs.fha.nhinc.repository.model.EventCode#21]
[5/26/2009, 10:36:58:063] TRACE  ultLoadEventListener  resolved object in session cache: [gov.hhs.fha.nhinc.repository.model.EventCode#21]
[5/26/2009, 10:36:58:064] TRACE  Loader                done processing result set (1 rows)
[5/26/2009, 10:36:58:064] DEBUG  AbstractBatcher       about to close ResultSet (open ResultSets: 1, globally: 1)
[5/26/2009, 10:36:58:064] DEBUG  AbstractBatcher       about to close PreparedStatement (open PreparedStatements: 1, globally: 1)
[5/26/2009, 10:36:58:064] TRACE  AbstractBatcher       closing statement
[5/26/2009, 10:36:58:064] TRACE  Loader                total objects hydrated: 1
[5/26/2009, 10:36:58:064] DEBUG  TwoPhaseLoad          resolving associations for [gov.hhs.fha.nhinc.repository.model.EventCode#21]
[5/26/2009, 10:36:58:064] TRACE  ultLoadEventListener  loading entity: [gov.hhs.fha.nhinc.repository.model.Document#10]
[5/26/2009, 10:36:58:064] TRACE  ultLoadEventListener  attempting to resolve: [gov.hhs.fha.nhinc.repository.model.Document#10]
[5/26/2009, 10:36:58:064] TRACE  ultLoadEventListener  resolved object in session cache: [gov.hhs.fha.nhinc.repository.model.Document#10]
[5/26/2009, 10:36:58:065] DEBUG  TwoPhaseLoad          done materializing entity [gov.hhs.fha.nhinc.repository.model.EventCode#21]
[5/26/2009, 10:36:58:066] TRACE  LoadContexts          attempting to locate loading collection entry [CollectionKey[gov.hhs.fha.nhinc.repository.model.Document.eventCodes#10]] in any result-set context
[5/26/2009, 10:36:58:066] TRACE  LoadContexts          collection [CollectionKey[gov.hhs.fha.nhinc.repository.model.Document.eventCodes#10]] not located in load context
[5/26/2009, 10:36:58:066] TRACE  ollectionLoadContext  removing collection load entry [org.hibernate.engine.loading.LoadingCollectionEntry<rs=com.mchange.v2.c3p0.impl.NewProxyResultSet@1c164d2, coll=[gov.hhs.fha.nhinc.repository.model.Document.eventCodes#10]>@1bfbf03]
[5/26/2009, 10:36:58:067] DEBUG  ollectionLoadContext  1 collections were found in result set for role: gov.hhs.fha.nhinc.repository.model.Document.eventCodes
[5/26/2009, 10:36:58:067] DEBUG  ollectionLoadContext  ending loading collection [org.hibernate.engine.loading.LoadingCollectionEntry<rs=com.mchange.v2.c3p0.impl.NewProxyResultSet@1c164d2, coll=[gov.hhs.fha.nhinc.repository.model.Document.eventCodes#10]>@1bfbf03]
[5/26/2009, 10:36:58:067] DEBUG  ollectionLoadContext  collection fully initialized: [gov.hhs.fha.nhinc.repository.model.Document.eventCodes#10]
[5/26/2009, 10:36:58:070] DEBUG  ollectionLoadContext  1 collections initialized for role: gov.hhs.fha.nhinc.repository.model.Document.eventCodes
[5/26/2009, 10:36:58:070] DEBUG  Loader                done loading collection
[5/26/2009, 10:36:58:070] TRACE  lectionEventListener  collection initialized
[5/26/2009, 10:36:58:071] TRACE  JDBCContext           after autocommit
[5/26/2009, 10:36:58:071] DEBUG  ConnectionManager     aggressively releasing JDBC connection
[5/26/2009, 10:36:58:071] DEBUG  ConnectionManager     releasing JDBC connection [ (open PreparedStatements: 0, globally: 0) (open ResultSets: 0, globally: 0)]
[5/26/2009, 10:36:58:073] DEBUG  BasicResourcePool     trace com.mchange.v2.resourcepool.BasicResourcePool@7fed46 [managed: 3, unused: 2, excluded: 0] (e.g. com.mchange.v2.c3p0.impl.NewPooledConnection@54197)
[5/26/2009, 10:36:58:074] DEBUG  DocumentDao           Completed retrieve of document query. 1 results returned.
[5/26/2009, 10:36:58:074] TRACE  SessionImpl           closing session
[5/26/2009, 10:36:58:074] TRACE  ConnectionManager     connection already null in cleanup : no action
[5/26/2009, 10:36:58:081] DEBUG  atientConsentManager  Retrieved patient preferences for patient: D123401Document: <?xml version="1.0" encoding="UTF-8" standalone="yes"?><ClinicalDocument classCode="DOCCLIN" xmlns:ns2="urn:gov:hhs:fha:nhinc:common:nhinccommon" xmlns="urn:hl7-org:v3"><typeId extension="POCD_HD000040" root="2.16.840.1.113883.1.3"/><templateId root="1.3.6.1.4.1.19376.1.5.3.1.1.1"/><templateId root="1.3.6.1.4.1.19376.1.5.3.1.1.7"/><id extension="" root=""/><code displayName="" codeSystemName="LOINC" codeSystem="2.16.840.1.113883.6.1" code=""/><title xmlns="" xmlns:ns3="urn:hl7-org:v3">Consent to Share Information</title><effectiveTime value="200905263951695-0600"/><confidentialityCode displayName="Normal" codeSystemName="Confidentiality" codeSystem="2.16.840.1.113883.5.25" code="N"/><languageCode code="en-US"/><documentationOf typeCode="DOC"><serviceEvent moodCode="EVN" classCode="ACT"><templateId root="1.3.6.1.4.1.19376.1.5.3.1.2.6"/><id root=""/><code displayName="Consent Given for Upload to National Shared Electronic Record" codeSystemName="SNOMED CT" codeSystem="2.16.840.1.113883.6.96" code="417370002"/><effectiveTime><low value="200905263951695-0600"/></effectiveTime></serviceEvent></documentationOf><component><structuredBody><component><section><code displayName="Consent Given for Upload to National Shared Electronic Record" codeSystemName="SNOMED CT" codeSystem="2.16.840.1.113883.6.96" code="417370002"/><title xmlns="" xmlns:ns3="urn:hl7-org:v3">Consent Given for Upload to National Shared Electronic Record</title><text xmlns="" xmlns:ns3="urn:hl7-org:v3">Consent Given for Upload to National Shared Electronic Record</text><entry><act moodCode="EVN" classCode="ACT"><code xsi:type="CE" displayName="Consent Given for Upload to National Shared Electronic Record" codeSystemName="SNOMED CT" codeSystem="2.16.840.1.113883.6.96" code="417370002" xmlns:xsi="http://www.w3.org/2001/XMLSchema-instance"/></act></entry></section></component></structuredBody></component></ClinicalDocument>
[5/26/2009, 10:36:58:087] DEBUG  DocumentService       Saving a document
[5/26/2009, 10:36:58:087] DEBUG  DocumentService       Performing an update for document: 10
[5/26/2009, 10:36:58:087] DEBUG  DocumentDao           Performing document retrieve using id: 10
[5/26/2009, 10:36:58:087] DEBUG  SessionImpl           opened session at timestamp: 12433558180
[5/26/2009, 10:36:58:087] TRACE  ultLoadEventListener  loading entity: [gov.hhs.fha.nhinc.repository.model.Document#10]
[5/26/2009, 10:36:58:087] TRACE  ultLoadEventListener  attempting to resolve: [gov.hhs.fha.nhinc.repository.model.Document#10]
[5/26/2009, 10:36:58:088] TRACE  ultLoadEventListener  object not resolved in any cache: [gov.hhs.fha.nhinc.repository.model.Document#10]
[5/26/2009, 10:36:58:088] TRACE  tractEntityPersister  Fetching entity: [gov.hhs.fha.nhinc.repository.model.Document#10]
[5/26/2009, 10:36:58:088] DEBUG  Loader                loading entity: [gov.hhs.fha.nhinc.repository.model.Document#10]
[5/26/2009, 10:36:58:088] DEBUG  AbstractBatcher       about to open PreparedStatement (open PreparedStatements: 0, globally: 0)
[5/26/2009, 10:36:58:088] DEBUG  ConnectionManager     opening JDBC connection
[5/26/2009, 10:36:58:089] DEBUG  BasicResourcePool     trace com.mchange.v2.resourcepool.BasicResourcePool@7fed46 [managed: 3, unused: 2, excluded: 0] (e.g. com.mchange.v2.c3p0.impl.NewPooledConnection@54197)
[5/26/2009, 10:36:58:090] DEBUG  SQL                   select document0_.documentid as documentid0_0_, document0_.DocumentUniqueId as Document2_0_0_, document0_.DocumentTitle as Document3_0_0_, document0_.authorPerson as authorPe4_0_0_, document0_.authorInstitution as authorIn5_0_0_, document0_.authorRole as authorRole0_0_, document0_.authorSpecialty as authorSp7_0_0_, document0_.AvailabilityStatus as Availabi8_0_0_, document0_.ClassCode as ClassCode0_0_, document0_.ClassCodeScheme as ClassCo10_0_0_, document0_.ClassCodeDisplayName as ClassCo11_0_0_, document0_.ConfidentialityCode as Confide12_0_0_, document0_.ConfidentialityCodeScheme as Confide13_0_0_, document0_.ConfidentialityCodeDisplayName as Confide14_0_0_, document0_.CreationTime as Creatio15_0_0_, document0_.FormatCode as FormatCode0_0_, document0_.FormatCodeScheme as FormatC17_0_0_, document0_.FormatCodeDisplayName as FormatC18_0_0_, document0_.PatientId as PatientId0_0_, document0_.ServiceStartTime as Service20_0_0_, document0_.ServiceStopTime as Service21_0_0_, document0_.Status as Status0_0_, document0_.Comments as Comments0_0_, document0_.Hash as Hash0_0_, document0_.FacilityCode as Facilit25_0_0_, document0_.FacilityCodeScheme as Facilit26_0_0_, document0_.FacilityCodeDisplayName as Facilit27_0_0_, document0_.IntendedRecipientPerson as Intende28_0_0_, document0_.IntendedRecipientOrganization as Intende29_0_0_, document0_.LanguageCode as Languag30_0_0_, document0_.LegalAuthenticator as LegalAu31_0_0_, document0_.MimeType as MimeType0_0_, document0_.ParentDocumentId as ParentD33_0_0_, document0_.ParentDocumentRelationship as ParentD34_0_0_, document0_.PracticeSetting as Practic35_0_0_, document0_.PracticeSettingScheme as Practic36_0_0_, document0_.PracticeSettingDisplayName as Practic37_0_0_, document0_.Size as Size0_0_, document0_.SourcePatientId as SourceP39_0_0_, document0_.Pid3 as Pid40_0_0_, document0_.Pid5 as Pid41_0_0_, document0_.Pid7 as Pid42_0_0_, document0_.Pid8 as Pid43_0_0_, document0_.Pid11 as Pid44_0_0_, document0_.TypeCode as TypeCode0_0_, document0_.TypeCodeScheme as TypeCod46_0_0_, document0_.TypeCodeDisplayName as TypeCod47_0_0_, document0_.DocumentUri as Documen48_0_0_, document0_.RawData as RawData0_0_, document0_.Persistent as Persistent0_0_ from document document0_ where document0_.documentid=?
Hibernate: select document0_.documentid as documentid0_0_, document0_.DocumentUniqueId as Document2_0_0_, document0_.DocumentTitle as Document3_0_0_, document0_.authorPerson as authorPe4_0_0_, document0_.authorInstitution as authorIn5_0_0_, document0_.authorRole as authorRole0_0_, document0_.authorSpecialty as authorSp7_0_0_, document0_.AvailabilityStatus as Availabi8_0_0_, document0_.ClassCode as ClassCode0_0_, document0_.ClassCodeScheme as ClassCo10_0_0_, document0_.ClassCodeDisplayName as ClassCo11_0_0_, document0_.ConfidentialityCode as Confide12_0_0_, document0_.ConfidentialityCodeScheme as Confide13_0_0_, document0_.ConfidentialityCodeDisplayName as Confide14_0_0_, document0_.CreationTime as Creatio15_0_0_, document0_.FormatCode as FormatCode0_0_, document0_.FormatCodeScheme as FormatC17_0_0_, document0_.FormatCodeDisplayName as FormatC18_0_0_, document0_.PatientId as PatientId0_0_, document0_.ServiceStartTime as Service20_0_0_, document0_.ServiceStopTime as Service21_0_0_, document0_.Status as Status0_0_, document0_.Comments as Comments0_0_, document0_.Hash as Hash0_0_, document0_.FacilityCode as Facilit25_0_0_, document0_.FacilityCodeScheme as Facilit26_0_0_, document0_.FacilityCodeDisplayName as Facilit27_0_0_, document0_.IntendedRecipientPerson as Intende28_0_0_, document0_.IntendedRecipientOrganization as Intende29_0_0_, document0_.LanguageCode as Languag30_0_0_, document0_.LegalAuthenticator as LegalAu31_0_0_, document0_.MimeType as MimeType0_0_, document0_.ParentDocumentId as ParentD33_0_0_, document0_.ParentDocumentRelationship as ParentD34_0_0_, document0_.PracticeSetting as Practic35_0_0_, document0_.PracticeSettingScheme as Practic36_0_0_, document0_.PracticeSettingDisplayName as Practic37_0_0_, document0_.Size as Size0_0_, document0_.SourcePatientId as SourceP39_0_0_, document0_.Pid3 as Pid40_0_0_, document0_.Pid5 as Pid41_0_0_, document0_.Pid7 as Pid42_0_0_, document0_.Pid8 as Pid43_0_0_, document0_.Pid11 as Pid44_0_0_, document0_.TypeCode as TypeCode0_0_, document0_.TypeCodeScheme as TypeCod46_0_0_, document0_.TypeCodeDisplayName as TypeCod47_0_0_, document0_.DocumentUri as Documen48_0_0_, document0_.RawData as RawData0_0_, document0_.Persistent as Persistent0_0_ from document document0_ where document0_.documentid=?
[5/26/2009, 10:36:58:096] TRACE  AbstractBatcher       preparing statement
[5/26/2009, 10:36:58:097] TRACE  LongType              binding '10' to parameter: 1
[5/26/2009, 10:36:58:098] DEBUG  AbstractBatcher       about to open ResultSet (open ResultSets: 0, globally: 0)
[5/26/2009, 10:36:58:098] TRACE  Loader                processing result set
[5/26/2009, 10:36:58:098] DEBUG  Loader                result set row: 0
[5/26/2009, 10:36:58:098] DEBUG  Loader                result row: EntityKey[gov.hhs.fha.nhinc.repository.model.Document#10]
[5/26/2009, 10:36:58:101] TRACE  Loader                Initializing object from ResultSet: [gov.hhs.fha.nhinc.repository.model.Document#10]
[5/26/2009, 10:36:58:101] TRACE  tractEntityPersister  Hydrating entity: [gov.hhs.fha.nhinc.repository.model.Document#10]
[5/26/2009, 10:36:58:103] TRACE  StringType            returning 'D123401-Consent' as column: Document2_0_0_
[5/26/2009, 10:36:58:103] TRACE  StringType            returning 'Consent to Share Information' as column: Document3_0_0_
[5/26/2009, 10:36:58:103] TRACE  StringType            returning null as column: authorPe4_0_0_
[5/26/2009, 10:36:58:103] TRACE  StringType            returning null as column: authorIn5_0_0_
[5/26/2009, 10:36:58:103] TRACE  StringType            returning null as column: authorRole0_0_
[5/26/2009, 10:36:58:104] TRACE  StringType            returning null as column: authorSp7_0_0_
[5/26/2009, 10:36:58:104] TRACE  StringType            returning null as column: Availabi8_0_0_
[5/26/2009, 10:36:58:104] TRACE  StringType            returning 'Consent' as column: ClassCode0_0_
[5/26/2009, 10:36:58:104] TRACE  StringType            returning null as column: ClassCo10_0_0_
[5/26/2009, 10:36:58:104] TRACE  StringType            returning 'Consent' as column: ClassCo11_0_0_
[5/26/2009, 10:36:58:104] TRACE  StringType            returning null as column: Confide12_0_0_
[5/26/2009, 10:36:58:105] TRACE  StringType            returning null as column: Confide13_0_0_
[5/26/2009, 10:36:58:105] TRACE  StringType            returning null as column: Confide14_0_0_
[5/26/2009, 10:36:58:105] TRACE  TimestampType         returning null as column: Creatio15_0_0_
[5/26/2009, 10:36:58:105] TRACE  StringType            returning 'urn:ihe:iti:bppc:2007' as column: FormatCode0_0_
[5/26/2009, 10:36:58:105] TRACE  StringType            returning '1.3.6.1.4.1.19376.1.2.3' as column: FormatC17_0_0_
[5/26/2009, 10:36:58:107] TRACE  StringType            returning null as column: FormatC18_0_0_
[5/26/2009, 10:36:58:107] TRACE  StringType            returning 'D123401' as column: PatientId0_0_
[5/26/2009, 10:36:58:107] TRACE  TimestampType         returning null as column: Service20_0_0_
[5/26/2009, 10:36:58:107] TRACE  TimestampType         returning null as column: Service21_0_0_
[5/26/2009, 10:36:58:107] TRACE  StringType            returning 'urn:oasis:names:tc:ebxml-regrep:StatusType:Approved' as column: Status0_0_
[5/26/2009, 10:36:58:108] TRACE  StringType            returning null as column: Comments0_0_
[5/26/2009, 10:36:58:108] TRACE  StringType            returning '62039dc27d504567e6acf4ff977f85778de75db0' as column: Hash0_0_
[5/26/2009, 10:36:58:108] TRACE  StringType            returning null as column: Facilit25_0_0_
[5/26/2009, 10:36:58:108] TRACE  StringType            returning null as column: Facilit26_0_0_
[5/26/2009, 10:36:58:108] TRACE  StringType            returning null as column: Facilit27_0_0_
[5/26/2009, 10:36:58:109] TRACE  StringType            returning null as column: Intende28_0_0_
[5/26/2009, 10:36:58:109] TRACE  StringType            returning null as column: Intende29_0_0_
[5/26/2009, 10:36:58:110] TRACE  StringType            returning null as column: Languag30_0_0_
[5/26/2009, 10:36:58:110] TRACE  StringType            returning null as column: LegalAu31_0_0_
[5/26/2009, 10:36:58:110] TRACE  StringType            returning null as column: MimeType0_0_
[5/26/2009, 10:36:58:110] TRACE  StringType            returning null as column: ParentD33_0_0_
[5/26/2009, 10:36:58:111] TRACE  StringType            returning null as column: ParentD34_0_0_
[5/26/2009, 10:36:58:111] TRACE  StringType            returning null as column: Practic35_0_0_
[5/26/2009, 10:36:58:111] TRACE  StringType            returning null as column: Practic36_0_0_
[5/26/2009, 10:36:58:111] TRACE  StringType            returning null as column: Practic37_0_0_
[5/26/2009, 10:36:58:111] TRACE  IntegerType           returning null as column: Size0_0_
[5/26/2009, 10:36:58:111] TRACE  StringType            returning null as column: SourceP39_0_0_
[5/26/2009, 10:36:58:113] TRACE  StringType            returning null as column: Pid40_0_0_
[5/26/2009, 10:36:58:113] TRACE  StringType            returning null as column: Pid41_0_0_
[5/26/2009, 10:36:58:113] TRACE  StringType            returning null as column: Pid42_0_0_
[5/26/2009, 10:36:58:113] TRACE  StringType            returning null as column: Pid43_0_0_
[5/26/2009, 10:36:58:113] TRACE  StringType            returning null as column: Pid44_0_0_
[5/26/2009, 10:36:58:113] TRACE  StringType            returning null as column: TypeCode0_0_
[5/26/2009, 10:36:58:114] TRACE  StringType            returning null as column: TypeCod46_0_0_
[5/26/2009, 10:36:58:114] TRACE  StringType            returning null as column: TypeCod47_0_0_
[5/26/2009, 10:36:58:114] TRACE  StringType            returning null as column: Documen48_0_0_
[5/26/2009, 10:36:58:115] TRACE  BinaryType            returning 'bcbff8edeca0f6e5f2f3e9efeebda2b1aeb0a2a0e5eee3efe4e9eee7bda2d5d4c6adb8a2a0f3f4e1eee4e1ecefeee5bda2f9e5f3a2bfbebcc3ece9eee9e3e1ecc4efe3f5ede5eef4a0e3ece1f3f3c3efe4e5bda2c4cfc3c3ccc9cea2a0f8edeceef3baeef3b2bda2f5f2eebae7eff6bae8e8f3bae6e8e1baeee8e9eee3bae3efededefeebaeee8e9eee3e3efededefeea2a0f8edeceef3bda2f5f2eebae8ecb7adeff2e7baf6b3a2bebcf4f9f0e5c9e4a0e5f8f4e5eef3e9efeebda2d0cfc3c4dfc8c4b0b0b0b0b4b0a2a0f2efeff4bda2b2aeb1b6aeb8b4b0aeb1aeb1b1b3b8b8b3aeb1aeb3a2afbebcf4e5edf0ece1f4e5c9e4a0f2efeff4bda2b1aeb3aeb6aeb1aeb4aeb1aeb1b9b3b7b6aeb1aeb5aeb3aeb1aeb1aeb1a2afbebcf4e5edf0ece1f4e5c9e4a0f2efeff4bda2b1aeb3aeb6aeb1aeb4aeb1aeb1b9b3b7b6aeb1aeb5aeb3aeb1aeb1aeb7a2afbebce9e4a0e5f8f4e5eef3e9efeebda2a2a0f2efeff4bda2a2afbebce3efe4e5a0e4e9f3f0ece1f9cee1ede5bda2a2a0e3efe4e5d3f9f3f4e5edcee1ede5bda2cccfc9cec3a2a0e3efe4e5d3f9f3f4e5edbda2b2aeb1b6aeb8b4b0aeb1aeb1b1b3b8b8b3aeb6aeb1a2a0e3efe4e5bda2a2afbebcf4e9f4ece5a0f8edeceef3bda2a2a0f8edeceef3baeef3b3bda2f5f2eebae8ecb7adeff2e7baf6b3a2bec3efeef3e5eef4a0f4efa0d3e8e1f2e5a0c9eee6eff2ede1f4e9efeebcaff4e9f4ece5bebce5e6e6e5e3f4e9f6e5d4e9ede5a0f6e1ecf5e5bda2b2b0b0b9b0b5b2b6b3b9b5b1b6b9b5adb0b6b0b0a2afbebce3efeee6e9e4e5eef4e9e1ece9f4f9c3efe4e5a0e4e9f3f0ece1f9cee1ede5bda2ceeff2ede1eca2a0e3efe4e5d3f9f3f4e5edcee1ede5bda2c3efeee6e9e4e5eef4e9e1ece9f4f9a2a0e3efe4e5d3f9f3f4e5edbda2b2aeb1b6aeb8b4b0aeb1aeb1b1b3b8b8b3aeb5aeb2b5a2a0e3efe4e5bda2cea2afbebcece1eee7f5e1e7e5c3efe4e5a0e3efe4e5bda2e5eeadd5d3a2afbebce4efe3f5ede5eef4e1f4e9efeecfe6a0f4f9f0e5c3efe4e5bda2c4cfc3a2bebcf3e5f2f6e9e3e5c5f6e5eef4a0edefefe4c3efe4e5bda2c5d6cea2a0e3ece1f3f3c3efe4e5bda2c1c3d4a2bebcf4e5edf0ece1f4e5c9e4a0f2efeff4bda2b1aeb3aeb6aeb1aeb4aeb1aeb1b9b3b7b6aeb1aeb5aeb3aeb1aeb2aeb6a2afbebce9e4a0f2efeff4bda2a2afbebce3efe4e5a0e4e9f3f0ece1f9cee1ede5bda2c3efeef3e5eef4a0c7e9f6e5eea0e6eff2a0d5f0ecefe1e4a0f4efa0cee1f4e9efeee1eca0d3e8e1f2e5e4a0c5ece5e3f4f2efeee9e3a0d2e5e3eff2e4a2a0e3efe4e5d3f9f3f4e5edcee1ede5bda2d3cecfcdc5c4a0c3d4a2a0e3efe4e5d3f9f3f4e5edbda2b2aeb1b6aeb8b4b0aeb1aeb1b1b3b8b8b3aeb6aeb9b6a2a0e3efe4e5bda2b4b1b7b3b7b0b0b0b2a2afbebce5e6e6e5e3f4e9f6e5d4e9ede5bebceceff7a0f6e1ecf5e5bda2b2b0b0b9b0b5b2b6b3b9b5b1b6b9b5adb0b6b0b0a2afbebcafe5e6e6e5e3f4e9f6e5d4e9ede5bebcaff3e5f2f6e9e3e5c5f6e5eef4bebcafe4efe3f5ede5eef4e1f4e9efeecfe6bebce3efedf0efeee5eef4bebcf3f4f2f5e3f4f5f2e5e4c2efe4f9bebce3efedf0efeee5eef4bebcf3e5e3f4e9efeebebce3efe4e5a0e4e9f3f0ece1f9cee1ede5bda2c3efeef3e5eef4a0c7e9f6e5eea0e6eff2a0d5f0ecefe1e4a0f4efa0cee1f4e9efeee1eca0d3e8e1f2e5e4a0c5ece5e3f4f2efeee9e3a0d2e5e3eff2e4a2a0e3efe4e5d3f9f3f4e5edcee1ede5bda2d3cecfcdc5c4a0c3d4a2a0e3efe4e5d3f9f3f4e5edbda2b2aeb1b6aeb8b4b0aeb1aeb1b1b3b8b8b3aeb6aeb9b6a2a0e3efe4e5bda2b4b1b7b3b7b0b0b0b2a2afbebcf4e9f4ece5a0f8edeceef3bda2a2a0f8edeceef3baeef3b3bda2f5f2eebae8ecb7adeff2e7baf6b3a2bec3efeef3e5eef4a0c7e9f6e5eea0e6eff2a0d5f0ecefe1e4a0f4efa0cee1f4e9efeee1eca0d3e8e1f2e5e4a0c5ece5e3f4f2efeee9e3a0d2e5e3eff2e4bcaff4e9f4ece5bebcf4e5f8f4a0f8edeceef3bda2a2a0f8edeceef3baeef3b3bda2f5f2eebae8ecb7adeff2e7baf6b3a2bec3efeef3e5eef4a0c7e9f6e5eea0e6eff2a0d5f0ecefe1e4a0f4efa0cee1f4e9efeee1eca0d3e8e1f2e5e4a0c5ece5e3f4f2efeee9e3a0d2e5e3eff2e4bcaff4e5f8f4bebce5eef4f2f9bebce1e3f4a0edefefe4c3efe4e5bda2c5d6cea2a0e3ece1f3f3c3efe4e5bda2c1c3d4a2bebce3efe4e5a0f8f3e9baf4f9f0e5bda2c3c5a2a0e4e9f3f0ece1f9cee1ede5bda2c3efeef3e5eef4a0c7e9f6e5eea0e6eff2a0d5f0ecefe1e4a0f4efa0cee1f4e9efeee1eca0d3e8e1f2e5e4a0c5ece5e3f4f2efeee9e3a0d2e5e3eff2e4a2a0e3efe4e5d3f9f3f4e5edcee1ede5bda2d3cecfcdc5c4a0c3d4a2a0e3efe4e5d3f9f3f4e5edbda2b2aeb1b6aeb8b4b0aeb1aeb1b1b3b8b8b3aeb6aeb9b6a2a0e3efe4e5bda2b4b1b7b3b7b0b0b0b2a2a0f8edeceef3baf8f3e9bda2e8f4f4f0baafaff7f7f7aef7b3aeeff2e7afb2b0b0b1afd8cdccd3e3e8e5ede1ade9eef3f4e1eee3e5a2afbebcafe1e3f4bebcafe5eef4f2f9bebcaff3e5e3f4e9efeebebcafe3efedf0efeee5eef4bebcaff3f4f2f5e3f4f5f2e5e4c2efe4f9bebcafe3efedf0efeee5eef4bebcafc3ece9eee9e3e1ecc4efe3f5ede5eef4be' as column: RawData0_0_
[5/26/2009, 10:36:58:116] TRACE  IntegerType           returning '0' as column: Persistent0_0_
[5/26/2009, 10:36:58:117] TRACE  Loader                done processing result set (1 rows)
[5/26/2009, 10:36:58:117] DEBUG  AbstractBatcher       about to close ResultSet (open ResultSets: 1, globally: 1)
[5/26/2009, 10:36:58:117] DEBUG  AbstractBatcher       about to close PreparedStatement (open PreparedStatements: 1, globally: 1)
[5/26/2009, 10:36:58:117] TRACE  AbstractBatcher       closing statement
[5/26/2009, 10:36:58:117] TRACE  Loader                total objects hydrated: 1
[5/26/2009, 10:36:58:126] DEBUG  TwoPhaseLoad          resolving associations for [gov.hhs.fha.nhinc.repository.model.Document#10]
[5/26/2009, 10:36:58:126] TRACE  LoadContexts          creating collection wrapper:[gov.hhs.fha.nhinc.repository.model.Document.eventCodes#10]
[5/26/2009, 10:36:58:126] DEBUG  TwoPhaseLoad          done materializing entity [gov.hhs.fha.nhinc.repository.model.Document#10]
[5/26/2009, 10:36:58:126] DEBUG  ulPersistenceContext  initializing non-lazy collections
[5/26/2009, 10:36:58:126] TRACE  lectionEventListener  initializing collection [gov.hhs.fha.nhinc.repository.model.Document.eventCodes#10]
[5/26/2009, 10:36:58:214] TRACE  lectionEventListener  checking second-level cache
[5/26/2009, 10:36:58:214] TRACE  lectionEventListener  collection not cached
[5/26/2009, 10:36:58:214] DEBUG  Loader                loading collection: [gov.hhs.fha.nhinc.repository.model.Document.eventCodes#10]
[5/26/2009, 10:36:58:214] DEBUG  AbstractBatcher       about to open PreparedStatement (open PreparedStatements: 0, globally: 0)
[5/26/2009, 10:36:58:215] DEBUG  SQL                   select eventcodes0_.documentid as documentid1_, eventcodes0_.eventcodeid as eventcod1_1_, eventcodes0_.eventcodeid as eventcod1_1_0_, eventcodes0_.documentid as documentid1_0_, eventcodes0_.EventCode as EventCode1_0_, eventcodes0_.EventCodeScheme as EventCod4_1_0_, eventcodes0_.EventCodeDisplayName as EventCod5_1_0_ from eventcode eventcodes0_ where eventcodes0_.documentid=?
Hibernate: select eventcodes0_.documentid as documentid1_, eventcodes0_.eventcodeid as eventcod1_1_, eventcodes0_.eventcodeid as eventcod1_1_0_, eventcodes0_.documentid as documentid1_0_, eventcodes0_.EventCode as EventCode1_0_, eventcodes0_.EventCodeScheme as EventCod4_1_0_, eventcodes0_.EventCodeDisplayName as EventCod5_1_0_ from eventcode eventcodes0_ where eventcodes0_.documentid=?
[5/26/2009, 10:36:58:216] TRACE  AbstractBatcher       preparing statement
[5/26/2009, 10:36:58:217] TRACE  LongType              binding '10' to parameter: 1
[5/26/2009, 10:36:58:219] DEBUG  AbstractBatcher       about to open ResultSet (open ResultSets: 0, globally: 0)
[5/26/2009, 10:36:58:219] DEBUG  Loader                result set contains (possibly empty) collection: [gov.hhs.fha.nhinc.repository.model.Document.eventCodes#10]
[5/26/2009, 10:36:58:219] TRACE  LoadContexts          constructing collection load context for result set [com.mchange.v2.c3p0.impl.NewProxyResultSet@8fb08f]
[5/26/2009, 10:36:58:219] TRACE  ollectionLoadContext  starting attempt to find loading collection [[gov.hhs.fha.nhinc.repository.model.Document.eventCodes#10]]
[5/26/2009, 10:36:58:219] TRACE  ollectionLoadContext  collection not yet initialized; initializing
[5/26/2009, 10:36:58:220] TRACE  Loader                processing result set
[5/26/2009, 10:36:58:220] DEBUG  Loader                result set row: 0
[5/26/2009, 10:36:58:220] TRACE  LongType              returning '21' as column: eventcod1_1_0_
[5/26/2009, 10:36:58:220] DEBUG  Loader                result row: EntityKey[gov.hhs.fha.nhinc.repository.model.EventCode#21]
[5/26/2009, 10:36:58:220] TRACE  Loader                Initializing object from ResultSet: [gov.hhs.fha.nhinc.repository.model.EventCode#21]
[5/26/2009, 10:36:58:221] TRACE  tractEntityPersister  Hydrating entity: [gov.hhs.fha.nhinc.repository.model.EventCode#21]
[5/26/2009, 10:36:58:221] TRACE  LongType              returning '10' as column: documentid1_0_
[5/26/2009, 10:36:58:222] TRACE  StringType            returning '417370002' as column: EventCode1_0_
[5/26/2009, 10:36:58:222] TRACE  StringType            returning '2.16.840.1.113883.6.96' as column: EventCod4_1_0_
[5/26/2009, 10:36:58:222] TRACE  StringType            returning 'Consent Given for Upload to National Shared Electronic Record' as column: EventCod5_1_0_
[5/26/2009, 10:36:58:223] TRACE  LongType              returning '10' as column: documentid1_
[5/26/2009, 10:36:58:223] DEBUG  Loader                found row of collection: [gov.hhs.fha.nhinc.repository.model.Document.eventCodes#10]
[5/26/2009, 10:36:58:223] TRACE  ollectionLoadContext  starting attempt to find loading collection [[gov.hhs.fha.nhinc.repository.model.Document.eventCodes#10]]
[5/26/2009, 10:36:58:223] TRACE  LoadContexts          attempting to locate loading collection entry [CollectionKey[gov.hhs.fha.nhinc.repository.model.Document.eventCodes#10]] in any result-set context
[5/26/2009, 10:36:58:224] TRACE  LoadContexts          collection [CollectionKey[gov.hhs.fha.nhinc.repository.model.Document.eventCodes#10]] not located in load context
[5/26/2009, 10:36:58:225] TRACE  ollectionLoadContext  found loading collection bound to current result set processing; reading row
[5/26/2009, 10:36:58:225] TRACE  LongType              returning '21' as column: eventcod1_1_
[5/26/2009, 10:36:58:225] TRACE  ultLoadEventListener  loading entity: [gov.hhs.fha.nhinc.repository.model.EventCode#21]
[5/26/2009, 10:36:58:226] TRACE  ultLoadEventListener  attempting to resolve: [gov.hhs.fha.nhinc.repository.model.EventCode#21]
[5/26/2009, 10:36:58:226] TRACE  ultLoadEventListener  resolved object in session cache: [gov.hhs.fha.nhinc.repository.model.EventCode#21]
[5/26/2009, 10:36:58:226] TRACE  Loader                done processing result set (1 rows)
[5/26/2009, 10:36:58:226] DEBUG  AbstractBatcher       about to close ResultSet (open ResultSets: 1, globally: 1)
[5/26/2009, 10:36:58:226] DEBUG  AbstractBatcher       about to close PreparedStatement (open PreparedStatements: 1, globally: 1)
[5/26/2009, 10:36:58:227] TRACE  AbstractBatcher       closing statement
[5/26/2009, 10:36:58:228] TRACE  Loader                total objects hydrated: 1
[5/26/2009, 10:36:58:228] DEBUG  TwoPhaseLoad          resolving associations for [gov.hhs.fha.nhinc.repository.model.EventCode#21]
[5/26/2009, 10:36:58:228] TRACE  ultLoadEventListener  loading entity: [gov.hhs.fha.nhinc.repository.model.Document#10]
[5/26/2009, 10:36:58:228] TRACE  ultLoadEventListener  attempting to resolve: [gov.hhs.fha.nhinc.repository.model.Document#10]
[5/26/2009, 10:36:58:229] TRACE  ultLoadEventListener  resolved object in session cache: [gov.hhs.fha.nhinc.repository.model.Document#10]
[5/26/2009, 10:36:58:229] DEBUG  TwoPhaseLoad          done materializing entity [gov.hhs.fha.nhinc.repository.model.EventCode#21]
[5/26/2009, 10:36:58:229] TRACE  LoadContexts          attempting to locate loading collection entry [CollectionKey[gov.hhs.fha.nhinc.repository.model.Document.eventCodes#10]] in any result-set context
[5/26/2009, 10:36:58:230] TRACE  LoadContexts          collection [CollectionKey[gov.hhs.fha.nhinc.repository.model.Document.eventCodes#10]] not located in load context
[5/26/2009, 10:36:58:231] TRACE  ollectionLoadContext  removing collection load entry [org.hibernate.engine.loading.LoadingCollectionEntry<rs=com.mchange.v2.c3p0.impl.NewProxyResultSet@8fb08f, coll=[gov.hhs.fha.nhinc.repository.model.Document.eventCodes#10]>@5cee0b]
[5/26/2009, 10:36:58:231] DEBUG  ollectionLoadContext  1 collections were found in result set for role: gov.hhs.fha.nhinc.repository.model.Document.eventCodes
[5/26/2009, 10:36:58:231] DEBUG  ollectionLoadContext  ending loading collection [org.hibernate.engine.loading.LoadingCollectionEntry<rs=com.mchange.v2.c3p0.impl.NewProxyResultSet@8fb08f, coll=[gov.hhs.fha.nhinc.repository.model.Document.eventCodes#10]>@5cee0b]
[5/26/2009, 10:36:58:232] DEBUG  ollectionLoadContext  collection fully initialized: [gov.hhs.fha.nhinc.repository.model.Document.eventCodes#10]
[5/26/2009, 10:36:58:232] DEBUG  ollectionLoadContext  1 collections initialized for role: gov.hhs.fha.nhinc.repository.model.Document.eventCodes
[5/26/2009, 10:36:58:232] DEBUG  Loader                done loading collection
[5/26/2009, 10:36:58:232] TRACE  lectionEventListener  collection initialized
[5/26/2009, 10:36:58:233] DEBUG  Loader                done entity load
[5/26/2009, 10:36:58:235] TRACE  JDBCContext           after autocommit
[5/26/2009, 10:36:58:235] DEBUG  ConnectionManager     aggressively releasing JDBC connection
[5/26/2009, 10:36:58:235] DEBUG  ConnectionManager     releasing JDBC connection [ (open PreparedStatements: 0, globally: 0) (open ResultSets: 0, globally: 0)]
[5/26/2009, 10:36:58:236] DEBUG  BasicResourcePool     trace com.mchange.v2.resourcepool.BasicResourcePool@7fed46 [managed: 3, unused: 2, excluded: 0] (e.g. com.mchange.v2.c3p0.impl.NewPooledConnection@54197)
[5/26/2009, 10:36:58:236] DEBUG  DocumentDao           Completed document retrieve by id. Result was found
[5/26/2009, 10:36:58:238] TRACE  SessionImpl           closing session
[5/26/2009, 10:36:58:238] TRACE  ConnectionManager     connection already null in cleanup : no action
[5/26/2009, 10:36:58:268] DEBUG  SessionImpl           opened session at timestamp: 12433558182
[5/26/2009, 10:36:58:271] DEBUG  JDBCTransaction       begin
[5/26/2009, 10:36:58:272] DEBUG  ConnectionManager     opening JDBC connection
[5/26/2009, 10:36:58:272] DEBUG  BasicResourcePool     trace com.mchange.v2.resourcepool.BasicResourcePool@7fed46 [managed: 3, unused: 2, excluded: 0] (e.g. com.mchange.v2.c3p0.impl.NewPooledConnection@54197)
[5/26/2009, 10:36:58:272] DEBUG  JDBCTransaction       current autocommit status: false
[5/26/2009, 10:36:58:272] TRACE  JDBCContext           after transaction begin
[5/26/2009, 10:36:58:278] TRACE  tDeleteEventListener  entity was not persistent in delete processing
[5/26/2009, 10:36:58:280] TRACE  IdentifierValue       id unsaved-value: null
[5/26/2009, 10:36:58:288] TRACE  tDeleteEventListener  deleting [gov.hhs.fha.nhinc.repository.model.EventCode#21]
[5/26/2009, 10:36:58:288] TRACE  SessionImpl           setting cache mode to: GET
[5/26/2009, 10:36:58:292] TRACE  SessionImpl           setting cache mode to: NORMAL
[5/26/2009, 10:36:58:294] TRACE  IdentifierValue       id unsaved-value: null
[5/26/2009, 10:36:58:302] TRACE  SessionImpl           setting cache mode to: GET
[5/26/2009, 10:36:58:302] TRACE  SessionImpl           setting cache mode to: NORMAL
[5/26/2009, 10:36:58:302] DEBUG  JDBCTransaction       commit
[5/26/2009, 10:36:58:302] TRACE  SessionImpl           automatically flushing session
[5/26/2009, 10:36:58:302] TRACE  lushingEventListener  flushing session
[5/26/2009, 10:36:58:304] DEBUG  lushingEventListener  processing flush-time cascades
[5/26/2009, 10:36:58:304] DEBUG  lushingEventListener  dirty checking collections
[5/26/2009, 10:36:58:304] TRACE  lushingEventListener  Flushing entities and processing referenced collections
[5/26/2009, 10:36:58:306] TRACE  lushingEventListener  Processing unreferenced collections
[5/26/2009, 10:36:58:306] TRACE  lushingEventListener  Scheduling collection removes/(re)creates/updates
[5/26/2009, 10:36:58:307] DEBUG  lushingEventListener  Flushed: 0 insertions, 0 updates, 1 deletions to 1 objects
[5/26/2009, 10:36:58:307] DEBUG  lushingEventListener  Flushed: 0 (re)creations, 0 updates, 0 removals to 0 collections
[5/26/2009, 10:36:58:309] DEBUG  Printer               listing entities:
[5/26/2009, 10:36:58:309] DEBUG  Printer               gov.hhs.fha.nhinc.repository.model.EventCode{document=gov.hhs.fha.nhinc.repository.model.Document#10, eventCodeScheme=2.16.840.1.113883.6.96, eventCode=417370002, eventCodeDisplayName=Consent Given for Upload to National Shared Electronic Record, eventCodeId=21}
[5/26/2009, 10:36:58:309] TRACE  lushingEventListener  executing flush
[5/26/2009, 10:36:58:309] TRACE  ConnectionManager     registering flush begin
[5/26/2009, 10:36:58:325] TRACE  tractEntityPersister  Deleting entity: [gov.hhs.fha.nhinc.repository.model.EventCode#21]
[5/26/2009, 10:36:58:326] DEBUG  AbstractBatcher       about to open PreparedStatement (open PreparedStatements: 0, globally: 0)
[5/26/2009, 10:36:58:326] DEBUG  SQL                   delete from eventcode where eventcodeid=?
Hibernate: delete from eventcode where eventcodeid=?
[5/26/2009, 10:36:58:326] TRACE  AbstractBatcher       preparing statement
[5/26/2009, 10:36:58:326] TRACE  LongType              binding '21' to parameter: 1
[5/26/2009, 10:36:58:328] DEBUG  AbstractBatcher       Executing batch size: 1
[5/26/2009, 10:36:58:351] DEBUG  AbstractBatcher       about to close PreparedStatement (open PreparedStatements: 1, globally: 1)
[5/26/2009, 10:36:58:351] TRACE  AbstractBatcher       closing statement
[5/26/2009, 10:36:58:351] TRACE  ConnectionManager     registering flush end
[5/26/2009, 10:36:58:351] TRACE  lushingEventListener  post flush
[5/26/2009, 10:36:58:351] TRACE  JDBCContext           before transaction completion
[5/26/2009, 10:36:58:351] TRACE  SessionImpl           before transaction completion
[5/26/2009, 10:36:58:411] DEBUG  JDBCTransaction       committed JDBC Connection
[5/26/2009, 10:36:58:411] TRACE  JDBCContext           after transaction completion
[5/26/2009, 10:36:58:411] DEBUG  ConnectionManager     aggressively releasing JDBC connection
[5/26/2009, 10:36:58:411] DEBUG  ConnectionManager     releasing JDBC connection [ (open PreparedStatements: 0, globally: 0) (open ResultSets: 0, globally: 0)]
[5/26/2009, 10:36:58:412] DEBUG  BasicResourcePool     trace com.mchange.v2.resourcepool.BasicResourcePool@7fed46 [managed: 3, unused: 2, excluded: 0] (e.g. com.mchange.v2.c3p0.impl.NewPooledConnection@54197)
[5/26/2009, 10:36:58:412] TRACE  SessionImpl           after transaction completion
[5/26/2009, 10:36:58:413] TRACE  SessionImpl           closing session
[5/26/2009, 10:36:58:413] TRACE  ConnectionManager     connection already null in cleanup : no action
[5/26/2009, 10:36:58:461] DEBUG  DocumentService       Created Hash Code: 16d89479a05744d515af7c20e3d3af5537dc13de for string: <?xml version="1.0" encoding="UTF-8" standalone="yes"?><ClinicalDocument classCode="DOCCLIN" xmlns:ns2="urn:gov:hhs:fha:nhinc:common:nhinccommon" xmlns="urn:hl7-org:v3"><typeId extension="POCD_HD000040" root="2.16.840.1.113883.1.3"/><templateId root="1.3.6.1.4.1.19376.1.5.3.1.1.1"/><templateId root="1.3.6.1.4.1.19376.1.5.3.1.1.7"/><id extension="" root=""/><code displayName="" codeSystemName="LOINC" codeSystem="2.16.840.1.113883.6.1" code=""/><title xmlns="" xmlns:ns3="urn:hl7-org:v3">Consent to Share Information</title><effectiveTime value="200905263654472-0600"/><confidentialityCode displayName="Normal" codeSystemName="Confidentiality" codeSystem="2.16.840.1.113883.5.25" code="N"/><languageCode code="en-US"/><documentationOf typeCode="DOC"><serviceEvent moodCode="EVN" classCode="ACT"><templateId root="1.3.6.1.4.1.19376.1.5.3.1.2.6"/><id root=""/><code displayName="Consent Given for Upload to National Shared Electronic Record" codeSystemName="SNOMED CT" codeSystem="2.16.840.1.113883.6.96" code="417370002"/><effectiveTime><low value="200905263654472-0600"/></effectiveTime></serviceEvent></documentationOf><component><structuredBody><component><section><code displayName="Consent Given for Upload to National Shared Electronic Record" codeSystemName="SNOMED CT" codeSystem="2.16.840.1.113883.6.96" code="417370002"/><title xmlns="" xmlns:ns3="urn:hl7-org:v3">Consent Given for Upload to National Shared Electronic Record</title><text xmlns="" xmlns:ns3="urn:hl7-org:v3">Consent Given for Upload to National Shared Electronic Record</text><entry><act moodCode="EVN" classCode="ACT"><code xsi:type="CE" displayName="Consent Given for Upload to National Shared Electronic Record" codeSystemName="SNOMED CT" codeSystem="2.16.840.1.113883.6.96" code="417370002" xmlns:xsi="http://www.w3.org/2001/XMLSchema-instance"/></act></entry></section></component></structuredBody></component></ClinicalDocument>
[5/26/2009, 10:36:58:461] DEBUG  DocumentDao           Performing document save
[5/26/2009, 10:36:58:461] DEBUG  SessionImpl           opened session at timestamp: 12433558184
[5/26/2009, 10:36:58:461] DEBUG  JDBCTransaction       begin
[5/26/2009, 10:36:58:461] DEBUG  ConnectionManager     opening JDBC connection
[5/26/2009, 10:36:58:461] DEBUG  BasicResourcePool     trace com.mchange.v2.resourcepool.BasicResourcePool@7fed46 [managed: 3, unused: 2, excluded: 0] (e.g. com.mchange.v2.c3p0.impl.NewPooledConnection@54197)
[5/26/2009, 10:36:58:472] DEBUG  JDBCTransaction       current autocommit status: false
[5/26/2009, 10:36:58:472] TRACE  JDBCContext           after transaction begin
[5/26/2009, 10:36:58:472] TRACE  IdentifierValue       id unsaved-value: null
[5/26/2009, 10:36:58:473] TRACE  actSaveEventListener  detached instance of: gov.hhs.fha.nhinc.repository.model.Document
[5/26/2009, 10:36:58:473] TRACE  rUpdateEventListener  updating detached instance
[5/26/2009, 10:36:58:473] TRACE  rUpdateEventListener  updating [gov.hhs.fha.nhinc.repository.model.Document#10]
[5/26/2009, 10:36:58:473] TRACE  ReattachVisitor       collection dereferenced while transient [gov.hhs.fha.nhinc.repository.model.Document.eventCodes#10]
[5/26/2009, 10:36:58:484] TRACE  rUpdateEventListener  updating [gov.hhs.fha.nhinc.repository.model.Document#10]
[5/26/2009, 10:36:58:484] TRACE  Cascade               processing cascade ACTION_SAVE_UPDATE for: gov.hhs.fha.nhinc.repository.model.Document
[5/26/2009, 10:36:58:484] TRACE  Cascade               cascade ACTION_SAVE_UPDATE for collection: gov.hhs.fha.nhinc.repository.model.Document.eventCodes
[5/26/2009, 10:36:58:484] TRACE  CascadingAction       cascading to saveOrUpdate: gov.hhs.fha.nhinc.repository.model.EventCode
[5/26/2009, 10:36:58:484] TRACE  actSaveEventListener  transient instance of: gov.hhs.fha.nhinc.repository.model.EventCode
[5/26/2009, 10:36:58:492] TRACE  rUpdateEventListener  saving transient instance
[5/26/2009, 10:36:58:492] DEBUG  IncrementGenerator    fetching initial value: select max(eventcodeid) from eventcode
[5/26/2009, 10:36:58:492] DEBUG  AbstractBatcher       about to open PreparedStatement (open PreparedStatements: 0, globally: 0)
[5/26/2009, 10:36:58:492] DEBUG  SQL                   select max(eventcodeid) from eventcode
Hibernate: select max(eventcodeid) from eventcode
[5/26/2009, 10:36:58:492] TRACE  AbstractBatcher       preparing statement
[5/26/2009, 10:36:58:495] DEBUG  IncrementGenerator    first free id: 21
[5/26/2009, 10:36:58:495] DEBUG  AbstractBatcher       about to close PreparedStatement (open PreparedStatements: 1, globally: 1)
[5/26/2009, 10:36:58:495] TRACE  AbstractBatcher       closing statement
[5/26/2009, 10:36:58:495] DEBUG  actSaveEventListener  generated identifier: 21, using strategy: org.hibernate.id.IncrementGenerator
[5/26/2009, 10:36:58:495] TRACE  actSaveEventListener  saving [gov.hhs.fha.nhinc.repository.model.EventCode#21]
[5/26/2009, 10:36:58:500] TRACE  Cascade               done cascade ACTION_SAVE_UPDATE for collection: gov.hhs.fha.nhinc.repository.model.Document.eventCodes
[5/26/2009, 10:36:58:500] TRACE  Cascade               done processing cascade ACTION_SAVE_UPDATE for: gov.hhs.fha.nhinc.repository.model.Document
[5/26/2009, 10:36:58:500] DEBUG  JDBCTransaction       commit
[5/26/2009, 10:36:58:500] TRACE  SessionImpl           automatically flushing session
[5/26/2009, 10:36:58:500] TRACE  lushingEventListener  flushing session
[5/26/2009, 10:36:58:500] DEBUG  lushingEventListener  processing flush-time cascades
[5/26/2009, 10:36:58:501] TRACE  Cascade               processing cascade ACTION_SAVE_UPDATE for: gov.hhs.fha.nhinc.repository.model.Document
[5/26/2009, 10:36:58:503] TRACE  Cascade               cascade ACTION_SAVE_UPDATE for collection: gov.hhs.fha.nhinc.repository.model.Document.eventCodes
[5/26/2009, 10:36:58:503] TRACE  CascadingAction       cascading to saveOrUpdate: gov.hhs.fha.nhinc.repository.model.EventCode
[5/26/2009, 10:36:58:503] TRACE  actSaveEventListener  persistent instance of: gov.hhs.fha.nhinc.repository.model.EventCode
[5/26/2009, 10:36:58:503] TRACE  rUpdateEventListener  ignoring persistent instance
[5/26/2009, 10:36:58:503] TRACE  rUpdateEventListener  object already associated with session: [gov.hhs.fha.nhinc.repository.model.EventCode#21]
[5/26/2009, 10:36:58:503] TRACE  Cascade               done cascade ACTION_SAVE_UPDATE for collection: gov.hhs.fha.nhinc.repository.model.Document.eventCodes
[5/26/2009, 10:36:58:515] TRACE  Cascade               done processing cascade ACTION_SAVE_UPDATE for: gov.hhs.fha.nhinc.repository.model.Document
[5/26/2009, 10:36:58:515] DEBUG  lushingEventListener  dirty checking collections
[5/26/2009, 10:36:58:515] TRACE  lushingEventListener  Flushing entities and processing referenced collections
[5/26/2009, 10:36:58:519] TRACE  WrapVisitor           Wrapped collection in role: gov.hhs.fha.nhinc.repository.model.Document.eventCodes
[5/26/2009, 10:36:58:519] TRACE  hEntityEventListener  Updating entity: [gov.hhs.fha.nhinc.repository.model.Document#10]
[5/26/2009, 10:36:58:527] DEBUG  Collections           Collection found: [gov.hhs.fha.nhinc.repository.model.Document.eventCodes#10], was: [<unreferenced>] (initialized)
[5/26/2009, 10:36:58:527] TRACE  lushingEventListener  Processing unreferenced collections
[5/26/2009, 10:36:58:528] TRACE  lushingEventListener  Scheduling collection removes/(re)creates/updates
[5/26/2009, 10:36:58:531] DEBUG  lushingEventListener  Flushed: 1 insertions, 1 updates, 0 deletions to 2 objects
[5/26/2009, 10:36:58:531] DEBUG  lushingEventListener  Flushed: 1 (re)creations, 0 updates, 1 removals to 1 collections
[5/26/2009, 10:36:58:531] DEBUG  Printer               listing entities:
[5/26/2009, 10:36:58:535] DEBUG  Printer               gov.hhs.fha.nhinc.repository.model.Document{parentDocumentId=null, documentUri=null, patientId=D123401, confidentialityCodeDisplayName=null, serviceStopTime=null, availablityStatus=null, documentTitle=Consent to Share Information, creationTime=null, authorPerson=null, serviceStartTime=null, mimeType=null, hash=16d89479a05744d515af7c20e3d3af5537dc13de, status=urn:oasis:names:tc:ebxml-regrep:StatusType:Approved, parentDocumentRelationship=null, size=null, pid11=null, confidentialityCode=null, classCodeDisplayName=Consent, formatCodeScheme=1.3.6.1.4.1.19376.1.2.3, intendedRecipientOrganization=null, documentid=10, documentUniqueId=D123401-Consent, authorRole=null, classCode=Consent, formatCode=urn:ihe:iti:bppc:2007, sourcePatientId=null, formatCodeDisplayName=null, confidentialityCodeScheme=null, intendedRecipientPerson=null, authorInstitution=null, authorSpecialty=null, facilityCode=null, typeCodeScheme=null, rawData=bcbff8edeca0f6e5f2f3e9efeebda2b1aeb0a2a0e5eee3efe4e9eee7bda2d5d4c6adb8a2a0f3f4e1eee4e1ecefeee5bda2f9e5f3a2bfbebcc3ece9eee9e3e1ecc4efe3f5ede5eef4a0e3ece1f3f3c3efe4e5bda2c4cfc3c3ccc9cea2a0f8edeceef3baeef3b2bda2f5f2eebae7eff6bae8e8f3bae6e8e1baeee8e9eee3bae3efededefeebaeee8e9eee3e3efededefeea2a0f8edeceef3bda2f5f2eebae8ecb7adeff2e7baf6b3a2bebcf4f9f0e5c9e4a0e5f8f4e5eef3e9efeebda2d0cfc3c4dfc8c4b0b0b0b0b4b0a2a0f2efeff4bda2b2aeb1b6aeb8b4b0aeb1aeb1b1b3b8b8b3aeb1aeb3a2afbebcf4e5edf0ece1f4e5c9e4a0f2efeff4bda2b1aeb3aeb6aeb1aeb4aeb1aeb1b9b3b7b6aeb1aeb5aeb3aeb1aeb1aeb1a2afbebcf4e5edf0ece1f4e5c9e4a0f2efeff4bda2b1aeb3aeb6aeb1aeb4aeb1aeb1b9b3b7b6aeb1aeb5aeb3aeb1aeb1aeb7a2afbebce9e4a0e5f8f4e5eef3e9efeebda2a2a0f2efeff4bda2a2afbebce3efe4e5a0e4e9f3f0ece1f9cee1ede5bda2a2a0e3efe4e5d3f9f3f4e5edcee1ede5bda2cccfc9cec3a2a0e3efe4e5d3f9f3f4e5edbda2b2aeb1b6aeb8b4b0aeb1aeb1b1b3b8b8b3aeb6aeb1a2a0e3efe4e5bda2a2afbebcf4e9f4ece5a0f8edeceef3bda2a2a0f8edeceef3baeef3b3bda2f5f2eebae8ecb7adeff2e7baf6b3a2bec3efeef3e5eef4a0f4efa0d3e8e1f2e5a0c9eee6eff2ede1f4e9efeebcaff4e9f4ece5bebce5e6e6e5e3f4e9f6e5d4e9ede5a0f6e1ecf5e5bda2b2b0b0b9b0b5b2b6b3b6b5b4b4b7b2adb0b6b0b0a2afbebce3efeee6e9e4e5eef4e9e1ece9f4f9c3efe4e5a0e4e9f3f0ece1f9cee1ede5bda2ceeff2ede1eca2a0e3efe4e5d3f9f3f4e5edcee1ede5bda2c3efeee6e9e4e5eef4e9e1ece9f4f9a2a0e3efe4e5d3f9f3f4e5edbda2b2aeb1b6aeb8b4b0aeb1aeb1b1b3b8b8b3aeb5aeb2b5a2a0e3efe4e5bda2cea2afbebcece1eee7f5e1e7e5c3efe4e5a0e3efe4e5bda2e5eeadd5d3a2afbebce4efe3f5ede5eef4e1f4e9efeecfe6a0f4f9f0e5c3efe4e5bda2c4cfc3a2bebcf3e5f2f6e9e3e5c5f6e5eef4a0edefefe4c3efe4e5bda2c5d6cea2a0e3ece1f3f3c3efe4e5bda2c1c3d4a2bebcf4e5edf0ece1f4e5c9e4a0f2efeff4bda2b1aeb3aeb6aeb1aeb4aeb1aeb1b9b3b7b6aeb1aeb5aeb3aeb1aeb2aeb6a2afbebce9e4a0f2efeff4bda2a2afbebce3efe4e5a0e4e9f3f0ece1f9cee1ede5bda2c3efeef3e5eef4a0c7e9f6e5eea0e6eff2a0d5f0ecefe1e4a0f4efa0cee1f4e9efeee1eca0d3e8e1f2e5e4a0c5ece5e3f4f2efeee9e3a0d2e5e3eff2e4a2a0e3efe4e5d3f9f3f4e5edcee1ede5bda2d3cecfcdc5c4a0c3d4a2a0e3efe4e5d3f9f3f4e5edbda2b2aeb1b6aeb8b4b0aeb1aeb1b1b3b8b8b3aeb6aeb9b6a2a0e3efe4e5bda2b4b1b7b3b7b0b0b0b2a2afbebce5e6e6e5e3f4e9f6e5d4e9ede5bebceceff7a0f6e1ecf5e5bda2b2b0b0b9b0b5b2b6b3b6b5b4b4b7b2adb0b6b0b0a2afbebcafe5e6e6e5e3f4e9f6e5d4e9ede5bebcaff3e5f2f6e9e3e5c5f6e5eef4bebcafe4efe3f5ede5eef4e1f4e9efeecfe6bebce3efedf0efeee5eef4bebcf3f4f2f5e3f4f5f2e5e4c2efe4f9bebce3efedf0efeee5eef4bebcf3e5e3f4e9efeebebce3efe4e5a0e4e9f3f0ece1f9cee1ede5bda2c3efeef3e5eef4a0c7e9f6e5eea0e6eff2a0d5f0ecefe1e4a0f4efa0cee1f4e9efeee1eca0d3e8e1f2e5e4a0c5ece5e3f4f2efeee9e3a0d2e5e3eff2e4a2a0e3efe4e5d3f9f3f4e5edcee1ede5bda2d3cecfcdc5c4a0c3d4a2a0e3efe4e5d3f9f3f4e5edbda2b2aeb1b6aeb8b4b0aeb1aeb1b1b3b8b8b3aeb6aeb9b6a2a0e3efe4e5bda2b4b1b7b3b7b0b0b0b2a2afbebcf4e9f4ece5a0f8edeceef3bda2a2a0f8edeceef3baeef3b3bda2f5f2eebae8ecb7adeff2e7baf6b3a2bec3efeef3e5eef4a0c7e9f6e5eea0e6eff2a0d5f0ecefe1e4a0f4efa0cee1f4e9efeee1eca0d3e8e1f2e5e4a0c5ece5e3f4f2efeee9e3a0d2e5e3eff2e4bcaff4e9f4ece5bebcf4e5f8f4a0f8edeceef3bda2a2a0f8edeceef3baeef3b3bda2f5f2eebae8ecb7adeff2e7baf6b3a2bec3efeef3e5eef4a0c7e9f6e5eea0e6eff2a0d5f0ecefe1e4a0f4efa0cee1f4e9efeee1eca0d3e8e1f2e5e4a0c5ece5e3f4f2efeee9e3a0d2e5e3eff2e4bcaff4e5f8f4bebce5eef4f2f9bebce1e3f4a0edefefe4c3efe4e5bda2c5d6cea2a0e3ece1f3f3c3efe4e5bda2c1c3d4a2bebce3efe4e5a0f8f3e9baf4f9f0e5bda2c3c5a2a0e4e9f3f0ece1f9cee1ede5bda2c3efeef3e5eef4a0c7e9f6e5eea0e6eff2a0d5f0ecefe1e4a0f4efa0cee1f4e9efeee1eca0d3e8e1f2e5e4a0c5ece5e3f4f2efeee9e3a0d2e5e3eff2e4a2a0e3efe4e5d3f9f3f4e5edcee1ede5bda2d3cecfcdc5c4a0c3d4a2a0e3efe4e5d3f9f3f4e5edbda2b2aeb1b6aeb8b4b0aeb1aeb1b1b3b8b8b3aeb6aeb9b6a2a0e3efe4e5bda2b4b1b7b3b7b0b0b0b2a2a0f8edeceef3baf8f3e9bda2e8f4f4f0baafaff7f7f7aef7b3aeeff2e7afb2b0b0b1afd8cdccd3e3e8e5ede1ade9eef3f4e1eee3e5a2afbebcafe1e3f4bebcafe5eef4f2f9bebcaff3e5e3f4e9efeebebcafe3efedf0efeee5eef4bebcaff3f4f2f5e3f4f5f2e5e4c2efe4f9bebcafe3efedf0efeee5eef4bebcafc3ece9eee9e3e1ecc4efe3f5ede5eef4be, facilityCodeScheme=null, typeCode=null, eventCodes=[gov.hhs.fha.nhinc.repository.model.EventCode#21], pid3=null, languageCode=null, practiceSettingScheme=null, pid5=null, pid8=null, persistentCode=0, practiceSetting=null, pid7=null, typeCodeDisplayName=null, practiceSettingDisplayName=null, classCodeScheme=null, facilityCodeDisplayName=null, legalAuthenticator=null, comments=null}
[5/26/2009, 10:36:58:535] DEBUG  Printer               gov.hhs.fha.nhinc.repository.model.EventCode{document=gov.hhs.fha.nhinc.repository.model.Document#10, eventCodeScheme=2.16.840.1.113883.6.96, eventCode=417370002, eventCodeDisplayName=Consent Given for Upload to National Shared Electronic Record, eventCodeId=21}
[5/26/2009, 10:36:58:536] TRACE  lushingEventListener  executing flush
[5/26/2009, 10:36:58:536] TRACE  ConnectionManager     registering flush begin
[5/26/2009, 10:36:58:536] TRACE  tractEntityPersister  Inserting entity: [gov.hhs.fha.nhinc.repository.model.EventCode#21]
[5/26/2009, 10:36:58:548] DEBUG  AbstractBatcher       about to open PreparedStatement (open PreparedStatements: 0, globally: 0)
[5/26/2009, 10:36:58:548] DEBUG  SQL                   insert into eventcode (documentid, EventCode, EventCodeScheme, EventCodeDisplayName, eventcodeid) values (?, ?, ?, ?, ?)
Hibernate: insert into eventcode (documentid, EventCode, EventCodeScheme, EventCodeDisplayName, eventcodeid) values (?, ?, ?, ?, ?)
[5/26/2009, 10:36:58:548] TRACE  AbstractBatcher       preparing statement
[5/26/2009, 10:36:58:548] TRACE  tractEntityPersister  Dehydrating entity: [gov.hhs.fha.nhinc.repository.model.EventCode#21]
[5/26/2009, 10:36:58:548] TRACE  LongType              binding '10' to parameter: 1
[5/26/2009, 10:36:58:550] TRACE  StringType            binding '417370002' to parameter: 2
[5/26/2009, 10:36:58:550] TRACE  StringType            binding '2.16.840.1.113883.6.96' to parameter: 3
[5/26/2009, 10:36:58:550] TRACE  StringType            binding 'Consent Given for Upload to National Shared Electronic Record' to parameter: 4
[5/26/2009, 10:36:58:550] TRACE  LongType              binding '21' to parameter: 5
[5/26/2009, 10:36:58:550] DEBUG  AbstractBatcher       Executing batch size: 1
[5/26/2009, 10:36:58:561] DEBUG  AbstractBatcher       about to close PreparedStatement (open PreparedStatements: 1, globally: 1)
[5/26/2009, 10:36:58:562] TRACE  AbstractBatcher       closing statement
[5/26/2009, 10:36:58:563] TRACE  tractEntityPersister  Updating entity: [gov.hhs.fha.nhinc.repository.model.Document#10]
[5/26/2009, 10:36:58:563] DEBUG  AbstractBatcher       about to open PreparedStatement (open PreparedStatements: 0, globally: 0)
[5/26/2009, 10:36:58:563] DEBUG  SQL                   update document set DocumentUniqueId=?, DocumentTitle=?, authorPerson=?, authorInstitution=?, authorRole=?, authorSpecialty=?, AvailabilityStatus=?, ClassCode=?, ClassCodeScheme=?, ClassCodeDisplayName=?, ConfidentialityCode=?, ConfidentialityCodeScheme=?, ConfidentialityCodeDisplayName=?, CreationTime=?, FormatCode=?, FormatCodeScheme=?, FormatCodeDisplayName=?, PatientId=?, ServiceStartTime=?, ServiceStopTime=?, Status=?, Comments=?, Hash=?, FacilityCode=?, FacilityCodeScheme=?, FacilityCodeDisplayName=?, IntendedRecipientPerson=?, IntendedRecipientOrganization=?, LanguageCode=?, LegalAuthenticator=?, MimeType=?, ParentDocumentId=?, ParentDocumentRelationship=?, PracticeSetting=?, PracticeSettingScheme=?, PracticeSettingDisplayName=?, Size=?, SourcePatientId=?, Pid3=?, Pid5=?, Pid7=?, Pid8=?, Pid11=?, TypeCode=?, TypeCodeScheme=?, TypeCodeDisplayName=?, DocumentUri=?, RawData=?, Persistent=? where documentid=?
Hibernate: update document set DocumentUniqueId=?, DocumentTitle=?, authorPerson=?, authorInstitution=?, authorRole=?, authorSpecialty=?, AvailabilityStatus=?, ClassCode=?, ClassCodeScheme=?, ClassCodeDisplayName=?, ConfidentialityCode=?, ConfidentialityCodeScheme=?, ConfidentialityCodeDisplayName=?, CreationTime=?, FormatCode=?, FormatCodeScheme=?, FormatCodeDisplayName=?, PatientId=?, ServiceStartTime=?, ServiceStopTime=?, Status=?, Comments=?, Hash=?, FacilityCode=?, FacilityCodeScheme=?, FacilityCodeDisplayName=?, IntendedRecipientPerson=?, IntendedRecipientOrganization=?, LanguageCode=?, LegalAuthenticator=?, MimeType=?, ParentDocumentId=?, ParentDocumentRelationship=?, PracticeSetting=?, PracticeSettingScheme=?, PracticeSettingDisplayName=?, Size=?, SourcePatientId=?, Pid3=?, Pid5=?, Pid7=?, Pid8=?, Pid11=?, TypeCode=?, TypeCodeScheme=?, TypeCodeDisplayName=?, DocumentUri=?, RawData=?, Persistent=? where documentid=?
[5/26/2009, 10:36:58:568] TRACE  AbstractBatcher       preparing statement
[5/26/2009, 10:36:58:568] TRACE  tractEntityPersister  Dehydrating entity: [gov.hhs.fha.nhinc.repository.model.Document#10]
[5/26/2009, 10:36:58:568] TRACE  StringType            binding 'D123401-Consent' to parameter: 1
[5/26/2009, 10:36:58:568] TRACE  StringType            binding 'Consent to Share Information' to parameter: 2
[5/26/2009, 10:36:58:569] TRACE  StringType            binding null to parameter: 3
[5/26/2009, 10:36:58:569] TRACE  StringType            binding null to parameter: 4
[5/26/2009, 10:36:58:570] TRACE  StringType            binding null to parameter: 5
[5/26/2009, 10:36:58:570] TRACE  StringType            binding null to parameter: 6
[5/26/2009, 10:36:58:570] TRACE  StringType            binding null to parameter: 7
[5/26/2009, 10:36:58:570] TRACE  StringType            binding 'Consent' to parameter: 8
[5/26/2009, 10:36:58:570] TRACE  StringType            binding null to parameter: 9
[5/26/2009, 10:36:58:570] TRACE  StringType            binding 'Consent' to parameter: 10
[5/26/2009, 10:36:58:573] TRACE  StringType            binding null to parameter: 11
[5/26/2009, 10:36:58:573] TRACE  StringType            binding null to parameter: 12
[5/26/2009, 10:36:58:573] TRACE  StringType            binding null to parameter: 13
[5/26/2009, 10:36:58:573] TRACE  TimestampType         binding null to parameter: 14
[5/26/2009, 10:36:58:573] TRACE  StringType            binding 'urn:ihe:iti:bppc:2007' to parameter: 15
[5/26/2009, 10:36:58:573] TRACE  StringType            binding '1.3.6.1.4.1.19376.1.2.3' to parameter: 16
[5/26/2009, 10:36:58:575] TRACE  StringType            binding null to parameter: 17
[5/26/2009, 10:36:58:575] TRACE  StringType            binding 'D123401' to parameter: 18
[5/26/2009, 10:36:58:575] TRACE  TimestampType         binding null to parameter: 19
[5/26/2009, 10:36:58:575] TRACE  TimestampType         binding null to parameter: 20
[5/26/2009, 10:36:58:575] TRACE  StringType            binding 'urn:oasis:names:tc:ebxml-regrep:StatusType:Approved' to parameter: 21
[5/26/2009, 10:36:58:575] TRACE  StringType            binding null to parameter: 22
[5/26/2009, 10:36:58:577] TRACE  StringType            binding '16d89479a05744d515af7c20e3d3af5537dc13de' to parameter: 23
[5/26/2009, 10:36:58:577] TRACE  StringType            binding null to parameter: 24
[5/26/2009, 10:36:58:577] TRACE  StringType            binding null to parameter: 25
[5/26/2009, 10:36:58:577] TRACE  StringType            binding null to parameter: 26
[5/26/2009, 10:36:58:577] TRACE  StringType            binding null to parameter: 27
[5/26/2009, 10:36:58:577] TRACE  StringType            binding null to parameter: 28
[5/26/2009, 10:36:58:579] TRACE  StringType            binding null to parameter: 29
[5/26/2009, 10:36:58:579] TRACE  StringType            binding null to parameter: 30
[5/26/2009, 10:36:58:579] TRACE  StringType            binding null to parameter: 31
[5/26/2009, 10:36:58:579] TRACE  StringType            binding null to parameter: 32
[5/26/2009, 10:36:58:579] TRACE  StringType            binding null to parameter: 33
[5/26/2009, 10:36:58:579] TRACE  StringType            binding null to parameter: 34
[5/26/2009, 10:36:58:581] TRACE  StringType            binding null to parameter: 35
[5/26/2009, 10:36:58:581] TRACE  StringType            binding null to parameter: 36
[5/26/2009, 10:36:58:581] TRACE  IntegerType           binding null to parameter: 37
[5/26/2009, 10:36:58:581] TRACE  StringType            binding null to parameter: 38
[5/26/2009, 10:36:58:581] TRACE  StringType            binding null to parameter: 39
[5/26/2009, 10:36:58:581] TRACE  StringType            binding null to parameter: 40
[5/26/2009, 10:36:58:582] TRACE  StringType            binding null to parameter: 41
[5/26/2009, 10:36:58:583] TRACE  StringType            binding null to parameter: 42
[5/26/2009, 10:36:58:583] TRACE  StringType            binding null to parameter: 43
[5/26/2009, 10:36:58:583] TRACE  StringType            binding null to parameter: 44
[5/26/2009, 10:36:58:583] TRACE  StringType            binding null to parameter: 45
[5/26/2009, 10:36:58:583] TRACE  StringType            binding null to parameter: 46
[5/26/2009, 10:36:58:584] TRACE  StringType            binding null to parameter: 47
[5/26/2009, 10:36:58:585] TRACE  BinaryType            binding 'bcbff8edeca0f6e5f2f3e9efeebda2b1aeb0a2a0e5eee3efe4e9eee7bda2d5d4c6adb8a2a0f3f4e1eee4e1ecefeee5bda2f9e5f3a2bfbebcc3ece9eee9e3e1ecc4efe3f5ede5eef4a0e3ece1f3f3c3efe4e5bda2c4cfc3c3ccc9cea2a0f8edeceef3baeef3b2bda2f5f2eebae7eff6bae8e8f3bae6e8e1baeee8e9eee3bae3efededefeebaeee8e9eee3e3efededefeea2a0f8edeceef3bda2f5f2eebae8ecb7adeff2e7baf6b3a2bebcf4f9f0e5c9e4a0e5f8f4e5eef3e9efeebda2d0cfc3c4dfc8c4b0b0b0b0b4b0a2a0f2efeff4bda2b2aeb1b6aeb8b4b0aeb1aeb1b1b3b8b8b3aeb1aeb3a2afbebcf4e5edf0ece1f4e5c9e4a0f2efeff4bda2b1aeb3aeb6aeb1aeb4aeb1aeb1b9b3b7b6aeb1aeb5aeb3aeb1aeb1aeb1a2afbebcf4e5edf0ece1f4e5c9e4a0f2efeff4bda2b1aeb3aeb6aeb1aeb4aeb1aeb1b9b3b7b6aeb1aeb5aeb3aeb1aeb1aeb7a2afbebce9e4a0e5f8f4e5eef3e9efeebda2a2a0f2efeff4bda2a2afbebce3efe4e5a0e4e9f3f0ece1f9cee1ede5bda2a2a0e3efe4e5d3f9f3f4e5edcee1ede5bda2cccfc9cec3a2a0e3efe4e5d3f9f3f4e5edbda2b2aeb1b6aeb8b4b0aeb1aeb1b1b3b8b8b3aeb6aeb1a2a0e3efe4e5bda2a2afbebcf4e9f4ece5a0f8edeceef3bda2a2a0f8edeceef3baeef3b3bda2f5f2eebae8ecb7adeff2e7baf6b3a2bec3efeef3e5eef4a0f4efa0d3e8e1f2e5a0c9eee6eff2ede1f4e9efeebcaff4e9f4ece5bebce5e6e6e5e3f4e9f6e5d4e9ede5a0f6e1ecf5e5bda2b2b0b0b9b0b5b2b6b3b6b5b4b4b7b2adb0b6b0b0a2afbebce3efeee6e9e4e5eef4e9e1ece9f4f9c3efe4e5a0e4e9f3f0ece1f9cee1ede5bda2ceeff2ede1eca2a0e3efe4e5d3f9f3f4e5edcee1ede5bda2c3efeee6e9e4e5eef4e9e1ece9f4f9a2a0e3efe4e5d3f9f3f4e5edbda2b2aeb1b6aeb8b4b0aeb1aeb1b1b3b8b8b3aeb5aeb2b5a2a0e3efe4e5bda2cea2afbebcece1eee7f5e1e7e5c3efe4e5a0e3efe4e5bda2e5eeadd5d3a2afbebce4efe3f5ede5eef4e1f4e9efeecfe6a0f4f9f0e5c3efe4e5bda2c4cfc3a2bebcf3e5f2f6e9e3e5c5f6e5eef4a0edefefe4c3efe4e5bda2c5d6cea2a0e3ece1f3f3c3efe4e5bda2c1c3d4a2bebcf4e5edf0ece1f4e5c9e4a0f2efeff4bda2b1aeb3aeb6aeb1aeb4aeb1aeb1b9b3b7b6aeb1aeb5aeb3aeb1aeb2aeb6a2afbebce9e4a0f2efeff4bda2a2afbebce3efe4e5a0e4e9f3f0ece1f9cee1ede5bda2c3efeef3e5eef4a0c7e9f6e5eea0e6eff2a0d5f0ecefe1e4a0f4efa0cee1f4e9efeee1eca0d3e8e1f2e5e4a0c5ece5e3f4f2efeee9e3a0d2e5e3eff2e4a2a0e3efe4e5d3f9f3f4e5edcee1ede5bda2d3cecfcdc5c4a0c3d4a2a0e3efe4e5d3f9f3f4e5edbda2b2aeb1b6aeb8b4b0aeb1aeb1b1b3b8b8b3aeb6aeb9b6a2a0e3efe4e5bda2b4b1b7b3b7b0b0b0b2a2afbebce5e6e6e5e3f4e9f6e5d4e9ede5bebceceff7a0f6e1ecf5e5bda2b2b0b0b9b0b5b2b6b3b6b5b4b4b7b2adb0b6b0b0a2afbebcafe5e6e6e5e3f4e9f6e5d4e9ede5bebcaff3e5f2f6e9e3e5c5f6e5eef4bebcafe4efe3f5ede5eef4e1f4e9efeecfe6bebce3efedf0efeee5eef4bebcf3f4f2f5e3f4f5f2e5e4c2efe4f9bebce3efedf0efeee5eef4bebcf3e5e3f4e9efeebebce3efe4e5a0e4e9f3f0ece1f9cee1ede5bda2c3efeef3e5eef4a0c7e9f6e5eea0e6eff2a0d5f0ecefe1e4a0f4efa0cee1f4e9efeee1eca0d3e8e1f2e5e4a0c5ece5e3f4f2efeee9e3a0d2e5e3eff2e4a2a0e3efe4e5d3f9f3f4e5edcee1ede5bda2d3cecfcdc5c4a0c3d4a2a0e3efe4e5d3f9f3f4e5edbda2b2aeb1b6aeb8b4b0aeb1aeb1b1b3b8b8b3aeb6aeb9b6a2a0e3efe4e5bda2b4b1b7b3b7b0b0b0b2a2afbebcf4e9f4ece5a0f8edeceef3bda2a2a0f8edeceef3baeef3b3bda2f5f2eebae8ecb7adeff2e7baf6b3a2bec3efeef3e5eef4a0c7e9f6e5eea0e6eff2a0d5f0ecefe1e4a0f4efa0cee1f4e9efeee1eca0d3e8e1f2e5e4a0c5ece5e3f4f2efeee9e3a0d2e5e3eff2e4bcaff4e9f4ece5bebcf4e5f8f4a0f8edeceef3bda2a2a0f8edeceef3baeef3b3bda2f5f2eebae8ecb7adeff2e7baf6b3a2bec3efeef3e5eef4a0c7e9f6e5eea0e6eff2a0d5f0ecefe1e4a0f4efa0cee1f4e9efeee1eca0d3e8e1f2e5e4a0c5ece5e3f4f2efeee9e3a0d2e5e3eff2e4bcaff4e5f8f4bebce5eef4f2f9bebce1e3f4a0edefefe4c3efe4e5bda2c5d6cea2a0e3ece1f3f3c3efe4e5bda2c1c3d4a2bebce3efe4e5a0f8f3e9baf4f9f0e5bda2c3c5a2a0e4e9f3f0ece1f9cee1ede5bda2c3efeef3e5eef4a0c7e9f6e5eea0e6eff2a0d5f0ecefe1e4a0f4efa0cee1f4e9efeee1eca0d3e8e1f2e5e4a0c5ece5e3f4f2efeee9e3a0d2e5e3eff2e4a2a0e3efe4e5d3f9f3f4e5edcee1ede5bda2d3cecfcdc5c4a0c3d4a2a0e3efe4e5d3f9f3f4e5edbda2b2aeb1b6aeb8b4b0aeb1aeb1b1b3b8b8b3aeb6aeb9b6a2a0e3efe4e5bda2b4b1b7b3b7b0b0b0b2a2a0f8edeceef3baf8f3e9bda2e8f4f4f0baafaff7f7f7aef7b3aeeff2e7afb2b0b0b1afd8cdccd3e3e8e5ede1ade9eef3f4e1eee3e5a2afbebcafe1e3f4bebcafe5eef4f2f9bebcaff3e5e3f4e9efeebebcafe3efedf0efeee5eef4bebcaff3f4f2f5e3f4f5f2e5e4c2efe4f9bebcafe3efedf0efeee5eef4bebcafc3ece9eee9e3e1ecc4efe3f5ede5eef4be' to parameter: 48
[5/26/2009, 10:36:58:587] TRACE  IntegerType           binding '0' to parameter: 49
[5/26/2009, 10:36:58:587] TRACE  LongType              binding '10' to parameter: 50
[5/26/2009, 10:36:58:587] DEBUG  AbstractBatcher       Executing batch size: 1
[5/26/2009, 10:36:58:633] DEBUG  AbstractBatcher       about to close PreparedStatement (open PreparedStatements: 1, globally: 1)
[5/26/2009, 10:36:58:634] TRACE  AbstractBatcher       closing statement
[5/26/2009, 10:36:58:634] TRACE  ConnectionManager     registering flush end
[5/26/2009, 10:36:58:634] TRACE  lushingEventListener  post flush
[5/26/2009, 10:36:58:634] TRACE  JDBCContext           before transaction completion
[5/26/2009, 10:36:58:634] TRACE  SessionImpl           before transaction completion
[5/26/2009, 10:36:58:663] DEBUG  JDBCTransaction       committed JDBC Connection
[5/26/2009, 10:36:58:664] TRACE  JDBCContext           after transaction completion
[5/26/2009, 10:36:58:664] DEBUG  ConnectionManager     aggressively releasing JDBC connection
[5/26/2009, 10:36:58:664] DEBUG  ConnectionManager     releasing JDBC connection [ (open PreparedStatements: 0, globally: 0) (open ResultSets: 0, globally: 0)]
[5/26/2009, 10:36:58:678] DEBUG  BasicResourcePool     trace com.mchange.v2.resourcepool.BasicResourcePool@7fed46 [managed: 3, unused: 2, excluded: 0] (e.g. com.mchange.v2.c3p0.impl.NewPooledConnection@54197)
[5/26/2009, 10:36:58:678] TRACE  SessionImpl           after transaction completion
[5/26/2009, 10:36:58:678] TRACE  SessionImpl           closing session
[5/26/2009, 10:36:58:678] TRACE  ConnectionManager     connection already null in cleanup : no action
[5/26/2009, 10:36:58:678] DEBUG  DocumentDao           Completed document save
[5/26/2009, 10:36:58:678] DEBUG  atientConsentManager  Stored CPP to repository for patient ID: D123401Document: <?xml version="1.0" encoding="UTF-8" standalone="yes"?><ClinicalDocument classCode="DOCCLIN" xmlns:ns2="urn:gov:hhs:fha:nhinc:common:nhinccommon" xmlns="urn:hl7-org:v3"><typeId extension="POCD_HD000040" root="2.16.840.1.113883.1.3"/><templateId root="1.3.6.1.4.1.19376.1.5.3.1.1.1"/><templateId root="1.3.6.1.4.1.19376.1.5.3.1.1.7"/><id extension="" root=""/><code displayName="" codeSystemName="LOINC" codeSystem="2.16.840.1.113883.6.1" code=""/><title xmlns="" xmlns:ns3="urn:hl7-org:v3">Consent to Share Information</title><effectiveTime value="200905263654472-0600"/><confidentialityCode displayName="Normal" codeSystemName="Confidentiality" codeSystem="2.16.840.1.113883.5.25" code="N"/><languageCode code="en-US"/><documentationOf typeCode="DOC"><serviceEvent moodCode="EVN" classCode="ACT"><templateId root="1.3.6.1.4.1.19376.1.5.3.1.2.6"/><id root=""/><code displayName="Consent Given for Upload to National Shared Electronic Record" codeSystemName="SNOMED CT" codeSystem="2.16.840.1.113883.6.96" code="417370002"/><effectiveTime><low value="200905263654472-0600"/></effectiveTime></serviceEvent></documentationOf><component><structuredBody><component><section><code displayName="Consent Given for Upload to National Shared Electronic Record" codeSystemName="SNOMED CT" codeSystem="2.16.840.1.113883.6.96" code="417370002"/><title xmlns="" xmlns:ns3="urn:hl7-org:v3">Consent Given for Upload to National Shared Electronic Record</title><text xmlns="" xmlns:ns3="urn:hl7-org:v3">Consent Given for Upload to National Shared Electronic Record</text><entry><act moodCode="EVN" classCode="ACT"><code xsi:type="CE" displayName="Consent Given for Upload to National Shared Electronic Record" codeSystemName="SNOMED CT" codeSystem="2.16.840.1.113883.6.96" code="417370002" xmlns:xsi="http://www.w3.org/2001/XMLSchema-instance"/></act></entry></section></component></structuredBody></component></ClinicalDocument>
End testStorePtConsent
End testAdapterPIPProxyObjectFactory
]]></system-out>
  <system-err><![CDATA[]]></system-err>
</testsuite>
